{"/home/ubuntu/FomioMobile/app/+html.tsx": {"path":"/home/ubuntu/FomioMobile/app/+html.tsx","statementMap":{"0":{"start":{"line":8,"column":2},"end":{"line":27,"column":4}},"1":{"start":{"line":30,"column":29},"end":{"line":38,"column":2}}},"fnMap":{"0":{"name":"Root","decl":{"start":{"line":7,"column":24},"end":{"line":7,"column":28}},"loc":{"start":{"line":7,"column":74},"end":{"line":28,"column":1}},"line":7}},"branchMap":{},"s":{"0":0,"1":0},"f":{"0":0},"b":{}}
,"/home/ubuntu/FomioMobile/app/+not-found.tsx": {"path":"/home/ubuntu/FomioMobile/app/+not-found.tsx","statementMap":{"0":{"start":{"line":7,"column":2},"end":{"line":18,"column":4}},"1":{"start":{"line":21,"column":15},"end":{"line":40,"column":2}}},"fnMap":{"0":{"name":"NotFoundScreen","decl":{"start":{"line":6,"column":24},"end":{"line":6,"column":38}},"loc":{"start":{"line":6,"column":41},"end":{"line":19,"column":1}},"line":6}},"branchMap":{},"s":{"0":0,"1":0},"f":{"0":0},"b":{}}
,"/home/ubuntu/FomioMobile/app/_layout.tsx": {"path":"/home/ubuntu/FomioMobile/app/_layout.tsx","statementMap":{"0":{"start":{"line":18,"column":33},"end":{"line":21,"column":1}},"1":{"start":{"line":24,"column":0},"end":{"line":24,"column":36}},"2":{"start":{"line":27,"column":26},"end":{"line":30,"column":4}},"3":{"start":{"line":33,"column":2},"end":{"line":35,"column":14}},"4":{"start":{"line":34,"column":4},"end":{"line":34,"column":27}},"5":{"start":{"line":34,"column":15},"end":{"line":34,"column":27}},"6":{"start":{"line":37,"column":2},"end":{"line":41,"column":15}},"7":{"start":{"line":38,"column":4},"end":{"line":40,"column":5}},"8":{"start":{"line":39,"column":6},"end":{"line":39,"column":31}},"9":{"start":{"line":43,"column":2},"end":{"line":45,"column":3}},"10":{"start":{"line":44,"column":4},"end":{"line":44,"column":16}},"11":{"start":{"line":47,"column":2},"end":{"line":47,"column":27}},"12":{"start":{"line":51,"column":22},"end":{"line":51,"column":38}},"13":{"start":{"line":53,"column":2},"end":{"line":66,"column":4}}},"fnMap":{"0":{"name":"RootLayout","decl":{"start":{"line":26,"column":24},"end":{"line":26,"column":34}},"loc":{"start":{"line":26,"column":37},"end":{"line":48,"column":1}},"line":26},"1":{"name":"(anonymous_1)","decl":{"start":{"line":33,"column":12},"end":{"line":33,"column":13}},"loc":{"start":{"line":33,"column":18},"end":{"line":35,"column":3}},"line":33},"2":{"name":"(anonymous_2)","decl":{"start":{"line":37,"column":12},"end":{"line":37,"column":13}},"loc":{"start":{"line":37,"column":18},"end":{"line":41,"column":3}},"line":37},"3":{"name":"RootLayoutNav","decl":{"start":{"line":50,"column":9},"end":{"line":50,"column":22}},"loc":{"start":{"line":50,"column":25},"end":{"line":67,"column":1}},"line":50}},"branchMap":{"0":{"loc":{"start":{"line":34,"column":4},"end":{"line":34,"column":27}},"type":"if","locations":[{"start":{"line":34,"column":4},"end":{"line":34,"column":27}},{"start":{},"end":{}}],"line":34},"1":{"loc":{"start":{"line":38,"column":4},"end":{"line":40,"column":5}},"type":"if","locations":[{"start":{"line":38,"column":4},"end":{"line":40,"column":5}},{"start":{},"end":{}}],"line":38},"2":{"loc":{"start":{"line":43,"column":2},"end":{"line":45,"column":3}},"type":"if","locations":[{"start":{"line":43,"column":2},"end":{"line":45,"column":3}},{"start":{},"end":{}}],"line":43},"3":{"loc":{"start":{"line":55,"column":38},"end":{"line":55,"column":87}},"type":"cond-expr","locations":[{"start":{"line":55,"column":63},"end":{"line":55,"column":72}},{"start":{"line":55,"column":75},"end":{"line":55,"column":87}}],"line":55}},"s":{"0":0,"1":0,"2":0,"3":0,"4":0,"5":0,"6":0,"7":0,"8":0,"9":0,"10":0,"11":0,"12":0,"13":0},"f":{"0":0,"1":0,"2":0,"3":0},"b":{"0":[0,0],"1":[0,0],"2":[0,0],"3":[0,0]}}
,"/home/ubuntu/FomioMobile/app/index.tsx": {"path":"/home/ubuntu/FomioMobile/app/index.tsx","statementMap":{"0":{"start":{"line":8,"column":21},"end":{"line":8,"column":31}},"1":{"start":{"line":9,"column":17},"end":{"line":16,"column":3}},"2":{"start":{"line":18,"column":27},"end":{"line":20,"column":3}},"3":{"start":{"line":19,"column":4},"end":{"line":19,"column":38}},"4":{"start":{"line":22,"column":23},"end":{"line":24,"column":3}},"5":{"start":{"line":23,"column":4},"end":{"line":23,"column":34}},"6":{"start":{"line":26,"column":24},"end":{"line":28,"column":3}},"7":{"start":{"line":27,"column":4},"end":{"line":27,"column":25}},"8":{"start":{"line":30,"column":2},"end":{"line":84,"column":4}},"9":{"start":{"line":87,"column":15},"end":{"line":167,"column":2}}},"fnMap":{"0":{"name":"HomeScreen","decl":{"start":{"line":7,"column":24},"end":{"line":7,"column":34}},"loc":{"start":{"line":7,"column":37},"end":{"line":85,"column":1}},"line":7},"1":{"name":"(anonymous_1)","decl":{"start":{"line":18,"column":27},"end":{"line":18,"column":28}},"loc":{"start":{"line":18,"column":33},"end":{"line":20,"column":3}},"line":18},"2":{"name":"(anonymous_2)","decl":{"start":{"line":22,"column":23},"end":{"line":22,"column":24}},"loc":{"start":{"line":22,"column":29},"end":{"line":24,"column":3}},"line":22},"3":{"name":"(anonymous_3)","decl":{"start":{"line":26,"column":24},"end":{"line":26,"column":25}},"loc":{"start":{"line":26,"column":30},"end":{"line":28,"column":3}},"line":26}},"branchMap":{"0":{"loc":{"start":{"line":10,"column":16},"end":{"line":10,"column":43}},"type":"cond-expr","locations":[{"start":{"line":10,"column":25},"end":{"line":10,"column":34}},{"start":{"line":10,"column":37},"end":{"line":10,"column":43}}],"line":10},"1":{"loc":{"start":{"line":11,"column":13},"end":{"line":11,"column":43}},"type":"cond-expr","locations":[{"start":{"line":11,"column":22},"end":{"line":11,"column":31}},{"start":{"line":11,"column":34},"end":{"line":11,"column":43}}],"line":11},"2":{"loc":{"start":{"line":12,"column":10},"end":{"line":12,"column":40}},"type":"cond-expr","locations":[{"start":{"line":12,"column":19},"end":{"line":12,"column":28}},{"start":{"line":12,"column":31},"end":{"line":12,"column":40}}],"line":12},"3":{"loc":{"start":{"line":13,"column":15},"end":{"line":13,"column":45}},"type":"cond-expr","locations":[{"start":{"line":13,"column":24},"end":{"line":13,"column":33}},{"start":{"line":13,"column":36},"end":{"line":13,"column":45}}],"line":13},"4":{"loc":{"start":{"line":14,"column":16},"end":{"line":14,"column":40}},"type":"cond-expr","locations":[{"start":{"line":14,"column":25},"end":{"line":14,"column":31}},{"start":{"line":14,"column":34},"end":{"line":14,"column":40}}],"line":14},"5":{"loc":{"start":{"line":15,"column":12},"end":{"line":15,"column":42}},"type":"cond-expr","locations":[{"start":{"line":15,"column":21},"end":{"line":15,"column":30}},{"start":{"line":15,"column":33},"end":{"line":15,"column":42}}],"line":15}},"s":{"0":0,"1":0,"2":0,"3":0,"4":0,"5":0,"6":0,"7":0,"8":0,"9":0},"f":{"0":0,"1":0,"2":0,"3":0},"b":{"0":[0,0],"1":[0,0],"2":[0,0],"3":[0,0],"4":[0,0],"5":[0,0]}}
,"/home/ubuntu/FomioMobile/app/(auth)/_layout.tsx": {"path":"/home/ubuntu/FomioMobile/app/(auth)/_layout.tsx","statementMap":{"0":{"start":{"line":4,"column":2},"end":{"line":28,"column":4}}},"fnMap":{"0":{"name":"AuthLayout","decl":{"start":{"line":3,"column":24},"end":{"line":3,"column":34}},"loc":{"start":{"line":3,"column":37},"end":{"line":29,"column":1}},"line":3}},"branchMap":{},"s":{"0":0},"f":{"0":0},"b":{}}
,"/home/ubuntu/FomioMobile/app/(auth)/onboarding.tsx": {"path":"/home/ubuntu/FomioMobile/app/(auth)/onboarding.tsx","statementMap":{"0":{"start":{"line":7,"column":18},"end":{"line":7,"column":42}},"1":{"start":{"line":9,"column":24},"end":{"line":25,"column":1}},"2":{"start":{"line":28,"column":40},"end":{"line":28,"column":51}},"3":{"start":{"line":29,"column":21},"end":{"line":29,"column":31}},"4":{"start":{"line":30,"column":17},"end":{"line":38,"column":3}},"5":{"start":{"line":40,"column":21},"end":{"line":46,"column":3}},"6":{"start":{"line":41,"column":4},"end":{"line":45,"column":5}},"7":{"start":{"line":42,"column":6},"end":{"line":42,"column":38}},"8":{"start":{"line":44,"column":6},"end":{"line":44,"column":36}},"9":{"start":{"line":48,"column":21},"end":{"line":50,"column":3}},"10":{"start":{"line":49,"column":4},"end":{"line":49,"column":34}},"11":{"start":{"line":52,"column":2},"end":{"line":105,"column":4}},"12":{"start":{"line":77,"column":12},"end":{"line":84,"column":14}},"13":{"start":{"line":108,"column":15},"end":{"line":173,"column":2}}},"fnMap":{"0":{"name":"OnboardingScreen","decl":{"start":{"line":27,"column":24},"end":{"line":27,"column":40}},"loc":{"start":{"line":27,"column":43},"end":{"line":106,"column":1}},"line":27},"1":{"name":"(anonymous_1)","decl":{"start":{"line":40,"column":21},"end":{"line":40,"column":22}},"loc":{"start":{"line":40,"column":27},"end":{"line":46,"column":3}},"line":40},"2":{"name":"(anonymous_2)","decl":{"start":{"line":48,"column":21},"end":{"line":48,"column":22}},"loc":{"start":{"line":48,"column":27},"end":{"line":50,"column":3}},"line":48},"3":{"name":"(anonymous_3)","decl":{"start":{"line":76,"column":31},"end":{"line":76,"column":32}},"loc":{"start":{"line":77,"column":12},"end":{"line":84,"column":14}},"line":77}},"branchMap":{"0":{"loc":{"start":{"line":31,"column":16},"end":{"line":31,"column":43}},"type":"cond-expr","locations":[{"start":{"line":31,"column":25},"end":{"line":31,"column":34}},{"start":{"line":31,"column":37},"end":{"line":31,"column":43}}],"line":31},"1":{"loc":{"start":{"line":32,"column":13},"end":{"line":32,"column":43}},"type":"cond-expr","locations":[{"start":{"line":32,"column":22},"end":{"line":32,"column":31}},{"start":{"line":32,"column":34},"end":{"line":32,"column":43}}],"line":32},"2":{"loc":{"start":{"line":33,"column":10},"end":{"line":33,"column":40}},"type":"cond-expr","locations":[{"start":{"line":33,"column":19},"end":{"line":33,"column":28}},{"start":{"line":33,"column":31},"end":{"line":33,"column":40}}],"line":33},"3":{"loc":{"start":{"line":34,"column":15},"end":{"line":34,"column":45}},"type":"cond-expr","locations":[{"start":{"line":34,"column":24},"end":{"line":34,"column":33}},{"start":{"line":34,"column":36},"end":{"line":34,"column":45}}],"line":34},"4":{"loc":{"start":{"line":35,"column":15},"end":{"line":35,"column":45}},"type":"cond-expr","locations":[{"start":{"line":35,"column":24},"end":{"line":35,"column":33}},{"start":{"line":35,"column":36},"end":{"line":35,"column":45}}],"line":35},"5":{"loc":{"start":{"line":36,"column":21},"end":{"line":36,"column":51}},"type":"cond-expr","locations":[{"start":{"line":36,"column":30},"end":{"line":36,"column":39}},{"start":{"line":36,"column":42},"end":{"line":36,"column":51}}],"line":36},"6":{"loc":{"start":{"line":37,"column":16},"end":{"line":37,"column":40}},"type":"cond-expr","locations":[{"start":{"line":37,"column":25},"end":{"line":37,"column":31}},{"start":{"line":37,"column":34},"end":{"line":37,"column":40}}],"line":37},"7":{"loc":{"start":{"line":41,"column":4},"end":{"line":45,"column":5}},"type":"if","locations":[{"start":{"line":41,"column":4},"end":{"line":45,"column":5}},{"start":{"line":43,"column":11},"end":{"line":45,"column":5}}],"line":41},"8":{"loc":{"start":{"line":82,"column":16},"end":{"line":82,"column":84}},"type":"binary-expr","locations":[{"start":{"line":82,"column":16},"end":{"line":82,"column":37}},{"start":{"line":82,"column":41},"end":{"line":82,"column":84}}],"line":82},"9":{"loc":{"start":{"line":95,"column":30},"end":{"line":95,"column":97}},"type":"cond-expr","locations":[{"start":{"line":95,"column":75},"end":{"line":95,"column":88}},{"start":{"line":95,"column":91},"end":{"line":95,"column":97}}],"line":95},"10":{"loc":{"start":{"line":96,"column":29},"end":{"line":96,"column":142}},"type":"cond-expr","locations":[{"start":{"line":96,"column":74},"end":{"line":96,"column":111}},{"start":{"line":96,"column":114},"end":{"line":96,"column":142}}],"line":96},"11":{"loc":{"start":{"line":100,"column":13},"end":{"line":100,"column":80}},"type":"cond-expr","locations":[{"start":{"line":100,"column":58},"end":{"line":100,"column":71}},{"start":{"line":100,"column":74},"end":{"line":100,"column":80}}],"line":100}},"s":{"0":0,"1":0,"2":0,"3":0,"4":0,"5":0,"6":0,"7":0,"8":0,"9":0,"10":0,"11":0,"12":0,"13":0},"f":{"0":0,"1":0,"2":0,"3":0},"b":{"0":[0,0],"1":[0,0],"2":[0,0],"3":[0,0],"4":[0,0],"5":[0,0],"6":[0,0],"7":[0,0],"8":[0,0],"9":[0,0],"10":[0,0],"11":[0,0]}}
,"/home/ubuntu/FomioMobile/app/(auth)/signin.tsx": {"path":"/home/ubuntu/FomioMobile/app/(auth)/signin.tsx","statementMap":{"0":{"start":{"line":8,"column":21},"end":{"line":8,"column":31}},"1":{"start":{"line":9,"column":17},"end":{"line":20,"column":3}},"2":{"start":{"line":21,"column":28},"end":{"line":21,"column":40}},"3":{"start":{"line":22,"column":34},"end":{"line":22,"column":46}},"4":{"start":{"line":23,"column":32},"end":{"line":23,"column":47}},"5":{"start":{"line":25,"column":23},"end":{"line":37,"column":3}},"6":{"start":{"line":26,"column":4},"end":{"line":29,"column":5}},"7":{"start":{"line":27,"column":6},"end":{"line":27,"column":56}},"8":{"start":{"line":28,"column":6},"end":{"line":28,"column":13}},"9":{"start":{"line":31,"column":4},"end":{"line":31,"column":21}},"10":{"start":{"line":33,"column":4},"end":{"line":36,"column":13}},"11":{"start":{"line":34,"column":6},"end":{"line":34,"column":24}},"12":{"start":{"line":35,"column":6},"end":{"line":35,"column":30}},"13":{"start":{"line":39,"column":23},"end":{"line":41,"column":3}},"14":{"start":{"line":40,"column":4},"end":{"line":40,"column":34}},"15":{"start":{"line":43,"column":21},"end":{"line":45,"column":3}},"16":{"start":{"line":44,"column":4},"end":{"line":44,"column":18}},"17":{"start":{"line":47,"column":2},"end":{"line":126,"column":4}},"18":{"start":{"line":129,"column":15},"end":{"line":209,"column":2}}},"fnMap":{"0":{"name":"SignInScreen","decl":{"start":{"line":7,"column":24},"end":{"line":7,"column":36}},"loc":{"start":{"line":7,"column":39},"end":{"line":127,"column":1}},"line":7},"1":{"name":"(anonymous_1)","decl":{"start":{"line":25,"column":23},"end":{"line":25,"column":24}},"loc":{"start":{"line":25,"column":35},"end":{"line":37,"column":3}},"line":25},"2":{"name":"(anonymous_2)","decl":{"start":{"line":33,"column":15},"end":{"line":33,"column":16}},"loc":{"start":{"line":33,"column":21},"end":{"line":36,"column":5}},"line":33},"3":{"name":"(anonymous_3)","decl":{"start":{"line":39,"column":23},"end":{"line":39,"column":24}},"loc":{"start":{"line":39,"column":29},"end":{"line":41,"column":3}},"line":39},"4":{"name":"(anonymous_4)","decl":{"start":{"line":43,"column":21},"end":{"line":43,"column":22}},"loc":{"start":{"line":43,"column":27},"end":{"line":45,"column":3}},"line":43}},"branchMap":{"0":{"loc":{"start":{"line":10,"column":16},"end":{"line":10,"column":43}},"type":"cond-expr","locations":[{"start":{"line":10,"column":25},"end":{"line":10,"column":34}},{"start":{"line":10,"column":37},"end":{"line":10,"column":43}}],"line":10},"1":{"loc":{"start":{"line":11,"column":13},"end":{"line":11,"column":43}},"type":"cond-expr","locations":[{"start":{"line":11,"column":22},"end":{"line":11,"column":31}},{"start":{"line":11,"column":34},"end":{"line":11,"column":43}}],"line":11},"2":{"loc":{"start":{"line":12,"column":10},"end":{"line":12,"column":40}},"type":"cond-expr","locations":[{"start":{"line":12,"column":19},"end":{"line":12,"column":28}},{"start":{"line":12,"column":31},"end":{"line":12,"column":40}}],"line":12},"3":{"loc":{"start":{"line":13,"column":15},"end":{"line":13,"column":45}},"type":"cond-expr","locations":[{"start":{"line":13,"column":24},"end":{"line":13,"column":33}},{"start":{"line":13,"column":36},"end":{"line":13,"column":45}}],"line":13},"4":{"loc":{"start":{"line":14,"column":12},"end":{"line":14,"column":42}},"type":"cond-expr","locations":[{"start":{"line":14,"column":21},"end":{"line":14,"column":30}},{"start":{"line":14,"column":33},"end":{"line":14,"column":42}}],"line":14},"5":{"loc":{"start":{"line":15,"column":13},"end":{"line":15,"column":40}},"type":"cond-expr","locations":[{"start":{"line":15,"column":22},"end":{"line":15,"column":31}},{"start":{"line":15,"column":34},"end":{"line":15,"column":40}}],"line":15},"6":{"loc":{"start":{"line":16,"column":17},"end":{"line":16,"column":47}},"type":"cond-expr","locations":[{"start":{"line":16,"column":26},"end":{"line":16,"column":35}},{"start":{"line":16,"column":38},"end":{"line":16,"column":47}}],"line":16},"7":{"loc":{"start":{"line":17,"column":13},"end":{"line":17,"column":43}},"type":"cond-expr","locations":[{"start":{"line":17,"column":22},"end":{"line":17,"column":31}},{"start":{"line":17,"column":34},"end":{"line":17,"column":43}}],"line":17},"8":{"loc":{"start":{"line":18,"column":11},"end":{"line":18,"column":41}},"type":"cond-expr","locations":[{"start":{"line":18,"column":20},"end":{"line":18,"column":29}},{"start":{"line":18,"column":32},"end":{"line":18,"column":41}}],"line":18},"9":{"loc":{"start":{"line":19,"column":14},"end":{"line":19,"column":44}},"type":"cond-expr","locations":[{"start":{"line":19,"column":23},"end":{"line":19,"column":32}},{"start":{"line":19,"column":35},"end":{"line":19,"column":44}}],"line":19},"10":{"loc":{"start":{"line":26,"column":4},"end":{"line":29,"column":5}},"type":"if","locations":[{"start":{"line":26,"column":4},"end":{"line":29,"column":5}},{"start":{},"end":{}}],"line":26},"11":{"loc":{"start":{"line":26,"column":8},"end":{"line":26,"column":27}},"type":"binary-expr","locations":[{"start":{"line":26,"column":8},"end":{"line":26,"column":14}},{"start":{"line":26,"column":18},"end":{"line":26,"column":27}}],"line":26},"12":{"loc":{"start":{"line":92,"column":42},"end":{"line":92,"column":74}},"type":"binary-expr","locations":[{"start":{"line":92,"column":42},"end":{"line":92,"column":49}},{"start":{"line":92,"column":53},"end":{"line":92,"column":74}}],"line":92},"13":{"loc":{"start":{"line":102,"column":15},"end":{"line":102,"column":52}},"type":"cond-expr","locations":[{"start":{"line":102,"column":25},"end":{"line":102,"column":40}},{"start":{"line":102,"column":43},"end":{"line":102,"column":52}}],"line":102}},"s":{"0":0,"1":0,"2":0,"3":0,"4":0,"5":0,"6":0,"7":0,"8":0,"9":0,"10":0,"11":0,"12":0,"13":0,"14":0,"15":0,"16":0,"17":0,"18":0},"f":{"0":0,"1":0,"2":0,"3":0,"4":0},"b":{"0":[0,0],"1":[0,0],"2":[0,0],"3":[0,0],"4":[0,0],"5":[0,0],"6":[0,0],"7":[0,0],"8":[0,0],"9":[0,0],"10":[0,0],"11":[0,0],"12":[0,0],"13":[0,0]}}
,"/home/ubuntu/FomioMobile/app/(auth)/signup.tsx": {"path":"/home/ubuntu/FomioMobile/app/(auth)/signup.tsx","statementMap":{"0":{"start":{"line":8,"column":21},"end":{"line":8,"column":31}},"1":{"start":{"line":9,"column":17},"end":{"line":20,"column":3}},"2":{"start":{"line":21,"column":26},"end":{"line":21,"column":38}},"3":{"start":{"line":22,"column":28},"end":{"line":22,"column":40}},"4":{"start":{"line":23,"column":34},"end":{"line":23,"column":46}},"5":{"start":{"line":24,"column":48},"end":{"line":24,"column":60}},"6":{"start":{"line":25,"column":32},"end":{"line":25,"column":47}},"7":{"start":{"line":27,"column":23},"end":{"line":44,"column":3}},"8":{"start":{"line":28,"column":4},"end":{"line":31,"column":5}},"9":{"start":{"line":29,"column":6},"end":{"line":29,"column":56}},"10":{"start":{"line":30,"column":6},"end":{"line":30,"column":13}},"11":{"start":{"line":33,"column":4},"end":{"line":36,"column":5}},"12":{"start":{"line":34,"column":6},"end":{"line":34,"column":53}},"13":{"start":{"line":35,"column":6},"end":{"line":35,"column":13}},"14":{"start":{"line":38,"column":4},"end":{"line":38,"column":21}},"15":{"start":{"line":40,"column":4},"end":{"line":43,"column":13}},"16":{"start":{"line":41,"column":6},"end":{"line":41,"column":24}},"17":{"start":{"line":42,"column":6},"end":{"line":42,"column":30}},"18":{"start":{"line":46,"column":23},"end":{"line":48,"column":3}},"19":{"start":{"line":47,"column":4},"end":{"line":47,"column":34}},"20":{"start":{"line":50,"column":21},"end":{"line":52,"column":3}},"21":{"start":{"line":51,"column":4},"end":{"line":51,"column":18}},"22":{"start":{"line":54,"column":2},"end":{"line":156,"column":4}},"23":{"start":{"line":159,"column":15},"end":{"line":239,"column":2}}},"fnMap":{"0":{"name":"SignUpScreen","decl":{"start":{"line":7,"column":24},"end":{"line":7,"column":36}},"loc":{"start":{"line":7,"column":39},"end":{"line":157,"column":1}},"line":7},"1":{"name":"(anonymous_1)","decl":{"start":{"line":27,"column":23},"end":{"line":27,"column":24}},"loc":{"start":{"line":27,"column":35},"end":{"line":44,"column":3}},"line":27},"2":{"name":"(anonymous_2)","decl":{"start":{"line":40,"column":15},"end":{"line":40,"column":16}},"loc":{"start":{"line":40,"column":21},"end":{"line":43,"column":5}},"line":40},"3":{"name":"(anonymous_3)","decl":{"start":{"line":46,"column":23},"end":{"line":46,"column":24}},"loc":{"start":{"line":46,"column":29},"end":{"line":48,"column":3}},"line":46},"4":{"name":"(anonymous_4)","decl":{"start":{"line":50,"column":21},"end":{"line":50,"column":22}},"loc":{"start":{"line":50,"column":27},"end":{"line":52,"column":3}},"line":50}},"branchMap":{"0":{"loc":{"start":{"line":10,"column":16},"end":{"line":10,"column":43}},"type":"cond-expr","locations":[{"start":{"line":10,"column":25},"end":{"line":10,"column":34}},{"start":{"line":10,"column":37},"end":{"line":10,"column":43}}],"line":10},"1":{"loc":{"start":{"line":11,"column":13},"end":{"line":11,"column":43}},"type":"cond-expr","locations":[{"start":{"line":11,"column":22},"end":{"line":11,"column":31}},{"start":{"line":11,"column":34},"end":{"line":11,"column":43}}],"line":11},"2":{"loc":{"start":{"line":12,"column":10},"end":{"line":12,"column":40}},"type":"cond-expr","locations":[{"start":{"line":12,"column":19},"end":{"line":12,"column":28}},{"start":{"line":12,"column":31},"end":{"line":12,"column":40}}],"line":12},"3":{"loc":{"start":{"line":13,"column":15},"end":{"line":13,"column":45}},"type":"cond-expr","locations":[{"start":{"line":13,"column":24},"end":{"line":13,"column":33}},{"start":{"line":13,"column":36},"end":{"line":13,"column":45}}],"line":13},"4":{"loc":{"start":{"line":14,"column":12},"end":{"line":14,"column":42}},"type":"cond-expr","locations":[{"start":{"line":14,"column":21},"end":{"line":14,"column":30}},{"start":{"line":14,"column":33},"end":{"line":14,"column":42}}],"line":14},"5":{"loc":{"start":{"line":15,"column":13},"end":{"line":15,"column":40}},"type":"cond-expr","locations":[{"start":{"line":15,"column":22},"end":{"line":15,"column":31}},{"start":{"line":15,"column":34},"end":{"line":15,"column":40}}],"line":15},"6":{"loc":{"start":{"line":16,"column":17},"end":{"line":16,"column":47}},"type":"cond-expr","locations":[{"start":{"line":16,"column":26},"end":{"line":16,"column":35}},{"start":{"line":16,"column":38},"end":{"line":16,"column":47}}],"line":16},"7":{"loc":{"start":{"line":17,"column":13},"end":{"line":17,"column":43}},"type":"cond-expr","locations":[{"start":{"line":17,"column":22},"end":{"line":17,"column":31}},{"start":{"line":17,"column":34},"end":{"line":17,"column":43}}],"line":17},"8":{"loc":{"start":{"line":18,"column":11},"end":{"line":18,"column":41}},"type":"cond-expr","locations":[{"start":{"line":18,"column":20},"end":{"line":18,"column":29}},{"start":{"line":18,"column":32},"end":{"line":18,"column":41}}],"line":18},"9":{"loc":{"start":{"line":19,"column":14},"end":{"line":19,"column":44}},"type":"cond-expr","locations":[{"start":{"line":19,"column":23},"end":{"line":19,"column":32}},{"start":{"line":19,"column":35},"end":{"line":19,"column":44}}],"line":19},"10":{"loc":{"start":{"line":28,"column":4},"end":{"line":31,"column":5}},"type":"if","locations":[{"start":{"line":28,"column":4},"end":{"line":31,"column":5}},{"start":{},"end":{}}],"line":28},"11":{"loc":{"start":{"line":28,"column":8},"end":{"line":28,"column":56}},"type":"binary-expr","locations":[{"start":{"line":28,"column":8},"end":{"line":28,"column":13}},{"start":{"line":28,"column":17},"end":{"line":28,"column":23}},{"start":{"line":28,"column":27},"end":{"line":28,"column":36}},{"start":{"line":28,"column":40},"end":{"line":28,"column":56}}],"line":28},"12":{"loc":{"start":{"line":33,"column":4},"end":{"line":36,"column":5}},"type":"if","locations":[{"start":{"line":33,"column":4},"end":{"line":36,"column":5}},{"start":{},"end":{}}],"line":33},"13":{"loc":{"start":{"line":122,"column":42},"end":{"line":122,"column":74}},"type":"binary-expr","locations":[{"start":{"line":122,"column":42},"end":{"line":122,"column":49}},{"start":{"line":122,"column":53},"end":{"line":122,"column":74}}],"line":122},"14":{"loc":{"start":{"line":132,"column":15},"end":{"line":132,"column":65}},"type":"cond-expr","locations":[{"start":{"line":132,"column":25},"end":{"line":132,"column":46}},{"start":{"line":132,"column":49},"end":{"line":132,"column":65}}],"line":132}},"s":{"0":0,"1":0,"2":0,"3":0,"4":0,"5":0,"6":0,"7":0,"8":0,"9":0,"10":0,"11":0,"12":0,"13":0,"14":0,"15":0,"16":0,"17":0,"18":0,"19":0,"20":0,"21":0,"22":0,"23":0},"f":{"0":0,"1":0,"2":0,"3":0,"4":0},"b":{"0":[0,0],"1":[0,0],"2":[0,0],"3":[0,0],"4":[0,0],"5":[0,0],"6":[0,0],"7":[0,0],"8":[0,0],"9":[0,0],"10":[0,0],"11":[0,0,0,0],"12":[0,0],"13":[0,0],"14":[0,0]}}
,"/home/ubuntu/FomioMobile/app/(compose)/_layout.tsx": {"path":"/home/ubuntu/FomioMobile/app/(compose)/_layout.tsx","statementMap":{"0":{"start":{"line":4,"column":2},"end":{"line":14,"column":4}}},"fnMap":{"0":{"name":"ComposeLayout","decl":{"start":{"line":3,"column":24},"end":{"line":3,"column":37}},"loc":{"start":{"line":3,"column":40},"end":{"line":15,"column":1}},"line":3}},"branchMap":{},"s":{"0":0},"f":{"0":0},"b":{}}
,"/home/ubuntu/FomioMobile/app/(compose)/index.tsx": {"path":"/home/ubuntu/FomioMobile/app/(compose)/index.tsx","statementMap":{"0":{"start":{"line":11,"column":17},"end":{"line":15,"column":3}},"1":{"start":{"line":16,"column":2},"end":{"line":25,"column":4}},"2":{"start":{"line":20,"column":8},"end":{"line":22,"column":27}},"3":{"start":{"line":20,"column":56},"end":{"line":20,"column":71}},"4":{"start":{"line":30,"column":23},"end":{"line":36,"column":3}},"5":{"start":{"line":38,"column":36},"end":{"line":38,"column":51}},"6":{"start":{"line":39,"column":44},"end":{"line":39,"column":73}},"7":{"start":{"line":40,"column":28},"end":{"line":40,"column":40}},"8":{"start":{"line":41,"column":32},"end":{"line":41,"column":44}},"9":{"start":{"line":42,"column":32},"end":{"line":42,"column":47}},"10":{"start":{"line":43,"column":58},"end":{"line":43,"column":80}},"11":{"start":{"line":45,"column":29},"end":{"line":45,"column":91}},"12":{"start":{"line":45,"column":52},"end":{"line":45,"column":77}},"13":{"start":{"line":47,"column":21},"end":{"line":71,"column":3}},"14":{"start":{"line":48,"column":4},"end":{"line":51,"column":5}},"15":{"start":{"line":49,"column":6},"end":{"line":49,"column":65}},"16":{"start":{"line":50,"column":6},"end":{"line":50,"column":13}},"17":{"start":{"line":52,"column":4},"end":{"line":55,"column":5}},"18":{"start":{"line":53,"column":6},"end":{"line":53,"column":77}},"19":{"start":{"line":54,"column":6},"end":{"line":54,"column":13}},"20":{"start":{"line":56,"column":4},"end":{"line":59,"column":5}},"21":{"start":{"line":57,"column":6},"end":{"line":57,"column":78}},"22":{"start":{"line":58,"column":6},"end":{"line":58,"column":13}},"23":{"start":{"line":60,"column":4},"end":{"line":63,"column":5}},"24":{"start":{"line":61,"column":6},"end":{"line":61,"column":53}},"25":{"start":{"line":62,"column":6},"end":{"line":62,"column":13}},"26":{"start":{"line":64,"column":4},"end":{"line":64,"column":21}},"27":{"start":{"line":66,"column":4},"end":{"line":70,"column":13}},"28":{"start":{"line":67,"column":6},"end":{"line":67,"column":24}},"29":{"start":{"line":68,"column":6},"end":{"line":68,"column":59}},"30":{"start":{"line":69,"column":6},"end":{"line":69,"column":30}},"31":{"start":{"line":73,"column":2},"end":{"line":135,"column":4}},"32":{"start":{"line":76,"column":41},"end":{"line":76,"column":54}},"33":{"start":{"line":138,"column":15},"end":{"line":257,"column":2}}},"fnMap":{"0":{"name":"TeretSelectionScreen","decl":{"start":{"line":9,"column":9},"end":{"line":9,"column":29}},"loc":{"start":{"line":9,"column":105},"end":{"line":26,"column":1}},"line":9},"1":{"name":"(anonymous_1)","decl":{"start":{"line":19,"column":18},"end":{"line":19,"column":19}},"loc":{"start":{"line":20,"column":8},"end":{"line":22,"column":27}},"line":20},"2":{"name":"(anonymous_2)","decl":{"start":{"line":20,"column":50},"end":{"line":20,"column":51}},"loc":{"start":{"line":20,"column":56},"end":{"line":20,"column":71}},"line":20},"3":{"name":"ComposeScreen","decl":{"start":{"line":28,"column":24},"end":{"line":28,"column":37}},"loc":{"start":{"line":28,"column":40},"end":{"line":136,"column":1}},"line":28},"4":{"name":"(anonymous_4)","decl":{"start":{"line":45,"column":47},"end":{"line":45,"column":48}},"loc":{"start":{"line":45,"column":52},"end":{"line":45,"column":77}},"line":45},"5":{"name":"(anonymous_5)","decl":{"start":{"line":47,"column":21},"end":{"line":47,"column":22}},"loc":{"start":{"line":47,"column":33},"end":{"line":71,"column":3}},"line":47},"6":{"name":"(anonymous_6)","decl":{"start":{"line":66,"column":15},"end":{"line":66,"column":16}},"loc":{"start":{"line":66,"column":21},"end":{"line":70,"column":5}},"line":66},"7":{"name":"(anonymous_7)","decl":{"start":{"line":76,"column":35},"end":{"line":76,"column":36}},"loc":{"start":{"line":76,"column":41},"end":{"line":76,"column":54}},"line":76},"8":{"name":"(anonymous_8)","decl":{"start":{"line":91,"column":22},"end":{"line":91,"column":23}},"loc":{"start":{"line":91,"column":28},"end":{"line":91,"column":30}},"line":91}},"branchMap":{"0":{"loc":{"start":{"line":45,"column":29},"end":{"line":45,"column":91}},"type":"binary-expr","locations":[{"start":{"line":45,"column":29},"end":{"line":45,"column":85}},{"start":{"line":45,"column":89},"end":{"line":45,"column":91}}],"line":45},"1":{"loc":{"start":{"line":48,"column":4},"end":{"line":51,"column":5}},"type":"if","locations":[{"start":{"line":48,"column":4},"end":{"line":51,"column":5}},{"start":{},"end":{}}],"line":48},"2":{"loc":{"start":{"line":52,"column":4},"end":{"line":55,"column":5}},"type":"if","locations":[{"start":{"line":52,"column":4},"end":{"line":55,"column":5}},{"start":{},"end":{}}],"line":52},"3":{"loc":{"start":{"line":56,"column":4},"end":{"line":59,"column":5}},"type":"if","locations":[{"start":{"line":56,"column":4},"end":{"line":59,"column":5}},{"start":{},"end":{}}],"line":56},"4":{"loc":{"start":{"line":60,"column":4},"end":{"line":63,"column":5}},"type":"if","locations":[{"start":{"line":60,"column":4},"end":{"line":63,"column":5}},{"start":{},"end":{}}],"line":60},"5":{"loc":{"start":{"line":123,"column":9},"end":{"line":125,"column":9}},"type":"binary-expr","locations":[{"start":{"line":123,"column":9},"end":{"line":123,"column":24}},{"start":{"line":124,"column":10},"end":{"line":124,"column":97}}],"line":123},"6":{"loc":{"start":{"line":127,"column":37},"end":{"line":127,"column":69}},"type":"binary-expr","locations":[{"start":{"line":127,"column":37},"end":{"line":127,"column":44}},{"start":{"line":127,"column":48},"end":{"line":127,"column":69}}],"line":127},"7":{"loc":{"start":{"line":131,"column":47},"end":{"line":131,"column":83}},"type":"cond-expr","locations":[{"start":{"line":131,"column":57},"end":{"line":131,"column":69}},{"start":{"line":131,"column":72},"end":{"line":131,"column":83}}],"line":131}},"s":{"0":0,"1":0,"2":0,"3":0,"4":0,"5":0,"6":0,"7":0,"8":0,"9":0,"10":0,"11":0,"12":0,"13":0,"14":0,"15":0,"16":0,"17":0,"18":0,"19":0,"20":0,"21":0,"22":0,"23":0,"24":0,"25":0,"26":0,"27":0,"28":0,"29":0,"30":0,"31":0,"32":0,"33":0},"f":{"0":0,"1":0,"2":0,"3":0,"4":0,"5":0,"6":0,"7":0,"8":0},"b":{"0":[0,0],"1":[0,0],"2":[0,0],"3":[0,0],"4":[0,0],"5":[0,0],"6":[0,0],"7":[0,0]}}
,"/home/ubuntu/FomioMobile/app/(modal)/_layout.tsx": {"path":"/home/ubuntu/FomioMobile/app/(modal)/_layout.tsx","statementMap":{"0":{"start":{"line":4,"column":2},"end":{"line":14,"column":4}}},"fnMap":{"0":{"name":"ModalLayout","decl":{"start":{"line":3,"column":24},"end":{"line":3,"column":35}},"loc":{"start":{"line":3,"column":38},"end":{"line":15,"column":1}},"line":3}},"branchMap":{},"s":{"0":0},"f":{"0":0},"b":{}}
,"/home/ubuntu/FomioMobile/app/(modal)/index.tsx": {"path":"/home/ubuntu/FomioMobile/app/(modal)/index.tsx","statementMap":{"0":{"start":{"line":8,"column":2},"end":{"line":17,"column":4}},"1":{"start":{"line":20,"column":15},"end":{"line":35,"column":2}}},"fnMap":{"0":{"name":"ModalScreen","decl":{"start":{"line":7,"column":24},"end":{"line":7,"column":35}},"loc":{"start":{"line":7,"column":38},"end":{"line":18,"column":1}},"line":7}},"branchMap":{"0":{"loc":{"start":{"line":15,"column":24},"end":{"line":15,"column":64}},"type":"cond-expr","locations":[{"start":{"line":15,"column":48},"end":{"line":15,"column":55}},{"start":{"line":15,"column":58},"end":{"line":15,"column":64}}],"line":15}},"s":{"0":0,"1":0},"f":{"0":0},"b":{"0":[0,0]}}
,"/home/ubuntu/FomioMobile/app/(profile)/_layout.tsx": {"path":"/home/ubuntu/FomioMobile/app/(profile)/_layout.tsx","statementMap":{"0":{"start":{"line":4,"column":2},"end":{"line":14,"column":4}}},"fnMap":{"0":{"name":"ProfileLayout","decl":{"start":{"line":3,"column":24},"end":{"line":3,"column":37}},"loc":{"start":{"line":3,"column":40},"end":{"line":15,"column":1}},"line":3}},"branchMap":{},"s":{"0":0},"f":{"0":0},"b":{}}
,"/home/ubuntu/FomioMobile/app/(profile)/edit-profile.tsx": {"path":"/home/ubuntu/FomioMobile/app/(profile)/edit-profile.tsx","statementMap":{"0":{"start":{"line":47,"column":17},"end":{"line":47,"column":28}},"1":{"start":{"line":48,"column":21},"end":{"line":48,"column":31}},"2":{"start":{"line":56,"column":6},"end":{"line":56,"column":24}},"3":{"start":{"line":58,"column":34},"end":{"line":64,"column":4}},"4":{"start":{"line":66,"column":38},"end":{"line":66,"column":62}},"5":{"start":{"line":67,"column":38},"end":{"line":67,"column":53}},"6":{"start":{"line":68,"column":48},"end":{"line":68,"column":63}},"7":{"start":{"line":70,"column":17},"end":{"line":79,"column":3}},"8":{"start":{"line":82,"column":2},"end":{"line":92,"column":13}},"9":{"start":{"line":83,"column":4},"end":{"line":91,"column":5}},"10":{"start":{"line":84,"column":6},"end":{"line":90,"column":9}},"11":{"start":{"line":95,"column":2},"end":{"line":106,"column":23}},"12":{"start":{"line":96,"column":4},"end":{"line":105,"column":5}},"13":{"start":{"line":98,"column":8},"end":{"line":102,"column":61}},"14":{"start":{"line":104,"column":6},"end":{"line":104,"column":36}},"15":{"start":{"line":108,"column":23},"end":{"line":129,"column":3}},"16":{"start":{"line":109,"column":31},"end":{"line":109,"column":33}},"17":{"start":{"line":111,"column":4},"end":{"line":113,"column":5}},"18":{"start":{"line":112,"column":6},"end":{"line":112,"column":57}},"19":{"start":{"line":115,"column":4},"end":{"line":117,"column":5}},"20":{"start":{"line":116,"column":6},"end":{"line":116,"column":63}},"21":{"start":{"line":119,"column":4},"end":{"line":121,"column":5}},"22":{"start":{"line":120,"column":6},"end":{"line":120,"column":58}},"23":{"start":{"line":123,"column":4},"end":{"line":125,"column":5}},"24":{"start":{"line":124,"column":6},"end":{"line":124,"column":70}},"25":{"start":{"line":127,"column":4},"end":{"line":127,"column":26}},"26":{"start":{"line":128,"column":4},"end":{"line":128,"column":44}},"27":{"start":{"line":131,"column":21},"end":{"line":138,"column":3}},"28":{"start":{"line":132,"column":4},"end":{"line":137,"column":5}},"29":{"start":{"line":133,"column":6},"end":{"line":133,"column":63}},"30":{"start":{"line":134,"column":6},"end":{"line":134,"column":18}},"31":{"start":{"line":136,"column":6},"end":{"line":136,"column":19}},"32":{"start":{"line":140,"column":22},"end":{"line":146,"column":3}},"33":{"start":{"line":141,"column":18},"end":{"line":141,"column":39}},"34":{"start":{"line":142,"column":4},"end":{"line":142,"column":40}},"35":{"start":{"line":142,"column":27},"end":{"line":142,"column":40}},"36":{"start":{"line":144,"column":20},"end":{"line":144,"column":34}},"37":{"start":{"line":145,"column":4},"end":{"line":145,"column":64}},"38":{"start":{"line":148,"column":28},"end":{"line":155,"column":3}},"39":{"start":{"line":149,"column":4},"end":{"line":149,"column":55}},"40":{"start":{"line":149,"column":25},"end":{"line":149,"column":52}},"41":{"start":{"line":152,"column":4},"end":{"line":154,"column":5}},"42":{"start":{"line":153,"column":6},"end":{"line":153,"column":63}},"43":{"start":{"line":153,"column":29},"end":{"line":153,"column":60}},"44":{"start":{"line":157,"column":21},"end":{"line":172,"column":3}},"45":{"start":{"line":158,"column":4},"end":{"line":161,"column":5}},"46":{"start":{"line":159,"column":6},"end":{"line":159,"column":78}},"47":{"start":{"line":160,"column":6},"end":{"line":160,"column":13}},"48":{"start":{"line":163,"column":20},"end":{"line":163,"column":49}},"49":{"start":{"line":165,"column":4},"end":{"line":171,"column":5}},"50":{"start":{"line":166,"column":6},"end":{"line":168,"column":9}},"51":{"start":{"line":167,"column":37},"end":{"line":167,"column":50}},"52":{"start":{"line":170,"column":6},"end":{"line":170,"column":64}},"53":{"start":{"line":174,"column":23},"end":{"line":187,"column":3}},"54":{"start":{"line":175,"column":4},"end":{"line":186,"column":5}},"55":{"start":{"line":176,"column":6},"end":{"line":183,"column":8}},"56":{"start":{"line":181,"column":66},"end":{"line":181,"column":79}},"57":{"start":{"line":185,"column":6},"end":{"line":185,"column":20}},"58":{"start":{"line":189,"column":29},"end":{"line":196,"column":3}},"59":{"start":{"line":191,"column":4},"end":{"line":195,"column":6}},"60":{"start":{"line":198,"column":2},"end":{"line":205,"column":3}},"61":{"start":{"line":199,"column":4},"end":{"line":204,"column":6}},"62":{"start":{"line":207,"column":2},"end":{"line":403,"column":4}},"63":{"start":{"line":274,"column":39},"end":{"line":274,"column":71}},"64":{"start":{"line":290,"column":39},"end":{"line":290,"column":74}},"65":{"start":{"line":312,"column":41},"end":{"line":312,"column":77}},"66":{"start":{"line":326,"column":41},"end":{"line":326,"column":76}},"67":{"start":{"line":347,"column":41},"end":{"line":347,"column":82}},"68":{"start":{"line":406,"column":15},"end":{"line":528,"column":2}}},"fnMap":{"0":{"name":"EditProfileScreen","decl":{"start":{"line":46,"column":24},"end":{"line":46,"column":41}},"loc":{"start":{"line":46,"column":44},"end":{"line":404,"column":1}},"line":46},"1":{"name":"(anonymous_1)","decl":{"start":{"line":82,"column":12},"end":{"line":82,"column":13}},"loc":{"start":{"line":82,"column":18},"end":{"line":92,"column":3}},"line":82},"2":{"name":"(anonymous_2)","decl":{"start":{"line":95,"column":12},"end":{"line":95,"column":13}},"loc":{"start":{"line":95,"column":18},"end":{"line":106,"column":3}},"line":95},"3":{"name":"(anonymous_3)","decl":{"start":{"line":108,"column":23},"end":{"line":108,"column":24}},"loc":{"start":{"line":108,"column":38},"end":{"line":129,"column":3}},"line":108},"4":{"name":"(anonymous_4)","decl":{"start":{"line":131,"column":21},"end":{"line":131,"column":22}},"loc":{"start":{"line":131,"column":47},"end":{"line":138,"column":3}},"line":131},"5":{"name":"(anonymous_5)","decl":{"start":{"line":140,"column":22},"end":{"line":140,"column":23}},"loc":{"start":{"line":140,"column":49},"end":{"line":146,"column":3}},"line":140},"6":{"name":"(anonymous_6)","decl":{"start":{"line":148,"column":28},"end":{"line":148,"column":29}},"loc":{"start":{"line":148,"column":70},"end":{"line":155,"column":3}},"line":148},"7":{"name":"(anonymous_7)","decl":{"start":{"line":149,"column":16},"end":{"line":149,"column":17}},"loc":{"start":{"line":149,"column":25},"end":{"line":149,"column":52}},"line":149},"8":{"name":"(anonymous_8)","decl":{"start":{"line":153,"column":20},"end":{"line":153,"column":21}},"loc":{"start":{"line":153,"column":29},"end":{"line":153,"column":60}},"line":153},"9":{"name":"(anonymous_9)","decl":{"start":{"line":157,"column":21},"end":{"line":157,"column":22}},"loc":{"start":{"line":157,"column":33},"end":{"line":172,"column":3}},"line":157},"10":{"name":"(anonymous_10)","decl":{"start":{"line":167,"column":31},"end":{"line":167,"column":32}},"loc":{"start":{"line":167,"column":37},"end":{"line":167,"column":50}},"line":167},"11":{"name":"(anonymous_11)","decl":{"start":{"line":174,"column":23},"end":{"line":174,"column":24}},"loc":{"start":{"line":174,"column":29},"end":{"line":187,"column":3}},"line":174},"12":{"name":"(anonymous_12)","decl":{"start":{"line":181,"column":60},"end":{"line":181,"column":61}},"loc":{"start":{"line":181,"column":66},"end":{"line":181,"column":79}},"line":181},"13":{"name":"(anonymous_13)","decl":{"start":{"line":189,"column":29},"end":{"line":189,"column":30}},"loc":{"start":{"line":189,"column":35},"end":{"line":196,"column":3}},"line":189},"14":{"name":"(anonymous_14)","decl":{"start":{"line":274,"column":28},"end":{"line":274,"column":29}},"loc":{"start":{"line":274,"column":39},"end":{"line":274,"column":71}},"line":274},"15":{"name":"(anonymous_15)","decl":{"start":{"line":290,"column":28},"end":{"line":290,"column":29}},"loc":{"start":{"line":290,"column":39},"end":{"line":290,"column":74}},"line":290},"16":{"name":"(anonymous_16)","decl":{"start":{"line":312,"column":30},"end":{"line":312,"column":31}},"loc":{"start":{"line":312,"column":41},"end":{"line":312,"column":77}},"line":312},"17":{"name":"(anonymous_17)","decl":{"start":{"line":326,"column":30},"end":{"line":326,"column":31}},"loc":{"start":{"line":326,"column":41},"end":{"line":326,"column":76}},"line":326},"18":{"name":"(anonymous_18)","decl":{"start":{"line":347,"column":30},"end":{"line":347,"column":31}},"loc":{"start":{"line":347,"column":41},"end":{"line":347,"column":82}},"line":347}},"branchMap":{"0":{"loc":{"start":{"line":71,"column":16},"end":{"line":71,"column":46}},"type":"cond-expr","locations":[{"start":{"line":71,"column":25},"end":{"line":71,"column":34}},{"start":{"line":71,"column":37},"end":{"line":71,"column":46}}],"line":71},"1":{"loc":{"start":{"line":72,"column":20},"end":{"line":72,"column":47}},"type":"cond-expr","locations":[{"start":{"line":72,"column":29},"end":{"line":72,"column":38}},{"start":{"line":72,"column":41},"end":{"line":72,"column":47}}],"line":72},"2":{"loc":{"start":{"line":73,"column":10},"end":{"line":73,"column":40}},"type":"cond-expr","locations":[{"start":{"line":73,"column":19},"end":{"line":73,"column":28}},{"start":{"line":73,"column":31},"end":{"line":73,"column":40}}],"line":73},"3":{"loc":{"start":{"line":74,"column":15},"end":{"line":74,"column":45}},"type":"cond-expr","locations":[{"start":{"line":74,"column":24},"end":{"line":74,"column":33}},{"start":{"line":74,"column":36},"end":{"line":74,"column":45}}],"line":74},"4":{"loc":{"start":{"line":75,"column":12},"end":{"line":75,"column":42}},"type":"cond-expr","locations":[{"start":{"line":75,"column":21},"end":{"line":75,"column":30}},{"start":{"line":75,"column":33},"end":{"line":75,"column":42}}],"line":75},"5":{"loc":{"start":{"line":76,"column":12},"end":{"line":76,"column":42}},"type":"cond-expr","locations":[{"start":{"line":76,"column":21},"end":{"line":76,"column":30}},{"start":{"line":76,"column":33},"end":{"line":76,"column":42}}],"line":76},"6":{"loc":{"start":{"line":77,"column":13},"end":{"line":77,"column":43}},"type":"cond-expr","locations":[{"start":{"line":77,"column":22},"end":{"line":77,"column":31}},{"start":{"line":77,"column":34},"end":{"line":77,"column":43}}],"line":77},"7":{"loc":{"start":{"line":78,"column":17},"end":{"line":78,"column":47}},"type":"cond-expr","locations":[{"start":{"line":78,"column":26},"end":{"line":78,"column":35}},{"start":{"line":78,"column":38},"end":{"line":78,"column":47}}],"line":78},"8":{"loc":{"start":{"line":83,"column":4},"end":{"line":91,"column":5}},"type":"if","locations":[{"start":{"line":83,"column":4},"end":{"line":91,"column":5}},{"start":{},"end":{}}],"line":83},"9":{"loc":{"start":{"line":85,"column":14},"end":{"line":85,"column":29}},"type":"binary-expr","locations":[{"start":{"line":85,"column":14},"end":{"line":85,"column":23}},{"start":{"line":85,"column":27},"end":{"line":85,"column":29}}],"line":85},"10":{"loc":{"start":{"line":86,"column":17},"end":{"line":86,"column":35}},"type":"binary-expr","locations":[{"start":{"line":86,"column":17},"end":{"line":86,"column":29}},{"start":{"line":86,"column":33},"end":{"line":86,"column":35}}],"line":86},"11":{"loc":{"start":{"line":87,"column":18},"end":{"line":87,"column":37}},"type":"binary-expr","locations":[{"start":{"line":87,"column":18},"end":{"line":87,"column":31}},{"start":{"line":87,"column":35},"end":{"line":87,"column":37}}],"line":87},"12":{"loc":{"start":{"line":88,"column":17},"end":{"line":88,"column":35}},"type":"binary-expr","locations":[{"start":{"line":88,"column":17},"end":{"line":88,"column":29}},{"start":{"line":88,"column":33},"end":{"line":88,"column":35}}],"line":88},"13":{"loc":{"start":{"line":89,"column":23},"end":{"line":89,"column":47}},"type":"binary-expr","locations":[{"start":{"line":89,"column":23},"end":{"line":89,"column":41}},{"start":{"line":89,"column":45},"end":{"line":89,"column":47}}],"line":89},"14":{"loc":{"start":{"line":96,"column":4},"end":{"line":105,"column":5}},"type":"if","locations":[{"start":{"line":96,"column":4},"end":{"line":105,"column":5}},{"start":{},"end":{}}],"line":96},"15":{"loc":{"start":{"line":98,"column":8},"end":{"line":102,"column":61}},"type":"binary-expr","locations":[{"start":{"line":98,"column":8},"end":{"line":98,"column":43}},{"start":{"line":99,"column":8},"end":{"line":99,"column":49}},{"start":{"line":100,"column":8},"end":{"line":100,"column":51}},{"start":{"line":101,"column":8},"end":{"line":101,"column":49}},{"start":{"line":102,"column":8},"end":{"line":102,"column":61}}],"line":98},"16":{"loc":{"start":{"line":98,"column":27},"end":{"line":98,"column":42}},"type":"binary-expr","locations":[{"start":{"line":98,"column":27},"end":{"line":98,"column":36}},{"start":{"line":98,"column":40},"end":{"line":98,"column":42}}],"line":98},"17":{"loc":{"start":{"line":99,"column":30},"end":{"line":99,"column":48}},"type":"binary-expr","locations":[{"start":{"line":99,"column":30},"end":{"line":99,"column":42}},{"start":{"line":99,"column":46},"end":{"line":99,"column":48}}],"line":99},"18":{"loc":{"start":{"line":100,"column":31},"end":{"line":100,"column":50}},"type":"binary-expr","locations":[{"start":{"line":100,"column":31},"end":{"line":100,"column":44}},{"start":{"line":100,"column":48},"end":{"line":100,"column":50}}],"line":100},"19":{"loc":{"start":{"line":101,"column":30},"end":{"line":101,"column":48}},"type":"binary-expr","locations":[{"start":{"line":101,"column":30},"end":{"line":101,"column":42}},{"start":{"line":101,"column":46},"end":{"line":101,"column":48}}],"line":101},"20":{"loc":{"start":{"line":102,"column":36},"end":{"line":102,"column":60}},"type":"binary-expr","locations":[{"start":{"line":102,"column":36},"end":{"line":102,"column":54}},{"start":{"line":102,"column":58},"end":{"line":102,"column":60}}],"line":102},"21":{"loc":{"start":{"line":111,"column":4},"end":{"line":113,"column":5}},"type":"if","locations":[{"start":{"line":111,"column":4},"end":{"line":113,"column":5}},{"start":{},"end":{}}],"line":111},"22":{"loc":{"start":{"line":115,"column":4},"end":{"line":117,"column":5}},"type":"if","locations":[{"start":{"line":115,"column":4},"end":{"line":117,"column":5}},{"start":{},"end":{}}],"line":115},"23":{"loc":{"start":{"line":119,"column":4},"end":{"line":121,"column":5}},"type":"if","locations":[{"start":{"line":119,"column":4},"end":{"line":121,"column":5}},{"start":{},"end":{}}],"line":119},"24":{"loc":{"start":{"line":119,"column":8},"end":{"line":119,"column":57}},"type":"binary-expr","locations":[{"start":{"line":119,"column":8},"end":{"line":119,"column":24}},{"start":{"line":119,"column":28},"end":{"line":119,"column":57}}],"line":119},"25":{"loc":{"start":{"line":123,"column":4},"end":{"line":125,"column":5}},"type":"if","locations":[{"start":{"line":123,"column":4},"end":{"line":125,"column":5}},{"start":{},"end":{}}],"line":123},"26":{"loc":{"start":{"line":123,"column":8},"end":{"line":123,"column":70}},"type":"binary-expr","locations":[{"start":{"line":123,"column":8},"end":{"line":123,"column":30}},{"start":{"line":123,"column":34},"end":{"line":123,"column":70}}],"line":123},"27":{"loc":{"start":{"line":133,"column":14},"end":{"line":133,"column":61}},"type":"cond-expr","locations":[{"start":{"line":133,"column":39},"end":{"line":133,"column":42}},{"start":{"line":133,"column":45},"end":{"line":133,"column":61}}],"line":133},"28":{"loc":{"start":{"line":142,"column":4},"end":{"line":142,"column":40}},"type":"if","locations":[{"start":{"line":142,"column":4},"end":{"line":142,"column":40}},{"start":{},"end":{}}],"line":142},"29":{"loc":{"start":{"line":145,"column":11},"end":{"line":145,"column":63}},"type":"binary-expr","locations":[{"start":{"line":145,"column":11},"end":{"line":145,"column":34}},{"start":{"line":145,"column":38},"end":{"line":145,"column":63}}],"line":145},"30":{"loc":{"start":{"line":152,"column":4},"end":{"line":154,"column":5}},"type":"if","locations":[{"start":{"line":152,"column":4},"end":{"line":154,"column":5}},{"start":{},"end":{}}],"line":152},"31":{"loc":{"start":{"line":158,"column":4},"end":{"line":161,"column":5}},"type":"if","locations":[{"start":{"line":158,"column":4},"end":{"line":161,"column":5}},{"start":{},"end":{}}],"line":158},"32":{"loc":{"start":{"line":165,"column":4},"end":{"line":171,"column":5}},"type":"if","locations":[{"start":{"line":165,"column":4},"end":{"line":171,"column":5}},{"start":{"line":169,"column":11},"end":{"line":171,"column":5}}],"line":165},"33":{"loc":{"start":{"line":170,"column":27},"end":{"line":170,"column":62}},"type":"binary-expr","locations":[{"start":{"line":170,"column":27},"end":{"line":170,"column":32}},{"start":{"line":170,"column":36},"end":{"line":170,"column":62}}],"line":170},"34":{"loc":{"start":{"line":175,"column":4},"end":{"line":186,"column":5}},"type":"if","locations":[{"start":{"line":175,"column":4},"end":{"line":186,"column":5}},{"start":{"line":184,"column":11},"end":{"line":186,"column":5}}],"line":175},"35":{"loc":{"start":{"line":198,"column":2},"end":{"line":205,"column":3}},"type":"if","locations":[{"start":{"line":198,"column":2},"end":{"line":205,"column":3}},{"start":{},"end":{}}],"line":198},"36":{"loc":{"start":{"line":217,"column":50},"end":{"line":217,"column":70}},"type":"cond-expr","locations":[{"start":{"line":217,"column":63},"end":{"line":217,"column":64}},{"start":{"line":217,"column":67},"end":{"line":217,"column":70}}],"line":217},"37":{"loc":{"start":{"line":218,"column":20},"end":{"line":218,"column":43}},"type":"binary-expr","locations":[{"start":{"line":218,"column":20},"end":{"line":218,"column":31}},{"start":{"line":218,"column":35},"end":{"line":218,"column":43}}],"line":218},"38":{"loc":{"start":{"line":220,"column":11},"end":{"line":224,"column":11}},"type":"cond-expr","locations":[{"start":{"line":221,"column":12},"end":{"line":221,"column":68}},{"start":{"line":223,"column":12},"end":{"line":223,"column":53}}],"line":220},"39":{"loc":{"start":{"line":233,"column":22},"end":{"line":233,"column":64}},"type":"cond-expr","locations":[{"start":{"line":233,"column":34},"end":{"line":233,"column":52}},{"start":{"line":233,"column":55},"end":{"line":233,"column":64}}],"line":233},"40":{"loc":{"start":{"line":242,"column":15},"end":{"line":246,"column":15}},"type":"cond-expr","locations":[{"start":{"line":243,"column":16},"end":{"line":243,"column":64}},{"start":{"line":245,"column":16},"end":{"line":245,"column":50}}],"line":242},"41":{"loc":{"start":{"line":278,"column":13},"end":{"line":282,"column":13}},"type":"binary-expr","locations":[{"start":{"line":278,"column":13},"end":{"line":278,"column":28}},{"start":{"line":279,"column":14},"end":{"line":281,"column":21}}],"line":278},"42":{"loc":{"start":{"line":298,"column":13},"end":{"line":302,"column":13}},"type":"binary-expr","locations":[{"start":{"line":298,"column":13},"end":{"line":298,"column":31}},{"start":{"line":299,"column":14},"end":{"line":301,"column":21}}],"line":298},"43":{"loc":{"start":{"line":333,"column":13},"end":{"line":337,"column":13}},"type":"binary-expr","locations":[{"start":{"line":333,"column":13},"end":{"line":333,"column":31}},{"start":{"line":334,"column":14},"end":{"line":336,"column":21}}],"line":333},"44":{"loc":{"start":{"line":355,"column":13},"end":{"line":359,"column":13}},"type":"binary-expr","locations":[{"start":{"line":355,"column":13},"end":{"line":355,"column":37}},{"start":{"line":356,"column":14},"end":{"line":358,"column":21}}],"line":355},"45":{"loc":{"start":{"line":394,"column":9},"end":{"line":400,"column":9}},"type":"binary-expr","locations":[{"start":{"line":394,"column":9},"end":{"line":394,"column":14}},{"start":{"line":395,"column":10},"end":{"line":399,"column":17}}],"line":394}},"s":{"0":0,"1":0,"2":0,"3":0,"4":0,"5":0,"6":0,"7":0,"8":0,"9":0,"10":0,"11":0,"12":0,"13":0,"14":0,"15":0,"16":0,"17":0,"18":0,"19":0,"20":0,"21":0,"22":0,"23":0,"24":0,"25":0,"26":0,"27":0,"28":0,"29":0,"30":0,"31":0,"32":0,"33":0,"34":0,"35":0,"36":0,"37":0,"38":0,"39":0,"40":0,"41":0,"42":0,"43":0,"44":0,"45":0,"46":0,"47":0,"48":0,"49":0,"50":0,"51":0,"52":0,"53":0,"54":0,"55":0,"56":0,"57":0,"58":0,"59":0,"60":0,"61":0,"62":0,"63":0,"64":0,"65":0,"66":0,"67":0,"68":0},"f":{"0":0,"1":0,"2":0,"3":0,"4":0,"5":0,"6":0,"7":0,"8":0,"9":0,"10":0,"11":0,"12":0,"13":0,"14":0,"15":0,"16":0,"17":0,"18":0},"b":{"0":[0,0],"1":[0,0],"2":[0,0],"3":[0,0],"4":[0,0],"5":[0,0],"6":[0,0],"7":[0,0],"8":[0,0],"9":[0,0],"10":[0,0],"11":[0,0],"12":[0,0],"13":[0,0],"14":[0,0],"15":[0,0,0,0,0],"16":[0,0],"17":[0,0],"18":[0,0],"19":[0,0],"20":[0,0],"21":[0,0],"22":[0,0],"23":[0,0],"24":[0,0],"25":[0,0],"26":[0,0],"27":[0,0],"28":[0,0],"29":[0,0],"30":[0,0],"31":[0,0],"32":[0,0],"33":[0,0],"34":[0,0],"35":[0,0],"36":[0,0],"37":[0,0],"38":[0,0],"39":[0,0],"40":[0,0],"41":[0,0],"42":[0,0],"43":[0,0],"44":[0,0],"45":[0,0]}}
,"/home/ubuntu/FomioMobile/app/(profile)/index.tsx": {"path":"/home/ubuntu/FomioMobile/app/(profile)/index.tsx","statementMap":{"0":{"start":{"line":11,"column":24},"end":{"line":26,"column":1}},"1":{"start":{"line":29,"column":21},"end":{"line":29,"column":31}},"2":{"start":{"line":36,"column":6},"end":{"line":36,"column":24}},"3":{"start":{"line":38,"column":17},"end":{"line":51,"column":3}},"4":{"start":{"line":53,"column":21},"end":{"line":55,"column":3}},"5":{"start":{"line":54,"column":4},"end":{"line":54,"column":18}},"6":{"start":{"line":57,"column":25},"end":{"line":59,"column":3}},"7":{"start":{"line":58,"column":4},"end":{"line":58,"column":46}},"8":{"start":{"line":61,"column":28},"end":{"line":63,"column":3}},"9":{"start":{"line":62,"column":4},"end":{"line":62,"column":50}},"10":{"start":{"line":66,"column":2},"end":{"line":85,"column":3}},"11":{"start":{"line":67,"column":4},"end":{"line":84,"column":6}},"12":{"start":{"line":88,"column":2},"end":{"line":114,"column":3}},"13":{"start":{"line":89,"column":4},"end":{"line":113,"column":6}},"14":{"start":{"line":107,"column":27},"end":{"line":107,"column":66}},"15":{"start":{"line":117,"column":2},"end":{"line":253,"column":4}},"16":{"start":{"line":237,"column":12},"end":{"line":248,"column":19}},"17":{"start":{"line":256,"column":15},"end":{"line":417,"column":2}}},"fnMap":{"0":{"name":"ProfileScreen","decl":{"start":{"line":28,"column":24},"end":{"line":28,"column":37}},"loc":{"start":{"line":28,"column":40},"end":{"line":254,"column":1}},"line":28},"1":{"name":"(anonymous_1)","decl":{"start":{"line":53,"column":21},"end":{"line":53,"column":22}},"loc":{"start":{"line":53,"column":27},"end":{"line":55,"column":3}},"line":53},"2":{"name":"(anonymous_2)","decl":{"start":{"line":57,"column":25},"end":{"line":57,"column":26}},"loc":{"start":{"line":57,"column":31},"end":{"line":59,"column":3}},"line":57},"3":{"name":"(anonymous_3)","decl":{"start":{"line":61,"column":28},"end":{"line":61,"column":29}},"loc":{"start":{"line":61,"column":34},"end":{"line":63,"column":3}},"line":61},"4":{"name":"(anonymous_4)","decl":{"start":{"line":107,"column":21},"end":{"line":107,"column":22}},"loc":{"start":{"line":107,"column":27},"end":{"line":107,"column":66}},"line":107},"5":{"name":"(anonymous_5)","decl":{"start":{"line":236,"column":31},"end":{"line":236,"column":32}},"loc":{"start":{"line":237,"column":12},"end":{"line":248,"column":19}},"line":237}},"branchMap":{"0":{"loc":{"start":{"line":39,"column":16},"end":{"line":39,"column":46}},"type":"cond-expr","locations":[{"start":{"line":39,"column":25},"end":{"line":39,"column":34}},{"start":{"line":39,"column":37},"end":{"line":39,"column":46}}],"line":39},"1":{"loc":{"start":{"line":40,"column":20},"end":{"line":40,"column":47}},"type":"cond-expr","locations":[{"start":{"line":40,"column":29},"end":{"line":40,"column":38}},{"start":{"line":40,"column":41},"end":{"line":40,"column":47}}],"line":40},"2":{"loc":{"start":{"line":41,"column":10},"end":{"line":41,"column":40}},"type":"cond-expr","locations":[{"start":{"line":41,"column":19},"end":{"line":41,"column":28}},{"start":{"line":41,"column":31},"end":{"line":41,"column":40}}],"line":41},"3":{"loc":{"start":{"line":42,"column":15},"end":{"line":42,"column":45}},"type":"cond-expr","locations":[{"start":{"line":42,"column":24},"end":{"line":42,"column":33}},{"start":{"line":42,"column":36},"end":{"line":42,"column":45}}],"line":42},"4":{"loc":{"start":{"line":43,"column":12},"end":{"line":43,"column":42}},"type":"cond-expr","locations":[{"start":{"line":43,"column":21},"end":{"line":43,"column":30}},{"start":{"line":43,"column":33},"end":{"line":43,"column":42}}],"line":43},"5":{"loc":{"start":{"line":44,"column":12},"end":{"line":44,"column":42}},"type":"cond-expr","locations":[{"start":{"line":44,"column":21},"end":{"line":44,"column":30}},{"start":{"line":44,"column":33},"end":{"line":44,"column":42}}],"line":44},"6":{"loc":{"start":{"line":45,"column":14},"end":{"line":45,"column":44}},"type":"cond-expr","locations":[{"start":{"line":45,"column":23},"end":{"line":45,"column":32}},{"start":{"line":45,"column":35},"end":{"line":45,"column":44}}],"line":45},"7":{"loc":{"start":{"line":46,"column":9},"end":{"line":46,"column":39}},"type":"cond-expr","locations":[{"start":{"line":46,"column":18},"end":{"line":46,"column":27}},{"start":{"line":46,"column":30},"end":{"line":46,"column":39}}],"line":46},"8":{"loc":{"start":{"line":47,"column":15},"end":{"line":47,"column":45}},"type":"cond-expr","locations":[{"start":{"line":47,"column":24},"end":{"line":47,"column":33}},{"start":{"line":47,"column":36},"end":{"line":47,"column":45}}],"line":47},"9":{"loc":{"start":{"line":48,"column":16},"end":{"line":48,"column":46}},"type":"cond-expr","locations":[{"start":{"line":48,"column":25},"end":{"line":48,"column":34}},{"start":{"line":48,"column":37},"end":{"line":48,"column":46}}],"line":48},"10":{"loc":{"start":{"line":49,"column":15},"end":{"line":49,"column":45}},"type":"cond-expr","locations":[{"start":{"line":49,"column":24},"end":{"line":49,"column":33}},{"start":{"line":49,"column":36},"end":{"line":49,"column":45}}],"line":49},"11":{"loc":{"start":{"line":50,"column":16},"end":{"line":50,"column":50}},"type":"cond-expr","locations":[{"start":{"line":50,"column":25},"end":{"line":50,"column":34}},{"start":{"line":50,"column":37},"end":{"line":50,"column":50}}],"line":50},"12":{"loc":{"start":{"line":66,"column":2},"end":{"line":85,"column":3}},"type":"if","locations":[{"start":{"line":66,"column":2},"end":{"line":85,"column":3}},{"start":{},"end":{}}],"line":66},"13":{"loc":{"start":{"line":88,"column":2},"end":{"line":114,"column":3}},"type":"if","locations":[{"start":{"line":88,"column":2},"end":{"line":114,"column":3}},{"start":{},"end":{}}],"line":88},"14":{"loc":{"start":{"line":88,"column":6},"end":{"line":88,"column":31}},"type":"binary-expr","locations":[{"start":{"line":88,"column":6},"end":{"line":88,"column":11}},{"start":{"line":88,"column":15},"end":{"line":88,"column":31}}],"line":88},"15":{"loc":{"start":{"line":103,"column":13},"end":{"line":103,"column":59}},"type":"binary-expr","locations":[{"start":{"line":103,"column":13},"end":{"line":103,"column":18}},{"start":{"line":103,"column":22},"end":{"line":103,"column":59}}],"line":103},"16":{"loc":{"start":{"line":131,"column":22},"end":{"line":131,"column":64}},"type":"cond-expr","locations":[{"start":{"line":131,"column":34},"end":{"line":131,"column":52}},{"start":{"line":131,"column":55},"end":{"line":131,"column":64}}],"line":131},"17":{"loc":{"start":{"line":132,"column":24},"end":{"line":132,"column":70}},"type":"binary-expr","locations":[{"start":{"line":132,"column":24},"end":{"line":132,"column":63}},{"start":{"line":132,"column":67},"end":{"line":132,"column":70}}],"line":132},"18":{"loc":{"start":{"line":137,"column":17},"end":{"line":137,"column":63}},"type":"binary-expr","locations":[{"start":{"line":137,"column":17},"end":{"line":137,"column":27}},{"start":{"line":137,"column":31},"end":{"line":137,"column":45}},{"start":{"line":137,"column":49},"end":{"line":137,"column":63}}],"line":137},"19":{"loc":{"start":{"line":140,"column":18},"end":{"line":140,"column":45}},"type":"binary-expr","locations":[{"start":{"line":140,"column":18},"end":{"line":140,"column":32}},{"start":{"line":140,"column":36},"end":{"line":140,"column":45}}],"line":140},"20":{"loc":{"start":{"line":142,"column":15},"end":{"line":146,"column":15}},"type":"binary-expr","locations":[{"start":{"line":142,"column":15},"end":{"line":142,"column":46}},{"start":{"line":143,"column":16},"end":{"line":145,"column":23}}],"line":142},"21":{"loc":{"start":{"line":150,"column":11},"end":{"line":152,"column":11}},"type":"binary-expr","locations":[{"start":{"line":150,"column":11},"end":{"line":150,"column":24}},{"start":{"line":151,"column":12},"end":{"line":151,"column":83}}],"line":150},"22":{"loc":{"start":{"line":157,"column":17},"end":{"line":157,"column":38}},"type":"binary-expr","locations":[{"start":{"line":157,"column":17},"end":{"line":157,"column":33}},{"start":{"line":157,"column":37},"end":{"line":157,"column":38}}],"line":157},"23":{"loc":{"start":{"line":163,"column":17},"end":{"line":163,"column":39}},"type":"binary-expr","locations":[{"start":{"line":163,"column":17},"end":{"line":163,"column":34}},{"start":{"line":163,"column":38},"end":{"line":163,"column":39}}],"line":163},"24":{"loc":{"start":{"line":169,"column":17},"end":{"line":169,"column":42}},"type":"binary-expr","locations":[{"start":{"line":169,"column":17},"end":{"line":169,"column":37}},{"start":{"line":169,"column":41},"end":{"line":169,"column":42}}],"line":169},"25":{"loc":{"start":{"line":191,"column":11},"end":{"line":204,"column":11}},"type":"binary-expr","locations":[{"start":{"line":191,"column":12},"end":{"line":191,"column":26}},{"start":{"line":191,"column":30},"end":{"line":191,"column":43}},{"start":{"line":192,"column":12},"end":{"line":203,"column":19}}],"line":191},"26":{"loc":{"start":{"line":193,"column":15},"end":{"line":197,"column":15}},"type":"binary-expr","locations":[{"start":{"line":193,"column":15},"end":{"line":193,"column":28}},{"start":{"line":194,"column":16},"end":{"line":196,"column":23}}],"line":193},"27":{"loc":{"start":{"line":198,"column":15},"end":{"line":202,"column":15}},"type":"binary-expr","locations":[{"start":{"line":198,"column":15},"end":{"line":198,"column":27}},{"start":{"line":199,"column":16},"end":{"line":201,"column":23}}],"line":198},"28":{"loc":{"start":{"line":211,"column":17},"end":{"line":211,"column":39}},"type":"binary-expr","locations":[{"start":{"line":211,"column":17},"end":{"line":211,"column":34}},{"start":{"line":211,"column":38},"end":{"line":211,"column":39}}],"line":211},"29":{"loc":{"start":{"line":217,"column":17},"end":{"line":217,"column":40}},"type":"binary-expr","locations":[{"start":{"line":217,"column":17},"end":{"line":217,"column":35}},{"start":{"line":217,"column":39},"end":{"line":217,"column":40}}],"line":217},"30":{"loc":{"start":{"line":223,"column":17},"end":{"line":223,"column":94}},"type":"cond-expr","locations":[{"start":{"line":223,"column":36},"end":{"line":223,"column":82}},{"start":{"line":223,"column":85},"end":{"line":223,"column":94}}],"line":223}},"s":{"0":0,"1":0,"2":0,"3":0,"4":0,"5":0,"6":0,"7":0,"8":0,"9":0,"10":0,"11":0,"12":0,"13":0,"14":0,"15":0,"16":0,"17":0},"f":{"0":0,"1":0,"2":0,"3":0,"4":0,"5":0},"b":{"0":[0,0],"1":[0,0],"2":[0,0],"3":[0,0],"4":[0,0],"5":[0,0],"6":[0,0],"7":[0,0],"8":[0,0],"9":[0,0],"10":[0,0],"11":[0,0],"12":[0,0],"13":[0,0],"14":[0,0],"15":[0,0],"16":[0,0],"17":[0,0],"18":[0,0,0],"19":[0,0],"20":[0,0],"21":[0,0],"22":[0,0],"23":[0,0],"24":[0,0],"25":[0,0,0],"26":[0,0],"27":[0,0],"28":[0,0],"29":[0,0],"30":[0,0]}}
,"/home/ubuntu/FomioMobile/app/(tabs)/_layout.tsx": {"path":"/home/ubuntu/FomioMobile/app/(tabs)/_layout.tsx","statementMap":{"0":{"start":{"line":7,"column":17},"end":{"line":7,"column":36}},"1":{"start":{"line":8,"column":21},"end":{"line":8,"column":31}},"2":{"start":{"line":10,"column":2},"end":{"line":95,"column":4}},"3":{"start":{"line":38,"column":12},"end":{"line":38,"column":106}},"4":{"start":{"line":47,"column":12},"end":{"line":47,"column":92}},"5":{"start":{"line":56,"column":12},"end":{"line":71,"column":14}},"6":{"start":{"line":81,"column":12},"end":{"line":81,"column":81}},"7":{"start":{"line":90,"column":12},"end":{"line":90,"column":84}}},"fnMap":{"0":{"name":"TabLayout","decl":{"start":{"line":6,"column":24},"end":{"line":6,"column":33}},"loc":{"start":{"line":6,"column":36},"end":{"line":96,"column":1}},"line":6},"1":{"name":"(anonymous_1)","decl":{"start":{"line":37,"column":22},"end":{"line":37,"column":23}},"loc":{"start":{"line":38,"column":12},"end":{"line":38,"column":106}},"line":38},"2":{"name":"(anonymous_2)","decl":{"start":{"line":46,"column":22},"end":{"line":46,"column":23}},"loc":{"start":{"line":47,"column":12},"end":{"line":47,"column":92}},"line":47},"3":{"name":"(anonymous_3)","decl":{"start":{"line":55,"column":22},"end":{"line":55,"column":23}},"loc":{"start":{"line":56,"column":12},"end":{"line":71,"column":14}},"line":56},"4":{"name":"(anonymous_4)","decl":{"start":{"line":80,"column":22},"end":{"line":80,"column":23}},"loc":{"start":{"line":81,"column":12},"end":{"line":81,"column":81}},"line":81},"5":{"name":"(anonymous_5)","decl":{"start":{"line":89,"column":22},"end":{"line":89,"column":23}},"loc":{"start":{"line":90,"column":12},"end":{"line":90,"column":84}},"line":90}},"branchMap":{"0":{"loc":{"start":{"line":14,"column":33},"end":{"line":14,"column":63}},"type":"cond-expr","locations":[{"start":{"line":14,"column":42},"end":{"line":14,"column":51}},{"start":{"line":14,"column":54},"end":{"line":14,"column":63}}],"line":14},"1":{"loc":{"start":{"line":16,"column":27},"end":{"line":16,"column":54}},"type":"cond-expr","locations":[{"start":{"line":16,"column":36},"end":{"line":16,"column":45}},{"start":{"line":16,"column":48},"end":{"line":16,"column":54}}],"line":16},"2":{"loc":{"start":{"line":25,"column":25},"end":{"line":25,"column":44}},"type":"cond-expr","locations":[{"start":{"line":25,"column":34},"end":{"line":25,"column":37}},{"start":{"line":25,"column":40},"end":{"line":25,"column":44}}],"line":25},"3":{"loc":{"start":{"line":38,"column":39},"end":{"line":38,"column":64}},"type":"cond-expr","locations":[{"start":{"line":38,"column":49},"end":{"line":38,"column":57}},{"start":{"line":38,"column":60},"end":{"line":38,"column":64}}],"line":38},"4":{"loc":{"start":{"line":38,"column":74},"end":{"line":38,"column":102}},"type":"cond-expr","locations":[{"start":{"line":38,"column":84},"end":{"line":38,"column":90}},{"start":{"line":38,"column":93},"end":{"line":38,"column":102}}],"line":38},"5":{"loc":{"start":{"line":47,"column":49},"end":{"line":47,"column":74}},"type":"cond-expr","locations":[{"start":{"line":47,"column":59},"end":{"line":47,"column":67}},{"start":{"line":47,"column":70},"end":{"line":47,"column":74}}],"line":47},"6":{"loc":{"start":{"line":58,"column":20},"end":{"line":58,"column":51}},"type":"cond-expr","locations":[{"start":{"line":58,"column":30},"end":{"line":58,"column":39}},{"start":{"line":58,"column":42},"end":{"line":58,"column":51}}],"line":58},"7":{"loc":{"start":{"line":81,"column":38},"end":{"line":81,"column":63}},"type":"cond-expr","locations":[{"start":{"line":81,"column":48},"end":{"line":81,"column":56}},{"start":{"line":81,"column":59},"end":{"line":81,"column":63}}],"line":81},"8":{"loc":{"start":{"line":90,"column":41},"end":{"line":90,"column":66}},"type":"cond-expr","locations":[{"start":{"line":90,"column":51},"end":{"line":90,"column":59}},{"start":{"line":90,"column":62},"end":{"line":90,"column":66}}],"line":90}},"s":{"0":0,"1":0,"2":0,"3":0,"4":0,"5":0,"6":0,"7":0},"f":{"0":0,"1":0,"2":0,"3":0,"4":0,"5":0},"b":{"0":[0,0],"1":[0,0],"2":[0,0],"3":[0,0],"4":[0,0],"5":[0,0],"6":[0,0],"7":[0,0],"8":[0,0]}}
,"/home/ubuntu/FomioMobile/app/(tabs)/compose.tsx": {"path":"/home/ubuntu/FomioMobile/app/(tabs)/compose.tsx","statementMap":{},"fnMap":{},"branchMap":{},"s":{},"f":{},"b":{}}
,"/home/ubuntu/FomioMobile/app/(tabs)/feed.tsx": {"path":"/home/ubuntu/FomioMobile/app/(tabs)/feed.tsx","statementMap":{},"fnMap":{},"branchMap":{},"s":{},"f":{},"b":{}}
,"/home/ubuntu/FomioMobile/app/(tabs)/notifications.tsx": {"path":"/home/ubuntu/FomioMobile/app/(tabs)/notifications.tsx","statementMap":{"0":{"start":{"line":3,"column":2},"end":{"line":7,"column":4}}},"fnMap":{"0":{"name":"NotificationsScreen","decl":{"start":{"line":2,"column":24},"end":{"line":2,"column":43}},"loc":{"start":{"line":2,"column":46},"end":{"line":8,"column":1}},"line":2}},"branchMap":{},"s":{"0":0},"f":{"0":0},"b":{}}
,"/home/ubuntu/FomioMobile/app/(tabs)/search.tsx": {"path":"/home/ubuntu/FomioMobile/app/(tabs)/search.tsx","statementMap":{"0":{"start":{"line":3,"column":2},"end":{"line":7,"column":4}}},"fnMap":{"0":{"name":"SearchScreen","decl":{"start":{"line":2,"column":24},"end":{"line":2,"column":36}},"loc":{"start":{"line":2,"column":39},"end":{"line":8,"column":1}},"line":2}},"branchMap":{},"s":{"0":0},"f":{"0":0},"b":{}}
,"/home/ubuntu/FomioMobile/app/(tabs)/settings.tsx": {"path":"/home/ubuntu/FomioMobile/app/(tabs)/settings.tsx","statementMap":{"0":{"start":{"line":5,"column":2},"end":{"line":9,"column":4}}},"fnMap":{"0":{"name":"SettingsScreen","decl":{"start":{"line":4,"column":24},"end":{"line":4,"column":38}},"loc":{"start":{"line":4,"column":41},"end":{"line":10,"column":1}},"line":4}},"branchMap":{},"s":{"0":0},"f":{"0":0},"b":{}}
,"/home/ubuntu/FomioMobile/app/feed/[byteId].tsx": {"path":"/home/ubuntu/FomioMobile/app/feed/[byteId].tsx","statementMap":{"0":{"start":{"line":9,"column":17},"end":{"line":24,"column":1}},"1":{"start":{"line":27,"column":21},"end":{"line":27,"column":31}},"2":{"start":{"line":28,"column":17},"end":{"line":40,"column":3}},"3":{"start":{"line":41,"column":35},"end":{"line":41,"column":57}},"4":{"start":{"line":43,"column":15},"end":{"line":43,"column":23}},"5":{"start":{"line":45,"column":21},"end":{"line":47,"column":3}},"6":{"start":{"line":46,"column":4},"end":{"line":46,"column":18}},"7":{"start":{"line":49,"column":2},"end":{"line":78,"column":4}},"8":{"start":{"line":81,"column":15},"end":{"line":182,"column":2}}},"fnMap":{"0":{"name":"ByteDetailsScreen","decl":{"start":{"line":26,"column":24},"end":{"line":26,"column":41}},"loc":{"start":{"line":26,"column":44},"end":{"line":79,"column":1}},"line":26},"1":{"name":"(anonymous_1)","decl":{"start":{"line":45,"column":21},"end":{"line":45,"column":22}},"loc":{"start":{"line":45,"column":27},"end":{"line":47,"column":3}},"line":45},"2":{"name":"(anonymous_2)","decl":{"start":{"line":71,"column":16},"end":{"line":71,"column":17}},"loc":{"start":{"line":71,"column":22},"end":{"line":71,"column":24}},"line":71},"3":{"name":"(anonymous_3)","decl":{"start":{"line":72,"column":19},"end":{"line":72,"column":20}},"loc":{"start":{"line":72,"column":25},"end":{"line":72,"column":27}},"line":72},"4":{"name":"(anonymous_4)","decl":{"start":{"line":73,"column":17},"end":{"line":73,"column":18}},"loc":{"start":{"line":73,"column":23},"end":{"line":73,"column":25}},"line":73},"5":{"name":"(anonymous_5)","decl":{"start":{"line":74,"column":20},"end":{"line":74,"column":21}},"loc":{"start":{"line":74,"column":26},"end":{"line":74,"column":28}},"line":74}},"branchMap":{"0":{"loc":{"start":{"line":29,"column":16},"end":{"line":29,"column":43}},"type":"cond-expr","locations":[{"start":{"line":29,"column":25},"end":{"line":29,"column":34}},{"start":{"line":29,"column":37},"end":{"line":29,"column":43}}],"line":29},"1":{"loc":{"start":{"line":30,"column":10},"end":{"line":30,"column":40}},"type":"cond-expr","locations":[{"start":{"line":30,"column":19},"end":{"line":30,"column":28}},{"start":{"line":30,"column":31},"end":{"line":30,"column":40}}],"line":30},"2":{"loc":{"start":{"line":31,"column":10},"end":{"line":31,"column":40}},"type":"cond-expr","locations":[{"start":{"line":31,"column":19},"end":{"line":31,"column":28}},{"start":{"line":31,"column":31},"end":{"line":31,"column":40}}],"line":31},"3":{"loc":{"start":{"line":32,"column":15},"end":{"line":32,"column":45}},"type":"cond-expr","locations":[{"start":{"line":32,"column":24},"end":{"line":32,"column":33}},{"start":{"line":32,"column":36},"end":{"line":32,"column":45}}],"line":32},"4":{"loc":{"start":{"line":33,"column":12},"end":{"line":33,"column":42}},"type":"cond-expr","locations":[{"start":{"line":33,"column":21},"end":{"line":33,"column":30}},{"start":{"line":33,"column":33},"end":{"line":33,"column":42}}],"line":33},"5":{"loc":{"start":{"line":34,"column":11},"end":{"line":34,"column":41}},"type":"cond-expr","locations":[{"start":{"line":34,"column":20},"end":{"line":34,"column":29}},{"start":{"line":34,"column":32},"end":{"line":34,"column":41}}],"line":34},"6":{"loc":{"start":{"line":35,"column":13},"end":{"line":35,"column":43}},"type":"cond-expr","locations":[{"start":{"line":35,"column":22},"end":{"line":35,"column":31}},{"start":{"line":35,"column":34},"end":{"line":35,"column":43}}],"line":35},"7":{"loc":{"start":{"line":36,"column":13},"end":{"line":36,"column":43}},"type":"cond-expr","locations":[{"start":{"line":36,"column":22},"end":{"line":36,"column":31}},{"start":{"line":36,"column":34},"end":{"line":36,"column":43}}],"line":36},"8":{"loc":{"start":{"line":37,"column":19},"end":{"line":37,"column":49}},"type":"cond-expr","locations":[{"start":{"line":37,"column":28},"end":{"line":37,"column":37}},{"start":{"line":37,"column":40},"end":{"line":37,"column":49}}],"line":37},"9":{"loc":{"start":{"line":38,"column":17},"end":{"line":38,"column":47}},"type":"cond-expr","locations":[{"start":{"line":38,"column":26},"end":{"line":38,"column":35}},{"start":{"line":38,"column":38},"end":{"line":38,"column":47}}],"line":38},"10":{"loc":{"start":{"line":39,"column":15},"end":{"line":39,"column":45}},"type":"cond-expr","locations":[{"start":{"line":39,"column":24},"end":{"line":39,"column":33}},{"start":{"line":39,"column":36},"end":{"line":39,"column":45}}],"line":39}},"s":{"0":0,"1":0,"2":0,"3":0,"4":0,"5":0,"6":0,"7":0,"8":0},"f":{"0":0,"1":0,"2":0,"3":0,"4":0,"5":0},"b":{"0":[0,0],"1":[0,0],"2":[0,0],"3":[0,0],"4":[0,0],"5":[0,0],"6":[0,0],"7":[0,0],"8":[0,0],"9":[0,0],"10":[0,0]}}
,"/home/ubuntu/FomioMobile/app/feed/_layout.tsx": {"path":"/home/ubuntu/FomioMobile/app/feed/_layout.tsx","statementMap":{"0":{"start":{"line":4,"column":2},"end":{"line":21,"column":4}}},"fnMap":{"0":{"name":"FeedLayout","decl":{"start":{"line":3,"column":24},"end":{"line":3,"column":34}},"loc":{"start":{"line":3,"column":37},"end":{"line":22,"column":1}},"line":3}},"branchMap":{},"s":{"0":0},"f":{"0":0},"b":{}}
,"/home/ubuntu/FomioMobile/app/feed/index.enhanced.tsx": {"path":"/home/ubuntu/FomioMobile/app/feed/index.enhanced.tsx","statementMap":{"0":{"start":{"line":46,"column":26},"end":{"line":115,"column":1}},"1":{"start":{"line":130,"column":21},"end":{"line":130,"column":31}},"2":{"start":{"line":131,"column":17},"end":{"line":131,"column":39}},"3":{"start":{"line":134,"column":28},"end":{"line":134,"column":55}},"4":{"start":{"line":135,"column":32},"end":{"line":135,"column":47}},"5":{"start":{"line":136,"column":38},"end":{"line":136,"column":53}},"6":{"start":{"line":137,"column":28},"end":{"line":137,"column":57}},"7":{"start":{"line":140,"column":18},"end":{"line":140,"column":55}},"8":{"start":{"line":141,"column":24},"end":{"line":141,"column":61}},"9":{"start":{"line":144,"column":24},"end":{"line":177,"column":8}},"10":{"start":{"line":145,"column":4},"end":{"line":145,"column":24}},"11":{"start":{"line":146,"column":4},"end":{"line":146,"column":19}},"12":{"start":{"line":148,"column":4},"end":{"line":176,"column":5}},"13":{"start":{"line":150,"column":6},"end":{"line":150,"column":62}},"14":{"start":{"line":150,"column":35},"end":{"line":150,"column":60}},"15":{"start":{"line":153,"column":28},"end":{"line":169,"column":7}},"16":{"start":{"line":171,"column":6},"end":{"line":171,"column":43}},"17":{"start":{"line":171,"column":23},"end":{"line":171,"column":41}},"18":{"start":{"line":173,"column":6},"end":{"line":173,"column":60}},"19":{"start":{"line":175,"column":6},"end":{"line":175,"column":27}},"20":{"start":{"line":179,"column":21},"end":{"line":189,"column":8}},"21":{"start":{"line":180,"column":4},"end":{"line":188,"column":7}},"22":{"start":{"line":180,"column":21},"end":{"line":188,"column":5}},"23":{"start":{"line":181,"column":6},"end":{"line":187,"column":14}},"24":{"start":{"line":191,"column":25},"end":{"line":197,"column":8}},"25":{"start":{"line":192,"column":4},"end":{"line":196,"column":7}},"26":{"start":{"line":192,"column":21},"end":{"line":196,"column":5}},"27":{"start":{"line":193,"column":6},"end":{"line":195,"column":14}},"28":{"start":{"line":199,"column":24},"end":{"line":201,"column":8}},"29":{"start":{"line":200,"column":4},"end":{"line":200,"column":31}},"30":{"start":{"line":203,"column":26},"end":{"line":205,"column":8}},"31":{"start":{"line":204,"column":4},"end":{"line":204,"column":31}},"32":{"start":{"line":207,"column":27},"end":{"line":210,"column":8}},"33":{"start":{"line":209,"column":4},"end":{"line":209,"column":47}},"34":{"start":{"line":213,"column":43},"end":{"line":238,"column":93}},"35":{"start":{"line":214,"column":4},"end":{"line":237,"column":6}},"36":{"start":{"line":225,"column":21},"end":{"line":225,"column":45}},"37":{"start":{"line":226,"column":20},"end":{"line":226,"column":39}},"38":{"start":{"line":227,"column":23},"end":{"line":227,"column":45}},"39":{"start":{"line":228,"column":24},"end":{"line":228,"column":47}},"40":{"start":{"line":229,"column":26},"end":{"line":229,"column":56}},"41":{"start":{"line":241,"column":23},"end":{"line":241,"column":63}},"42":{"start":{"line":241,"column":51},"end":{"line":241,"column":58}},"43":{"start":{"line":244,"column":22},"end":{"line":259,"column":14}},"44":{"start":{"line":245,"column":4},"end":{"line":258,"column":11}},"45":{"start":{"line":262,"column":24},"end":{"line":268,"column":8}},"46":{"start":{"line":263,"column":4},"end":{"line":267,"column":11}},"47":{"start":{"line":265,"column":8},"end":{"line":265,"column":44}},"48":{"start":{"line":271,"column":23},"end":{"line":286,"column":3}},"49":{"start":{"line":276,"column":24},"end":{"line":276,"column":57}},"50":{"start":{"line":277,"column":24},"end":{"line":277,"column":46}},"51":{"start":{"line":279,"column":8},"end":{"line":283,"column":19}},"52":{"start":{"line":289,"column":25},"end":{"line":299,"column
[...]
":[{"start":{"line":92,"column":46},"end":{"line":92,"column":57}},{"start":{"line":92,"column":60},"end":{"line":92,"column":75}}],"line":92},"13":{"loc":{"start":{"line":100,"column":4},"end":{"line":100,"column":38}},"type":"if","locations":[{"start":{"line":100,"column":4},"end":{"line":100,"column":38}},{"start":{},"end":{}}],"line":100},"14":{"loc":{"start":{"line":108,"column":6},"end":{"line":114,"column":7}},"type":"if","locations":[{"start":{"line":108,"column":6},"end":{"line":114,"column":7}},{"start":{"line":111,"column":13},"end":{"line":114,"column":7}}],"line":108},"15":{"loc":{"start":{"line":108,"column":10},"end":{"line":108,"column":43}},"type":"binary-expr","locations":[{"start":{"line":108,"column":10},"end":{"line":108,"column":26}},{"start":{"line":108,"column":30},"end":{"line":108,"column":43}}],"line":108},"16":{"loc":{"start":{"line":112,"column":17},"end":{"line":112,"column":61}},"type":"binary-expr","locations":[{"start":{"line":112,"column":17},"end":{"line":112,"column":31}},{"start":{"line":112,"column":35},"end":{"line":112,"column":61}}],"line":112},"17":{"loc":{"start":{"line":116,"column":15},"end":{"line":116,"column":67}},"type":"cond-expr","locations":[{"start":{"line":116,"column":38},"end":{"line":116,"column":49}},{"start":{"line":116,"column":52},"end":{"line":116,"column":67}}],"line":116},"18":{"loc":{"start":{"line":125,"column":4},"end":{"line":125,"column":38}},"type":"if","locations":[{"start":{"line":125,"column":4},"end":{"line":125,"column":38}},{"start":{},"end":{}}],"line":125},"19":{"loc":{"start":{"line":133,"column":6},"end":{"line":139,"column":7}},"type":"if","locations":[{"start":{"line":133,"column":6},"end":{"line":139,"column":7}},{"start":{"line":136,"column":13},"end":{"line":139,"column":7}}],"line":133},"20":{"loc":{"start":{"line":133,"column":10},"end":{"line":133,"column":43}},"type":"binary-expr","locations":[{"start":{"line":133,"column":10},"end":{"line":133,"column":26}},{"start":{"line":133,"column":30},"end":{"line":133,"column":43}}],"line":133},"21":{"loc":{"start":{"line":137,"column":25},"end":{"line":137,"column":70}},"type":"binary-expr","locations":[{"start":{"line":137,"column":25},"end":{"line":137,"column":39}},{"start":{"line":137,"column":43},"end":{"line":137,"column":70}}],"line":137},"22":{"loc":{"start":{"line":141,"column":23},"end":{"line":141,"column":75}},"type":"cond-expr","locations":[{"start":{"line":141,"column":46},"end":{"line":141,"column":57}},{"start":{"line":141,"column":60},"end":{"line":141,"column":75}}],"line":141},"23":{"loc":{"start":{"line":153,"column":4},"end":{"line":153,"column":38}},"type":"if","locations":[{"start":{"line":153,"column":4},"end":{"line":153,"column":38}},{"start":{},"end":{}}],"line":153},"24":{"loc":{"start":{"line":165,"column":6},"end":{"line":170,"column":7}},"type":"if","locations":[{"start":{"line":165,"column":6},"end":{"line":170,"column":7}},{"start":{"line":167,"column":13},"end":{"line":170,"column":7}}],"line":165},"25":{"loc":{"start":{"line":168,"column":17},"end":{"line":168,"column":62}},"type":"binary-expr","locations":[{"start":{"line":168,"column":17},"end":{"line":168,"column":31}},{"start":{"line":168,"column":35},"end":{"line":168,"column":62}}],"line":168},"26":{"loc":{"start":{"line":172,"column":15},"end":{"line":172,"column":67}},"type":"cond-expr","locations":[{"start":{"line":172,"column":38},"end":{"line":172,"column":49}},{"start":{"line":172,"column":52},"end":{"line":172,"column":67}}],"line":172},"27":{"loc":{"start":{"line":181,"column":4},"end":{"line":181,"column":38}},"type":"if","locations":[{"start":{"line":181,"column":4},"end":{"line":181,"column":38}},{"start":{},"end":{}}],"line":181},"28":{"loc":{"start":{"line":189,"column":6},"end":{"line":196,"column":7}},"type":"if","locations":[{"start":{"line":189,"column":6},"end":{"line":196,"column":7}},{"start":{"line":193,"column":13},"end":{"line":196,"column":7}}],"line":189},"29":{"loc":{"start":{"line":194,"column":17},"end":{"line":194,"column":59}},"type":"binary-expr","locations":[{"start":{"line":194,"column":17},"end":{"line":194,"column":31}},{"start":{"line":194,"column":35},"end":{"line":194,"column":59}}],"line":194},"30":{"loc":{"start":{"line":198,"column":15},"end":{"line":198,"column":67}},"type":"cond-expr","locations":[{"start":{"line":198,"column":38},"end":{"line":198,"column":49}},{"start":{"line":198,"column":52},"end":{"line":198,"column":67}}],"line":198},"31":{"loc":{"start":{"line":207,"column":4},"end":{"line":207,"column":38}},"type":"if","locations":[{"start":{"line":207,"column":4},"end":{"line":207,"column":38}},{"start":{},"end":{}}],"line":207},"32":{"loc":{"start":{"line":215,"column":6},"end":{"line":222,"column":7}},"type":"if","locations":[{"start":{"line":215,"column":6},"end":{"line":222,"column":7}},{"start":{"line":219,"column":13},"end":{"line":222,"column":7}}],"line":215},"33":{"loc":{"start":{"line":220,"column":17},"end":{"line":220,"column":60}},"type":"binary-expr","locations":[{"start":{"line":220,"column":17},"end":{"line":220,"column":31}},{"start":{"line":220,"column":35},"end":{"line":220,"column":60}}],"line":220},"34":{"loc":{"start":{"line":224,"column":15},"end":{"line":224,"column":67}},"type":"cond-expr","locations":[{"start":{"line":224,"column":38},"end":{"line":224,"column":49}},{"start":{"line":224,"column":52},"end":{"line":224,"column":67}}],"line":224},"35":{"loc":{"start":{"line":233,"column":4},"end":{"line":235,"column":5}},"type":"if","locations":[{"start":{"line":233,"column":4},"end":{"line":235,"column":5}},{"start":{},"end":{}}],"line":233},"36":{"loc":{"start":{"line":240,"column":4},"end":{"line":242,"column":5}},"type":"if","locations":[{"start":{"line":240,"column":4},"end":{"line":242,"column":5}},{"start":{},"end":{}}],"line":240},"37":{"loc":{"start":{"line":240,"column":8},"end":{"line":240,"column":31}},"type":"binary-expr","locations":[{"start":{"line":240,"column":8},"end":{"line":240,"column":12}},{"start":{"line":240,"column":16},"end":{"line":240,"column":31}}],"line":240}},"s":{"0":0,"1":0,"2":0,"3":0,"4":0,"5":0,"6":0,"7":0,"8":0,"9":0,"10":0,"11":0,"12":0,"13":0,"14":0,"15":0,"16":0,"17":0,"18":0,"19":0,"20":0,"21":0,"22":0,"23":0,"24":0,"25":0,"26":0,"27":0,"28":0,"29":0,"30":0,"31":0,"32":0,"33":0,"34":0,"35":0,"36":0,"37":0,"38":0,"39":0,"40":0,"41":0,"42":0,"43":0,"44":0,"45":0,"46":0,"47":0,"48":0,"49":0,"50":0,"51":0,"52":0,"53":0,"54":0,"55":0,"56":0,"57":0,"58":0,"59":0,"60":0,"61":0,"62":0,"63":0,"64":0,"65":0,"66":0,"67":0,"68":0,"69":0,"70":0,"71":0,"72":0,"73":0,"74":0,"75":0,"76":0,"77":0,"78":0,"79":0,"80":0,"81":0,"82":0,"83":0,"84":0,"85":0,"86":0,"87":0,"88":0,"89":0,"90":0,"91":0,"92":0,"93":0,"94":0,"95":0,"96":0,"97":0,"98":0,"99":0,"100":0,"101":0,"102":0,"103":0,"104":0,"105":0,"106":0,"107":0,"108":0,"109":0,"110":0,"111":0,"112":0,"113":0,"114":0,"115":0},"f":{"0":0,"1":0,"2":0,"3":0,"4":0,"5":0,"6":0,"7":0,"8":0,"9":0},"b":{"0":[0,0],"1":[0,0],"2":[0,0],"3":[0,0],"4":[0,0],"5":[0,0],"6":[0,0],"7":[0,0],"8":[0,0],"9":[0,0],"10":[0,0],"11":[0,0],"12":[0,0],"13":[0,0],"14":[0,0],"15":[0,0],"16":[0,0],"17":[0,0],"18":[0,0],"19":[0,0],"20":[0,0],"21":[0,0],"22":[0,0],"23":[0,0],"24":[0,0],"25":[0,0],"26":[0,0],"27":[0,0],"28":[0,0],"29":[0,0],"30":[0,0],"31":[0,0],"32":[0,0],"33":[0,0],"34":[0,0],"35":[0,0],"36":[0,0],"37":[0,0]}}
,"/home/ubuntu/FomioMobile/shared/useFeed.ts": {"path":"/home/ubuntu/FomioMobile/shared/useFeed.ts","statementMap":{"0":{"start":{"line":14,"column":29},"end":{"line":69,"column":1}},"1":{"start":{"line":72,"column":36},"end":{"line":78,"column":4}},"2":{"start":{"line":80,"column":19},"end":{"line":80,"column":28}},"3":{"start":{"line":82,"column":2},"end":{"line":84,"column":9}},"4":{"start":{"line":83,"column":4},"end":{"line":83,"column":15}},"5":{"start":{"line":86,"column":19},"end":{"line":108,"column":3}},"6":{"start":{"line":87,"column":4},"end":{"line":107,"column":5}},"7":{"start":{"line":88,"column":6},"end":{"line":88,"column":72}},"8":{"start":{"line":88,"column":28},"end":{"line":88,"column":69}},"9":{"start":{"line":92,"column":6},"end":{"line":92,"column":62}},"10":{"start":{"line":92,"column":35},"end":{"line":92,"column":60}},"11":{"start":{"line":94,"column":6},"end":{"line":99,"column":10}},"12":{"start":{"line":94,"column":28},"end":{"line":99,"column":7}},"13":{"start":{"line":101,"column":6},"end":{"line":101,"column":47}},"14":{"start":{"line":102,"column":6},"end":{"line":106,"column":10}},"15":{"start":{"line":102,"column":28},"end":{"line":106,"column":7}},"16":{"start":{"line":110,"column":22},"end":{"line":132,"column":3}},"17":{"start":{"line":111,"column":4},"end":{"line":131,"column":5}},"18":{"start":{"line":112,"column":6},"end":{"line":112,"column":75}},"19":{"start":{"line":112,"column":28},"end":{"line":112,"column":72}},"20":{"start":{"line":116,"column":6},"end":{"line":116,"column":62}},"21":{"start":{"line":116,"column":35},"end":{"line":116,"column":60}},"22":{"start":{"line":118,"column":6},"end":{"line":123,"column":10}},"23":{"start":{"line":118,"column":28},"end":{"line":123,"column":7}},"24":{"start":{"line":125,"column":6},"end":{"line":125,"column":50}},"25":{"start":{"line":126,"column":6},"end":{"line":130,"column":10}},"26":{"start":{"line":126,"column":28},"end":{"line":130,"column":7}},"27":{"start":{"line":134,"column":24},"end":{"line":155,"column":3}},"28":{"start":{"line":135,"column":4},"end":{"line":135,"column":58}},"29":{"start":{"line":135,"column":51},"end":{"line":135,"column":58}},"30":{"start":{"line":137,"column":4},"end":{"line":154,"column":5}},"31":{"start":{"line":138,"column":6},"end":{"line":138,"column":59}},"32":{"start":{"line":138,"column":28},"end":{"line":138,"column":56}},"33":{"start":{"line":142,"column":6},"end":{"line":146,"column":10}},"34":{"start":{"line":142,"column":28},"end":{"line":146,"column":7}},"35":{"start":{"line":148,"column":6},"end":{"line":148,"column":53}},"36":{"start":{"line":149,"column":6},"end":{"line":153,"column":10}},"37":{"start":{"line":149,"column":28},"end":{"line":153,"column":7}},"38":{"start":{"line":157,"column":21},"end":{"line":192,"column":3}},"39":{"start":{"line":158,"column":4},"end":{"line":158,"column":22}},"40":{"start":{"line":158,"column":15},"end":{"line":158,"column":22}},"41":{"start":{"line":160,"column":4},"end":{"line":191,"column":5}},"42":{"start":{"line":161,"column":6},"end":{"line":172,"column":10}},"43":{"start":{"line":161,"column":28},"end":{"line":172,"column":7}},"44":{"start":{"line":164,"column":10},"end":{"line":170,"column":18}},"45":{"start":{"line":177,"column":6},"end":{"line":177,"column":49}},"46":{"start":{"line":179,"column":6},"end":{"line":190,"column":10}},"47":{"start":{"line":179,"column":28},"end":{"line":190,"column":7}},"48":{"start":{"line":182,"column":10},"end":{"line":188,"column":18}},"49":{"start":{"line":194,"column":18},"end":{"line":199,"column":3}},"50":{"start":{"line":195,"column":4},"end":{"line":198,"column":8}},"51":{"start":{"line":195,"column":26},"end":{"line":198,"column":5}},"52":{"start":{"line":201,"column":22},"end":{"line":203,"column":3}},"53":{"start":{"line":202,"column":4},"end":{"line":202,"column":60}},"54":{"start":{"line":202,"column":40},"end":{"line":202,"column":58}},"55":{"start":{"line":205,"column":2},"end":{"line":213,"column":4}}},"fnMap":{"0":{"name":"useFeed","decl":{"start":{"line":71,"column":16},"end":{"line":71,"column":23}},"loc":{"start":{"line":71,"column":26},"end":{"line":214,"column":1}},"line":71},"1":{"name":"(anonymous_1)","decl":{"start":{"line":82,"column":12},"end":{"line":82,"column":13}},"loc":{"start":{"line":82,"column":18},"end":{"line":84,"column":3}},"line":82},"2":{"name":"(anonymous_2)","decl":{"start":{"line":86,"column":19},"end":{"line":86,"column":20}},"loc":{"start":{"line":86,"column":31},"end":{"line":108,"column":3}},"line":86},"3":{"name":"(anonymous_3)","decl":{"start":{"line":88,"column":19},"end":{"line":88,"column":20}},"loc":{"start":{"line":88,"column":28},"end":{"line":88,"column":69}},"line":88},"4":{"name":"(anonymous_4)","decl":{"start":{"line":92,"column":24},"end":{"line":92,"column":25}},"loc":{"start":{"line":92,"column":35},"end":{"line":92,"column":60}},"line":92},"5":{"name":"(anonymous_5)","decl":{"start":{"line":94,"column":19},"end":{"line":94,"column":20}},"loc":{"start":{"line":94,"column":28},"end":{"line":99,"column":7}},"line":94},"6":{"name":"(anonymous_6)","decl":{"start":{"line":102,"column":19},"end":{"line":102,"column":20}},"loc":{"start":{"line":102,"column":28},"end":{"line":106,"column":7}},"line":102},"7":{"name":"(anonymous_7)","decl":{"start":{"line":110,"column":22},"end":{"line":110,"column":23}},"loc":{"start":{"line":110,"column":34},"end":{"line":132,"column":3}},"line":110},"8":{"name":"(anonymous_8)","decl":{"start":{"line":112,"column":19},"end":{"line":112,"column":20}},"loc":{"start":{"line":112,"column":28},"end":{"line":112,"column":72}},"line":112},"9":{"name":"(anonymous_9)","decl":{"start":{"line":116,"column":24},"end":{"line":116,"column":25}},"loc":{"start":{"line":116,"column":35},"end":{"line":116,"column":60}},"line":116},"10":{"name":"(anonymous_10)","decl":{"start":{"line":118,"column":19},"end":{"line":118,"column":20}},"loc":{"start":{"line":118,"column":28},"end":{"line":123,"column":7}},"line":118},"11":{"name":"(anonymous_11)","decl":{"start":{"line":126,"column":19},"end":{"line":126,"column":20}},"loc":{"start":{"line":126,"column":28},"end":{"line":130,"column":7}},"line":126},"12":{"name":"(anonymous_12)","decl":{"start":{"line":134,"column":24},"end":{"line":134,"column":25}},"loc":{"start":{"line":134,"column":36},"end":{"line":155,"column":3}},"line":134},"13":{"name":"(anonymous_13)","decl":{"start":{"line":138,"column":19},"end":{"line":138,"column":20}},"loc":{"start":{"line":138,"column":28},"end":{"line":138,"column":56}},"line":138},"14":{"name":"(anonymous_14)","decl":{"start":{"line":142,"column":19},"end":{"line":142,"column":20}},"loc":{"start":{"line":142,"column":28},"end":{"line":146,"column":7}},"line":142},"15":{"name":"(anonymous_15)","decl":{"start":{"line":149,"column":19},"end":{"line":149,"column":20}},"loc":{"start":{"line":149,"column":28},"end":{"line":153,"column":7}},"line":149},"16":{"name":"(anonymous_16)","decl":{"start":{"line":157,"column":21},"end":{"line":157,"column":22}},"loc":{"start":{"line":157,"column":47},"end":{"line":192,"column":3}},"line":157},"17":{"name":"(anonymous_17)","decl":{"start":{"line":161,"column":19},"end":{"line":161,"column":20}},"loc":{"start":{"line":161,"column":28},"end":{"line":172,"column":7}},"line":161},"18":{"name":"(anonymous_18)","decl":{"start":{"line":163,"column":30},"end":{"line":163,"column":31}},"loc":{"start":{"line":164,"column":10},"end":{"line":170,"column":18}},"line":164},"19":{"name":"(anonymous_19)","decl":{"start":{"line":179,"column":19},"end":{"line":179,"column":20}},"loc":{"start":{"line":179,"column":28},"end":{"line":190,"column":7}},"line":179},"20":{"name":"(anonymous_20)","decl":{"start":{"line":181,"column":30},"end":{"line":181,"column":31}},"loc":{"start":{"line":182,"column":10},"end":{"line":188,"column":18}},"line":182},"21":{"name":"(anonymous_21)","decl":{"start":{"line":194,"column":18},"end":{"line":194,"column":19}},"loc":{"start":{"line":194,"column":37},"end":{"line":199,"column":3}},"line":194},"22":{"name":"(anonymous_22)","decl":{"start":{"line":195,"column":17},"end":{"line":195,"column":18}},"loc":{"start":{"line":195,"column":26},"end":{"line":198,"column":5}},"line":195},"23":{"name":"(anonymous_23)","decl":{"start":{"line":201,"column":22},"end":{"line":201,"column":23}},"loc":{"start":{"line":201,"column":60},"end":{"line":203,"column":3}},"line":201},"24":{"name":"(anonymous_24)","decl":{"start":{"line":202,"column":32},"end":{"line":202,"column":33}},"loc":{"start":{"line":202,"column":40},"end":{"line":202,"column":58}},"line":202}},"branchMap":{"0":{"loc":{"start":{"line":135,"column":4},"end":{"line":135,"column":58}},"type":"if","locations":[{"start":{"line":135,"column":4},"end":{"line":135,"column":58}},{"start":{},"end":{}}],"line":135},"1":{"loc":{"start":{"line":135,"column":8},"end":{"line":135,"column":49}},"type":"binary-expr","locations":[{"start":{"line":135,"column":8},"end":{"line":135,"column":26}},{"start":{"line":135,"column":30},"end":{"line":135,"column":49}}],"line":135},"2":{"loc":{"start":{"line":158,"column":4},"end":{"line":158,"column":22}},"type":"if","locations":[{"start":{"line":158,"column":4},"end":{"line":158,"column":22}},{"start":{},"end":{}}],"line":158},"3":{"loc":{"start":{"line":164,"column":10},"end":{"line":170,"column":18}},"type":"cond-expr","locations":[{"start":{"line":165,"column":14},"end":{"line":169,"column":15}},{"start":{"line":170,"column":14},"end":{"line":170,"column":18}}],"line":164},"4":{"loc":{"start":{"line":168,"column":23},"end":{"line":168,"column":69}},"type":"cond-expr","locations":[{"start":{"line":168,"column":38},"end":{"line":168,"column":52}},{"start":{"line":168,"column":55},"end":{"line":168,"column":69}}],"line":168},"5":{"loc":{"start":{"line":182,"column":10},"end":{"line":188,"column":18}},"type":"cond-expr","locations":[{"start":{"line":183,"column":14},"end":{"line":187,"column":15}},{"start":{"line":188,"column":14},"end":{"line":188,"column":18}}],"line":182},"6":{"loc":{"start":{"line":186,"column":23},"end":{"line":186,"column":69}},"type":"cond-expr","locations":[{"start":{"line":186,"column":38},"end":{"line":186,"column":52}},{"start":{"line":186,"column":55},"end":{"line":186,"column":69}}],"line":186}},"s":{"0":0,"1":0,"2":0,"3":0,"4":0,"5":0,"6":0,"7":0,"8":0,"9":0,"10":0,"11":0,"12":0,"13":0,"14":0,"15":0,"16":0,"17":0,"18":0,"19":0,"20":0,"21":0,"22":0,"23":0,"24":0,"25":0,"26":0,"27":0,"28":0,"29":0,"30":0,"31":0,"32":0,"33":0,"34":0,"35":0,"36":0,"37":0,"38":0,"39":0,"40":0,"41":0,"42":0,"43":0,"44":0,"45":0,"46":0,"47":0,"48":0,"49":0,"50":0,"51":0,"52":0,"53":0,"54":0,"55":0},"f":{"0":0,"1":0,"2":0,"3":0,"4":0,"5":0,"6":0,"7":0,"8":0,"9":0,"10":0,"11":0,"12":0,"13":0,"14":0,"15":0,"16":0,"17":0,"18":0,"19":0,"20":0,"21":0,"22":0,"23":0,"24":0},"b":{"0":[0,0],"1":[0,0],"2":[0,0],"3":[0,0],"4":[0,0],"5":[0,0],"6":[0,0]}}
,"/home/ubuntu/FomioMobile/shared/useThemedStyles.ts": {"path":"/home/ubuntu/FomioMobile/shared/useThemedStyles.ts","statementMap":{"0":{"start":{"line":9,"column":31},"end":{"line":24,"column":1}},"1":{"start":{"line":10,"column":21},"end":{"line":10,"column":31}},"2":{"start":{"line":12,"column":17},"end":{"line":12,"column":64}},"3":{"start":{"line":12,"column":31},"end":{"line":12,"column":53}},"4":{"start":{"line":13,"column":23},"end":{"line":13,"column":74}},"5":{"start":{"line":13,"column":37},"end":{"line":13,"column":63}},"6":{"start":{"line":15,"column":2},"end":{"line":23,"column":4}},"7":{"start":{"line":30,"column":34},"end":{"line":112,"column":1}},"8":{"start":{"line":31,"column":73},"end":{"line":31,"column":90}},"9":{"start":{"line":33,"column":2},"end":{"line":111,"column":4}}},"fnMap":{"0":{"name":"(anonymous_0)","decl":{"start":{"line":9,"column":31},"end":{"line":9,"column":32}},"loc":{"start":{"line":9,"column":37},"end":{"line":24,"column":1}},"line":9},"1":{"name":"(anonymous_1)","decl":{"start":{"line":12,"column":25},"end":{"line":12,"column":26}},"loc":{"start":{"line":12,"column":31},"end":{"line":12,"column":53}},"line":12},"2":{"name":"(anonymous_2)","decl":{"start":{"line":13,"column":31},"end":{"line":13,"column":32}},"loc":{"start":{"line":13,"column":37},"end":{"line":13,"column":63}},"line":13},"3":{"name":"(anonymous_3)","decl":{"start":{"line":30,"column":34},"end":{"line":30,"column":35}},"loc":{"start":{"line":30,"column":40},"end":{"line":112,"column":1}},"line":30}},"branchMap":{},"s":{"0":0,"1":0,"2":0,"3":0,"4":0,"5":0,"6":0,"7":0,"8":0,"9":0},"f":{"0":0,"1":0,"2":0,"3":0},"b":{}}
}
