{"/Users/somacodes/Desktop/FomioMobile/app/+html.tsx": {"path":"/Users/somacodes/Desktop/FomioMobile/app/+html.tsx","statementMap":{"0":{"start":{"line":8,"column":2},"end":{"line":30,"column":4}},"1":{"start":{"line":33,"column":29},"end":{"line":41,"column":2}}},"fnMap":{"0":{"name":"Root","decl":{"start":{"line":7,"column":24},"end":{"line":7,"column":28}},"loc":{"start":{"line":7,"column":74},"end":{"line":31,"column":1}},"line":7}},"branchMap":{},"s":{"0":0,"1":0},"f":{"0":0},"b":{}}
,"/Users/somacodes/Desktop/FomioMobile/app/+not-found.tsx": {"path":"/Users/somacodes/Desktop/FomioMobile/app/+not-found.tsx","statementMap":{"0":{"start":{"line":7,"column":2},"end":{"line":18,"column":4}},"1":{"start":{"line":21,"column":15},"end":{"line":40,"column":2}}},"fnMap":{"0":{"name":"NotFoundScreen","decl":{"start":{"line":6,"column":24},"end":{"line":6,"column":38}},"loc":{"start":{"line":6,"column":41},"end":{"line":19,"column":1}},"line":6}},"branchMap":{},"s":{"0":0,"1":0},"f":{"0":0},"b":{}}
,"/Users/somacodes/Desktop/FomioMobile/app/_layout.tsx": {"path":"/Users/somacodes/Desktop/FomioMobile/app/_layout.tsx","statementMap":{"0":{"start":{"line":28,"column":0},"end":{"line":28,"column":36}},"1":{"start":{"line":31,"column":26},"end":{"line":34,"column":4}},"2":{"start":{"line":37,"column":2},"end":{"line":39,"column":14}},"3":{"start":{"line":38,"column":4},"end":{"line":38,"column":27}},"4":{"start":{"line":38,"column":15},"end":{"line":38,"column":27}},"5":{"start":{"line":41,"column":2},"end":{"line":45,"column":15}},"6":{"start":{"line":42,"column":4},"end":{"line":44,"column":5}},"7":{"start":{"line":43,"column":6},"end":{"line":43,"column":31}},"8":{"start":{"line":47,"column":2},"end":{"line":49,"column":3}},"9":{"start":{"line":48,"column":4},"end":{"line":48,"column":16}},"10":{"start":{"line":51,"column":2},"end":{"line":59,"column":4}},"11":{"start":{"line":63,"column":22},"end":{"line":63,"column":38}},"12":{"start":{"line":65,"column":2},"end":{"line":88,"column":4}}},"fnMap":{"0":{"name":"RootLayout","decl":{"start":{"line":30,"column":24},"end":{"line":30,"column":34}},"loc":{"start":{"line":30,"column":57},"end":{"line":60,"column":1}},"line":30},"1":{"name":"(anonymous_1)","decl":{"start":{"line":37,"column":12},"end":{"line":37,"column":13}},"loc":{"start":{"line":37,"column":18},"end":{"line":39,"column":3}},"line":37},"2":{"name":"(anonymous_2)","decl":{"start":{"line":41,"column":12},"end":{"line":41,"column":13}},"loc":{"start":{"line":41,"column":18},"end":{"line":45,"column":3}},"line":41},"3":{"name":"RootLayoutNav","decl":{"start":{"line":62,"column":9},"end":{"line":62,"column":22}},"loc":{"start":{"line":62,"column":38},"end":{"line":89,"column":1}},"line":62}},"branchMap":{"0":{"loc":{"start":{"line":38,"column":4},"end":{"line":38,"column":27}},"type":"if","locations":[{"start":{"line":38,"column":4},"end":{"line":38,"column":27}},{"start":{},"end":{}}],"line":38},"1":{"loc":{"start":{"line":42,"column":4},"end":{"line":44,"column":5}},"type":"if","locations":[{"start":{"line":42,"column":4},"end":{"line":44,"column":5}},{"start":{},"end":{}}],"line":42},"2":{"loc":{"start":{"line":47,"column":2},"end":{"line":49,"column":3}},"type":"if","locations":[{"start":{"line":47,"column":2},"end":{"line":49,"column":3}},{"start":{},"end":{}}],"line":47},"3":{"loc":{"start":{"line":69,"column":17},"end":{"line":69,"column":66}},"type":"cond-expr","locations":[{"start":{"line":69,"column":42},"end":{"line":69,"column":51}},{"start":{"line":69,"column":54},"end":{"line":69,"column":66}}],"line":69}},"s":{"0":0,"1":0,"2":0,"3":0,"4":0,"5":0,"6":0,"7":0,"8":0,"9":0,"10":0,"11":0,"12":0},"f":{"0":0,"1":0,"2":0,"3":0},"b":{"0":[0,0],"1":[0,0],"2":[0,0],"3":[0,0]}}
,"/Users/somacodes/Desktop/FomioMobile/app/index.tsx": {"path":"/Users/somacodes/Desktop/FomioMobile/app/index.tsx","statementMap":{"0":{"start":{"line":16,"column":21},"end":{"line":16,"column":31}},"1":{"start":{"line":18,"column":17},"end":{"line":25,"column":3}},"2":{"start":{"line":27,"column":27},"end":{"line":29,"column":3}},"3":{"start":{"line":28,"column":4},"end":{"line":28,"column":38}},"4":{"start":{"line":31,"column":23},"end":{"line":33,"column":3}},"5":{"start":{"line":32,"column":4},"end":{"line":32,"column":34}},"6":{"start":{"line":35,"column":24},"end":{"line":37,"column":3}},"7":{"start":{"line":36,"column":4},"end":{"line":36,"column":27}},"8":{"start":{"line":39,"column":2},"end":{"line":119,"column":4}},"9":{"start":{"line":122,"column":15},"end":{"line":202,"column":2}}},"fnMap":{"0":{"name":"WelcomeScreen","decl":{"start":{"line":15,"column":24},"end":{"line":15,"column":37}},"loc":{"start":{"line":15,"column":75},"end":{"line":120,"column":1}},"line":15},"1":{"name":"(anonymous_1)","decl":{"start":{"line":27,"column":27},"end":{"line":27,"column":28}},"loc":{"start":{"line":27,"column":39},"end":{"line":29,"column":3}},"line":27},"2":{"name":"(anonymous_2)","decl":{"start":{"line":31,"column":23},"end":{"line":31,"column":24}},"loc":{"start":{"line":31,"column":35},"end":{"line":33,"column":3}},"line":31},"3":{"name":"(anonymous_3)","decl":{"start":{"line":35,"column":24},"end":{"line":35,"column":25}},"loc":{"start":{"line":35,"column":36},"end":{"line":37,"column":3}},"line":35}},"branchMap":{"0":{"loc":{"start":{"line":19,"column":16},"end":{"line":19,"column":46}},"type":"cond-expr","locations":[{"start":{"line":19,"column":25},"end":{"line":19,"column":34}},{"start":{"line":19,"column":37},"end":{"line":19,"column":46}}],"line":19},"1":{"loc":{"start":{"line":20,"column":13},"end":{"line":20,"column":43}},"type":"cond-expr","locations":[{"start":{"line":20,"column":22},"end":{"line":20,"column":31}},{"start":{"line":20,"column":34},"end":{"line":20,"column":43}}],"line":20},"2":{"loc":{"start":{"line":21,"column":10},"end":{"line":21,"column":40}},"type":"cond-expr","locations":[{"start":{"line":21,"column":19},"end":{"line":21,"column":28}},{"start":{"line":21,"column":31},"end":{"line":21,"column":40}}],"line":21},"3":{"loc":{"start":{"line":22,"column":15},"end":{"line":22,"column":45}},"type":"cond-expr","locations":[{"start":{"line":22,"column":24},"end":{"line":22,"column":33}},{"start":{"line":22,"column":36},"end":{"line":22,"column":45}}],"line":22},"4":{"loc":{"start":{"line":23,"column":16},"end":{"line":23,"column":46}},"type":"cond-expr","locations":[{"start":{"line":23,"column":25},"end":{"line":23,"column":34}},{"start":{"line":23,"column":37},"end":{"line":23,"column":46}}],"line":23},"5":{"loc":{"start":{"line":24,"column":12},"end":{"line":24,"column":42}},"type":"cond-expr","locations":[{"start":{"line":24,"column":21},"end":{"line":24,"column":30}},{"start":{"line":24,"column":33},"end":{"line":24,"column":42}}],"line":24}},"s":{"0":0,"1":0,"2":0,"3":0,"4":0,"5":0,"6":0,"7":0,"8":0,"9":0},"f":{"0":0,"1":0,"2":0,"3":0},"b":{"0":[0,0],"1":[0,0],"2":[0,0],"3":[0,0],"4":[0,0],"5":[0,0]}}
,"/Users/somacodes/Desktop/FomioMobile/app/(auth)/_layout.tsx": {"path":"/Users/somacodes/Desktop/FomioMobile/app/(auth)/_layout.tsx","statementMap":{"0":{"start":{"line":6,"column":2},"end":{"line":14,"column":4}}},"fnMap":{"0":{"name":"AuthLayout","decl":{"start":{"line":5,"column":24},"end":{"line":5,"column":34}},"loc":{"start":{"line":5,"column":50},"end":{"line":15,"column":1}},"line":5}},"branchMap":{},"s":{"0":0},"f":{"0":0},"b":{}}
,"/Users/somacodes/Desktop/FomioMobile/app/(auth)/onboarding.tsx": {"path":"/Users/somacodes/Desktop/FomioMobile/app/(auth)/onboarding.tsx","statementMap":{"0":{"start":{"line":13,"column":18},"end":{"line":13,"column":42}},"1":{"start":{"line":15,"column":24},"end":{"line":34,"column":1}},"2":{"start":{"line":37,"column":40},"end":{"line":37,"column":51}},"3":{"start":{"line":38,"column":21},"end":{"line":38,"column":31}},"4":{"start":{"line":39,"column":17},"end":{"line":47,"column":3}},"5":{"start":{"line":49,"column":21},"end":{"line":55,"column":3}},"6":{"start":{"line":50,"column":4},"end":{"line":54,"column":5}},"7":{"start":{"line":51,"column":6},"end":{"line":51,"column":38}},"8":{"start":{"line":53,"column":6},"end":{"line":53,"column":32}},"9":{"start":{"line":57,"column":21},"end":{"line":59,"column":3}},"10":{"start":{"line":58,"column":4},"end":{"line":58,"column":30}},"11":{"start":{"line":61,"column":2},"end":{"line":132,"column":4}},"12":{"start":{"line":94,"column":12},"end":{"line":103,"column":14}},"13":{"start":{"line":135,"column":15},"end":{"line":200,"column":2}}},"fnMap":{"0":{"name":"OnboardingScreen","decl":{"start":{"line":36,"column":24},"end":{"line":36,"column":40}},"loc":{"start":{"line":36,"column":43},"end":{"line":133,"column":1}},"line":36},"1":{"name":"(anonymous_1)","decl":{"start":{"line":49,"column":21},"end":{"line":49,"column":22}},"loc":{"start":{"line":49,"column":33},"end":{"line":55,"column":3}},"line":49},"2":{"name":"(anonymous_2)","decl":{"start":{"line":57,"column":21},"end":{"line":57,"column":22}},"loc":{"start":{"line":57,"column":33},"end":{"line":59,"column":3}},"line":57},"3":{"name":"(anonymous_3)","decl":{"start":{"line":93,"column":31},"end":{"line":93,"column":32}},"loc":{"start":{"line":94,"column":12},"end":{"line":103,"column":14}},"line":94}},"branchMap":{"0":{"loc":{"start":{"line":40,"column":16},"end":{"line":40,"column":43}},"type":"cond-expr","locations":[{"start":{"line":40,"column":25},"end":{"line":40,"column":34}},{"start":{"line":40,"column":37},"end":{"line":40,"column":43}}],"line":40},"1":{"loc":{"start":{"line":41,"column":13},"end":{"line":41,"column":43}},"type":"cond-expr","locations":[{"start":{"line":41,"column":22},"end":{"line":41,"column":31}},{"start":{"line":41,"column":34},"end":{"line":41,"column":43}}],"line":41},"2":{"loc":{"start":{"line":42,"column":10},"end":{"line":42,"column":40}},"type":"cond-expr","locations":[{"start":{"line":42,"column":19},"end":{"line":42,"column":28}},{"start":{"line":42,"column":31},"end":{"line":42,"column":40}}],"line":42},"3":{"loc":{"start":{"line":43,"column":15},"end":{"line":43,"column":45}},"type":"cond-expr","locations":[{"start":{"line":43,"column":24},"end":{"line":43,"column":33}},{"start":{"line":43,"column":36},"end":{"line":43,"column":45}}],"line":43},"4":{"loc":{"start":{"line":44,"column":15},"end":{"line":44,"column":45}},"type":"cond-expr","locations":[{"start":{"line":44,"column":24},"end":{"line":44,"column":33}},{"start":{"line":44,"column":36},"end":{"line":44,"column":45}}],"line":44},"5":{"loc":{"start":{"line":45,"column":21},"end":{"line":45,"column":51}},"type":"cond-expr","locations":[{"start":{"line":45,"column":30},"end":{"line":45,"column":39}},{"start":{"line":45,"column":42},"end":{"line":45,"column":51}}],"line":45},"6":{"loc":{"start":{"line":46,"column":16},"end":{"line":46,"column":40}},"type":"cond-expr","locations":[{"start":{"line":46,"column":25},"end":{"line":46,"column":31}},{"start":{"line":46,"column":34},"end":{"line":46,"column":40}}],"line":46},"7":{"loc":{"start":{"line":50,"column":4},"end":{"line":54,"column":5}},"type":"if","locations":[{"start":{"line":50,"column":4},"end":{"line":54,"column":5}},{"start":{"line":52,"column":11},"end":{"line":54,"column":5}}],"line":50},"8":{"loc":{"start":{"line":99,"column":16},"end":{"line":101,"column":17}},"type":"binary-expr","locations":[{"start":{"line":99,"column":16},"end":{"line":99,"column":37}},{"start":{"line":99,"column":41},"end":{"line":101,"column":17}}],"line":99},"9":{"loc":{"start":{"line":115,"column":12},"end":{"line":115,"column":79}},"type":"cond-expr","locations":[{"start":{"line":115,"column":57},"end":{"line":115,"column":70}},{"start":{"line":115,"column":73},"end":{"line":115,"column":79}}],"line":115},"10":{"loc":{"start":{"line":118,"column":12},"end":{"line":120,"column":44}},"type":"cond-expr","locations":[{"start":{"line":119,"column":16},"end":{"line":119,"column":53}},{"start":{"line":120,"column":16},"end":{"line":120,"column":44}}],"line":118},"11":{"loc":{"start":{"line":125,"column":13},"end":{"line":127,"column":22}},"type":"cond-expr","locations":[{"start":{"line":126,"column":16},"end":{"line":126,"column":29}},{"start":{"line":127,"column":16},"end":{"line":127,"column":22}}],"line":125}},"s":{"0":0,"1":0,"2":0,"3":0,"4":0,"5":0,"6":0,"7":0,"8":0,"9":0,"10":0,"11":0,"12":0,"13":0},"f":{"0":0,"1":0,"2":0,"3":0},"b":{"0":[0,0],"1":[0,0],"2":[0,0],"3":[0,0],"4":[0,0],"5":[0,0],"6":[0,0],"7":[0,0],"8":[0,0],"9":[0,0],"10":[0,0],"11":[0,0]}}
,"/Users/somacodes/Desktop/FomioMobile/app/(auth)/signin.tsx": {"path":"/Users/somacodes/Desktop/FomioMobile/app/(auth)/signin.tsx","statementMap":{"0":{"start":{"line":24,"column":31},"end":{"line":24,"column":41}},"1":{"start":{"line":25,"column":32},"end":{"line":25,"column":48}},"2":{"start":{"line":26,"column":36},"end":{"line":26,"column":51}},"3":{"start":{"line":28,"column":17},"end":{"line":60,"column":3}},"4":{"start":{"line":62,"column":23},"end":{"line":98,"column":3}},"5":{"start":{"line":63,"column":4},"end":{"line":63,"column":26}},"6":{"start":{"line":63,"column":19},"end":{"line":63,"column":26}},"7":{"start":{"line":65,"column":4},"end":{"line":97,"column":5}},"8":{"start":{"line":66,"column":6},"end":{"line":66,"column":25}},"9":{"start":{"line":70,"column":26},"end":{"line":74,"column":7}},"10":{"start":{"line":76,"column":6},"end":{"line":76,"column":43}},"11":{"start":{"line":77,"column":6},"end":{"line":77,"column":32}},"12":{"start":{"line":79,"column":6},"end":{"line":79,"column":46}},"13":{"start":{"line":80,"column":6},"end":{"line":80,"column":26}},"14":{"start":{"line":83,"column":25},"end":{"line":83,"column":63}},"15":{"start":{"line":85,"column":6},"end":{"line":94,"column":7}},"16":{"start":{"line":86,"column":8},"end":{"line":87,"column":69}},"17":{"start":{"line":88,"column":13},"end":{"line":94,"column":7}},"18":{"start":{"line":89,"column":8},"end":{"line":89,"column":66}},"19":{"start":{"line":90,"column":13},"end":{"line":94,"column":7}},"20":{"start":{"line":91,"column":8},"end":{"line":91,"column":63}},"21":{"start":{"line":92,"column":13},"end":{"line":94,"column":7}},"22":{"start":{"line":93,"column":8},"end":{"line":93,"column":37}},"23":{"start":{"line":96,"column":6},"end":{"line":96,"column":67}},"24":{"start":{"line":100,"column":23},"end":{"line":102,"column":3}},"25":{"start":{"line":101,"column":4},"end":{"line":101,"column":34}},"26":{"start":{"line":104,"column":21},"end":{"line":106,"column":3}},"27":{"start":{"line":105,"column":4},"end":{"line":105,"column":18}},"28":{"start":{"line":108,"column":2},"end":{"line":218,"column":4}},"29":{"start":{"line":221,"column":15},"end":{"line":346,"column":2}}},"fnMap":{"0":{"name":"SignInScreen","decl":{"start":{"line":23,"column":24},"end":{"line":23,"column":36}},"loc":{"start":{"line":23,"column":39},"end":{"line":219,"column":1}},"line":23},"1":{"name":"(anonymous_1)","decl":{"start":{"line":62,"column":23},"end":{"line":62,"column":24}},"loc":{"start":{"line":62,"column":35},"end":{"line":98,"column":3}},"line":62},"2":{"name":"(anonymous_2)","decl":{"start":{"line":100,"column":23},"end":{"line":100,"column":24}},"loc":{"start":{"line":100,"column":29},"end":{"line":102,"column":3}},"line":100},"3":{"name":"(anonymous_3)","decl":{"start":{"line":104,"column":21},"end":{"line":104,"column":22}},"loc":{"start":{"line":104,"column":27},"end":{"line":106,"column":3}},"line":104}},"branchMap":{"0":{"loc":{"start":{"line":29,"column":16},"end":{"line":33,"column":33}},"type":"cond-expr","locations":[{"start":{"line":30,"column":8},"end":{"line":30,"column":17}},{"start":{"line":31,"column":8},"end":{"line":33,"column":33}}],"line":29},"1":{"loc":{"start":{"line":31,"column":8},"end":{"line":33,"column":33}},"type":"cond-expr","locations":[{"start":{"line":32,"column":10},"end":{"line":32,"column":32}},{"start":{"line":33,"column":10},"end":{"line":33,"column":33}}],"line":31},"2":{"loc":{"start":{"line":34,"column":16},"end":{"line":38,"column":33}},"type":"cond-expr","locations":[{"start":{"line":35,"column":8},"end":{"line":35,"column":17}},{"start":{"line":36,"column":8},"end":{"line":38,"column":33}}],"line":34},"3":{"loc":{"start":{"line":36,"column":8},"end":{"line":38,"column":33}},"type":"cond-expr","locations":[{"start":{"line":37,"column":10},"end":{"line":37,"column":32}},{"start":{"line":38,"column":10},"end":{"line":38,"column":33}}],"line":36},"4":{"loc":{"start":{"line":39,"column":10},"end":{"line":39,"column":78}},"type":"cond-expr","locations":[{"start":{"line":39,"column":21},"end":{"line":39,"column":30}},{"start":{"line":39,"column":33},"end":{"line":39,"column":78}}],"line":39},"5":{"loc":{"start":{"line":39,"column":33},"end":{"line":39,"column":78}},"type":"cond-expr","locations":[{"start":{"line":39,"column":42},"end":{"line":39,"column":58}},{"start":{"line":39,"column":61},"end":{"line":39,"column":78}}],"line":39},"6":{"loc":{"start":{"line":40,"column":21},"end":{"line":44,"column":38}},"type":"cond-expr","locations":[{"start":{"line":41,"column":8},"end":{"line":41,"column":17}},{"start":{"line":42,"column":8},"end":{"line":44,"column":38}}],"line":40},"7":{"loc":{"start":{"line":42,"column":8},"end":{"line":44,"column":38}},"type":"cond-expr","locations":[{"start":{"line":43,"column":10},"end":{"line":43,"column":37}},{"start":{"line":44,"column":10},"end":{"line":44,"column":38}}],"line":42},"8":{"loc":{"start":{"line":45,"column":12},"end":{"line":49,"column":29}},"type":"cond-expr","locations":[{"start":{"line":46,"column":8},"end":{"line":46,"column":17}},{"start":{"line":47,"column":8},"end":{"line":49,"column":29}}],"line":45},"9":{"loc":{"start":{"line":47,"column":8},"end":{"line":49,"column":29}},"type":"cond-expr","locations":[{"start":{"line":48,"column":10},"end":{"line":48,"column":28}},{"start":{"line":49,"column":10},"end":{"line":49,"column":29}}],"line":47},"10":{"loc":{"start":{"line":50,"column":13},"end":{"line":54,"column":29}},"type":"cond-expr","locations":[{"start":{"line":51,"column":8},"end":{"line":51,"column":17}},{"start":{"line":52,"column":8},"end":{"line":54,"column":29}}],"line":50},"11":{"loc":{"start":{"line":52,"column":8},"end":{"line":54,"column":29}},"type":"cond-expr","locations":[{"start":{"line":53,"column":10},"end":{"line":53,"column":28}},{"start":{"line":54,"column":10},"end":{"line":54,"column":29}}],"line":52},"12":{"loc":{"start":{"line":55,"column":13},"end":{"line":59,"column":28}},"type":"cond-expr","locations":[{"start":{"line":56,"column":8},"end":{"line":56,"column":17}},{"start":{"line":57,"column":8},"end":{"line":59,"column":28}}],"line":55},"13":{"loc":{"start":{"line":57,"column":8},"end":{"line":59,"column":28}},"type":"cond-expr","locations":[{"start":{"line":58,"column":10},"end":{"line":58,"column":27}},{"start":{"line":59,"column":10},"end":{"line":59,"column":28}}],"line":57},"14":{"loc":{"start":{"line":63,"column":4},"end":{"line":63,"column":26}},"type":"if","locations":[{"start":{"line":63,"column":4},"end":{"line":63,"column":26}},{"start":{},"end":{}}],"line":63},"15":{"loc":{"start":{"line":85,"column":6},"end":{"line":94,"column":7}},"type":"if","locations":[{"start":{"line":85,"column":6},"end":{"line":94,"column":7}},{"start":{"line":88,"column":13},"end":{"line":94,"column":7}}],"line":85},"16":{"loc":{"start":{"line":88,"column":13},"end":{"line":94,"column":7}},"type":"if","locations":[{"start":{"line":88,"column":13},"end":{"line":94,"column":7}},{"start":{"line":90,"column":13},"end":{"line":94,"column":7}}],"line":88},"17":{"loc":{"start":{"line":90,"column":13},"end":{"line":94,"column":7}},"type":"if","locations":[{"start":{"line":90,"column":13},"end":{"line":94,"column":7}},{"start":{"line":92,"column":13},"end":{"line":94,"column":7}}],"line":90},"18":{"loc":{"start":{"line":92,"column":13},"end":{"line":94,"column":7}},"type":"if","locations":[{"start":{"line":92,"column":13},"end":{"line":94,"column":7}},{"start":{},"end":{}}],"line":92},"19":{"loc":{"start":{"line":163,"column":14},"end":{"line":163,"column":48}},"type":"binary-expr","locations":[{"start":{"line":163,"column":14},"end":{"line":163,"column":23}},{"start":{"line":163,"column":27},"end":{"line":163,"column":48}}],"line":163},"20":{"loc":{"start":{"line":167,"column":13},"end":{"line":178,"column":13}},"type":"cond-expr","locations":[{"start":{"line":168,"column":14},"end":{"line":168,"column":64}},{"start":{"line":170,"column":14},"end":{"line":177,"column":21}}],"line":167}},"s":{"0":0,"1":0,"2":0,"3":0,"4":0,"5":0,"6":0,"7":0,"8":0,"9":0,"10":0,"11":0,"12":0,"13":0,"14":0,"15":0,"16":0,"17":0,"18":0,"19":0,"20":0,"21":0,"22":0,"23":0,"24":0,"25":0,"26":0,"27":0,"28":0,"29":0},"f":{"0":0,"1":0,"2":0,"3":0},"b":{"0":[0,0],"1":[0,0],"2":[0,0],"3":[0,0],"4":[0,0],"5":[0,0],"6":[0,0],"7":[0,0],"8":[0,0],"9":[0,0],"10":[0,0],"11":[0,0],"12":[0,0],"13":[0,0],"14":[0,0],"15":[0,0],"16":[0,0],"17":[0,0],"18":[0,0],"19":[0,0],"20":[0,0]}}
,"/Users/somacodes/Desktop/FomioMobile/app/(auth)/signup.tsx": {"path":"/Users/somacodes/Desktop/FomioMobile/app/(auth)/signup.tsx","statementMap":{"0":{"start":{"line":33,"column":31},"end":{"line":33,"column":41}},"1":{"start":{"line":34,"column":25},"end":{"line":34,"column":37}},"2":{"start":{"line":35,"column":20},"end":{"line":35,"column":44}},"3":{"start":{"line":38,"column":19},"end":{"line":38,"column":56}},"4":{"start":{"line":39,"column":20},"end":{"line":39,"column":58}},"5":{"start":{"line":40,"column":20},"end":{"line":40,"column":60}},"6":{"start":{"line":43,"column":17},"end":{"line":86,"column":3}},"7":{"start":{"line":89,"column":2},"end":{"line":108,"column":9}},"8":{"start":{"line":90,"column":4},"end":{"line":107,"column":15}},"9":{"start":{"line":110,"column":23},"end":{"line":120,"column":3}},"10":{"start":{"line":111,"column":4},"end":{"line":119,"column":5}},"11":{"start":{"line":112,"column":6},"end":{"line":112,"column":25}},"12":{"start":{"line":113,"column":6},"end":{"line":113,"column":32}},"13":{"start":{"line":115,"column":6},"end":{"line":115,"column":46}},"14":{"start":{"line":116,"column":6},"end":{"line":118,"column":9}},"15":{"start":{"line":122,"column":23},"end":{"line":124,"column":3}},"16":{"start":{"line":123,"column":4},"end":{"line":123,"column":34}},"17":{"start":{"line":126,"column":21},"end":{"line":128,"column":3}},"18":{"start":{"line":127,"column":4},"end":{"line":127,"column":18}},"19":{"start":{"line":130,"column":2},"end":{"line":369,"column":4}},"20":{"start":{"line":372,"column":15},"end":{"line":539,"column":2}}},"fnMap":{"0":{"name":"SignUpScreen","decl":{"start":{"line":32,"column":24},"end":{"line":32,"column":36}},"loc":{"start":{"line":32,"column":39},"end":{"line":370,"column":1}},"line":32},"1":{"name":"(anonymous_1)","decl":{"start":{"line":89,"column":12},"end":{"line":89,"column":13}},"loc":{"start":{"line":89,"column":18},"end":{"line":108,"column":3}},"line":89},"2":{"name":"(anonymous_2)","decl":{"start":{"line":110,"column":23},"end":{"line":110,"column":24}},"loc":{"start":{"line":110,"column":35},"end":{"line":120,"column":3}},"line":110},"3":{"name":"(anonymous_3)","decl":{"start":{"line":122,"column":23},"end":{"line":122,"column":24}},"loc":{"start":{"line":122,"column":29},"end":{"line":124,"column":3}},"line":122},"4":{"name":"(anonymous_4)","decl":{"start":{"line":126,"column":21},"end":{"line":126,"column":22}},"loc":{"start":{"line":126,"column":27},"end":{"line":128,"column":3}},"line":126}},"branchMap":{"0":{"loc":{"start":{"line":44,"column":16},"end":{"line":48,"column":33}},"type":"cond-expr","locations":[{"start":{"line":45,"column":8},"end":{"line":45,"column":17}},{"start":{"line":46,"column":8},"end":{"line":48,"column":33}}],"line":44},"1":{"loc":{"start":{"line":46,"column":8},"end":{"line":48,"column":33}},"type":"cond-expr","locations":[{"start":{"line":47,"column":10},"end":{"line":47,"column":32}},{"start":{"line":48,"column":10},"end":{"line":48,"column":33}}],"line":46},"2":{"loc":{"start":{"line":49,"column":16},"end":{"line":53,"column":33}},"type":"cond-expr","locations":[{"start":{"line":50,"column":8},"end":{"line":50,"column":17}},{"start":{"line":51,"column":8},"end":{"line":53,"column":33}}],"line":49},"3":{"loc":{"start":{"line":51,"column":8},"end":{"line":53,"column":33}},"type":"cond-expr","locations":[{"start":{"line":52,"column":10},"end":{"line":52,"column":32}},{"start":{"line":53,"column":10},"end":{"line":53,"column":33}}],"line":51},"4":{"loc":{"start":{"line":54,"column":10},"end":{"line":54,"column":78}},"type":"cond-expr","locations":[{"start":{"line":54,"column":21},"end":{"line":54,"column":30}},{"start":{"line":54,"column":33},"end":{"line":54,"column":78}}],"line":54},"5":{"loc":{"start":{"line":54,"column":33},"end":{"line":54,"column":78}},"type":"cond-expr","locations":[{"start":{"line":54,"column":42},"end":{"line":54,"column":58}},{"start":{"line":54,"column":61},"end":{"line":54,"column":78}}],"line":54},"6":{"loc":{"start":{"line":55,"column":15},"end":{"line":59,"column":32}},"type":"cond-expr","locations":[{"start":{"line":56,"column":8},"end":{"line":56,"column":17}},{"start":{"line":57,"column":8},"end":{"line":59,"column":32}}],"line":55},"7":{"loc":{"start":{"line":57,"column":8},"end":{"line":59,"column":32}},"type":"cond-expr","locations":[{"start":{"line":58,"column":10},"end":{"line":58,"column":31}},{"start":{"line":59,"column":10},"end":{"line":59,"column":32}}],"line":57},"8":{"loc":{"start":{"line":60,"column":21},"end":{"line":64,"column":38}},"type":"cond-expr","locations":[{"start":{"line":61,"column":8},"end":{"line":61,"column":17}},{"start":{"line":62,"column":8},"end":{"line":64,"column":38}}],"line":60},"9":{"loc":{"start":{"line":62,"column":8},"end":{"line":64,"column":38}},"type":"cond-expr","locations":[{"start":{"line":63,"column":10},"end":{"line":63,"column":37}},{"start":{"line":64,"column":10},"end":{"line":64,"column":38}}],"line":62},"10":{"loc":{"start":{"line":65,"column":12},"end":{"line":69,"column":29}},"type":"cond-expr","locations":[{"start":{"line":66,"column":8},"end":{"line":66,"column":17}},{"start":{"line":67,"column":8},"end":{"line":69,"column":29}}],"line":65},"11":{"loc":{"start":{"line":67,"column":8},"end":{"line":69,"column":29}},"type":"cond-expr","locations":[{"start":{"line":68,"column":10},"end":{"line":68,"column":28}},{"start":{"line":69,"column":10},"end":{"line":69,"column":29}}],"line":67},"12":{"loc":{"start":{"line":70,"column":13},"end":{"line":74,"column":29}},"type":"cond-expr","locations":[{"start":{"line":71,"column":8},"end":{"line":71,"column":17}},{"start":{"line":72,"column":8},"end":{"line":74,"column":29}}],"line":70},"13":{"loc":{"start":{"line":72,"column":8},"end":{"line":74,"column":29}},"type":"cond-expr","locations":[{"start":{"line":73,"column":10},"end":{"line":73,"column":28}},{"start":{"line":74,"column":10},"end":{"line":74,"column":29}}],"line":72},"14":{"loc":{"start":{"line":75,"column":13},"end":{"line":79,"column":28}},"type":"cond-expr","locations":[{"start":{"line":76,"column":8},"end":{"line":76,"column":17}},{"start":{"line":77,"column":8},"end":{"line":79,"column":28}}],"line":75},"15":{"loc":{"start":{"line":77,"column":8},"end":{"line":79,"column":28}},"type":"cond-expr","locations":[{"start":{"line":78,"column":10},"end":{"line":78,"column":27}},{"start":{"line":79,"column":10},"end":{"line":79,"column":28}}],"line":77},"16":{"loc":{"start":{"line":80,"column":12},"end":{"line":80,"column":65}},"type":"cond-expr","locations":[{"start":{"line":80,"column":23},"end":{"line":80,"column":32}},{"start":{"line":80,"column":35},"end":{"line":80,"column":65}}],"line":80},"17":{"loc":{"start":{"line":80,"column":35},"end":{"line":80,"column":65}},"type":"cond-expr","locations":[{"start":{"line":80,"column":44},"end":{"line":80,"column":53}},{"start":{"line":80,"column":56},"end":{"line":80,"column":65}}],"line":80},"18":{"loc":{"start":{"line":81,"column":14},"end":{"line":85,"column":32}},"type":"cond-expr","locations":[{"start":{"line":82,"column":8},"end":{"line":82,"column":30}},{"start":{"line":83,"column":8},"end":{"line":85,"column":32}}],"line":81},"19":{"loc":{"start":{"line":83,"column":8},"end":{"line":85,"column":32}},"type":"cond-expr","locations":[{"start":{"line":84,"column":10},"end":{"line":84,"column":32}},{"start":{"line":85,"column":10},"end":{"line":85,"column":32}}],"line":83},"20":{"loc":{"start":{"line":140,"column":21},"end":{"line":140,"column":40}},"type":"cond-expr","locations":[{"start":{"line":140,"column":30},"end":{"line":140,"column":33}},{"start":{"line":140,"column":36},"end":{"line":140,"column":40}}],"line":140}},"s":{"0":0,"1":0,"2":0,"3":0,"4":0,"5":0,"6":0,"7":0,"8":0,"9":0,"10":0,"11":0,"12":0,"13":0,"14":0,"15":0,"16":0,"17":0,"18":0,"19":0,"20":0},"f":{"0":0,"1":0,"2":0,"3":0,"4":0},"b":{"0":[0,0],"1":[0,0],"2":[0,0],"3":[0,0],"4":[0,0],"5":[0,0],"6":[0,0],"7":[0,0],"8":[0,0],"9":[0,0],"10":[0,0],"11":[0,0],"12":[0,0],"13":[0,0],"14":[0,0],"15":[0,0],"16":[0,0],"17":[0,0],"18":[0,0],"19":[0,0],"20":[0,0]}}
,"/Users/somacodes/Desktop/FomioMobile/app/(profile)/_layout.tsx": {"path":"/Users/somacodes/Desktop/FomioMobile/app/(profile)/_layout.tsx","statementMap":{"0":{"start":{"line":5,"column":31},"end":{"line":5,"column":41}},"1":{"start":{"line":7,"column":17},"end":{"line":9,"column":3}},"2":{"start":{"line":11,"column":2},"end":{"line":22,"column":4}}},"fnMap":{"0":{"name":"ProfileLayout","decl":{"start":{"line":4,"column":24},"end":{"line":4,"column":37}},"loc":{"start":{"line":4,"column":40},"end":{"line":23,"column":1}},"line":4}},"branchMap":{"0":{"loc":{"start":{"line":8,"column":16},"end":{"line":8,"column":69}},"type":"cond-expr","locations":[{"start":{"line":8,"column":27},"end":{"line":8,"column":36}},{"start":{"line":8,"column":39},"end":{"line":8,"column":69}}],"line":8},"1":{"loc":{"start":{"line":8,"column":39},"end":{"line":8,"column":69}},"type":"cond-expr","locations":[{"start":{"line":8,"column":48},"end":{"line":8,"column":57}},{"start":{"line":8,"column":60},"end":{"line":8,"column":69}}],"line":8}},"s":{"0":0,"1":0,"2":0},"f":{"0":0},"b":{"0":[0,0],"1":[0,0]}}
,"/Users/somacodes/Desktop/FomioMobile/app/(profile)/edit-profile.tsx": {"path":"/Users/somacodes/Desktop/FomioMobile/app/(profile)/edit-profile.tsx","statementMap":{"0":{"start":{"line":8,"column":31},"end":{"line":8,"column":41}},"1":{"start":{"line":10,"column":17},"end":{"line":14,"column":3}},"2":{"start":{"line":16,"column":2},"end":{"line":32,"column":4}},"3":{"start":{"line":35,"column":15},"end":{"line":54,"column":2}}},"fnMap":{"0":{"name":"EditProfileScreen","decl":{"start":{"line":7,"column":24},"end":{"line":7,"column":41}},"loc":{"start":{"line":7,"column":57},"end":{"line":33,"column":1}},"line":7}},"branchMap":{"0":{"loc":{"start":{"line":11,"column":16},"end":{"line":11,"column":69}},"type":"cond-expr","locations":[{"start":{"line":11,"column":27},"end":{"line":11,"column":36}},{"start":{"line":11,"column":39},"end":{"line":11,"column":69}}],"line":11},"1":{"loc":{"start":{"line":11,"column":39},"end":{"line":11,"column":69}},"type":"cond-expr","locations":[{"start":{"line":11,"column":48},"end":{"line":11,"column":57}},{"start":{"line":11,"column":60},"end":{"line":11,"column":69}}],"line":11},"2":{"loc":{"start":{"line":12,"column":10},"end":{"line":12,"column":40}},"type":"cond-expr","locations":[{"start":{"line":12,"column":19},"end":{"line":12,"column":28}},{"start":{"line":12,"column":31},"end":{"line":12,"column":40}}],"line":12},"3":{"loc":{"start":{"line":13,"column":15},"end":{"line":13,"column":45}},"type":"cond-expr","locations":[{"start":{"line":13,"column":24},"end":{"line":13,"column":33}},{"start":{"line":13,"column":36},"end":{"line":13,"column":45}}],"line":13}},"s":{"0":0,"1":0,"2":0,"3":0},"f":{"0":0},"b":{"0":[0,0],"1":[0,0],"2":[0,0],"3":[0,0]}}
,"/Users/somacodes/Desktop/FomioMobile/app/(profile)/index.tsx": {"path":"/Users/somacodes/Desktop/FomioMobile/app/(profile)/index.tsx","statementMap":{"0":{"start":{"line":59,"column":31},"end":{"line":59,"column":41}},"1":{"start":{"line":60,"column":17},"end":{"line":62,"column":3}},"2":{"start":{"line":64,"column":2},"end":{"line":69,"column":4}},"3":{"start":{"line":83,"column":31},"end":{"line":83,"column":41}},"4":{"start":{"line":84,"column":17},"end":{"line":89,"column":3}},"5":{"start":{"line":91,"column":2},"end":{"line":109,"column":4}},"6":{"start":{"line":125,"column":31},"end":{"line":125,"column":41}},"7":{"start":{"line":126,"column":17},"end":{"line":131,"column":3}},"8":{"start":{"line":133,"column":2},"end":{"line":164,"column":4}},"9":{"start":{"line":168,"column":31},"end":{"line":168,"column":41}},"10":{"start":{"line":175,"column":6},"end":{"line":175,"column":24}},"11":{"start":{"line":176,"column":38},"end":{"line":176,"column":53}},"12":{"start":{"line":178,"column":17},"end":{"line":189,"column":3}},"13":{"start":{"line":192,"column":30},"end":{"line":201,"column":3}},"14":{"start":{"line":203,"column":20},"end":{"line":207,"column":3}},"15":{"start":{"line":204,"column":4},"end":{"line":204,"column":24}},"16":{"start":{"line":205,"column":4},"end":{"line":205,"column":20}},"17":{"start":{"line":206,"column":4},"end":{"line":206,"column":25}},"18":{"start":{"line":209,"column":28},"end":{"line":211,"column":3}},"19":{"start":{"line":210,"column":4},"end":{"line":210,"column":50}},"20":{"start":{"line":213,"column":25},"end":{"line":215,"column":3}},"21":{"start":{"line":214,"column":4},"end":{"line":214,"column":46}},"22":{"start":{"line":217,"column":21},"end":{"line":219,"column":3}},"23":{"start":{"line":218,"column":4},"end":{"line":218,"column":18}},"24":{"start":{"line":221,"column":31},"end":{"line":236,"column":3}},"25":{"start":{"line":222,"column":4},"end":{"line":235,"column":5}},"26":{"start":{"line":224,"column":8},"end":{"line":224,"column":26}},"27":{"start":{"line":226,"column":8},"end":{"line":226,"column":28}},"28":{"start":{"line":228,"column":8},"end":{"line":228,"column":30}},"29":{"start":{"line":230,"column":8},"end":{"line":230,"column":24}},"30":{"start":{"line":232,"column":8},"end":{"line":232,"column":23}},"31":{"start":{"line":234,"column":8},"end":{"line":234,"column":25}},"32":{"start":{"line":238,"column":29},"end":{"line":253,"column":3}},"33":{"start":{"line":239,"column":4},"end":{"line":252,"column":5}},"34":{"start":{"line":241,"column":8},"end":{"line":241,"column":32}},"35":{"start":{"line":243,"column":8},"end":{"line":243,"column":30}},"36":{"start":{"line":245,"column":8},"end":{"line":245,"column":30}},"37":{"start":{"line":247,"column":8},"end":{"line":247,"column":30}},"38":{"start":{"line":249,"column":8},"end":{"line":249,"column":28}},"39":{"start":{"line":251,"column":8},"end":{"line":251,"column":32}},"40":{"start":{"line":255,"column":2},"end":{"line":273,"column":3}},"41":{"start":{"line":256,"column":4},"end":{"line":272,"column":6}},"42":{"start":{"line":275,"column":2},"end":{"line":298,"column":3}},"43":{"start":{"line":276,"column":4},"end":{"line":297,"column":6}},"44":{"start":{"line":300,"column":2},"end":{"line":512,"column":4}},"45":{"start":{"line":443,"column":27},"end":{"line":443,"column":71}},"46":{"start":{"line":451,"column":27},"end":{"line":451,"column":63}},"47":{"start":{"line":515,"column":15},"end":{"line":709,"column":2}}},"fnMap":{"0":{"name":"ProfileSection","decl":{"start":{"line":52,"column":9},"end":{"line":52,"column":23}},"loc":{"start":{"line":58,"column":3},"end":{"line":70,"column":1}},"line":58},"1":{"name":"StatCard","decl":{"start":{"line":72,"column":9},"end":{"line":72,"column":17}},"loc":{"start":{"line":82,"column":3},"end":{"line":110,"column":1}},"line":82},"2":{"name":"ActionButton","decl":{"start":{"line":112,"column":9},"end":{"line":112,"column":21}},"loc":{"start":{"line":124,"column":3},"end":{"line":165,"column":1}},"line":124},"3":{"name":"ProfileScreen","decl":{"start":{"line":167,"column":24},"end":{"line":167,"column":37}},"loc":{"start":{"line":167,"column":53},"end":{"line":513,"column":1}},"line":167},"4":{"name":"(anonymous_4)","decl":{"start":{"line":203,"column":20},"end":{"line":203,"column":21}},"loc":{"start":{"line":203,"column":32},"end":{"line":207,"column":3}},"line":203},"5":{"name":"(anonymous_5)","decl":{"start":{"line":209,"column":28},"end":{"line":209,"column":29}},"loc":{"start":{"line":209,"column":34},"end":{"line":211,"column":3}},"line":209},"6":{"name":"(anonymous_6)","decl":{"start":{"line":213,"column":25},"end":{"line":213,"column":26}},"loc":{"start":{"line":213,"column":31},"end":{"line":215,"column":3}},"line":213},"7":{"name":"(anonymous_7)","decl":{"start":{"line":217,"column":21},"end":{"line":217,"column":22}},"loc":{"start":{"line":217,"column":27},"end":{"line":219,"column":3}},"line":217},"8":{"name":"(anonymous_8)","decl":{"start":{"line":221,"column":31},"end":{"line":221,"column":32}},"loc":{"start":{"line":221,"column":50},"end":{"line":236,"column":3}},"line":221},"9":{"name":"(anonymous_9)","decl":{"start":{"line":238,"column":29},"end":{"line":238,"column":30}},"loc":{"start":{"line":238,"column":48},"end":{"line":253,"column":3}},"line":238},"10":{"name":"(anonymous_10)","decl":{"start":{"line":443,"column":21},"end":{"line":443,"column":22}},"loc":{"start":{"line":443,"column":27},"end":{"line":443,"column":71}},"line":443},"11":{"name":"(anonymous_11)","decl":{"start":{"line":451,"column":21},"end":{"line":451,"column":22}},"loc":{"start":{"line":451,"column":27},"end":{"line":451,"column":63}},"line":451}},"branchMap":{"0":{"loc":{"start":{"line":61,"column":10},"end":{"line":61,"column":40}},"type":"cond-expr","locations":[{"start":{"line":61,"column":19},"end":{"line":61,"column":28}},{"start":{"line":61,"column":31},"end":{"line":61,"column":40}}],"line":61},"1":{"loc":{"start":{"line":85,"column":16},"end":{"line":85,"column":69}},"type":"cond-expr","locations":[{"start":{"line":85,"column":27},"end":{"line":85,"column":36}},{"start":{"line":85,"column":39},"end":{"line":85,"column":69}}],"line":85},"2":{"loc":{"start":{"line":85,"column":39},"end":{"line":85,"column":69}},"type":"cond-expr","locations":[{"start":{"line":85,"column":48},"end":{"line":85,"column":57}},{"start":{"line":85,"column":60},"end":{"line":85,"column":69}}],"line":85},"3":{"loc":{"start":{"line":86,"column":10},"end":{"line":86,"column":40}},"type":"cond-expr","locations":[{"start":{"line":86,"column":19},"end":{"line":86,"column":28}},{"start":{"line":86,"column":31},"end":{"line":86,"column":40}}],"line":86},"4":{"loc":{"start":{"line":87,"column":15},"end":{"line":87,"column":45}},"type":"cond-expr","locations":[{"start":{"line":87,"column":24},"end":{"line":87,"column":33}},{"start":{"line":87,"column":36},"end":{"line":87,"column":45}}],"line":87},"5":{"loc":{"start":{"line":88,"column":12},"end":{"line":88,"column":42}},"type":"cond-expr","locations":[{"start":{"line":88,"column":21},"end":{"line":88,"column":30}},{"start":{"line":88,"column":33},"end":{"line":88,"column":42}}],"line":88},"6":{"loc":{"start":{"line":117,"column":2},"end":{"line":117,"column":19}},"type":"default-arg","locations":[{"start":{"line":117,"column":10},"end":{"line":117,"column":19}}],"line":117},"7":{"loc":{"start":{"line":127,"column":16},"end":{"line":127,"column":69}},"type":"cond-expr","locations":[{"start":{"line":127,"column":27},"end":{"line":127,"column":36}},{"start":{"line":127,"column":39},"end":{"line":127,"column":69}}],"line":127},"8":{"loc":{"start":{"line":127,"column":39},"end":{"line":127,"column":69}},"type":"cond-expr","locations":[{"start":{"line":127,"column":48},"end":{"line":127,"column":57}},{"start":{"line":127,"column":60},"end":{"line":127,"column":69}}],"line":127},"9":{"loc":{"start":{"line":128,"column":10},"end":{"line":128,"column":40}},"type":"cond-expr","locations":[{"start":{"line":128,"column":19},"end":{"line":128,"column":28}},{"start":{"line":128,"column":31},"end":{"line":128,"column":40}}],"line":128},"10":{"loc":{"start":{"line":129,"column":15},"end":{"line":129,"column":45}},"type":"cond-expr","locations":[{"start":{"line":129,"column":24},"end":{"line":129,"column":33}},{"start":{"line":129,"column":36},"end":{"line":129,"column":45}}],"line":129},"11":{"loc":{"start":{"line":130,"column":12},"end":{"line":130,"column":42}},"type":"cond-expr","locations":[{"start":{"line":130,"column":21},"end":{"line":130,"column":30}},{"start":{"line":130,"column":33},"end":{"line":130,"column":42}}],"line":130},"12":{"loc":{"start":{"line":155,"column":11},"end":{"line":159,"column":11}},"type":"binary-expr","locations":[{"start":{"line":155,"column":11},"end":{"line":155,"column":19}},{"start":{"line":156,"column":12},"end":{"line":158,"column":19}}],"line":155},"13":{"loc":{"start":{"line":179,"column":16},"end":{"line":179,"column":69}},"type":"cond-expr","locations":[{"start":{"line":179,"column":27},"end":{"line":179,"column":36}},{"start":{"line":179,"column":39},"end":{"line":179,"column":69}}],"line":179},"14":{"loc":{"start":{"line":179,"column":39},"end":{"line":179,"column":69}},"type":"cond-expr","locations":[{"start":{"line":179,"column":48},"end":{"line":179,"column":57}},{"start":{"line":179,"column":60},"end":{"line":179,"column":69}}],"line":179},"15":{"loc":{"start":{"line":180,"column":10},"end":{"line":180,"column":63}},"type":"cond-expr","locations":[{"start":{"line":180,"column":21},"end":{"line":180,"column":30}},{"start":{"line":180,"column":33},"end":{"line":180,"column":63}}],"line":180},"16":{"loc":{"start":{"line":180,"column":33},"end":{"line":180,"column":63}},"type":"cond-expr","locations":[{"start":{"line":180,"column":42},"end":{"line":180,"column":51}},{"start":{"line":180,"column":54},"end":{"line":180,"column":63}}],"line":180},"17":{"loc":{"start":{"line":181,"column":10},"end":{"line":181,"column":40}},"type":"cond-expr","locations":[{"start":{"line":181,"column":19},"end":{"line":181,"column":28}},{"start":{"line":181,"column":31},"end":{"line":181,"column":40}}],"line":181},"18":{"loc":{"start":{"line":182,"column":15},"end":{"line":182,"column":45}},"type":"cond-expr","locations":[{"start":{"line":182,"column":24},"end":{"line":182,"column":33}},{"start":{"line":182,"column":36},"end":{"line":182,"column":45}}],"line":182},"19":{"loc":{"start":{"line":183,"column":12},"end":{"line":183,"column":42}},"type":"cond-expr","locations":[{"start":{"line":183,"column":21},"end":{"line":183,"column":30}},{"start":{"line":183,"column":33},"end":{"line":183,"column":42}}],"line":183},"20":{"loc":{"start":{"line":184,"column":13},"end":{"line":184,"column":43}},"type":"cond-expr","locations":[{"start":{"line":184,"column":22},"end":{"line":184,"column":31}},{"start":{"line":184,"column":34},"end":{"line":184,"column":43}}],"line":184},"21":{"loc":{"start":{"line":185,"column":12},"end":{"line":185,"column":42}},"type":"cond-expr","locations":[{"start":{"line":185,"column":21},"end":{"line":185,"column":30}},{"start":{"line":185,"column":33},"end":{"line":185,"column":42}}],"line":185},"22":{"loc":{"start":{"line":186,"column":13},"end":{"line":186,"column":43}},"type":"cond-expr","locations":[{"start":{"line":186,"column":22},"end":{"line":186,"column":31}},{"start":{"line":186,"column":34},"end":{"line":186,"column":43}}],"line":186},"23":{"loc":{"start":{"line":187,"column":13},"end":{"line":187,"column":43}},"type":"cond-expr","locations":[{"start":{"line":187,"column":22},"end":{"line":187,"column":31}},{"start":{"line":187,"column":34},"end":{"line":187,"column":43}}],"line":187},"24":{"loc":{"start":{"line":188,"column":11},"end":{"line":188,"column":41}},"type":"cond-expr","locations":[{"start":{"line":188,"column":20},"end":{"line":188,"column":29}},{"start":{"line":188,"column":32},"end":{"line":188,"column":41}}],"line":188},"25":{"loc":{"start":{"line":193,"column":11},"end":{"line":193,"column":40}},"type":"binary-expr","locations":[{"start":{"line":193,"column":11},"end":{"line":193,"column":35}},{"start":{"line":193,"column":39},"end":{"line":193,"column":40}}],"line":193},"26":{"loc":{"start":{"line":194,"column":12},"end":{"line":194,"column":42}},"type":"binary-expr","locations":[{"start":{"line":194,"column":12},"end":{"line":194,"column":37}},{"start":{"line":194,"column":41},"end":{"line":194,"column":42}}],"line":194},"27":{"loc":{"start":{"line":195,"column":11},"end":{"line":195,"column":43}},"type":"binary-expr","locations":[{"start":{"line":195,"column":11},"end":{"line":195,"column":38}},{"start":{"line":195,"column":42},"end":{"line":195,"column":43}}],"line":195},"28":{"loc":{"start":{"line":196,"column":15},"end":{"line":196,"column":48}},"type":"binary-expr","locations":[{"start":{"line":196,"column":15},"end":{"line":196,"column":43}},{"start":{"line":196,"column":47},"end":{"line":196,"column":48}}],"line":196},"29":{"loc":{"start":{"line":197,"column":15},"end":{"line":197,"column":48}},"type":"binary-expr","locations":[{"start":{"line":197,"column":15},"end":{"line":197,"column":43}},{"start":{"line":197,"column":47},"end":{"line":197,"column":48}}],"line":197},"30":{"loc":{"start":{"line":198,"column":16},"end":{"line":198,"column":38}},"type":"binary-expr","locations":[{"start":{"line":198,"column":16},"end":{"line":198,"column":33}},{"start":{"line":198,"column":37},"end":{"line":198,"column":38}}],"line":198},"31":{"loc":{"start":{"line":199,"column":12},"end":{"line":199,"column":34}},"type":"binary-expr","locations":[{"start":{"line":199,"column":12},"end":{"line":199,"column":29}},{"start":{"line":199,"column":33},"end":{"line":199,"column":34}}],"line":199},"32":{"loc":{"start":{"line":200,"column":26},"end":{"line":200,"column":46}},"type":"binary-expr","locations":[{"start":{"line":200,"column":26},"end":{"line":200,"column":41}},{"start":{"line":200,"column":45},"end":{"line":200,"column":46}}],"line":200},"33":{"loc":{"start":{"line":222,"column":4},"end":{"line":235,"column":5}},"type":"switch","locations":[{"start":{"line":223,"column":6},"end":{"line":224,"column":26}},{"start":{"line":225,"column":6},"end":{"line":226,"column":28}},{"start":{"line":227,"column":6},"end":{"line":228,"column":30}},{"start":{"line":229,"column":6},"end":{"line":230,"column":24}},{"start":{"line":231,"column":6},"end":{"line":232,"column":23}},{"start":{"line":233,"column":6},"end":{"line":234,"column":25}}],"line":222},"34":{"loc":{"start":{"line":239,"column":4},"end":{"line":252,"column":5}},"type":"switch","locations":[{"start":{"line":240,"column":6},"end":{"line":241,"column":32}},{"start":{"line":242,"column":6},"end":{"line":243,"column":30}},{"start":{"line":244,"column":6},"end":{"line":245,"column":30}},{"start":{"line":246,"column":6},"end":{"line":247,"column":30}},{"start":{"line":248,"column":6},"end":{"line":249,"column":28}},{"start":{"line":250,"column":6},"end":{"line":251,"column":32}}],"line":239},"35":{"loc":{"start":{"line":255,"column":2},"end":{"line":273,"column":3}},"type":"if","locations":[{"start":{"line":255,"column":2},"end":{"line":273,"column":3}},{"start":{},"end":{}}],"line":255},"36":{"loc":{"start":{"line":275,"column":2},"end":{"line":298,"column":3}},"type":"if","locations":[{"start":{"line":275,"column":2},"end":{"line":298,"column":3}},{"start":{},"end":{}}],"line":275},"37":{"loc":{"start":{"line":275,"column":6},"end":{"line":275,"column":20}},"type":"binary-expr","locations":[{"start":{"line":275,"column":6},"end":{"line":275,"column":11}},{"start":{"line":275,"column":15},"end":{"line":275,"column":20}}],"line":275},"38":{"loc":{"start":{"line":288,"column":13},"end":{"line":288,"column":75}},"type":"cond-expr","locations":[{"start":{"line":288,"column":21},"end":{"line":288,"column":45}},{"start":{"line":288,"column":48},"end":{"line":288,"column":75}}],"line":288},"39":{"loc":{"start":{"line":328,"column":19},"end":{"line":330,"column":51}},"type":"cond-expr","locations":[{"start":{"line":329,"column":18},"end":{"line":329,"column":96}},{"start":{"line":330,"column":18},"end":{"line":330,"column":51}}],"line":328},"40":{"loc":{"start":{"line":334,"column":35},"end":{"line":334,"column":61}},"type":"binary-expr","locations":[{"start":{"line":334,"column":35},"end":{"line":334,"column":44}},{"start":{"line":334,"column":48},"end":{"line":334,"column":61}}],"line":334},"41":{"loc":{"start":{"line":339,"column":15},"end":{"line":339,"column":41}},"type":"binary-expr","locations":[{"start":{"line":339,"column":15},"end":{"line":339,"column":24}},{"start":{"line":339,"column":28},"end":{"line":339,"column":41}}],"line":339},"42":{"loc":{"start":{"line":350,"column":19},"end":{"line":352,"column":31}},"type":"cond-expr","locations":[{"start":{"line":351,"column":22},"end":{"line":351,"column":68}},{"start":{"line":352,"column":22},"end":{"line":352,"column":31}}],"line":350},"43":{"loc":{"start":{"line":492,"column":17},"end":{"line":494,"column":29}},"type":"cond-expr","locations":[{"start":{"line":493,"column":20},"end":{"line":493,"column":66}},{"start":{"line":494,"column":20},"end":{"line":494,"column":29}}],"line":492},"44":{"loc":{"start":{"line":503,"column":17},"end":{"line":505,"column":29}},"type":"cond-expr","locations":[{"start":{"line":504,"column":20},"end":{"line":504,"column":68}},{"start":{"line":505,"column":20},"end":{"line":505,"column":29}}],"line":503}},"s":{"0":0,"1":0,"2":0,"3":0,"4":0,"5":0,"6":0,"7":0,"8":0,"9":0,"10":0,"11":0,"12":0,"13":0,"14":0,"15":0,"16":0,"17":0,"18":0,"19":0,"20":0,"21":0,"22":0,"23":0,"24":0,"25":0,"26":0,"27":0,"28":0,"29":0,"30":0,"31":0,"32":0,"33":0,"34":0,"35":0,"36":0,"37":0,"38":0,"39":0,"40":0,"41":0,"42":0,"43":0,"44":0,"45":0,"46":0,"47":0},"f":{"0":0,"1":0,"2":0,"3":0,"4":0,"5":0,"6":0,"7":0,"8":0,"9":0,"10":0,"11":0},"b":{"0":[0,0],"1":[0,0],"2":[0,0],"3":[0,0],"4":[0,0],"5":[0,0],"6":[0],"7":[0,0],"8":[0,0],"9":[0,0],"10":[0,0],"11":[0,0],"12":[0,0],"13":[0,0],"14":[0,0],"15":[0,0],"16":[0,0],"17":[0,0],"18":[0,0],"19":[0,0],"20":[0,0],"21":[0,0],"22":[0,0],"23":[0,0],"24":[0,0],"25":[0,0],"26":[0,0],"27":[0,0],"28":[0,0],"29":[0,0],"30":[0,0],"31":[0,0],"32":[0,0],"33":[0,0,0,0,0,0],"34":[0,0,0,0,0,0],"35":[0,0],"36":[0,0],"37":[0,0],"38":[0,0],"39":[0,0],"40":[0,0],"41":[0,0],"42":[0,0],"43":[0,0],"44":[0,0]}}
,"/Users/somacodes/Desktop/FomioMobile/app/(profile)/settings.tsx": {"path":"/Users/somacodes/Desktop/FomioMobile/app/(profile)/settings.tsx","statementMap":{"0":{"start":{"line":9,"column":31},"end":{"line":9,"column":41}},"1":{"start":{"line":11,"column":17},"end":{"line":15,"column":3}},"2":{"start":{"line":17,"column":2},"end":{"line":20,"column":9}},"3":{"start":{"line":19,"column":4},"end":{"line":19,"column":39}},"4":{"start":{"line":22,"column":2},"end":{"line":40,"column":4}},"5":{"start":{"line":43,"column":15},"end":{"line":62,"column":2}}},"fnMap":{"0":{"name":"ProfileSettingsScreen","decl":{"start":{"line":8,"column":24},"end":{"line":8,"column":45}},"loc":{"start":{"line":8,"column":61},"end":{"line":41,"column":1}},"line":8},"1":{"name":"(anonymous_1)","decl":{"start":{"line":17,"column":12},"end":{"line":17,"column":13}},"loc":{"start":{"line":17,"column":18},"end":{"line":20,"column":3}},"line":17}},"branchMap":{"0":{"loc":{"start":{"line":12,"column":16},"end":{"line":12,"column":69}},"type":"cond-expr","locations":[{"start":{"line":12,"column":27},"end":{"line":12,"column":36}},{"start":{"line":12,"column":39},"end":{"line":12,"column":69}}],"line":12},"1":{"loc":{"start":{"line":12,"column":39},"end":{"line":12,"column":69}},"type":"cond-expr","locations":[{"start":{"line":12,"column":48},"end":{"line":12,"column":57}},{"start":{"line":12,"column":60},"end":{"line":12,"column":69}}],"line":12},"2":{"loc":{"start":{"line":13,"column":10},"end":{"line":13,"column":40}},"type":"cond-expr","locations":[{"start":{"line":13,"column":19},"end":{"line":13,"column":28}},{"start":{"line":13,"column":31},"end":{"line":13,"column":40}}],"line":13},"3":{"loc":{"start":{"line":14,"column":15},"end":{"line":14,"column":45}},"type":"cond-expr","locations":[{"start":{"line":14,"column":24},"end":{"line":14,"column":33}},{"start":{"line":14,"column":36},"end":{"line":14,"column":45}}],"line":14}},"s":{"0":0,"1":0,"2":0,"3":0,"4":0,"5":0},"f":{"0":0,"1":0},"b":{"0":[0,0],"1":[0,0],"2":[0,0],"3":[0,0]}}
,"/Users/somacodes/Desktop/FomioMobile/app/(tabs)/_layout.tsx": {"path":"/Users/somacodes/Desktop/FomioMobile/app/(tabs)/_layout.tsx","statementMap":{"0":{"start":{"line":15,"column":17},"end":{"line":15,"column":36}},"1":{"start":{"line":16,"column":31},"end":{"line":16,"column":41}},"2":{"start":{"line":18,"column":17},"end":{"line":28,"column":3}},"3":{"start":{"line":30,"column":2},"end":{"line":135,"column":4}},"4":{"start":{"line":63,"column":12},"end":{"line":67,"column":14}},"5":{"start":{"line":76,"column":12},"end":{"line":80,"column":14}},"6":{"start":{"line":89,"column":12},"end":{"line":103,"column":19}},"7":{"start":{"line":113,"column":12},"end":{"line":117,"column":14}},"8":{"start":{"line":126,"column":12},"end":{"line":130,"column":14}},"9":{"start":{"line":138,"column":15},"end":{"line":150,"column":2}}},"fnMap":{"0":{"name":"TabLayout","decl":{"start":{"line":14,"column":24},"end":{"line":14,"column":33}},"loc":{"start":{"line":14,"column":49},"end":{"line":136,"column":1}},"line":14},"1":{"name":"(anonymous_1)","decl":{"start":{"line":62,"column":22},"end":{"line":62,"column":23}},"loc":{"start":{"line":63,"column":12},"end":{"line":67,"column":14}},"line":63},"2":{"name":"(anonymous_2)","decl":{"start":{"line":75,"column":22},"end":{"line":75,"column":23}},"loc":{"start":{"line":76,"column":12},"end":{"line":80,"column":14}},"line":76},"3":{"name":"(anonymous_3)","decl":{"start":{"line":88,"column":22},"end":{"line":88,"column":23}},"loc":{"start":{"line":89,"column":12},"end":{"line":103,"column":19}},"line":89},"4":{"name":"(anonymous_4)","decl":{"start":{"line":112,"column":22},"end":{"line":112,"column":23}},"loc":{"start":{"line":113,"column":12},"end":{"line":117,"column":14}},"line":113},"5":{"name":"(anonymous_5)","decl":{"start":{"line":125,"column":22},"end":{"line":125,"column":23}},"loc":{"start":{"line":126,"column":12},"end":{"line":130,"column":14}},"line":126}},"branchMap":{"0":{"loc":{"start":{"line":19,"column":16},"end":{"line":19,"column":69}},"type":"cond-expr","locations":[{"start":{"line":19,"column":27},"end":{"line":19,"column":36}},{"start":{"line":19,"column":39},"end":{"line":19,"column":69}}],"line":19},"1":{"loc":{"start":{"line":19,"column":39},"end":{"line":19,"column":69}},"type":"cond-expr","locations":[{"start":{"line":19,"column":48},"end":{"line":19,"column":57}},{"start":{"line":19,"column":60},"end":{"line":19,"column":69}}],"line":19},"2":{"loc":{"start":{"line":20,"column":12},"end":{"line":20,"column":65}},"type":"cond-expr","locations":[{"start":{"line":20,"column":23},"end":{"line":20,"column":32}},{"start":{"line":20,"column":35},"end":{"line":20,"column":65}}],"line":20},"3":{"loc":{"start":{"line":20,"column":35},"end":{"line":20,"column":65}},"type":"cond-expr","locations":[{"start":{"line":20,"column":44},"end":{"line":20,"column":53}},{"start":{"line":20,"column":56},"end":{"line":20,"column":65}}],"line":20},"4":{"loc":{"start":{"line":21,"column":13},"end":{"line":21,"column":43}},"type":"cond-expr","locations":[{"start":{"line":21,"column":22},"end":{"line":21,"column":31}},{"start":{"line":21,"column":34},"end":{"line":21,"column":43}}],"line":21},"5":{"loc":{"start":{"line":22,"column":21},"end":{"line":22,"column":51}},"type":"cond-expr","locations":[{"start":{"line":22,"column":30},"end":{"line":22,"column":39}},{"start":{"line":22,"column":42},"end":{"line":22,"column":51}}],"line":22},"6":{"loc":{"start":{"line":23,"column":12},"end":{"line":27,"column":35}},"type":"cond-expr","locations":[{"start":{"line":24,"column":8},"end":{"line":24,"column":34}},{"start":{"line":25,"column":8},"end":{"line":27,"column":35}}],"line":23},"7":{"loc":{"start":{"line":25,"column":8},"end":{"line":27,"column":35}},"type":"cond-expr","locations":[{"start":{"line":26,"column":10},"end":{"line":26,"column":36}},{"start":{"line":27,"column":10},"end":{"line":27,"column":35}}],"line":25},"8":{"loc":{"start":{"line":34,"column":33},"end":{"line":34,"column":63}},"type":"cond-expr","locations":[{"start":{"line":34,"column":42},"end":{"line":34,"column":51}},{"start":{"line":34,"column":54},"end":{"line":34,"column":63}}],"line":34},"9":{"loc":{"start":{"line":46,"column":25},"end":{"line":46,"column":59}},"type":"cond-expr","locations":[{"start":{"line":46,"column":36},"end":{"line":46,"column":37}},{"start":{"line":46,"column":40},"end":{"line":46,"column":59}}],"line":46},"10":{"loc":{"start":{"line":46,"column":40},"end":{"line":46,"column":59}},"type":"cond-expr","locations":[{"start":{"line":46,"column":49},"end":{"line":46,"column":52}},{"start":{"line":46,"column":55},"end":{"line":46,"column":59}}],"line":46},"11":{"loc":{"start":{"line":65,"column":20},"end":{"line":65,"column":45}},"type":"cond-expr","locations":[{"start":{"line":65,"column":30},"end":{"line":65,"column":38}},{"start":{"line":65,"column":41},"end":{"line":65,"column":45}}],"line":65},"12":{"loc":{"start":{"line":66,"column":22},"end":{"line":66,"column":50}},"type":"cond-expr","locations":[{"start":{"line":66,"column":32},"end":{"line":66,"column":38}},{"start":{"line":66,"column":41},"end":{"line":66,"column":50}}],"line":66},"13":{"loc":{"start":{"line":78,"column":20},"end":{"line":78,"column":45}},"type":"cond-expr","locations":[{"start":{"line":78,"column":30},"end":{"line":78,"column":38}},{"start":{"line":78,"column":41},"end":{"line":78,"column":45}}],"line":78},"14":{"loc":{"start":{"line":93,"column":35},"end":{"line":95,"column":36}},"type":"cond-expr","locations":[{"start":{"line":94,"column":22},"end":{"line":94,"column":44}},{"start":{"line":95,"column":22},"end":{"line":95,"column":36}}],"line":93},"15":{"loc":{"start":{"line":97,"column":33},"end":{"line":97,"column":52}},"type":"cond-expr","locations":[{"start":{"line":97,"column":43},"end":{"line":97,"column":46}},{"start":{"line":97,"column":49},"end":{"line":97,"column":52}}],"line":97},"16":{"loc":{"start":{"line":98,"column":39},"end":{"line":98,"column":56}},"type":"cond-expr","locations":[{"start":{"line":98,"column":49},"end":{"line":98,"column":52}},{"start":{"line":98,"column":55},"end":{"line":98,"column":56}}],"line":98},"17":{"loc":{"start":{"line":102,"column":42},"end":{"line":102,"column":59}},"type":"cond-expr","locations":[{"start":{"line":102,"column":52},"end":{"line":102,"column":54}},{"start":{"line":102,"column":57},"end":{"line":102,"column":59}}],"line":102},"18":{"loc":{"start":{"line":115,"column":20},"end":{"line":115,"column":45}},"type":"cond-expr","locations":[{"start":{"line":115,"column":30},"end":{"line":115,"column":38}},{"start":{"line":115,"column":41},"end":{"line":115,"column":45}}],"line":115},"19":{"loc":{"start":{"line":128,"column":20},"end":{"line":128,"column":45}},"type":"cond-expr","locations":[{"start":{"line":128,"column":30},"end":{"line":128,"column":38}},{"start":{"line":128,"column":41},"end":{"line":128,"column":45}}],"line":128}},"s":{"0":0,"1":0,"2":0,"3":0,"4":0,"5":0,"6":0,"7":0,"8":0,"9":0},"f":{"0":0,"1":0,"2":0,"3":0,"4":0,"5":0},"b":{"0":[0,0],"1":[0,0],"2":[0,0],"3":[0,0],"4":[0,0],"5":[0,0],"6":[0,0],"7":[0,0],"8":[0,0],"9":[0,0],"10":[0,0],"11":[0,0],"12":[0,0],"13":[0,0],"14":[0,0],"15":[0,0],"16":[0,0],"17":[0,0],"18":[0,0],"19":[0,0]}}
,"/Users/somacodes/Desktop/FomioMobile/app/(tabs)/compose.tsx": {"path":"/Users/somacodes/Desktop/FomioMobile/app/(tabs)/compose.tsx","statementMap":{"0":{"start":{"line":19,"column":17},"end":{"line":19,"column":28}},"1":{"start":{"line":20,"column":31},"end":{"line":20,"column":41}},"2":{"start":{"line":21,"column":28},"end":{"line":21,"column":40}},"3":{"start":{"line":22,"column":26},"end":{"line":22,"column":38}},"4":{"start":{"line":24,"column":18},"end":{"line":27,"column":3}},"5":{"start":{"line":25,"column":10},"end":{"line":25,"column":61}},"6":{"start":{"line":29,"column":41},"end":{"line":29,"column":56}},"7":{"start":{"line":32,"column":21},"end":{"line":34,"column":15}},"8":{"start":{"line":36,"column":20},"end":{"line":38,"column":15}},"9":{"start":{"line":41,"column":4},"end":{"line":41,"column":36}},"10":{"start":{"line":41,"column":29},"end":{"line":41,"column":36}},"11":{"start":{"line":43,"column":4},"end":{"line":62,"column":5}},"12":{"start":{"line":44,"column":6},"end":{"line":47,"column":9}},"13":{"start":{"line":50,"column":6},"end":{"line":50,"column":80}},"14":{"start":{"line":53,"column":6},"end":{"line":53,"column":19}},"15":{"start":{"line":54,"column":6},"end":{"line":54,"column":18}},"16":{"start":{"line":57,"column":6},"end":{"line":57,"column":20}},"17":{"start":{"line":60,"column":6},"end":{"line":60,"column":78}},"18":{"start":{"line":65,"column":17},"end":{"line":72,"column":3}},"19":{"start":{"line":74,"column":2},"end":{"line":158,"column":4}},"20":{"start":{"line":161,"column":15},"end":{"line":215,"column":2}}},"fnMap":{"0":{"name":"CreatePostScreen","decl":{"start":{"line":18,"column":24},"end":{"line":18,"column":40}},"loc":{"start":{"line":18,"column":43},"end":{"line":159,"column":1}},"line":18},"1":{"name":"(anonymous_1)","decl":{"start":{"line":25,"column":4},"end":{"line":25,"column":5}},"loc":{"start":{"line":25,"column":10},"end":{"line":25,"column":61}},"line":25},"2":{"name":"onSubmit","decl":{"start":{"line":40,"column":17},"end":{"line":40,"column":25}},"loc":{"start":{"line":40,"column":28},"end":{"line":63,"column":3}},"line":40}},"branchMap":{"0":{"loc":{"start":{"line":25,"column":10},"end":{"line":25,"column":61}},"type":"binary-expr","locations":[{"start":{"line":25,"column":10},"end":{"line":25,"column":34}},{"start":{"line":25,"column":38},"end":{"line":25,"column":61}}],"line":25},"1":{"loc":{"start":{"line":32,"column":21},"end":{"line":34,"column":15}},"type":"cond-expr","locations":[{"start":{"line":33,"column":6},"end":{"line":33,"column":43}},{"start":{"line":34,"column":6},"end":{"line":34,"column":15}}],"line":32},"2":{"loc":{"start":{"line":32,"column":21},"end":{"line":32,"column":71}},"type":"binary-expr","locations":[{"start":{"line":32,"column":21},"end":{"line":32,"column":44}},{"start":{"line":32,"column":48},"end":{"line":32,"column":71}}],"line":32},"3":{"loc":{"start":{"line":36,"column":20},"end":{"line":38,"column":15}},"type":"cond-expr","locations":[{"start":{"line":37,"column":6},"end":{"line":37,"column":45}},{"start":{"line":38,"column":6},"end":{"line":38,"column":15}}],"line":36},"4":{"loc":{"start":{"line":36,"column":20},"end":{"line":36,"column":68}},"type":"binary-expr","locations":[{"start":{"line":36,"column":20},"end":{"line":36,"column":42}},{"start":{"line":36,"column":46},"end":{"line":36,"column":68}}],"line":36},"5":{"loc":{"start":{"line":41,"column":4},"end":{"line":41,"column":36}},"type":"if","locations":[{"start":{"line":41,"column":4},"end":{"line":41,"column":36}},{"start":{},"end":{}}],"line":41},"6":{"loc":{"start":{"line":41,"column":8},"end":{"line":41,"column":27}},"type":"binary-expr","locations":[{"start":{"line":41,"column":8},"end":{"line":41,"column":16}},{"start":{"line":41,"column":20},"end":{"line":41,"column":27}}],"line":41},"7":{"loc":{"start":{"line":66,"column":16},"end":{"line":66,"column":69}},"type":"cond-expr","locations":[{"start":{"line":66,"column":27},"end":{"line":66,"column":36}},{"start":{"line":66,"column":39},"end":{"line":66,"column":69}}],"line":66},"8":{"loc":{"start":{"line":66,"column":39},"end":{"line":66,"column":69}},"type":"cond-expr","locations":[{"start":{"line":66,"column":48},"end":{"line":66,"column":57}},{"start":{"line":66,"column":60},"end":{"line":66,"column":69}}],"line":66},"9":{"loc":{"start":{"line":67,"column":10},"end":{"line":67,"column":40}},"type":"cond-expr","locations":[{"start":{"line":67,"column":19},"end":{"line":67,"column":28}},{"start":{"line":67,"column":31},"end":{"line":67,"column":40}}],"line":67},"10":{"loc":{"start":{"line":68,"column":15},"end":{"line":68,"column":45}},"type":"cond-expr","locations":[{"start":{"line":68,"column":24},"end":{"line":68,"column":33}},{"start":{"line":68,"column":36},"end":{"line":68,"column":45}}],"line":68},"11":{"loc":{"start":{"line":69,"column":13},"end":{"line":69,"column":43}},"type":"cond-expr","locations":[{"start":{"line":69,"column":22},"end":{"line":69,"column":31}},{"start":{"line":69,"column":34},"end":{"line":69,"column":43}}],"line":69},"12":{"loc":{"start":{"line":70,"column":12},"end":{"line":70,"column":42}},"type":"cond-expr","locations":[{"start":{"line":70,"column":21},"end":{"line":70,"column":30}},{"start":{"line":70,"column":33},"end":{"line":70,"column":42}}],"line":70},"13":{"loc":{"start":{"line":71,"column":21},"end":{"line":71,"column":51}},"type":"cond-expr","locations":[{"start":{"line":71,"column":30},"end":{"line":71,"column":39}},{"start":{"line":71,"column":42},"end":{"line":71,"column":51}}],"line":71},"14":{"loc":{"start":{"line":97,"column":27},"end":{"line":97,"column":65}},"type":"cond-expr","locations":[{"start":{"line":97,"column":40},"end":{"line":97,"column":49}},{"start":{"line":97,"column":52},"end":{"line":97,"column":65}}],"line":97},"15":{"loc":{"start":{"line":119,"column":27},"end":{"line":119,"column":64}},"type":"cond-expr","locations":[{"start":{"line":119,"column":39},"end":{"line":119,"column":48}},{"start":{"line":119,"column":51},"end":{"line":119,"column":64}}],"line":119},"16":{"loc":{"start":{"line":132,"column":13},"end":{"line":134,"column":43}},"type":"cond-expr","locations":[{"start":{"line":133,"column":16},"end":{"line":133,"column":33}},{"start":{"line":134,"column":16},"end":{"line":134,"column":43}}],"line":132},"17":{"loc":{"start":{"line":132,"column":13},"end":{"line":132,"column":64}},"type":"binary-expr","locations":[{"start":{"line":132,"column":13},"end":{"line":132,"column":37}},{"start":{"line":132,"column":41},"end":{"line":132,"column":64}}],"line":132},"18":{"loc":{"start":{"line":139,"column":22},"end":{"line":139,"column":41}},"type":"binary-expr","locations":[{"start":{"line":139,"column":22},"end":{"line":139,"column":30}},{"start":{"line":139,"column":34},"end":{"line":139,"column":41}}],"line":139},"19":{"loc":{"start":{"line":144,"column":18},"end":{"line":144,"column":70}},"type":"cond-expr","locations":[{"start":{"line":144,"column":40},"end":{"line":144,"column":54}},{"start":{"line":144,"column":57},"end":{"line":144,"column":70}}],"line":144},"20":{"loc":{"start":{"line":144,"column":18},"end":{"line":144,"column":37}},"type":"binary-expr","locations":[{"start":{"line":144,"column":18},"end":{"line":144,"column":25}},{"start":{"line":144,"column":29},"end":{"line":144,"column":37}}],"line":144},"21":{"loc":{"start":{"line":145,"column":25},"end":{"line":145,"column":54}},"type":"cond-expr","locations":[{"start":{"line":145,"column":47},"end":{"line":145,"column":48}},{"start":{"line":145,"column":51},"end":{"line":145,"column":54}}],"line":145},"22":{"loc":{"start":{"line":145,"column":25},"end":{"line":145,"column":44}},"type":"binary-expr","locations":[{"start":{"line":145,"column":25},"end":{"line":145,"column":32}},{"start":{"line":145,"column":36},"end":{"line":145,"column":44}}],"line":145},"23":{"loc":{"start":{"line":149,"column":13},"end":{"line":153,"column":13}},"type":"cond-expr","locations":[{"start":{"line":150,"column":14},"end":{"line":150,"column":51}},{"start":{"line":152,"column":14},"end":{"line":152,"column":66}}],"line":149}},"s":{"0":0,"1":0,"2":0,"3":0,"4":0,"5":0,"6":0,"7":0,"8":0,"9":0,"10":0,"11":0,"12":0,"13":0,"14":0,"15":0,"16":0,"17":0,"18":0,"19":0,"20":0},"f":{"0":0,"1":0,"2":0},"b":{"0":[0,0],"1":[0,0],"2":[0,0],"3":[0,0],"4":[0,0],"5":[0,0],"6":[0,0],"7":[0,0],"8":[0,0],"9":[0,0],"10":[0,0],"11":[0,0],"12":[0,0],"13":[0,0],"14":[0,0],"15":[0,0],"16":[0,0],"17":[0,0],"18":[0,0],"19":[0,0],"20":[0,0],"21":[0,0],"22":[0,0],"23":[0,0]}}
,"/Users/somacodes/Desktop/FomioMobile/app/(tabs)/index.tsx": {"path":"/Users/somacodes/Desktop/FomioMobile/app/(tabs)/index.tsx","statementMap":{"0":{"start":{"line":27,"column":2},"end":{"line":27,"column":37}},"1":{"start":{"line":27,"column":19},"end":{"line":27,"column":37}},"2":{"start":{"line":29,"column":14},"end":{"line":29,"column":24}},"3":{"start":{"line":30,"column":15},"end":{"line":30,"column":35}},"4":{"start":{"line":33,"column":2},"end":{"line":33,"column":47}},"5":{"start":{"line":33,"column":29},"end":{"line":33,"column":47}},"6":{"start":{"line":35,"column":24},"end":{"line":35,"column":75}},"7":{"start":{"line":37,"column":2},"end":{"line":54,"column":3}},"8":{"start":{"line":38,"column":4},"end":{"line":38,"column":22}},"9":{"start":{"line":39,"column":9},"end":{"line":54,"column":3}},"10":{"start":{"line":40,"column":20},"end":{"line":40,"column":50}},"11":{"start":{"line":41,"column":4},"end":{"line":41,"column":60}},"12":{"start":{"line":42,"column":9},"end":{"line":54,"column":3}},"13":{"start":{"line":43,"column":18},"end":{"line":43,"column":50}},"14":{"start":{"line":44,"column":4},"end":{"line":44,"column":54}},"15":{"start":{"line":45,"column":9},"end":{"line":54,"column":3}},"16":{"start":{"line":46,"column":17},"end":{"line":46,"column":50}},"17":{"start":{"line":47,"column":4},"end":{"line":47,"column":51}},"18":{"start":{"line":48,"column":9},"end":{"line":54,"column":3}},"19":{"start":{"line":49,"column":19},"end":{"line":49,"column":54}},"20":{"start":{"line":50,"column":4},"end":{"line":50,"column":57}},"21":{"start":{"line":52,"column":18},"end":{"line":52,"column":54}},"22":{"start":{"line":53,"column":4},"end":{"line":53,"column":54}},"23":{"start":{"line":60,"column":31},"end":{"line":60,"column":41}},"24":{"start":{"line":71,"column":6},"end":{"line":71,"column":15}},"25":{"start":{"line":72,"column":35},"end":{"line":72,"column":53}},"26":{"start":{"line":73,"column":30},"end":{"line":73,"column":46}},"27":{"start":{"line":76,"column":28},"end":{"line":76,"column":40}},"28":{"start":{"line":77,"column":28},"end":{"line":77,"column":44}},"29":{"start":{"line":78,"column":24},"end":{"line":78,"column":52}},"30":{"start":{"line":79,"column":22},"end":{"line":79,"column":58}},"31":{"start":{"line":80,"column":21},"end":{"line":80,"column":45}},"32":{"start":{"line":81,"column":36},"end":{"line":81,"column":38}},"33":{"start":{"line":84,"column":18},"end":{"line":84,"column":55}},"34":{"start":{"line":85,"column":26},"end":{"line":85,"column":28}},"35":{"start":{"line":86,"column":48},"end":{"line":86,"column":62}},"36":{"start":{"line":87,"column":26},"end":{"line":87,"column":63}},"37":{"start":{"line":88,"column":29},"end":{"line":88,"column":66}},"38":{"start":{"line":91,"column":2},"end":{"line":101,"column":9}},"39":{"start":{"line":93,"column":4},"end":{"line":100,"column":15}},"40":{"start":{"line":104,"column":22},"end":{"line":104,"column":31}},"41":{"start":{"line":105,"column":2},"end":{"line":109,"column":3}},"42":{"start":{"line":106,"column":4},"end":{"line":108,"column":7}},"43":{"start":{"line":107,"column":6},"end":{"line":107,"column":40}},"44":{"start":{"line":111,"column":17},"end":{"line":117,"column":3}},"45":{"start":{"line":119,"column":21},"end":{"line":121,"column":3}},"46":{"start":{"line":120,"column":4},"end":{"line":120,"column":41}},"47":{"start":{"line":123,"column":24},"end":{"line":125,"column":3}},"48":{"start":{"line":124,"column":4},"end":{"line":124,"column":44}},"49":{"start":{"line":127,"column":25},"end":{"line":129,"column":3}},"50":{"start":{"line":128,"column":4},"end":{"line":128,"column":45}},"51":{"start":{"line":131,"column":22},"end":{"line":133,"column":3}},"52":{"start":{"line":132,"column":4},"end":{"line":132,"column":42}},"53":{"start":{"line":135,"column":21},"end":{"line":137,"column":3}},"54":{"start":{"line":136,"column":4},"end":{"line":136,"column":41}},"55":{"start":{"line":140,"column":22},"end":{"line":140,"column":31}},"56":{"start":{"line":141,"column":23},"end":{"line":211,"column":3}},"57":{"start":{"line":142,"column":27},"end":{"line":142,"column":60}},"58":{"start":{"line":143,"column":28},"end":{"line":143,"column":47}},"59":{"start":{"line":146,"column":4},"end":{"line":207,"column":5}},"60":{"start":{"line":148,"column":6},"end":{"line":165,"column":7}},"61":{"start":{"line":149,"column":8},"end":{"line":149,"column":33}},"62":{"start":{"line":151,"column":8},"end":{"line":164,"column":19}},"63":{"start":{"line":166,"column":11},"end":{"line":207,"column":5}},"64":{"start":{"line":168,"column":6},"end":{"line":186,"column":7}},"65":{"start":{"line":170,"column":8},"end":{"line":185,"column":11}},"66":{"start":{"line":184,"column":10},"end":{"line":184,"column":36}},"67":{"start":{"line":187,"column":11},"end":{"line":207,"column":5}},"68":{"start":{"line":189,"column":6},"end":{"line":206,"column":7}},"69":{"start":{"line":190,"column":8},"end":{"line":190,"column":33}},"70":{"start":{"line":192,"column":8},"end":{"line":205,"column":19}},"71":{"start":{"line":209,"column":4},"end":{"line":209,"column":41}},"72":{"start":{"line":210,"column":4},"end":{"line":210,"column":37}},"73":{"start":{"line":214,"column":2},"end":{"line":228,"column":3}},"74":{"start":{"line":215,"column":4},"end":{"line":227,"column":6}},"75":{"start":{"line":231,"column":2},"end":{"line":252,"column":3}},"76":{"start":{"line":232,"column":4},"end":{"line":251,"column":6}},"77":{"start":{"line":244,"column":43},"end":{"line":244,"column":52}},"78":{"start":{"line":254,"column":26},"end":{"line":257,"column":3}},"79":{"start":{"line":255,"column":4},"end":{"line":255,"column":47}},"80":{"start":{"line":256,"column":4},"end":{"line":256,"column":35}},"81":{"start":{"line":259,"column":27},"end":{"line":261,"column":3}},"82":{"start":{"line":260,"column":4},"end":{"line":260,"column":45}},"83":{"start":{"line":263,"column":28},"end":{"line":267,"column":3}},"84":{"start":{"line":264,"column":4},"end":{"line":264,"column":47}},"85":{"start":{"line":271,"column":2},"end":{"line":541,"column":4}},"86":{"start":{"line":354,"column":33},"end":{"line":354,"column":44}},"87":{"start":{"line":357,"column":30},"end":{"line":357,"column":72}},"88":{"start":{"line":359,"column":16},"end":{"line":359,"column":73}},"89":{"start":{"line":363,"column":16},"end":{"line":363,"column":75}},"90":{"start":{"line":365,"column":14},"end":{"line":432,"column":16}},"91":{"start":{"line":390,"column":20},"end":{"line":392,"column":21}},"92":{"start":{"line":395,"column":20},"end":{"line":397,"column":21}},"93":{"start":{"line":400,"column":20},"end":{"line":402,"column":21}},"94":{"start":{"line":405,"column":20},"end":{"line":407,"column":21}},"95":{"start":{"line":410,"column":20},"end":{"line":412,"column":21}},"96":{"start":{"line":415,"column":20},"end":{"line":417,"column":21}},"97":{"start":{"line":420,"column":20},"end":{"line":422,"column":21}},"98":{"start":{"line":425,"column":20},"end":{"line":429,"column":21}},"99":{"start":{"line":434,"column":36},"end":{"line":434,"column":78}},"100":{"start":{"line":479,"column":12},"end":{"line":479,"column":35}},"101":{"start":{"line":479,"column":23},"end":{"line":479,"column":35}},"102":{"start":{"line":481,"column":27},"end":{"line":481,"column":34}},"103":{"start":{"line":482,"column":30},"end":{"line":482,"column":40}},"104":{"start":{"line":483,"column":35},"end":{"line":483,"column":55}},"105":{"start":{"line":484,"column":30},"end":{"line":484,"column":54}},"106":{"start":{"line":485,"column":31},"end":{"line":485,"column":46}},"107":{"start":{"line":486,"column":34},"end":{"line":486,"column":48}},"108":{"start":{"line":488,"column":12},"end":{"line":512,"column":14}},"109":{"start":{"line":503,"column":31},"end":{"line":503,"column":54}},"110":{"start":{"line":504,"column":30},"end":{"line":504,"column":48}},"111":{"start":{"line":505,"column":33},"end":{"line":505,"column":54}},"112":{"start":{"line":506,"column":34},"end":{"line":506,"column":56}},"113":{"start":{"line":507,"column":31},"end":{"line":507,"column":50}},"114":{"start":{"line":508,"column":30},"end":{"line":508,"column":48}},"115":{"start":{"line":509,"column":36},"end":{"line":509,"column":72}},"116":{"start":{"line":510,"column":37},"end":{"line":510,"column":70}},"117":{"start":{"line":514,"column":34},"end":{"line":514,"column":70}},"118":{"start":{"line":523,"column":12},"end":{"line":525,"column":13}},"119":{"start":{"line":524,"column":14},"end":{"line":524,"column":25}},"120":{"start":{"line":533,"column":43},"end":{"line":537,"column":11}},"121":{"start":{"line":544,"column":15},"end":{"line":631,"column":2}}},"fnMap":{"0":{"name":"formatRelativeTime","decl":{"start":{"line":26,"column":9},"end":{"line":26,"column":27}},"loc":{"start":{"line":26,"column":56},"end":{"line":55,"column":1}},"line":26},"1":{"name":"HomeScreen","decl":{"start":{"line":59,"column":24},"end":{"line":59,"column":34}},"loc":{"start":{"line":59,"column":50},"end":{"line":542,"column":1}},"line":59},"2":{"name":"(anonymous_2)","decl":{"start":{"line":91,"column":18},"end":{"line":91,"column":19}},"loc":{"start":{"line":91,"column":24},"end":{"line":101,"column":3}},"line":91},"3":{"name":"(anonymous_3)","decl":{"start":{"line":106,"column":38},"end":{"line":106,"column":39}},"loc":{"start":{"line":106,"column":52},"end":{"line":108,"column":5}},"line":106},"4":{"name":"(anonymous_4)","decl":{"start":{"line":119,"column":21},"end":{"line":119,"column":22}},"loc":{"start":{"line":119,"column":43},"end":{"line":121,"column":3}},"line":119},"5":{"name":"(anonymous_5)","decl":{"start":{"line":123,"column":24},"end":{"line":123,"column":25}},"loc":{"start":{"line":123,"column":46},"end":{"line":125,"column":3}},"line":123},"6":{"name":"(anonymous_6)","decl":{"start":{"line":127,"column":25},"end":{"line":127,"column":26}},"loc":{"start":{"line":127,"column":47},"end":{"line":129,"column":3}},"line":127},"7":{"name":"(anonymous_7)","decl":{"start":{"line":131,"column":22},"end":{"line":131,"column":23}},"loc":{"start":{"line":131,"column":44},"end":{"line":133,"column":3}},"line":131},"8":{"name":"(anonymous_8)","decl":{"start":{"line":135,"column":21},"end":{"line":135,"column":22}},"loc":{"start":{"line":135,"column":43},"end":{"line":137,"column":3}},"line":135},"9":{"name":"(anonymous_9)","decl":{"start":{"line":141,"column":23},"end":{"line":141,"column":24}},"loc":{"start":{"line":141,"column":75},"end":{"line":211,"column":3}},"line":141},"10":{"name":"(anonymous_10)","decl":{"start":{"line":183,"column":17},"end":{"line":183,"column":18}},"loc":{"start":{"line":183,"column":23},"end":{"line":185,"column":9}},"line":183},"11":{"name":"(anonymous_11)","decl":{"start":{"line":244,"column":37},"end":{"line":244,"column":38}},"loc":{"start":{"line":244,"column":43},"end":{"line":244,"column":52}},"line":244},"12":{"name":"(anonymous_12)","decl":{"start":{"line":254,"column":26},"end":{"line":254,"column":27}},"loc":{"start":{"line":254,"column":52},"end":{"line":257,"column":3}},"line":254},"13":{"name":"(anonymous_13)","decl":{"start":{"line":259,"column":27},"end":{"line":259,"column":28}},"loc":{"start":{"line":259,"column":56},"end":{"line":261,"column":3}},"line":259},"14":{"name":"(anonymous_14)","decl":{"start":{"line":263,"column":28},"end":{"line":263,"column":29}},"loc":{"start":{"line":263,"column":58},"end":{"line":267,"column":3}},"line":263},"15":{"name":"(anonymous_15)","decl":{"start":{"line":350,"column":24},"end":{"line":350,"column":25}},"loc":{"start":{"line":350,"column":38},"end":{"line":433,"column":13}},"line":350},"16":{"name":"(anonymous_16)","decl":{"start":{"line":389,"column":27},"end":{"line":389,"column":28}},"loc":{"start":{"line":390,"column":20},"end":{"line":392,"column":21}},"line":390},"17":{"name":"(anonymous_17)","decl":{"start":{"line":394,"column":26},"end":{"line":394,"column":27}},"loc":{"start"
[...]
}},{"start":{"line":106,"column":60},"end":{"line":106,"column":75}}],"line":106},"13":{"loc":{"start":{"line":115,"column":6},"end":{"line":115,"column":40}},"type":"if","locations":[{"start":{"line":115,"column":6},"end":{"line":115,"column":40}},{"start":{},"end":{}}],"line":115},"14":{"loc":{"start":{"line":126,"column":8},"end":{"line":132,"column":9}},"type":"if","locations":[{"start":{"line":126,"column":8},"end":{"line":132,"column":9}},{"start":{"line":129,"column":15},"end":{"line":132,"column":9}}],"line":126},"15":{"loc":{"start":{"line":126,"column":12},"end":{"line":126,"column":45}},"type":"binary-expr","locations":[{"start":{"line":126,"column":12},"end":{"line":126,"column":28}},{"start":{"line":126,"column":32},"end":{"line":126,"column":45}}],"line":126},"16":{"loc":{"start":{"line":130,"column":19},"end":{"line":130,"column":63}},"type":"binary-expr","locations":[{"start":{"line":130,"column":19},"end":{"line":130,"column":33}},{"start":{"line":130,"column":37},"end":{"line":130,"column":63}}],"line":130},"17":{"loc":{"start":{"line":134,"column":17},"end":{"line":134,"column":69}},"type":"cond-expr","locations":[{"start":{"line":134,"column":40},"end":{"line":134,"column":51}},{"start":{"line":134,"column":54},"end":{"line":134,"column":69}}],"line":134},"18":{"loc":{"start":{"line":146,"column":6},"end":{"line":146,"column":40}},"type":"if","locations":[{"start":{"line":146,"column":6},"end":{"line":146,"column":40}},{"start":{},"end":{}}],"line":146},"19":{"loc":{"start":{"line":157,"column":8},"end":{"line":163,"column":9}},"type":"if","locations":[{"start":{"line":157,"column":8},"end":{"line":163,"column":9}},{"start":{"line":160,"column":15},"end":{"line":163,"column":9}}],"line":157},"20":{"loc":{"start":{"line":157,"column":12},"end":{"line":157,"column":45}},"type":"binary-expr","locations":[{"start":{"line":157,"column":12},"end":{"line":157,"column":28}},{"start":{"line":157,"column":32},"end":{"line":157,"column":45}}],"line":157},"21":{"loc":{"start":{"line":161,"column":27},"end":{"line":161,"column":72}},"type":"binary-expr","locations":[{"start":{"line":161,"column":27},"end":{"line":161,"column":41}},{"start":{"line":161,"column":45},"end":{"line":161,"column":72}}],"line":161},"22":{"loc":{"start":{"line":165,"column":25},"end":{"line":165,"column":77}},"type":"cond-expr","locations":[{"start":{"line":165,"column":48},"end":{"line":165,"column":59}},{"start":{"line":165,"column":62},"end":{"line":165,"column":77}}],"line":165},"23":{"loc":{"start":{"line":177,"column":6},"end":{"line":177,"column":40}},"type":"if","locations":[{"start":{"line":177,"column":6},"end":{"line":177,"column":40}},{"start":{},"end":{}}],"line":177},"24":{"loc":{"start":{"line":189,"column":8},"end":{"line":194,"column":9}},"type":"if","locations":[{"start":{"line":189,"column":8},"end":{"line":194,"column":9}},{"start":{"line":191,"column":15},"end":{"line":194,"column":9}}],"line":189},"25":{"loc":{"start":{"line":192,"column":19},"end":{"line":192,"column":64}},"type":"binary-expr","locations":[{"start":{"line":192,"column":19},"end":{"line":192,"column":33}},{"start":{"line":192,"column":37},"end":{"line":192,"column":64}}],"line":192},"26":{"loc":{"start":{"line":196,"column":17},"end":{"line":196,"column":69}},"type":"cond-expr","locations":[{"start":{"line":196,"column":40},"end":{"line":196,"column":51}},{"start":{"line":196,"column":54},"end":{"line":196,"column":69}}],"line":196},"27":{"loc":{"start":{"line":208,"column":6},"end":{"line":208,"column":40}},"type":"if","locations":[{"start":{"line":208,"column":6},"end":{"line":208,"column":40}},{"start":{},"end":{}}],"line":208},"28":{"loc":{"start":{"line":219,"column":8},"end":{"line":226,"column":9}},"type":"if","locations":[{"start":{"line":219,"column":8},"end":{"line":226,"column":9}},{"start":{"line":223,"column":15},"end":{"line":226,"column":9}}],"line":219},"29":{"loc":{"start":{"line":224,"column":19},"end":{"line":224,"column":61}},"type":"binary-expr","locations":[{"start":{"line":224,"column":19},"end":{"line":224,"column":33}},{"start":{"line":224,"column":37},"end":{"line":224,"column":61}}],"line":224},"30":{"loc":{"start":{"line":228,"column":17},"end":{"line":228,"column":69}},"type":"cond-expr","locations":[{"start":{"line":228,"column":40},"end":{"line":228,"column":51}},{"start":{"line":228,"column":54},"end":{"line":228,"column":69}}],"line":228},"31":{"loc":{"start":{"line":240,"column":6},"end":{"line":240,"column":40}},"type":"if","locations":[{"start":{"line":240,"column":6},"end":{"line":240,"column":40}},{"start":{},"end":{}}],"line":240},"32":{"loc":{"start":{"line":251,"column":8},"end":{"line":258,"column":9}},"type":"if","locations":[{"start":{"line":251,"column":8},"end":{"line":258,"column":9}},{"start":{"line":255,"column":15},"end":{"line":258,"column":9}}],"line":251},"33":{"loc":{"start":{"line":256,"column":19},"end":{"line":256,"column":62}},"type":"binary-expr","locations":[{"start":{"line":256,"column":19},"end":{"line":256,"column":33}},{"start":{"line":256,"column":37},"end":{"line":256,"column":62}}],"line":256},"34":{"loc":{"start":{"line":260,"column":17},"end":{"line":260,"column":69}},"type":"cond-expr","locations":[{"start":{"line":260,"column":40},"end":{"line":260,"column":51}},{"start":{"line":260,"column":54},"end":{"line":260,"column":69}}],"line":260},"35":{"loc":{"start":{"line":271,"column":4},"end":{"line":273,"column":5}},"type":"if","locations":[{"start":{"line":271,"column":4},"end":{"line":273,"column":5}},{"start":{},"end":{}}],"line":271},"36":{"loc":{"start":{"line":278,"column":4},"end":{"line":280,"column":5}},"type":"if","locations":[{"start":{"line":278,"column":4},"end":{"line":280,"column":5}},{"start":{},"end":{}}],"line":278},"37":{"loc":{"start":{"line":278,"column":8},"end":{"line":278,"column":31}},"type":"binary-expr","locations":[{"start":{"line":278,"column":8},"end":{"line":278,"column":12}},{"start":{"line":278,"column":16},"end":{"line":278,"column":31}}],"line":278}},"s":{"0":0,"1":0,"2":0,"3":0,"4":0,"5":0,"6":0,"7":0,"8":0,"9":0,"10":0,"11":0,"12":0,"13":0,"14":0,"15":0,"16":0,"17":0,"18":0,"19":0,"20":0,"21":0,"22":0,"23":0,"24":0,"25":0,"26":0,"27":0,"28":0,"29":0,"30":0,"31":0,"32":0,"33":0,"34":0,"35":0,"36":0,"37":0,"38":0,"39":0,"40":0,"41":0,"42":0,"43":0,"44":0,"45":0,"46":0,"47":0,"48":0,"49":0,"50":0,"51":0,"52":0,"53":0,"54":0,"55":0,"56":0,"57":0,"58":0,"59":0,"60":0,"61":0,"62":0,"63":0,"64":0,"65":0,"66":0,"67":0,"68":0,"69":0,"70":0,"71":0,"72":0,"73":0,"74":0,"75":0,"76":0,"77":0,"78":0,"79":0,"80":0,"81":0,"82":0,"83":0,"84":0,"85":0,"86":0,"87":0,"88":0,"89":0,"90":0,"91":0,"92":0,"93":0,"94":0,"95":0,"96":0,"97":0,"98":0,"99":0,"100":0,"101":0,"102":0,"103":0,"104":0,"105":0,"106":0,"107":0,"108":0,"109":0,"110":0,"111":0,"112":0,"113":0,"114":0,"115":0},"f":{"0":0,"1":0,"2":0,"3":0,"4":0,"5":0,"6":0,"7":0,"8":0,"9":0},"b":{"0":[0,0],"1":[0,0],"2":[0,0],"3":[0,0],"4":[0,0],"5":[0,0],"6":[0,0],"7":[0,0],"8":[0,0],"9":[0,0],"10":[0,0],"11":[0,0],"12":[0,0],"13":[0,0],"14":[0,0],"15":[0,0],"16":[0,0],"17":[0,0],"18":[0,0],"19":[0,0],"20":[0,0],"21":[0,0],"22":[0,0],"23":[0,0],"24":[0,0],"25":[0,0],"26":[0,0],"27":[0,0],"28":[0,0],"29":[0,0],"30":[0,0],"31":[0,0],"32":[0,0],"33":[0,0],"34":[0,0],"35":[0,0],"36":[0,0],"37":[0,0]}}
,"/Users/somacodes/Desktop/FomioMobile/shared/useFeed.ts": {"path":"/Users/somacodes/Desktop/FomioMobile/shared/useFeed.ts","statementMap":{"0":{"start":{"line":14,"column":29},"end":{"line":75,"column":1}},"1":{"start":{"line":78,"column":36},"end":{"line":84,"column":4}},"2":{"start":{"line":86,"column":19},"end":{"line":86,"column":28}},"3":{"start":{"line":88,"column":2},"end":{"line":90,"column":9}},"4":{"start":{"line":89,"column":4},"end":{"line":89,"column":15}},"5":{"start":{"line":92,"column":19},"end":{"line":114,"column":3}},"6":{"start":{"line":93,"column":4},"end":{"line":113,"column":5}},"7":{"start":{"line":94,"column":6},"end":{"line":94,"column":74}},"8":{"start":{"line":94,"column":30},"end":{"line":94,"column":71}},"9":{"start":{"line":98,"column":6},"end":{"line":98,"column":64}},"10":{"start":{"line":98,"column":37},"end":{"line":98,"column":62}},"11":{"start":{"line":100,"column":6},"end":{"line":105,"column":10}},"12":{"start":{"line":100,"column":30},"end":{"line":105,"column":7}},"13":{"start":{"line":107,"column":6},"end":{"line":107,"column":47}},"14":{"start":{"line":108,"column":6},"end":{"line":112,"column":10}},"15":{"start":{"line":108,"column":30},"end":{"line":112,"column":7}},"16":{"start":{"line":116,"column":22},"end":{"line":138,"column":3}},"17":{"start":{"line":117,"column":4},"end":{"line":137,"column":5}},"18":{"start":{"line":118,"column":6},"end":{"line":118,"column":77}},"19":{"start":{"line":118,"column":30},"end":{"line":118,"column":74}},"20":{"start":{"line":122,"column":6},"end":{"line":122,"column":64}},"21":{"start":{"line":122,"column":37},"end":{"line":122,"column":62}},"22":{"start":{"line":124,"column":6},"end":{"line":129,"column":10}},"23":{"start":{"line":124,"column":30},"end":{"line":129,"column":7}},"24":{"start":{"line":131,"column":6},"end":{"line":131,"column":50}},"25":{"start":{"line":132,"column":6},"end":{"line":136,"column":10}},"26":{"start":{"line":132,"column":30},"end":{"line":136,"column":7}},"27":{"start":{"line":140,"column":24},"end":{"line":161,"column":3}},"28":{"start":{"line":141,"column":4},"end":{"line":141,"column":58}},"29":{"start":{"line":141,"column":51},"end":{"line":141,"column":58}},"30":{"start":{"line":143,"column":4},"end":{"line":160,"column":5}},"31":{"start":{"line":144,"column":6},"end":{"line":144,"column":61}},"32":{"start":{"line":144,"column":30},"end":{"line":144,"column":58}},"33":{"start":{"line":148,"column":6},"end":{"line":152,"column":10}},"34":{"start":{"line":148,"column":30},"end":{"line":152,"column":7}},"35":{"start":{"line":154,"column":6},"end":{"line":154,"column":53}},"36":{"start":{"line":155,"column":6},"end":{"line":159,"column":10}},"37":{"start":{"line":155,"column":30},"end":{"line":159,"column":7}},"38":{"start":{"line":163,"column":21},"end":{"line":198,"column":3}},"39":{"start":{"line":164,"column":4},"end":{"line":164,"column":22}},"40":{"start":{"line":164,"column":15},"end":{"line":164,"column":22}},"41":{"start":{"line":166,"column":4},"end":{"line":197,"column":5}},"42":{"start":{"line":167,"column":6},"end":{"line":178,"column":10}},"43":{"start":{"line":167,"column":30},"end":{"line":178,"column":7}},"44":{"start":{"line":170,"column":10},"end":{"line":176,"column":18}},"45":{"start":{"line":183,"column":6},"end":{"line":183,"column":49}},"46":{"start":{"line":185,"column":6},"end":{"line":196,"column":10}},"47":{"start":{"line":185,"column":30},"end":{"line":196,"column":7}},"48":{"start":{"line":188,"column":10},"end":{"line":194,"column":18}},"49":{"start":{"line":200,"column":18},"end":{"line":205,"column":3}},"50":{"start":{"line":201,"column":4},"end":{"line":204,"column":8}},"51":{"start":{"line":201,"column":28},"end":{"line":204,"column":5}},"52":{"start":{"line":207,"column":22},"end":{"line":209,"column":3}},"53":{"start":{"line":208,"column":4},"end":{"line":208,"column":62}},"54":{"start":{"line":208,"column":42},"end":{"line":208,"column":60}},"55":{"start":{"line":211,"column":2},"end":{"line":219,"column":4}}},"fnMap":{"0":{"name":"useFeed","decl":{"start":{"line":77,"column":16},"end":{"line":77,"column":23}},"loc":{"start":{"line":77,"column":26},"end":{"line":220,"column":1}},"line":77},"1":{"name":"(anonymous_1)","decl":{"start":{"line":88,"column":12},"end":{"line":88,"column":13}},"loc":{"start":{"line":88,"column":18},"end":{"line":90,"column":3}},"line":88},"2":{"name":"(anonymous_2)","decl":{"start":{"line":92,"column":19},"end":{"line":92,"column":20}},"loc":{"start":{"line":92,"column":31},"end":{"line":114,"column":3}},"line":92},"3":{"name":"(anonymous_3)","decl":{"start":{"line":94,"column":19},"end":{"line":94,"column":20}},"loc":{"start":{"line":94,"column":30},"end":{"line":94,"column":71}},"line":94},"4":{"name":"(anonymous_4)","decl":{"start":{"line":98,"column":24},"end":{"line":98,"column":25}},"loc":{"start":{"line":98,"column":37},"end":{"line":98,"column":62}},"line":98},"5":{"name":"(anonymous_5)","decl":{"start":{"line":100,"column":19},"end":{"line":100,"column":20}},"loc":{"start":{"line":100,"column":30},"end":{"line":105,"column":7}},"line":100},"6":{"name":"(anonymous_6)","decl":{"start":{"line":108,"column":19},"end":{"line":108,"column":20}},"loc":{"start":{"line":108,"column":30},"end":{"line":112,"column":7}},"line":108},"7":{"name":"(anonymous_7)","decl":{"start":{"line":116,"column":22},"end":{"line":116,"column":23}},"loc":{"start":{"line":116,"column":34},"end":{"line":138,"column":3}},"line":116},"8":{"name":"(anonymous_8)","decl":{"start":{"line":118,"column":19},"end":{"line":118,"column":20}},"loc":{"start":{"line":118,"column":30},"end":{"line":118,"column":74}},"line":118},"9":{"name":"(anonymous_9)","decl":{"start":{"line":122,"column":24},"end":{"line":122,"column":25}},"loc":{"start":{"line":122,"column":37},"end":{"line":122,"column":62}},"line":122},"10":{"name":"(anonymous_10)","decl":{"start":{"line":124,"column":19},"end":{"line":124,"column":20}},"loc":{"start":{"line":124,"column":30},"end":{"line":129,"column":7}},"line":124},"11":{"name":"(anonymous_11)","decl":{"start":{"line":132,"column":19},"end":{"line":132,"column":20}},"loc":{"start":{"line":132,"column":30},"end":{"line":136,"column":7}},"line":132},"12":{"name":"(anonymous_12)","decl":{"start":{"line":140,"column":24},"end":{"line":140,"column":25}},"loc":{"start":{"line":140,"column":36},"end":{"line":161,"column":3}},"line":140},"13":{"name":"(anonymous_13)","decl":{"start":{"line":144,"column":19},"end":{"line":144,"column":20}},"loc":{"start":{"line":144,"column":30},"end":{"line":144,"column":58}},"line":144},"14":{"name":"(anonymous_14)","decl":{"start":{"line":148,"column":19},"end":{"line":148,"column":20}},"loc":{"start":{"line":148,"column":30},"end":{"line":152,"column":7}},"line":148},"15":{"name":"(anonymous_15)","decl":{"start":{"line":155,"column":19},"end":{"line":155,"column":20}},"loc":{"start":{"line":155,"column":30},"end":{"line":159,"column":7}},"line":155},"16":{"name":"(anonymous_16)","decl":{"start":{"line":163,"column":21},"end":{"line":163,"column":22}},"loc":{"start":{"line":163,"column":47},"end":{"line":198,"column":3}},"line":163},"17":{"name":"(anonymous_17)","decl":{"start":{"line":167,"column":19},"end":{"line":167,"column":20}},"loc":{"start":{"line":167,"column":30},"end":{"line":178,"column":7}},"line":167},"18":{"name":"(anonymous_18)","decl":{"start":{"line":169,"column":30},"end":{"line":169,"column":31}},"loc":{"start":{"line":170,"column":10},"end":{"line":176,"column":18}},"line":170},"19":{"name":"(anonymous_19)","decl":{"start":{"line":185,"column":19},"end":{"line":185,"column":20}},"loc":{"start":{"line":185,"column":30},"end":{"line":196,"column":7}},"line":185},"20":{"name":"(anonymous_20)","decl":{"start":{"line":187,"column":30},"end":{"line":187,"column":31}},"loc":{"start":{"line":188,"column":10},"end":{"line":194,"column":18}},"line":188},"21":{"name":"(anonymous_21)","decl":{"start":{"line":200,"column":18},"end":{"line":200,"column":19}},"loc":{"start":{"line":200,"column":37},"end":{"line":205,"column":3}},"line":200},"22":{"name":"(anonymous_22)","decl":{"start":{"line":201,"column":17},"end":{"line":201,"column":18}},"loc":{"start":{"line":201,"column":28},"end":{"line":204,"column":5}},"line":201},"23":{"name":"(anonymous_23)","decl":{"start":{"line":207,"column":22},"end":{"line":207,"column":23}},"loc":{"start":{"line":207,"column":60},"end":{"line":209,"column":3}},"line":207},"24":{"name":"(anonymous_24)","decl":{"start":{"line":208,"column":32},"end":{"line":208,"column":33}},"loc":{"start":{"line":208,"column":42},"end":{"line":208,"column":60}},"line":208}},"branchMap":{"0":{"loc":{"start":{"line":141,"column":4},"end":{"line":141,"column":58}},"type":"if","locations":[{"start":{"line":141,"column":4},"end":{"line":141,"column":58}},{"start":{},"end":{}}],"line":141},"1":{"loc":{"start":{"line":141,"column":8},"end":{"line":141,"column":49}},"type":"binary-expr","locations":[{"start":{"line":141,"column":8},"end":{"line":141,"column":26}},{"start":{"line":141,"column":30},"end":{"line":141,"column":49}}],"line":141},"2":{"loc":{"start":{"line":164,"column":4},"end":{"line":164,"column":22}},"type":"if","locations":[{"start":{"line":164,"column":4},"end":{"line":164,"column":22}},{"start":{},"end":{}}],"line":164},"3":{"loc":{"start":{"line":170,"column":10},"end":{"line":176,"column":18}},"type":"cond-expr","locations":[{"start":{"line":171,"column":14},"end":{"line":175,"column":15}},{"start":{"line":176,"column":14},"end":{"line":176,"column":18}}],"line":170},"4":{"loc":{"start":{"line":174,"column":23},"end":{"line":174,"column":69}},"type":"cond-expr","locations":[{"start":{"line":174,"column":38},"end":{"line":174,"column":52}},{"start":{"line":174,"column":55},"end":{"line":174,"column":69}}],"line":174},"5":{"loc":{"start":{"line":188,"column":10},"end":{"line":194,"column":18}},"type":"cond-expr","locations":[{"start":{"line":189,"column":14},"end":{"line":193,"column":15}},{"start":{"line":194,"column":14},"end":{"line":194,"column":18}}],"line":188},"6":{"loc":{"start":{"line":192,"column":23},"end":{"line":192,"column":69}},"type":"cond-expr","locations":[{"start":{"line":192,"column":38},"end":{"line":192,"column":52}},{"start":{"line":192,"column":55},"end":{"line":192,"column":69}}],"line":192}},"s":{"0":0,"1":0,"2":0,"3":0,"4":0,"5":0,"6":0,"7":0,"8":0,"9":0,"10":0,"11":0,"12":0,"13":0,"14":0,"15":0,"16":0,"17":0,"18":0,"19":0,"20":0,"21":0,"22":0,"23":0,"24":0,"25":0,"26":0,"27":0,"28":0,"29":0,"30":0,"31":0,"32":0,"33":0,"34":0,"35":0,"36":0,"37":0,"38":0,"39":0,"40":0,"41":0,"42":0,"43":0,"44":0,"45":0,"46":0,"47":0,"48":0,"49":0,"50":0,"51":0,"52":0,"53":0,"54":0,"55":0},"f":{"0":0,"1":0,"2":0,"3":0,"4":0,"5":0,"6":0,"7":0,"8":0,"9":0,"10":0,"11":0,"12":0,"13":0,"14":0,"15":0,"16":0,"17":0,"18":0,"19":0,"20":0,"21":0,"22":0,"23":0,"24":0},"b":{"0":[0,0],"1":[0,0],"2":[0,0],"3":[0,0],"4":[0,0],"5":[0,0],"6":[0,0]}}
,"/Users/somacodes/Desktop/FomioMobile/shared/useThemedStyles.ts": {"path":"/Users/somacodes/Desktop/FomioMobile/shared/useThemedStyles.ts","statementMap":{"0":{"start":{"line":16,"column":31},"end":{"line":31,"column":1}},"1":{"start":{"line":17,"column":21},"end":{"line":17,"column":31}},"2":{"start":{"line":19,"column":17},"end":{"line":19,"column":64}},"3":{"start":{"line":19,"column":31},"end":{"line":19,"column":53}},"4":{"start":{"line":20,"column":23},"end":{"line":20,"column":74}},"5":{"start":{"line":20,"column":37},"end":{"line":20,"column":63}},"6":{"start":{"line":22,"column":2},"end":{"line":30,"column":4}},"7":{"start":{"line":37,"column":34},"end":{"line":120,"column":1}},"8":{"start":{"line":39,"column":4},"end":{"line":39,"column":21}},"9":{"start":{"line":41,"column":2},"end":{"line":119,"column":4}}},"fnMap":{"0":{"name":"(anonymous_0)","decl":{"start":{"line":16,"column":31},"end":{"line":16,"column":32}},"loc":{"start":{"line":16,"column":37},"end":{"line":31,"column":1}},"line":16},"1":{"name":"(anonymous_1)","decl":{"start":{"line":19,"column":25},"end":{"line":19,"column":26}},"loc":{"start":{"line":19,"column":31},"end":{"line":19,"column":53}},"line":19},"2":{"name":"(anonymous_2)","decl":{"start":{"line":20,"column":31},"end":{"line":20,"column":32}},"loc":{"start":{"line":20,"column":37},"end":{"line":20,"column":63}},"line":20},"3":{"name":"(anonymous_3)","decl":{"start":{"line":37,"column":34},"end":{"line":37,"column":35}},"loc":{"start":{"line":37,"column":40},"end":{"line":120,"column":1}},"line":37}},"branchMap":{},"s":{"0":0,"1":0,"2":0,"3":0,"4":0,"5":0,"6":0,"7":0,"8":0,"9":0},"f":{"0":0,"1":0,"2":0,"3":0},"b":{}}
}
