TN:
SF:app/+html.tsx
FN:7,Root
FNF:1
FNH:0
FNDA:0,Root
DA:8,0
DA:33,0
LF:2
LH:0
BRF:0
BRH:0
end_of_record
TN:
SF:app/+not-found.tsx
FN:6,NotFoundScreen
FNF:1
FNH:0
FNDA:0,NotFoundScreen
DA:7,0
DA:21,0
LF:2
LH:0
BRF:0
BRH:0
end_of_record
TN:
SF:app/_layout.tsx
FN:30,RootLayout
FN:37,(anonymous_1)
FN:41,(anonymous_2)
FN:62,RootLayoutNav
FNF:4
FNH:0
FNDA:0,RootLayout
FNDA:0,(anonymous_1)
FNDA:0,(anonymous_2)
FNDA:0,RootLayoutNav
DA:28,0
DA:31,0
DA:37,0
DA:38,0
DA:41,0
DA:42,0
DA:43,0
DA:47,0
DA:48,0
DA:51,0
DA:63,0
DA:65,0
LF:12
LH:0
BRDA:38,0,0,0
BRDA:38,0,1,0
BRDA:42,1,0,0
BRDA:42,1,1,0
BRDA:47,2,0,0
BRDA:47,2,1,0
BRDA:69,3,0,0
BRDA:69,3,1,0
BRF:8
BRH:0
end_of_record
TN:
SF:app/index.tsx
FN:15,WelcomeScreen
FN:27,(anonymous_1)
FN:31,(anonymous_2)
FN:35,(anonymous_3)
FNF:4
FNH:0
FNDA:0,WelcomeScreen
FNDA:0,(anonymous_1)
FNDA:0,(anonymous_2)
FNDA:0,(anonymous_3)
DA:16,0
DA:18,0
DA:27,0
DA:28,0
DA:31,0
DA:32,0
DA:35,0
DA:36,0
DA:39,0
DA:122,0
LF:10
LH:0
BRDA:19,0,0,0
BRDA:19,0,1,0
BRDA:20,1,0,0
BRDA:20,1,1,0
BRDA:21,2,0,0
BRDA:21,2,1,0
BRDA:22,3,0,0
BRDA:22,3,1,0
BRDA:23,4,0,0
BRDA:23,4,1,0
BRDA:24,5,0,0
BRDA:24,5,1,0
BRF:12
BRH:0
end_of_record
TN:
SF:app/(auth)/_layout.tsx
FN:5,AuthLayout
FNF:1
FNH:0
FNDA:0,AuthLayout
DA:6,0
LF:1
LH:0
BRF:0
BRH:0
end_of_record
TN:
SF:app/(auth)/onboarding.tsx
FN:36,OnboardingScreen
FN:49,(anonymous_1)
FN:57,(anonymous_2)
FN:93,(anonymous_3)
FNF:4
FNH:0
FNDA:0,OnboardingScreen
FNDA:0,(anonymous_1)
FNDA:0,(anonymous_2)
FNDA:0,(anonymous_3)
DA:13,0
DA:15,0
DA:37,0
DA:38,0
DA:39,0
DA:49,0
DA:50,0
DA:51,0
DA:53,0
DA:57,0
DA:58,0
DA:61,0
DA:94,0
DA:135,0
LF:14
LH:0
BRDA:40,0,0,0
BRDA:40,0,1,0
BRDA:41,1,0,0
BRDA:41,1,1,0
BRDA:42,2,0,0
BRDA:42,2,1,0
BRDA:43,3,0,0
BRDA:43,3,1,0
BRDA:44,4,0,0
BRDA:44,4,1,0
BRDA:45,5,0,0
BRDA:45,5,1,0
BRDA:46,6,0,0
BRDA:46,6,1,0
BRDA:50,7,0,0
BRDA:50,7,1,0
BRDA:99,8,0,0
BRDA:99,8,1,0
BRDA:115,9,0,0
BRDA:115,9,1,0
BRDA:118,10,0,0
BRDA:118,10,1,0
BRDA:125,11,0,0
BRDA:125,11,1,0
BRF:24
BRH:0
end_of_record
TN:
SF:app/(auth)/signin.tsx
FN:23,SignInScreen
FN:62,(anonymous_1)
FN:100,(anonymous_2)
FN:104,(anonymous_3)
FNF:4
FNH:0
FNDA:0,SignInScreen
FNDA:0,(anonymous_1)
FNDA:0,(anonymous_2)
FNDA:0,(anonymous_3)
DA:24,0
DA:25,0
DA:26,0
DA:28,0
DA:62,0
DA:63,0
DA:65,0
DA:66,0
DA:70,0
DA:76,0
DA:77,0
DA:79,0
DA:80,0
DA:83,0
DA:85,0
DA:86,0
DA:88,0
DA:89,0
DA:90,0
DA:91,0
DA:92,0
DA:93,0
DA:96,0
DA:100,0
DA:101,0
DA:104,0
DA:105,0
DA:108,0
DA:221,0
LF:29
LH:0
BRDA:29,0,0,0
BRDA:29,0,1,0
BRDA:31,1,0,0
BRDA:31,1,1,0
BRDA:34,2,0,0
BRDA:34,2,1,0
BRDA:36,3,0,0
BRDA:36,3,1,0
BRDA:39,4,0,0
BRDA:39,4,1,0
BRDA:39,5,0,0
BRDA:39,5,1,0
BRDA:40,6,0,0
BRDA:40,6,1,0
BRDA:42,7,0,0
BRDA:42,7,1,0
BRDA:45,8,0,0
BRDA:45,8,1,0
BRDA:47,9,0,0
BRDA:47,9,1,0
BRDA:50,10,0,0
BRDA:50,10,1,0
BRDA:52,11,0,0
BRDA:52,11,1,0
BRDA:55,12,0,0
BRDA:55,12,1,0
BRDA:57,13,0,0
BRDA:57,13,1,0
BRDA:63,14,0,0
BRDA:63,14,1,0
BRDA:85,15,0,0
BRDA:85,15,1,0
BRDA:88,16,0,0
BRDA:88,16,1,0
BRDA:90,17,0,0
BRDA:90,17,1,0
BRDA:92,18,0,0
BRDA:92,18,1,0
BRDA:163,19,0,0
BRDA:163,19,1,0
BRDA:167,20,0,0
BRDA:167,20,1,0
BRF:42
BRH:0
end_of_record
TN:
SF:app/(auth)/signup.tsx
FN:32,SignUpScreen
FN:89,(anonymous_1)
FN:110,(anonymous_2)
FN:122,(anonymous_3)
FN:126,(anonymous_4)
FNF:5
FNH:0
FNDA:0,SignUpScreen
FNDA:0,(anonymous_1)
FNDA:0,(anonymous_2)
FNDA:0,(anonymous_3)
FNDA:0,(anonymous_4)
DA:33,0
DA:34,0
DA:35,0
DA:38,0
DA:39,0
DA:40,0
DA:43,0
DA:89,0
DA:90,0
DA:110,0
DA:111,0
DA:112,0
DA:113,0
DA:115,0
DA:116,0
DA:122,0
DA:123,0
DA:126,0
DA:127,0
DA:130,0
DA:372,0
LF:21
LH:0
BRDA:44,0,0,0
BRDA:44,0,1,0
BRDA:46,1,0,0
BRDA:46,1,1,0
BRDA:49,2,0,0
BRDA:49,2,1,0
BRDA:51,3,0,0
BRDA:51,3,1,0
BRDA:54,4,0,0
BRDA:54,4,1,0
BRDA:54,5,0,0
BRDA:54,5,1,0
BRDA:55,6,0,0
BRDA:55,6,1,0
BRDA:57,7,0,0
BRDA:57,7,1,0
BRDA:60,8,0,0
BRDA:60,8,1,0
BRDA:62,9,0,0
BRDA:62,9,1,0
BRDA:65,10,0,0
BRDA:65,10,1,0
BRDA:67,11,0,0
BRDA:67,11,1,0
BRDA:70,12,0,0
BRDA:70,12,1,0
BRDA:72,13,0,0
BRDA:72,13,1,0
BRDA:75,14,0,0
BRDA:75,14,1,0
BRDA:77,15,0,0
BRDA:77,15,1,0
BRDA:80,16,0,0
BRDA:80,16,1,0
BRDA:80,17,0,0
BRDA:80,17,1,0
BRDA:81,18,0,0
BRDA:81,18,1,0
BRDA:83,19,0,0
BRDA:83,19,1,0
BRDA:140,20,0,0
BRDA:140,20,1,0
BRF:42
BRH:0
end_of_record
TN:
SF:app/(profile)/_layout.tsx
FN:4,ProfileLayout
FNF:1
FNH:0
FNDA:0,ProfileLayout
DA:5,0
DA:7,0
DA:11,0
LF:3
LH:0
BRDA:8,0,0,0
BRDA:8,0,1,0
BRDA:8,1,0,0
BRDA:8,1,1,0
BRF:4
BRH:0
end_of_record
TN:
SF:app/(profile)/edit-profile.tsx
FN:7,EditProfileScreen
FNF:1
FNH:0
FNDA:0,EditProfileScreen
DA:8,0
DA:10,0
DA:16,0
DA:35,0
LF:4
LH:0
BRDA:11,0,0,0
BRDA:11,0,1,0
BRDA:11,1,0,0
BRDA:11,1,1,0
BRDA:12,2,0,0
BRDA:12,2,1,0
BRDA:13,3,0,0
BRDA:13,3,1,0
BRF:8
BRH:0
end_of_record
TN:
SF:app/(profile)/index.tsx
FN:52,ProfileSection
FN:72,StatCard
FN:112,ActionButton
FN:167,ProfileScreen
FN:203,(anonymous_4)
FN:209,(anonymous_5)
FN:213,(anonymous_6)
FN:217,(anonymous_7)
FN:221,(anonymous_8)
FN:238,(anonymous_9)
FN:443,(anonymous_10)
FN:451,(anonymous_11)
FNF:12
FNH:0
FNDA:0,ProfileSection
FNDA:0,StatCard
FNDA:0,ActionButton
FNDA:0,ProfileScreen
FNDA:0,(anonymous_4)
FNDA:0,(anonymous_5)
FNDA:0,(anonymous_6)
FNDA:0,(anonymous_7)
FNDA:0,(anonymous_8)
FNDA:0,(anonymous_9)
FNDA:0,(anonymous_10)
FNDA:0,(anonymous_11)
DA:59,0
DA:60,0
DA:64,0
DA:83,0
DA:84,0
DA:91,0
DA:125,0
DA:126,0
DA:133,0
DA:168,0
DA:175,0
DA:176,0
DA:178,0
DA:192,0
DA:203,0
DA:204,0
DA:205,0
DA:206,0
DA:209,0
DA:210,0
DA:213,0
DA:214,0
DA:217,0
DA:218,0
DA:221,0
DA:222,0
DA:224,0
DA:226,0
DA:228,0
DA:230,0
DA:232,0
DA:234,0
DA:238,0
DA:239,0
DA:241,0
DA:243,0
DA:245,0
DA:247,0
DA:249,0
DA:251,0
DA:255,0
DA:256,0
DA:275,0
DA:276,0
DA:300,0
DA:443,0
DA:451,0
DA:515,0
LF:48
LH:0
BRDA:61,0,0,0
BRDA:61,0,1,0
BRDA:85,1,0,0
BRDA:85,1,1,0
BRDA:85,2,0,0
BRDA:85,2,1,0
BRDA:86,3,0,0
BRDA:86,3,1,0
BRDA:87,4,0,0
BRDA:87,4,1,0
BRDA:88,5,0,0
BRDA:88,5,1,0
BRDA:117,6,0,0
BRDA:127,7,0,0
BRDA:127,7,1,0
BRDA:127,8,0,0
BRDA:127,8,1,0
BRDA:128,9,0,0
BRDA:128,9,1,0
BRDA:129,10,0,0
BRDA:129,10,1,0
BRDA:130,11,0,0
BRDA:130,11,1,0
BRDA:155,12,0,0
BRDA:155,12,1,0
BRDA:179,13,0,0
BRDA:179,13,1,0
BRDA:179,14,0,0
BRDA:179,14,1,0
BRDA:180,15,0,0
BRDA:180,15,1,0
BRDA:180,16,0,0
BRDA:180,16,1,0
BRDA:181,17,0,0
BRDA:181,17,1,0
BRDA:182,18,0,0
BRDA:182,18,1,0
BRDA:183,19,0,0
BRDA:183,19,1,0
BRDA:184,20,0,0
BRDA:184,20,1,0
BRDA:185,21,0,0
BRDA:185,21,1,0
BRDA:186,22,0,0
BRDA:186,22,1,0
BRDA:187,23,0,0
BRDA:187,23,1,0
BRDA:188,24,0,0
BRDA:188,24,1,0
BRDA:193,25,0,0
BRDA:193,25,1,0
BRDA:194,26,0,0
BRDA:194,26,1,0
BRDA:195,27,0,0
BRDA:195,27,1,0
BRDA:196,28,0,0
BRDA:196,28,1,0
BRDA:197,29,0,0
BRDA:197,29,1,0
BRDA:198,30,0,0
BRDA:198,30,1,0
BRDA:199,31,0,0
BRDA:199,31,1,0
BRDA:200,32,0,0
BRDA:200,32,1,0
BRDA:222,33,0,0
BRDA:222,33,1,0
BRDA:222,33,2,0
BRDA:222,33,3,0
BRDA:222,33,4,0
BRDA:222,33,5,0
BRDA:239,34,0,0
BRDA:239,34,1,0
BRDA:239,34,2,0
BRDA:239,34,3,0
BRDA:239,34,4,0
BRDA:239,34,5,0
BRDA:255,35,0,0
BRDA:255,35,1,0
BRDA:275,36,0,0
BRDA:275,36,1,0
BRDA:275,37,0,0
BRDA:275,37,1,0
BRDA:288,38,0,0
BRDA:288,38,1,0
BRDA:328,39,0,0
BRDA:328,39,1,0
BRDA:334,40,0,0
BRDA:334,40,1,0
BRDA:339,41,0,0
BRDA:339,41,1,0
BRDA:350,42,0,0
BRDA:350,42,1,0
BRDA:492,43,0,0
BRDA:492,43,1,0
BRDA:503,44,0,0
BRDA:503,44,1,0
BRF:97
BRH:0
end_of_record
TN:
SF:app/(profile)/settings.tsx
FN:8,ProfileSettingsScreen
FN:17,(anonymous_1)
FNF:2
FNH:0
FNDA:0,ProfileSettingsScreen
FNDA:0,(anonymous_1)
DA:9,0
DA:11,0
DA:17,0
DA:19,0
DA:22,0
DA:43,0
LF:6
LH:0
BRDA:12,0,0,0
BRDA:12,0,1,0
BRDA:12,1,0,0
BRDA:12,1,1,0
BRDA:13,2,0,0
BRDA:13,2,1,0
BRDA:14,3,0,0
BRDA:14,3,1,0
BRF:8
BRH:0
end_of_record
TN:
SF:app/(tabs)/_layout.tsx
FN:14,TabLayout
FN:62,(anonymous_1)
FN:75,(anonymous_2)
FN:88,(anonymous_3)
FN:112,(anonymous_4)
FN:125,(anonymous_5)
FNF:6
FNH:0
FNDA:0,TabLayout
FNDA:0,(anonymous_1)
FNDA:0,(anonymous_2)
FNDA:0,(anonymous_3)
FNDA:0,(anonymous_4)
FNDA:0,(anonymous_5)
DA:15,0
DA:16,0
DA:18,0
DA:30,0
DA:63,0
DA:76,0
DA:89,0
DA:113,0
DA:126,0
DA:138,0
LF:10
LH:0
BRDA:19,0,0,0
BRDA:19,0,1,0
BRDA:19,1,0,0
BRDA:19,1,1,0
BRDA:20,2,0,0
BRDA:20,2,1,0
BRDA:20,3,0,0
BRDA:20,3,1,0
BRDA:21,4,0,0
BRDA:21,4,1,0
BRDA:22,5,0,0
BRDA:22,5,1,0
BRDA:23,6,0,0
BRDA:23,6,1,0
BRDA:25,7,0,0
BRDA:25,7,1,0
BRDA:34,8,0,0
BRDA:34,8,1,0
BRDA:46,9,0,0
BRDA:46,9,1,0
BRDA:46,10,0,0
BRDA:46,10,1,0
BRDA:65,11,0,0
BRDA:65,11,1,0
BRDA:66,12,0,0
BRDA:66,12,1,0
BRDA:78,13,0,0
BRDA:78,13,1,0
BRDA:93,14,0,0
BRDA:93,14,1,0
BRDA:97,15,0,0
BRDA:97,15,1,0
BRDA:98,16,0,0
BRDA:98,16,1,0
BRDA:102,17,0,0
BRDA:102,17,1,0
BRDA:115,18,0,0
BRDA:115,18,1,0
BRDA:128,19,0,0
BRDA:128,19,1,0
BRF:40
BRH:0
end_of_record
TN:
SF:app/(tabs)/compose.tsx
FN:18,CreatePostScreen
FN:25,(anonymous_1)
FN:40,onSubmit
FNF:3
FNH:0
FNDA:0,CreatePostScreen
FNDA:0,(anonymous_1)
FNDA:0,onSubmit
DA:19,0
DA:20,0
DA:21,0
DA:22,0
DA:24,0
DA:25,0
DA:29,0
DA:32,0
DA:36,0
DA:41,0
DA:43,0
DA:44,0
DA:50,0
DA:53,0
DA:54,0
DA:57,0
DA:60,0
DA:65,0
DA:74,0
DA:161,0
LF:20
LH:0
BRDA:25,0,0,0
BRDA:25,0,1,0
BRDA:32,1,0,0
BRDA:32,1,1,0
BRDA:32,2,0,0
BRDA:32,2,1,0
BRDA:36,3,0,0
BRDA:36,3,1,0
BRDA:36,4,0,0
BRDA:36,4,1,0
BRDA:41,5,0,0
BRDA:41,5,1,0
BRDA:41,6,0,0
BRDA:41,6,1,0
BRDA:66,7,0,0
BRDA:66,7,1,0
BRDA:66,8,0,0
BRDA:66,8,1,0
BRDA:67,9,0,0
BRDA:67,9,1,0
BRDA:68,10,0,0
BRDA:68,10,1,0
BRDA:69,11,0,0
BRDA:69,11,1,0
BRDA:70,12,0,0
BRDA:70,12,1,0
BRDA:71,13,0,0
BRDA:71,13,1,0
BRDA:97,14,0,0
BRDA:97,14,1,0
BRDA:119,15,0,0
BRDA:119,15,1,0
BRDA:132,16,0,0
BRDA:132,16,1,0
BRDA:132,17,0,0
BRDA:132,17,1,0
BRDA:139,18,0,0
BRDA:139,18,1,0
BRDA:144,19,0,0
BRDA:144,19,1,0
BRDA:144,20,0,0
BRDA:144,20,1,0
BRDA:145,21,0,0
BRDA:145,21,1,0
BRDA:145,22,0,0
BRDA:145,22,1,0
BRDA:149,23,0,0
BRDA:149,23,1,0
BRF:48
BRH:0
end_of_record
TN:
SF:app/(tabs)/index.tsx
FN:26,formatRelativeTime
FN:59,HomeScreen
FN:91,(anonymous_2)
FN:106,(anonymous_3)
FN:119,(anonymous_4)
FN:123,(anonymous_5)
FN:127,(anonymous_6)
FN:131,(anonymous_7)
FN:135,(anonymous_8)
FN:141,(anonymous_9)
FN:183,(anonymous_10)
FN:244,(anonymous_11)
FN:254,(anonymous_12)
FN:259,(anonymous_13)
FN:263,(anonymous_14)
FN:350,(anonymous_15)
FN:389,(anonymous_16)
FN:394,(anonymous_17)
FN:399,(anonymous_18)
FN:404,(anonymous_19)
FN:409,(anonymous_20)
FN:414,(anonymous_21)
FN:419,(anonymous_22)
FN:424,(anonymous_23)
FN:434,(anonymous_24)
FN:478,(anonymous_25)
FN:503,(anonymous_26)
FN:504,(anonymous_27)
FN:505,(anonymous_28)
FN:506,(anonymous_29)
FN:507,(anonymous_30)
FN:508,(anonymous_31)
FN:509,(anonymous_32)
FN:510,(anonymous_33)
FN:514,(anonymous_34)
FN:522,(anonymous_35)
FN:533,(anonymous_36)
FNF:37
FNH:0
FNDA:0,formatRelativeTime
FNDA:0,HomeScreen
FNDA:0,(anonymous_2)
FNDA:0,(anonymous_3)
FNDA:0,(anonymous_4)
FNDA:0,(anonymous_5)
FNDA:0,(anonymous_6)
FNDA:0,(anonymous_7)
FNDA:0,(anonymous_8)
FNDA:0,(anonymous_9)
FNDA:0,(anonymous_10)
FNDA:0,(anonymous_11)
FNDA:0,(anonymous_12)
FNDA:0,(anonymous_13)
FNDA:0,(anonymous_14)
FNDA:0,(anonymous_15)
FNDA:0,(anonymous_16)
FNDA:0,(anonymous_17)
FNDA:0,(anonymous_18)
FNDA:0,(anonymous_19)
FNDA:0,(anonymous_20)
FNDA:0,(anonymous_21)
FNDA:0,(anonymous_22)
FNDA:0,(anonymous_23)
FNDA:0,(anonymous_24)
FNDA:0,(anonymous_25)
FNDA:0,(anonymous_26)
FNDA:0,(anonymous_27)
FNDA:0,(anonymous_28)
FNDA:0,(anonymous_29)
FNDA:0,(anonymous_30)
FNDA:0,(anonymous_31)
FNDA:0,(anonymous_32)
FNDA:0,(anonymous_33)
FNDA:0,(anonymous_34)
FNDA:0,(anonymous_35)
FNDA:0,(anonymous_36)
DA:27,0
DA:29,0
DA:30,0
DA:33,0
DA:35,0
DA:37,0
DA:38,0
DA:39,0
DA:40,0
DA:41,0
DA:42,0
DA:43,0
DA:44,0
DA:45,0
DA:46,0
DA:47,0
DA:48,0
DA:49,0
DA:50,0
DA:52,0
DA:53,0
DA:60,0
DA:71,0
DA:72,0
DA:73,0
DA:76,0
DA:77,0
DA:78,0
DA:79,0
DA:80,0
DA:81,0
DA:84,0
DA:85,0
DA:86,0
DA:87,0
DA:88,0
DA:91,0
DA:93,0
DA:104,0
DA:105,0
DA:106,0
DA:107,0
DA:111,0
DA:119,0
DA:120,0
DA:123,0
DA:124,0
DA:127,0
DA:128,0
DA:131,0
DA:132,0
DA:135,0
DA:136,0
DA:140,0
DA:141,0
DA:142,0
DA:143,0
DA:146,0
DA:148,0
DA:149,0
DA:151,0
DA:166,0
DA:168,0
DA:170,0
DA:184,0
DA:187,0
DA:189,0
DA:190,0
DA:192,0
DA:209,0
DA:210,0
DA:214,0
DA:215,0
DA:231,0
DA:232,0
DA:244,0
DA:254,0
DA:255,0
DA:256,0
DA:259,0
DA:260,0
DA:263,0
DA:264,0
DA:271,0
DA:354,0
DA:357,0
DA:359,0
DA:363,0
DA:365,0
DA:390,0
DA:395,0
DA:400,0
DA:405,0
DA:410,0
DA:415,0
DA:420,0
DA:425,0
DA:434,0
DA:479,0
DA:481,0
DA:482,0
DA:483,0
DA:484,0
DA:485,0
DA:486,0
DA:488,0
DA:503,0
DA:504,0
DA:505,0
DA:506,0
DA:507,0
DA:508,0
DA:509,0
DA:510,0
DA:514,0
DA:523,0
DA:524,0
DA:533,0
DA:544,0
LF:119
LH:0
BRDA:27,0,0,0
BRDA:27,0,1,0
BRDA:33,1,0,0
BRDA:33,1,1,0
BRDA:37,2,0,0
BRDA:37,2,1,0
BRDA:39,3,0,0
BRDA:39,3,1,0
BRDA:41,4,0,0
BRDA:41,4,1,0
BRDA:42,5,0,0
BRDA:42,5,1,0
BRDA:44,6,0,0
BRDA:44,6,1,0
BRDA:45,7,0,0
BRDA:45,7,1,0
BRDA:47,8,0,0
BRDA:47,8,1,0
BRDA:48,9,0,0
BRDA:48,9,1,0
BRDA:50,10,0,0
BRDA:50,10,1,0
BRDA:53,11,0,0
BRDA:53,11,1,0
BRDA:78,12,0,0
BRDA:78,12,1,0
BRDA:79,13,0,0
BRDA:79,13,1,0
BRDA:105,14,0,0
BRDA:105,14,1,0
BRDA:112,15,0,0
BRDA:112,15,1,0
BRDA:112,16,0,0
BRDA:112,16,1,0
BRDA:113,17,0,0
BRDA:113,17,1,0
BRDA:114,18,0,0
BRDA:114,18,1,0
BRDA:115,19,0,0
BRDA:115,19,1,0
BRDA:116,20,0,0
BRDA:116,20,1,0
BRDA:146,21,0,0
BRDA:146,21,1,0
BRDA:148,22,0,0
BRDA:148,22,1,0
BRDA:166,23,0,0
BRDA:166,23,1,0
BRDA:166,24,0,0
BRDA:166,24,1,0
BRDA:168,25,0,0
BRDA:168,25,1,0
BRDA:187,26,0,0
BRDA:187,26,1,0
BRDA:189,27,0,0
BRDA:189,27,1,0
BRDA:214,28,0,0
BRDA:214,28,1,0
BRDA:231,29,0,0
BRDA:231,29,1,0
BRDA:278,30,0,0
BRDA:278,30,1,0
BRDA:309,31,0,0
BRDA:309,31,1,0
BRDA:320,32,0,0
BRDA:320,32,1,0
BRDA:320,33,0,0
BRDA:320,33,1,0
BRDA:342,34,0,0
BRDA:342,34,1,0
BRDA:344,35,0,0
BRDA:344,35,1,0
BRDA:349,36,0,0
BRDA:349,36,1,0
BRDA:357,37,0,0
BRDA:357,37,1,0
BRDA:363,38,0,0
BRDA:363,38,1,0
BRDA:367,39,0,0
BRDA:367,39,1,0
BRDA:367,39,2,0
BRDA:371,40,0,0
BRDA:371,40,1,0
BRDA:371,41,0,0
BRDA:371,41,1,0
BRDA:375,42,0,0
BRDA:375,42,1,0
BRDA:375,42,2,0
BRDA:378,43,0,0
BRDA:378,43,1,0
BRDA:385,44,0,0
BRDA:385,44,1,0
BRDA:391,45,0,0
BRDA:391,45,1,0
BRDA:391,45,2,0
BRDA:396,46,0,0
BRDA:396,46,1,0
BRDA:396,46,2,0
BRDA:401,47,0,0
BRDA:401,47,1,0
BRDA:401,47,2,0
BRDA:406,48,0,0
BRDA:406,48,1,0
BRDA:406,48,2,0
BRDA:411,49,0,0
BRDA:411,49,1,0
BRDA:411,49,2,0
BRDA:416,50,0,0
BRDA:416,50,1,0
BRDA:416,50,2,0
BRDA:421,51,0,0
BRDA:421,51,1,0
BRDA:421,52,0,0
BRDA:421,52,1,0
BRDA:426,53,0,0
BRDA:426,53,1,0
BRDA:426,53,2,0
BRDA:434,54,0,0
BRDA:434,54,1,0
BRDA:434,54,2,0
BRDA:439,55,0,0
BRDA:439,55,1,0
BRDA:462,56,0,0
BRDA:462,56,1,0
BRDA:477,57,0,0
BRDA:477,57,1,0
BRDA:479,58,0,0
BRDA:479,58,1,0
BRDA:484,59,0,0
BRDA:484,59,1,0
BRDA:492,60,0,0
BRDA:492,60,1,0
BRDA:501,61,0,0
BRDA:501,61,1,0
BRDA:502,62,0,0
BRDA:502,62,1,0
BRDA:514,63,0,0
BRDA:514,63,1,0
BRDA:523,64,0,0
BRDA:523,64,1,0
BRDA:523,65,0,0
BRDA:523,65,1,0
BRF:142
BRH:0
end_of_record
TN:
SF:app/(tabs)/notifications.tsx
FN:60,getNotificationType
FN:81,formatNotification
FN:136,formatTimestamp
FN:156,NotificationItem
FN:180,(anonymous_4)
FN:201,(anonymous_5)
FN:308,NotificationSection
FN:328,NotificationsScreen
FN:355,(anonymous_8)
FN:361,(anonymous_9)
FN:373,(anonymous_10)
FN:378,(anonymous_11)
FN:387,(anonymous_12)
FN:396,(anonymous_13)
FN:401,(anonymous_14)
FN:409,(anonymous_15)
FN:418,(anonymous_16)
FN:427,(anonymous_17)
FN:433,(anonymous_18)
FN:447,(anonymous_19)
FN:474,(anonymous_20)
FN:568,(anonymous_21)
FN:576,(anonymous_22)
FN:577,(anonymous_23)
FN:580,(anonymous_24)
FN:581,(anonymous_25)
FN:582,(anonymous_26)
FN:596,(anonymous_27)
FNF:28
FNH:0
FNDA:0,getNotificationType
FNDA:0,formatNotification
FNDA:0,formatTimestamp
FNDA:0,NotificationItem
FNDA:0,(anonymous_4)
FNDA:0,(anonymous_5)
FNDA:0,NotificationSection
FNDA:0,NotificationsScreen
FNDA:0,(anonymous_8)
FNDA:0,(anonymous_9)
FNDA:0,(anonymous_10)
FNDA:0,(anonymous_11)
FNDA:0,(anonymous_12)
FNDA:0,(anonymous_13)
FNDA:0,(anonymous_14)
FNDA:0,(anonymous_15)
FNDA:0,(anonymous_16)
FNDA:0,(anonymous_17)
FNDA:0,(anonymous_18)
FNDA:0,(anonymous_19)
FNDA:0,(anonymous_20)
FNDA:0,(anonymous_21)
FNDA:0,(anonymous_22)
FNDA:0,(anonymous_23)
FNDA:0,(anonymous_24)
FNDA:0,(anonymous_25)
FNDA:0,(anonymous_26)
FNDA:0,(anonymous_27)
DA:64,0
DA:66,0
DA:68,0
DA:70,0
DA:72,0
DA:74,0
DA:76,0
DA:84,0
DA:85,0
DA:87,0
DA:88,0
DA:90,0
DA:92,0
DA:93,0
DA:94,0
DA:96,0
DA:97,0
DA:98,0
DA:100,0
DA:101,0
DA:102,0
DA:104,0
DA:105,0
DA:106,0
DA:108,0
DA:109,0
DA:110,0
DA:112,0
DA:113,0
DA:116,0
DA:137,0
DA:138,0
DA:139,0
DA:140,0
DA:141,0
DA:142,0
DA:144,0
DA:145,0
DA:146,0
DA:147,0
DA:148,0
DA:167,0
DA:168,0
DA:180,0
DA:181,0
DA:183,0
DA:185,0
DA:187,0
DA:189,0
DA:191,0
DA:193,0
DA:195,0
DA:197,0
DA:201,0
DA:202,0
DA:204,0
DA:206,0
DA:208,0
DA:210,0
DA:212,0
DA:214,0
DA:216,0
DA:218,0
DA:222,0
DA:315,0
DA:316,0
DA:320,0
DA:329,0
DA:336,0
DA:337,0
DA:338,0
DA:340,0
DA:353,0
DA:355,0
DA:356,0
DA:357,0
DA:358,0
DA:361,0
DA:362,0
DA:364,0
DA:366,0
DA:367,0
DA:369,0
DA:373,0
DA:375,0
DA:378,0
DA:379,0
DA:389,0
DA:396,0
DA:397,0
DA:403,0
DA:409,0
DA:410,0
DA:420,0
DA:427,0
DA:428,0
DA:429,0
DA:430,0
DA:433,0
DA:438,0
DA:447,0
DA:474,0
DA:475,0
DA:494,0
DA:568,0
DA:576,0
DA:578,0
DA:580,0
DA:581,0
DA:582,0
DA:596,0
DA:603,0
LF:112
LH:0
BRDA:64,0,0,0
BRDA:64,0,1,0
BRDA:64,0,2,0
BRDA:64,0,3,0
BRDA:64,0,4,0
BRDA:64,0,5,0
BRDA:90,1,0,0
BRDA:90,1,1,0
BRDA:90,1,2,0
BRDA:90,1,3,0
BRDA:90,1,4,0
BRDA:90,1,5,0
BRDA:92,2,0,0
BRDA:92,2,1,0
BRDA:92,2,2,0
BRDA:93,3,0,0
BRDA:93,3,1,0
BRDA:96,4,0,0
BRDA:96,4,1,0
BRDA:96,4,2,0
BRDA:97,5,0,0
BRDA:97,5,1,0
BRDA:101,6,0,0
BRDA:101,6,1,0
BRDA:104,7,0,0
BRDA:104,7,1,0
BRDA:104,7,2,0
BRDA:105,8,0,0
BRDA:105,8,1,0
BRDA:109,9,0,0
BRDA:109,9,1,0
BRDA:113,10,0,0
BRDA:113,10,1,0
BRDA:127,11,0,0
BRDA:127,11,1,0
BRDA:128,12,0,0
BRDA:128,12,1,0
BRDA:144,13,0,0
BRDA:144,13,1,0
BRDA:145,14,0,0
BRDA:145,14,1,0
BRDA:146,15,0,0
BRDA:146,15,1,0
BRDA:147,16,0,0
BRDA:147,16,1,0
BRDA:169,17,0,0
BRDA:169,17,1,0
BRDA:169,18,0,0
BRDA:169,18,1,0
BRDA:170,19,0,0
BRDA:170,19,1,0
BRDA:170,20,0,0
BRDA:170,20,1,0
BRDA:171,21,0,0
BRDA:171,21,1,0
BRDA:172,22,0,0
BRDA:172,22,1,0
BRDA:173,23,0,0
BRDA:173,23,1,0
BRDA:174,24,0,0
BRDA:174,24,1,0
BRDA:175,25,0,0
BRDA:175,25,1,0
BRDA:176,26,0,0
BRDA:176,26,1,0
BRDA:177,27,0,0
BRDA:177,27,1,0
BRDA:181,28,0,0
BRDA:181,28,1,0
BRDA:181,28,2,0
BRDA:181,28,3,0
BRDA:181,28,4,0
BRDA:181,28,5,0
BRDA:181,28,6,0
BRDA:181,28,7,0
BRDA:202,29,0,0
BRDA:202,29,1,0
BRDA:202,29,2,0
BRDA:202,29,3,0
BRDA:202,29,4,0
BRDA:202,29,5,0
BRDA:202,29,6,0
BRDA:202,29,7,0
BRDA:227,30,0,0
BRDA:227,30,1,0
BRDA:256,31,0,0
BRDA:256,31,1,0
BRDA:265,32,0,0
BRDA:265,32,1,0
BRDA:275,33,0,0
BRDA:275,33,1,0
BRDA:317,34,0,0
BRDA:317,34,1,0
BRDA:341,35,0,0
BRDA:341,35,1,0
BRDA:341,36,0,0
BRDA:341,36,1,0
BRDA:342,37,0,0
BRDA:342,37,1,0
BRDA:342,38,0,0
BRDA:342,38,1,0
BRDA:343,39,0,0
BRDA:343,39,1,0
BRDA:344,40,0,0
BRDA:344,40,1,0
BRDA:345,41,0,0
BRDA:345,41,1,0
BRDA:346,42,0,0
BRDA:346,42,1,0
BRDA:346,43,0,0
BRDA:346,43,1,0
BRDA:347,44,0,0
BRDA:347,44,1,0
BRDA:348,45,0,0
BRDA:348,45,1,0
BRDA:364,46,0,0
BRDA:364,46,1,0
BRDA:367,47,0,0
BRDA:367,47,1,0
BRDA:428,48,0,0
BRDA:428,48,1,0
BRDA:429,49,0,0
BRDA:429,49,1,0
BRDA:443,50,0,0
BRDA:443,50,1,0
BRDA:455,51,0,0
BRDA:455,51,1,0
BRDA:459,52,0,0
BRDA:459,52,1,0
BRDA:459,52,2,0
BRDA:463,53,0,0
BRDA:463,53,1,0
BRDA:478,54,0,0
BRDA:478,54,1,0
BRDA:480,55,0,0
BRDA:480,55,1,0
BRDA:485,56,0,0
BRDA:485,56,1,0
BRDA:487,57,0,0
BRDA:487,57,1,0
BRDA:505,58,0,0
BRDA:505,58,1,0
BRDA:505,58,2,0
BRDA:507,59,0,0
BRDA:507,59,1,0
BRDA:521,60,0,0
BRDA:521,60,1,0
BRDA:539,61,0,0
BRDA:539,61,1,0
BRDA:539,61,2,0
BRDA:548,62,0,0
BRDA:548,62,1,0
BRDA:548,62,2,0
BRDA:573,63,0,0
BRDA:573,63,1,0
BRDA:573,63,2,0
BRF:156
BRH:0
end_of_record
TN:
SF:app/(tabs)/search.tsx
FN:21,SearchScreen
FN:39,(anonymous_1)
FN:44,(anonymous_2)
FNF:3
FNH:0
FNDA:0,SearchScreen
FNDA:0,(anonymous_1)
FNDA:0,(anonymous_2)
DA:22,0
DA:23,0
DA:24,0
DA:26,0
DA:38,0
DA:40,0
DA:44,0
DA:45,0
DA:48,0
DA:170,0
LF:10
LH:0
BRDA:27,0,0,0
BRDA:27,0,1,0
BRDA:27,1,0,0
BRDA:27,1,1,0
BRDA:28,2,0,0
BRDA:28,2,1,0
BRDA:28,3,0,0
BRDA:28,3,1,0
BRDA:29,4,0,0
BRDA:29,4,1,0
BRDA:30,5,0,0
BRDA:30,5,1,0
BRDA:31,6,0,0
BRDA:31,6,1,0
BRDA:32,7,0,0
BRDA:32,7,1,0
BRDA:33,8,0,0
BRDA:33,8,1,0
BRDA:34,9,0,0
BRDA:34,9,1,0
BRDA:34,10,0,0
BRDA:34,10,1,0
BRDA:101,11,0,0
BRDA:101,11,1,0
BRDA:117,12,0,0
BRDA:117,12,1,0
BRDA:132,13,0,0
BRDA:132,13,1,0
BRF:28
BRH:0
end_of_record
TN:
SF:app/(tabs)/settings.tsx
FN:53,SettingItem
FN:115,SettingSection
FN:135,SettingsScreen
FN:158,(anonymous_3)
FN:164,(anonymous_4)
FN:172,(anonymous_5)
FN:181,(anonymous_6)
FN:215,(anonymous_7)
FN:225,(anonymous_8)
FN:232,(anonymous_9)
FN:241,(anonymous_10)
FN:250,(anonymous_11)
FN:254,(anonymous_12)
FN:258,(anonymous_13)
FN:262,(anonymous_14)
FN:378,(anonymous_15)
FN:403,(anonymous_16)
FN:410,(anonymous_17)
FN:458,(anonymous_18)
FN:466,(anonymous_19)
FN:513,(anonymous_20)
FN:554,(anonymous_21)
FNF:22
FNH:0
FNDA:0,SettingItem
FNDA:0,SettingSection
FNDA:0,SettingsScreen
FNDA:0,(anonymous_3)
FNDA:0,(anonymous_4)
FNDA:0,(anonymous_5)
FNDA:0,(anonymous_6)
FNDA:0,(anonymous_7)
FNDA:0,(anonymous_8)
FNDA:0,(anonymous_9)
FNDA:0,(anonymous_10)
FNDA:0,(anonymous_11)
FNDA:0,(anonymous_12)
FNDA:0,(anonymous_13)
FNDA:0,(anonymous_14)
FNDA:0,(anonymous_15)
FNDA:0,(anonymous_16)
FNDA:0,(anonymous_17)
FNDA:0,(anonymous_18)
FNDA:0,(anonymous_19)
FNDA:0,(anonymous_20)
FNDA:0,(anonymous_21)
DA:62,0
DA:63,0
DA:71,0
DA:122,0
DA:123,0
DA:127,0
DA:136,0
DA:137,0
DA:138,0
DA:139,0
DA:140,0
DA:141,0
DA:142,0
DA:145,0
DA:146,0
DA:148,0
DA:158,0
DA:159,0
DA:160,0
DA:161,0
DA:164,0
DA:165,0
DA:166,0
DA:168,0
DA:172,0
DA:173,0
DA:174,0
DA:176,0
DA:181,0
DA:182,0
DA:184,0
DA:199,0
DA:215,0
DA:216,0
DA:217,0
DA:218,0
DA:220,0
DA:221,0
DA:225,0
DA:226,0
DA:232,0
DA:233,0
DA:242,0
DA:250,0
DA:251,0
DA:254,0
DA:255,0
DA:258,0
DA:259,0
DA:262,0
DA:263,0
DA:264,0
DA:266,0
DA:272,0
DA:378,0
DA:403,0
DA:410,0
DA:459,0
DA:466,0
DA:513,0
DA:554,0
DA:560,0
LF:62
LH:0
BRDA:59,0,0,0
BRDA:60,1,0,0
BRDA:64,2,0,0
BRDA:64,2,1,0
BRDA:64,3,0,0
BRDA:64,3,1,0
BRDA:65,4,0,0
BRDA:65,4,1,0
BRDA:66,5,0,0
BRDA:66,5,1,0
BRDA:67,6,0,0
BRDA:67,6,1,0
BRDA:68,7,0,0
BRDA:68,7,1,0
BRDA:93,8,0,0
BRDA:93,8,1,0
BRDA:98,9,0,0
BRDA:98,9,1,0
BRDA:107,10,0,0
BRDA:107,10,1,0
BRDA:107,10,2,0
BRDA:124,11,0,0
BRDA:124,11,1,0
BRDA:149,12,0,0
BRDA:149,12,1,0
BRDA:149,13,0,0
BRDA:149,13,1,0
BRDA:150,14,0,0
BRDA:150,14,1,0
BRDA:150,15,0,0
BRDA:150,15,1,0
BRDA:151,16,0,0
BRDA:151,16,1,0
BRDA:152,17,0,0
BRDA:152,17,1,0
BRDA:153,18,0,0
BRDA:153,18,1,0
BRDA:154,19,0,0
BRDA:154,19,1,0
BRDA:155,20,0,0
BRDA:155,20,1,0
BRDA:159,21,0,0
BRDA:159,21,1,0
BRDA:160,22,0,0
BRDA:160,22,1,0
BRDA:165,23,0,0
BRDA:165,23,1,0
BRDA:173,24,0,0
BRDA:173,24,1,0
BRDA:182,25,0,0
BRDA:182,25,1,0
BRDA:216,26,0,0
BRDA:216,26,1,0
BRDA:263,27,0,0
BRDA:263,27,1,0
BRDA:291,28,0,0
BRDA:291,28,1,0
BRDA:299,29,0,0
BRDA:299,29,1,0
BRDA:305,30,0,0
BRDA:305,30,1,0
BRDA:310,31,0,0
BRDA:310,31,1,0
BRDA:338,32,0,0
BRDA:338,32,1,0
BRDA:347,33,0,0
BRDA:347,33,1,0
BRDA:366,34,0,0
BRDA:366,34,1,0
BRDA:393,35,0,0
BRDA:393,35,1,0
BRDA:420,36,0,0
BRDA:420,36,1,0
BRDA:431,37,0,0
BRDA:431,37,1,0
BRDA:448,38,0,0
BRDA:448,38,1,0
BRF:77
BRH:0
end_of_record
TN:
SF:app/feed/[byteId].tsx
FN:9,ByteDetailScreen
FN:56,(anonymous_1)
FN:60,(anonymous_2)
FN:64,(anonymous_3)
FN:68,(anonymous_4)
FNF:5
FNH:0
FNDA:0,ByteDetailScreen
FNDA:0,(anonymous_1)
FNDA:0,(anonymous_2)
FNDA:0,(anonymous_3)
FNDA:0,(anonymous_4)
DA:10,0
DA:11,0
DA:13,0
DA:15,0
DA:21,0
DA:56,0
DA:57,0
DA:60,0
DA:61,0
DA:64,0
DA:65,0
DA:68,0
DA:69,0
DA:72,0
LF:14
LH:0
BRDA:16,0,0,0
BRDA:16,0,1,0
BRDA:16,1,0,0
BRDA:16,1,1,0
BRF:4
BRH:0
end_of_record
TN:
SF:app/feed/_layout.tsx
FN:5,FeedLayout
FNF:1
FNH:0
FNDA:0,FeedLayout
DA:6,0
LF:1
LH:0
BRF:0
BRH:0
end_of_record
TN:
SF:components/EditScreenInfo.tsx
FN:10,EditScreenInfo
FNF:1
FNH:0
FNDA:0,EditScreenInfo
DA:11,0
DA:55,0
LF:2
LH:0
BRF:0
BRH:0
end_of_record
TN:
SF:components/ExternalLink.tsx
FN:6,ExternalLink
FN:14,(anonymous_1)
FNF:2
FNH:0
FNDA:0,ExternalLink
FNDA:0,(anonymous_1)
DA:9,0
DA:15,0
DA:17,0
DA:19,0
LF:4
LH:0
BRDA:15,0,0,0
BRDA:15,0,1,0
BRF:2
BRH:0
end_of_record
TN:
SF:components/StyledText.tsx
FN:3,MonoText
FNF:1
FNH:1
FNDA:1,MonoText
DA:4,1
LF:1
LH:1
BRF:0
BRH:0
end_of_record
TN:
SF:components/Themed.tsx
FN:19,useThemeColor
FN:33,Text
FN:40,View
FNF:3
FNH:2
FNDA:1,useThemeColor
FNDA:1,Text
FNDA:0,View
DA:23,1
DA:24,1
DA:26,1
DA:27,0
DA:29,1
DA:34,1
DA:35,1
DA:37,1
DA:41,0
DA:42,0
DA:47,0
LF:11
LH:7
BRDA:23,0,0,1
BRDA:23,0,1,0
BRDA:26,1,0,0
BRDA:26,1,1,1
BRF:4
BRH:2
end_of_record
TN:
SF:components/apollo-test.tsx
FN:14,ApolloTest
FN:69,(anonymous_1)
FNF:2
FNH:0
FNDA:0,ApolloTest
FNDA:0,(anonymous_1)
DA:8,0
DA:15,0
DA:16,0
DA:20,0
DA:28,0
DA:69,0
DA:77,0
LF:7
LH:0
BRDA:21,0,0,0
BRDA:21,0,1,0
BRDA:22,1,0,0
BRDA:22,1,1,0
BRDA:23,2,0,0
BRDA:23,2,1,0
BRDA:24,3,0,0
BRDA:24,3,1,0
BRDA:25,4,0,0
BRDA:25,4,1,0
BRDA:39,5,0,0
BRDA:39,5,1,0
BRDA:45,6,0,0
BRDA:45,6,1,0
BRDA:56,7,0,0
BRDA:56,7,1,0
BRF:16
BRH:0
end_of_record
TN:
SF:components/debug-apollo.tsx
FN:5,(anonymous_0)
FNF:1
FNH:0
FNDA:0,(anonymous_0)
DA:5,0
DA:10,0
DA:15,0
DA:17,0
DA:43,0
LF:5
LH:0
BRDA:23,0,0,0
BRDA:23,0,1,0
BRDA:24,1,0,0
BRDA:24,1,1,0
BRDA:26,2,0,0
BRDA:26,2,1,0
BRDA:32,3,0,0
BRDA:32,3,1,0
BRDA:33,4,0,0
BRDA:33,4,1,0
BRDA:36,5,0,0
BRDA:36,5,1,0
BRF:12
BRH:0
end_of_record
TN:
SF:components/test-apollo-connection.tsx
FN:18,TestApolloConnection
FN:55,(anonymous_1)
FN:56,(anonymous_2)
FN:62,(anonymous_3)
FN:103,(anonymous_4)
FN:115,(anonymous_5)
FN:189,(anonymous_6)
FNF:7
FNH:0
FNDA:0,TestApolloConnection
FNDA:0,(anonymous_1)
FNDA:0,(anonymous_2)
FNDA:0,(anonymous_3)
FNDA:0,(anonymous_4)
FNDA:0,(anonymous_5)
FNDA:0,(anonymous_6)
DA:19,0
DA:20,0
DA:21,0
DA:28,0
DA:33,0
DA:38,0
DA:42,0
DA:44,0
DA:55,0
DA:56,0
DA:62,0
DA:63,0
DA:64,0
DA:67,0
DA:70,0
DA:71,0
DA:72,0
DA:73,0
DA:74,0
DA:75,0
DA:80,0
DA:81,0
DA:82,0
DA:83,0
DA:84,0
DA:85,0
DA:90,0
DA:91,0
DA:92,0
DA:93,0
DA:94,0
DA:95,0
DA:100,0
DA:103,0
DA:104,0
DA:105,0
DA:107,0
DA:109,0
DA:111,0
DA:115,0
DA:117,0
DA:119,0
DA:120,0
DA:122,0
DA:123,0
DA:132,0
DA:141,0
DA:190,0
DA:295,0
LF:49
LH:0
BRDA:45,0,0,0
BRDA:45,0,1,0
BRDA:46,1,0,0
BRDA:46,1,1,0
BRDA:47,2,0,0
BRDA:47,2,1,0
BRDA:48,3,0,0
BRDA:48,3,1,0
BRDA:49,4,0,0
BRDA:49,4,1,0
BRDA:50,5,0,0
BRDA:50,5,1,0
BRDA:51,6,0,0
BRDA:51,6,1,0
BRDA:52,7,0,0
BRDA:52,7,1,0
BRDA:70,8,0,0
BRDA:70,8,1,0
BRDA:72,9,0,0
BRDA:72,9,1,0
BRDA:74,10,0,0
BRDA:74,10,1,0
BRDA:80,11,0,0
BRDA:80,11,1,0
BRDA:82,12,0,0
BRDA:82,12,1,0
BRDA:84,13,0,0
BRDA:84,13,1,0
BRDA:90,14,0,0
BRDA:90,14,1,0
BRDA:92,15,0,0
BRDA:92,15,1,0
BRDA:94,16,0,0
BRDA:94,16,1,0
BRDA:117,17,0,0
BRDA:117,17,1,0
BRDA:119,18,0,0
BRDA:119,18,1,0
BRDA:122,19,0,0
BRDA:122,19,1,0
BRDA:122,20,0,0
BRDA:122,20,1,0
BRDA:122,20,2,0
BRDA:184,21,0,0
BRDA:184,21,1,0
BRDA:216,22,0,0
BRDA:216,22,1,0
BRDA:220,23,0,0
BRDA:220,23,1,0
BRDA:224,24,0,0
BRDA:224,24,1,0
BRDA:244,25,0,0
BRDA:244,25,1,0
BRDA:248,26,0,0
BRDA:248,26,1,0
BRDA:252,27,0,0
BRDA:252,27,1,0
BRDA:272,28,0,0
BRDA:272,28,1,0
BRDA:276,29,0,0
BRDA:276,29,1,0
BRDA:280,30,0,0
BRDA:280,30,1,0
BRF:63
BRH:0
end_of_record
TN:
SF:components/useClientOnlyValue.ts
FN:2,useClientOnlyValue
FNF:1
FNH:0
FNDA:0,useClientOnlyValue
DA:3,0
LF:1
LH:0
BRF:0
BRH:0
end_of_record
TN:
SF:components/useClientOnlyValue.web.ts
FN:5,useClientOnlyValue
FN:7,(anonymous_1)
FNF:2
FNH:0
FNDA:0,useClientOnlyValue
FNDA:0,(anonymous_1)
DA:6,0
DA:7,0
DA:8,0
DA:11,0
LF:4
LH:0
BRF:0
BRH:0
end_of_record
TN:
SF:components/useColorScheme.ts
FNF:0
FNH:0
LF:0
LH:0
BRF:0
BRH:0
end_of_record
TN:
SF:components/useColorScheme.web.ts
FN:6,useColorScheme
FNF:1
FNH:0
FNDA:0,useColorScheme
DA:7,0
LF:1
LH:0
BRF:0
BRH:0
end_of_record
TN:
SF:components/feed/ByteBlogPage.tsx
FN:41,ByteBlogPage
FN:135,(anonymous_1)
FN:136,(anonymous_2)
FN:137,getReplies
FN:138,(anonymous_4)
FN:142,(anonymous_5)
FN:144,(anonymous_6)
FN:148,(anonymous_7)
FN:151,(anonymous_8)
FN:208,(anonymous_9)
FN:254,(anonymous_10)
FN:276,(anonymous_11)
FN:301,(anonymous_12)
FN:309,(anonymous_13)
FN:333,(anonymous_14)
FN:358,(anonymous_15)
FN:364,(anonymous_16)
FNF:17
FNH:0
FNDA:0,ByteBlogPage
FNDA:0,(anonymous_1)
FNDA:0,(anonymous_2)
FNDA:0,getReplies
FNDA:0,(anonymous_4)
FNDA:0,(anonymous_5)
FNDA:0,(anonymous_6)
FNDA:0,(anonymous_7)
FNDA:0,(anonymous_8)
FNDA:0,(anonymous_9)
FNDA:0,(anonymous_10)
FNDA:0,(anonymous_11)
FNDA:0,(anonymous_12)
FNDA:0,(anonymous_13)
FNDA:0,(anonymous_14)
FNDA:0,(anonymous_15)
FNDA:0,(anonymous_16)
DA:56,0
DA:57,0
DA:58,0
DA:61,0
DA:64,0
DA:65,0
DA:66,0
DA:69,0
DA:70,0
DA:76,0
DA:84,0
DA:87,0
DA:100,0
DA:135,0
DA:136,0
DA:138,0
DA:142,0
DA:144,0
DA:148,0
DA:149,0
DA:151,0
DA:152,0
DA:158,0
DA:159,0
DA:182,0
DA:183,0
DA:204,0
DA:208,0
DA:255,0
DA:277,0
DA:278,0
DA:282,0
DA:284,0
DA:302,0
DA:303,0
DA:307,0
DA:309,0
DA:334,0
DA:335,0
DA:339,0
DA:341,0
DA:358,0
DA:365,0
DA:366,0
DA:370,0
DA:373,0
DA:387,0
LF:47
LH:0
BRDA:54,0,0,0
BRDA:65,1,0,0
BRDA:65,1,1,0
BRDA:69,2,0,0
BRDA:69,2,1,0
BRDA:70,3,0,0
BRDA:70,3,1,0
BRDA:73,4,0,0
BRDA:73,4,1,0
BRDA:76,5,0,0
BRDA:76,5,1,0
BRDA:84,6,0,0
BRDA:84,6,1,0
BRDA:88,7,0,0
BRDA:88,7,1,0
BRDA:88,8,0,0
BRDA:88,8,1,0
BRDA:89,9,0,0
BRDA:89,9,1,0
BRDA:89,10,0,0
BRDA:89,10,1,0
BRDA:90,11,0,0
BRDA:90,11,1,0
BRDA:91,12,0,0
BRDA:91,12,1,0
BRDA:92,13,0,0
BRDA:92,13,1,0
BRDA:93,14,0,0
BRDA:93,14,1,0
BRDA:94,15,0,0
BRDA:94,15,1,0
BRDA:95,16,0,0
BRDA:95,16,1,0
BRDA:96,17,0,0
BRDA:96,17,1,0
BRDA:149,18,0,0
BRDA:149,18,1,0
BRDA:149,19,0,0
BRDA:149,19,1,0
BRDA:158,20,0,0
BRDA:158,20,1,0
BRDA:182,21,0,0
BRDA:182,21,1,0
BRDA:207,22,0,0
BRDA:207,22,1,0
BRDA:240,23,0,0
BRDA:240,23,1,0
BRDA:255,24,0,0
BRDA:255,24,1,0
BRDA:277,25,0,0
BRDA:277,25,1,0
BRDA:292,26,0,0
BRDA:292,26,1,0
BRDA:302,27,0,0
BRDA:302,27,1,0
BRDA:314,28,0,0
BRDA:314,28,1,0
BRDA:317,29,0,0
BRDA:317,29,1,0
BRDA:324,30,0,0
BRDA:324,30,1,0
BRDA:334,31,0,0
BRDA:334,31,1,0
BRDA:349,32,0,0
BRDA:349,32,1,0
BRDA:357,33,0,0
BRDA:357,33,1,0
BRDA:362,34,0,0
BRDA:362,34,1,0
BRDA:365,35,0,0
BRDA:365,35,1,0
BRF:71
BRH:0
end_of_record
TN:
SF:components/feed/ByteCard.tsx
FN:69,(anonymous_0)
FN:114,(anonymous_1)
FN:148,(anonymous_2)
FN:156,(anonymous_3)
FN:166,(anonymous_4)
FN:174,(anonymous_5)
FN:184,(anonymous_6)
FN:195,(anonymous_7)
FN:214,(anonymous_8)
FN:215,(anonymous_9)
FN:217,(anonymous_10)
FN:221,(anonymous_11)
FN:226,(anonymous_12)
FN:358,(anonymous_13)
FN:359,(anonymous_14)
FN:360,(anonymous_15)
FN:393,(anonymous_16)
FN:394,(anonymous_17)
FN:395,(anonymous_18)
FN:425,(anonymous_19)
FN:426,(anonymous_20)
FN:427,(anonymous_21)
FN:467,getThemeColors
FNF:23
FNH:0
FNDA:0,(anonymous_0)
FNDA:0,(anonymous_1)
FNDA:0,(anonymous_2)
FNDA:0,(anonymous_3)
FNDA:0,(anonymous_4)
FNDA:0,(anonymous_5)
FNDA:0,(anonymous_6)
FNDA:0,(anonymous_7)
FNDA:0,(anonymous_8)
FNDA:0,(anonymous_9)
FNDA:0,(anonymous_10)
FNDA:0,(anonymous_11)
FNDA:0,(anonymous_12)
FNDA:0,(anonymous_13)
FNDA:0,(anonymous_14)
FNDA:0,(anonymous_15)
FNDA:0,(anonymous_16)
FNDA:0,(anonymous_17)
FNDA:0,(anonymous_18)
FNDA:0,(anonymous_19)
FNDA:0,(anonymous_20)
FNDA:0,(anonymous_21)
FNDA:0,getThemeColors
DA:68,0
DA:90,0
DA:91,0
DA:92,0
DA:95,0
DA:96,0
DA:97,0
DA:100,0
DA:103,0
DA:106,0
DA:107,0
DA:110,0
DA:111,0
DA:114,0
DA:115,0
DA:117,0
DA:118,0
DA:122,0
DA:125,0
DA:140,0
DA:141,0
DA:143,0
DA:148,0
DA:149,0
DA:156,0
DA:157,0
DA:166,0
DA:167,0
DA:174,0
DA:175,0
DA:184,0
DA:185,0
DA:186,0
DA:190,0
DA:192,0
DA:195,0
DA:196,0
DA:197,0
DA:201,0
DA:205,0
DA:208,0
DA:209,0
DA:211,0
DA:214,0
DA:215,0
DA:216,0
DA:217,0
DA:220,0
DA:221,0
DA:226,0
DA:228,0
DA:229,0
DA:233,0
DA:240,0
DA:358,0
DA:359,0
DA:360,0
DA:393,0
DA:394,0
DA:395,0
DA:425,0
DA:426,0
DA:427,0
DA:464,0
DA:468,0
DA:469,0
DA:489,0
DA:490,0
DA:510,0
DA:530,0
LF:70
LH:0
BRDA:79,0,0,0
BRDA:115,1,0,0
BRDA:115,1,1,0
BRDA:185,2,0,0
BRDA:185,2,1,0
BRDA:196,3,0,0
BRDA:196,3,1,0
BRDA:228,4,0,0
BRDA:228,4,1,0
BRDA:235,5,0,0
BRDA:235,5,1,0
BRDA:236,6,0,0
BRDA:236,6,1,0
BRDA:268,7,0,0
BRDA:268,7,1,0
BRDA:303,8,0,0
BRDA:303,8,1,0
BRDA:303,8,2,0
BRDA:362,9,0,0
BRDA:362,9,1,0
BRDA:362,9,2,0
BRDA:368,10,0,0
BRDA:368,10,1,0
BRDA:375,11,0,0
BRDA:375,11,1,0
BRDA:376,12,0,0
BRDA:376,12,1,0
BRDA:379,13,0,0
BRDA:379,13,1,0
BRDA:383,14,0,0
BRDA:383,14,1,0
BRDA:397,15,0,0
BRDA:397,15,1,0
BRDA:397,15,2,0
BRDA:411,16,0,0
BRDA:411,16,1,0
BRDA:429,17,0,0
BRDA:429,17,1,0
BRDA:429,17,2,0
BRDA:435,18,0,0
BRDA:435,18,1,0
BRDA:441,19,0,0
BRDA:441,19,1,0
BRDA:442,20,0,0
BRDA:442,20,1,0
BRDA:468,21,0,0
BRDA:468,21,1,0
BRDA:489,22,0,0
BRDA:489,22,1,0
BRF:49
BRH:0
end_of_record
TN:
SF:components/feed/CommentItem.tsx
FN:26,CommentItem
FN:68,(anonymous_1)
FN:84,(anonymous_2)
FNF:3
FNH:0
FNDA:0,CommentItem
FNDA:0,(anonymous_1)
FNDA:0,(anonymous_2)
DA:32,0
DA:33,0
DA:40,0
DA:68,0
DA:84,0
DA:100,0
LF:6
LH:0
BRDA:34,0,0,0
BRDA:34,0,1,0
BRDA:34,1,0,0
BRDA:34,1,1,0
BRDA:35,2,0,0
BRDA:35,2,1,0
BRDA:36,3,0,0
BRDA:36,3,1,0
BRDA:37,4,0,0
BRDA:37,4,1,0
BRDA:38,5,0,0
BRDA:38,5,1,0
BRDA:45,6,0,0
BRDA:45,6,1,0
BRDA:75,7,0,0
BRDA:75,7,1,0
BRF:16
BRH:0
end_of_record
TN:
SF:components/feed/CommentSection.tsx
FN:27,CommentSection
FN:35,(anonymous_1)
FN:36,(anonymous_2)
FN:37,getReplies
FN:38,(anonymous_4)
FN:49,(anonymous_5)
FN:50,(anonymous_6)
FN:53,(anonymous_7)
FNF:8
FNH:0
FNDA:0,CommentSection
FNDA:0,(anonymous_1)
FNDA:0,(anonymous_2)
FNDA:0,getReplies
FNDA:0,(anonymous_4)
FNDA:0,(anonymous_5)
FNDA:0,(anonymous_6)
FNDA:0,(anonymous_7)
DA:33,0
DA:35,0
DA:36,0
DA:38,0
DA:40,0
DA:49,0
DA:51,0
DA:54,0
DA:72,0
LF:9
LH:0
BRDA:44,0,0,0
BRDA:44,0,1,0
BRF:2
BRH:0
end_of_record
TN:
SF:components/feed/NewCommentInput.tsx
FN:11,NewCommentInput
FN:21,handleSend
FNF:2
FNH:0
FNDA:0,NewCommentInput
FNDA:0,handleSend
DA:12,0
DA:13,0
DA:14,0
DA:22,0
DA:23,0
DA:24,0
DA:27,0
DA:58,0
LF:8
LH:0
BRDA:15,0,0,0
BRDA:15,0,1,0
BRDA:15,1,0,0
BRDA:15,1,1,0
BRDA:16,2,0,0
BRDA:16,2,1,0
BRDA:17,3,0,0
BRDA:17,3,1,0
BRDA:18,4,0,0
BRDA:18,4,1,0
BRDA:19,5,0,0
BRDA:19,5,1,0
BRDA:22,6,0,0
BRDA:22,6,1,0
BRF:14
BRH:0
end_of_record
TN:
SF:components/feed/index.ts
FNF:0
FNH:0
LF:0
LH:0
BRF:0
BRH:0
end_of_record
TN:
SF:components/nav/HeaderBar.tsx
FN:29,HeaderBar
FN:53,(anonymous_1)
FN:77,handleBackPress
FN:85,handleProfilePress
FN:93,handleHomePress
FN:108,(anonymous_5)
FN:126,(anonymous_6)
FN:165,(anonymous_7)
FNF:8
FNH:0
FNDA:0,HeaderBar
FNDA:0,(anonymous_1)
FNDA:0,handleBackPress
FNDA:0,handleProfilePress
FNDA:0,handleHomePress
FNDA:0,(anonymous_5)
FNDA:0,(anonymous_6)
FNDA:0,(anonymous_7)
DA:40,0
DA:42,0
DA:53,0
DA:54,0
DA:56,0
DA:65,0
DA:69,0
DA:78,0
DA:79,0
DA:81,0
DA:86,0
DA:87,0
DA:89,0
DA:94,0
DA:95,0
DA:97,0
DA:101,0
DA:108,0
DA:126,0
DA:165,0
DA:186,0
LF:21
LH:0
BRDA:31,0,0,0
BRDA:33,1,0,0
BRDA:35,2,0,0
BRDA:38,3,0,0
BRDA:43,4,0,0
BRDA:43,4,1,0
BRDA:43,5,0,0
BRDA:43,5,1,0
BRDA:44,6,0,0
BRDA:44,6,1,0
BRDA:44,7,0,0
BRDA:44,7,1,0
BRDA:45,8,0,0
BRDA:45,8,1,0
BRDA:46,9,0,0
BRDA:46,9,1,0
BRDA:47,10,0,0
BRDA:47,10,1,0
BRDA:48,11,0,0
BRDA:48,11,1,0
BRDA:49,12,0,0
BRDA:49,12,1,0
BRDA:49,13,0,0
BRDA:49,13,1,0
BRDA:50,14,0,0
BRDA:50,14,1,0
BRDA:50,15,0,0
BRDA:50,15,1,0
BRDA:54,16,0,0
BRDA:54,16,1,0
BRDA:54,16,2,0
BRDA:60,17,0,0
BRDA:60,17,1,0
BRDA:78,18,0,0
BRDA:78,18,1,0
BRDA:86,19,0,0
BRDA:86,19,1,0
BRDA:94,20,0,0
BRDA:94,20,1,0
BRDA:105,21,0,0
BRDA:105,21,1,0
BRDA:110,22,0,0
BRDA:110,22,1,0
BRDA:123,23,0,0
BRDA:123,23,1,0
BRDA:129,24,0,0
BRDA:129,24,1,0
BRDA:153,25,0,0
BRDA:153,25,1,0
BRDA:162,26,0,0
BRDA:162,26,1,0
BRDA:168,27,0,0
BRDA:168,27,1,0
BRF:53
BRH:0
end_of_record
TN:
SF:components/nav/index.ts
FNF:0
FNH:0
LF:0
LH:0
BRF:0
BRH:0
end_of_record
TN:
SF:components/shared/FieldError.tsx
FN:10,FieldError
FNF:1
FNH:0
FNDA:0,FieldError
DA:11,0
DA:13,0
DA:15,0
DA:19,0
DA:31,0
LF:5
LH:0
BRDA:13,0,0,0
BRDA:13,0,1,0
BRDA:16,1,0,0
BRDA:16,1,1,0
BRDA:16,2,0,0
BRDA:16,2,1,0
BRF:6
BRH:0
end_of_record
TN:
SF:components/shared/apollo-provider.tsx
FN:11,ApolloProvider
FN:12,(anonymous_1)
FNF:2
FNH:0
FNDA:0,ApolloProvider
FNDA:0,(anonymous_1)
DA:12,0
DA:14,0
DA:20,0
LF:3
LH:0
BRDA:16,0,0,0
BRDA:16,0,1,0
BRF:2
BRH:0
end_of_record
TN:
SF:components/shared/auth-gate.tsx
FN:11,AuthGate
FNF:1
FNH:0
FNDA:0,AuthGate
DA:12,0
DA:14,0
DA:15,0
DA:23,0
DA:24,0
DA:25,0
DA:28,0
DA:41,0
DA:44,0
LF:9
LH:0
BRDA:14,0,0,0
BRDA:14,0,1,0
BRDA:23,1,0,0
BRDA:23,1,1,0
BRDA:24,2,0,0
BRDA:24,2,1,0
BRF:6
BRH:0
end_of_record
TN:
SF:components/shared/auth-guard.tsx
FN:12,AuthGuard
FN:16,(anonymous_1)
FNF:2
FNH:0
FNDA:0,AuthGuard
FNDA:0,(anonymous_1)
DA:13,0
DA:14,0
DA:16,0
DA:17,0
DA:19,0
DA:20,0
DA:22,0
DA:26,0
DA:27,0
DA:45,0
DA:46,0
DA:50,0
LF:12
LH:0
BRDA:12,0,0,0
BRDA:17,1,0,0
BRDA:17,1,1,0
BRDA:17,2,0,0
BRDA:17,2,1,0
BRDA:17,2,2,0
BRDA:20,3,0,0
BRDA:20,3,1,0
BRDA:20,4,0,0
BRDA:20,4,1,0
BRDA:20,4,2,0
BRDA:26,5,0,0
BRDA:26,5,1,0
BRDA:33,6,0,0
BRDA:33,6,1,0
BRDA:38,7,0,0
BRDA:38,7,1,0
BRDA:45,8,0,0
BRDA:45,8,1,0
BRDA:45,9,0,0
BRDA:45,9,1,0
BRF:21
BRH:0
end_of_record
TN:
SF:components/shared/auth-provider.tsx
FN:31,AuthProvider
FN:37,(anonymous_1)
FN:73,(anonymous_2)
FN:112,(anonymous_3)
FN:152,(anonymous_4)
FN:166,(anonymous_5)
FN:188,(anonymous_6)
FN:214,(anonymous_7)
FN:233,useAuthContext
FNF:9
FNH:0
FNDA:0,AuthProvider
FNDA:0,(anonymous_1)
FNDA:0,(anonymous_2)
FNDA:0,(anonymous_3)
FNDA:0,(anonymous_4)
FNDA:0,(anonymous_5)
FNDA:0,(anonymous_6)
FNDA:0,(anonymous_7)
FNDA:0,useAuthContext
DA:29,0
DA:32,0
DA:33,0
DA:34,0
DA:37,0
DA:38,0
DA:73,0
DA:74,0
DA:75,0
DA:76,0
DA:79,0
DA:80,0
DA:81,0
DA:82,0
DA:83,0
DA:84,0
DA:89,0
DA:92,0
DA:96,0
DA:97,0
DA:100,0
DA:101,0
DA:104,0
DA:105,0
DA:106,0
DA:108,0
DA:112,0
DA:118,0
DA:119,0
DA:126,0
DA:128,0
DA:129,0
DA:132,0
DA:139,0
DA:144,0
DA:147,0
DA:148,0
DA:152,0
DA:153,0
DA:154,0
DA:157,0
DA:161,0
DA:162,0
DA:166,0
DA:172,0
DA:173,0
DA:179,0
DA:183,0
DA:184,0
DA:188,0
DA:189,0
DA:190,0
DA:191,0
DA:197,0
DA:200,0
DA:201,0
DA:203,0
DA:205,0
DA:207,0
DA:208,0
DA:210,0
DA:214,0
DA:215,0
DA:218,0
DA:230,0
DA:234,0
DA:235,0
DA:236,0
DA:238,0
LF:69
LH:0
BRDA:41,0,0,0
BRDA:41,0,1,0
BRDA:42,1,0,0
BRDA:42,1,1,0
BRDA:52,2,0,0
BRDA:52,2,1,0
BRDA:79,3,0,0
BRDA:79,3,1,0
BRDA:82,4,0,0
BRDA:82,4,1,0
BRDA:128,5,0,0
BRDA:128,5,1,0
BRDA:128,6,0,0
BRDA:128,6,1,0
BRDA:235,7,0,0
BRDA:235,7,1,0
BRF:16
BRH:0
end_of_record
TN:
SF:components/shared/backend-upgrade-banner.tsx
FN:5,BackendUpgradeBanner
FNF:1
FNH:0
FNDA:0,BackendUpgradeBanner
DA:6,0
DA:16,0
LF:2
LH:0
BRF:0
BRH:0
end_of_record
TN:
SF:components/shared/bff-auth-provider.tsx
FN:12,BffAuthProvider
FN:15,(anonymous_1)
FN:20,(anonymous_2)
FN:24,(anonymous_3)
FN:28,(anonymous_4)
FN:42,useBffAuth
FNF:6
FNH:3
FNDA:2,BffAuthProvider
FNDA:2,(anonymous_1)
FNDA:0,(anonymous_2)
FNDA:0,(anonymous_3)
FNDA:0,(anonymous_4)
FNDA:2,useBffAuth
DA:10,1
DA:13,2
DA:15,2
DA:16,2
DA:17,2
DA:20,2
DA:21,0
DA:24,2
DA:25,0
DA:28,2
DA:29,0
DA:32,2
DA:39,2
DA:43,2
DA:44,2
DA:45,0
DA:47,2
DA:51,1
LF:18
LH:14
BRDA:44,0,0,0
BRDA:44,0,1,2
BRF:2
BRH:1
end_of_record
TN:
SF:components/shared/error-banner.tsx
FN:13,ErrorBanner
FN:16,(anonymous_1)
FN:22,(anonymous_2)
FN:31,(anonymous_3)
FNF:4
FNH:0
FNDA:0,ErrorBanner
FNDA:0,(anonymous_1)
FNDA:0,(anonymous_2)
FNDA:0,(anonymous_3)
DA:14,0
DA:16,0
DA:17,0
DA:18,0
DA:22,0
DA:23,0
DA:24,0
DA:27,0
DA:28,0
DA:31,0
DA:32,0
DA:34,0
DA:42,0
DA:50,0
DA:58,0
DA:68,0
DA:69,0
DA:71,0
DA:94,0
LF:19
LH:0
BRDA:17,0,0,0
BRDA:17,0,1,0
BRDA:27,1,0,0
BRDA:27,1,1,0
BRDA:27,2,0,0
BRDA:27,2,1,0
BRDA:32,3,0,0
BRDA:32,3,1,0
BRDA:32,3,2,0
BRDA:32,3,3,0
BRDA:83,4,0,0
BRDA:83,4,1,0
BRDA:85,5,0,0
BRDA:85,5,1,0
BRF:14
BRH:0
end_of_record
TN:
SF:components/shared/error-boundary.tsx
FN:21,(anonymous_0)
FN:26,(anonymous_1)
FN:31,(anonymous_2)
FN:41,(anonymous_3)
FN:45,(anonymous_4)
FN:83,withErrorBoundary
FN:88,WrappedComponent
FNF:7
FNH:0
FNDA:0,(anonymous_0)
FNDA:0,(anonymous_1)
FNDA:0,(anonymous_2)
FNDA:0,(anonymous_3)
FNDA:0,(anonymous_4)
FNDA:0,withErrorBoundary
FNDA:0,WrappedComponent
DA:22,0
DA:23,0
DA:28,0
DA:33,0
DA:36,0
DA:37,0
DA:41,0
DA:42,0
DA:46,0
DA:48,0
DA:49,0
DA:53,0
DA:76,0
DA:88,0
DA:89,0
DA:97,0
LF:16
LH:0
BRDA:36,0,0,0
BRDA:36,0,1,0
BRDA:46,1,0,0
BRDA:46,1,1,0
BRDA:48,2,0,0
BRDA:48,2,1,0
BRDA:60,3,0,0
BRDA:60,3,1,0
BRDA:60,3,2,0
BRF:9
BRH:0
end_of_record
TN:
SF:components/shared/loading.enhanced.tsx
FN:36,LoadingSpinnerEnhanced
FN:63,LoadingOverlayEnhanced
FN:74,(anonymous_2)
FN:154,LoadingStateEnhanced
FN:167,(anonymous_4)
FN:250,SkeletonEnhanced
FN:261,(anonymous_6)
FN:282,(anonymous_7)
FN:323,UserSkeletonEnhanced
FN:347,PostSkeletonEnhanced
FN:368,PullToRefreshIndicator
FN:373,(anonymous_11)
FN:385,(anonymous_12)
FNF:13
FNH:0
FNDA:0,LoadingSpinnerEnhanced
FNDA:0,LoadingOverlayEnhanced
FNDA:0,(anonymous_2)
FNDA:0,LoadingStateEnhanced
FNDA:0,(anonymous_4)
FNDA:0,SkeletonEnhanced
FNDA:0,(anonymous_6)
FNDA:0,(anonymous_7)
FNDA:0,UserSkeletonEnhanced
FNDA:0,PostSkeletonEnhanced
FNDA:0,PullToRefreshIndicator
FNDA:0,(anonymous_11)
FNDA:0,(anonymous_12)
DA:25,0
DA:41,0
DA:42,0
DA:43,0
DA:45,0
DA:70,0
DA:71,0
DA:72,0
DA:74,0
DA:75,0
DA:76,0
DA:83,0
DA:92,0
DA:94,0
DA:163,0
DA:164,0
DA:165,0
DA:167,0
DA:168,0
DA:175,0
DA:176,0
DA:195,0
DA:196,0
DA:232,0
DA:257,0
DA:258,0
DA:259,0
DA:261,0
DA:262,0
DA:263,0
DA:280,0
DA:282,0
DA:286,0
DA:291,0
DA:324,0
DA:348,0
DA:369,0
DA:370,0
DA:371,0
DA:373,0
DA:374,0
DA:383,0
DA:385,0
DA:388,0
DA:393,0
DA:402,0
LF:46
LH:0
BRDA:37,0,0,0
BRDA:43,1,0,0
BRDA:43,1,1,0
BRDA:64,2,0,0
BRDA:68,3,0,0
BRDA:75,4,0,0
BRDA:75,4,1,0
BRDA:92,5,0,0
BRDA:92,5,1,0
BRDA:99,6,0,0
BRDA:99,6,1,0
BRDA:126,7,0,0
BRDA:126,7,1,0
BRDA:161,8,0,0
BRDA:169,9,0,0
BRDA:169,9,1,0
BRDA:169,10,0,0
BRDA:169,10,1,0
BRDA:175,11,0,0
BRDA:175,11,1,0
BRDA:178,12,0,0
BRDA:178,12,1,0
BRDA:195,13,0,0
BRDA:195,13,1,0
BRDA:198,14,0,0
BRDA:198,14,1,0
BRDA:216,15,0,0
BRDA:216,15,1,0
BRDA:251,16,0,0
BRDA:252,17,0,0
BRDA:253,18,0,0
BRDA:255,19,0,0
BRDA:262,20,0,0
BRDA:262,20,1,0
BRDA:299,21,0,0
BRDA:299,21,1,0
BRDA:304,22,0,0
BRDA:304,22,1,0
BRF:38
BRH:0
end_of_record
TN:
SF:components/shared/loading.tsx
FN:22,LoadingSpinner
FN:46,LoadingOverlay
FN:101,LoadingState
FN:176,Skeleton
FN:203,UserSkeleton
FN:223,PostSkeleton
FNF:6
FNH:0
FNDA:0,LoadingSpinner
FNDA:0,LoadingOverlay
FNDA:0,LoadingState
FNDA:0,Skeleton
FNDA:0,UserSkeleton
FNDA:0,PostSkeleton
DA:27,0
DA:28,0
DA:30,0
DA:51,0
DA:53,0
DA:55,0
DA:109,0
DA:111,0
DA:112,0
DA:131,0
DA:132,0
DA:163,0
DA:182,0
DA:184,0
DA:204,0
DA:224,0
DA:237,0
LF:17
LH:0
BRDA:23,0,0,0
BRDA:28,1,0,0
BRDA:28,1,1,0
BRDA:28,2,0,0
BRDA:28,2,1,0
BRDA:47,3,0,0
BRDA:53,4,0,0
BRDA:53,4,1,0
BRDA:60,5,0,0
BRDA:60,5,1,0
BRDA:68,6,0,0
BRDA:68,6,1,0
BRDA:79,7,0,0
BRDA:79,7,1,0
BRDA:111,8,0,0
BRDA:111,8,1,0
BRDA:114,9,0,0
BRDA:114,9,1,0
BRDA:120,10,0,0
BRDA:120,10,1,0
BRDA:131,11,0,0
BRDA:131,11,1,0
BRDA:134,12,0,0
BRDA:134,12,1,0
BRDA:139,13,0,0
BRDA:139,13,1,0
BRDA:147,14,0,0
BRDA:147,14,1,0
BRDA:152,15,0,0
BRDA:152,15,1,0
BRDA:177,16,0,0
BRDA:178,17,0,0
BRDA:179,18,0,0
BRDA:192,19,0,0
BRDA:192,19,1,0
BRF:35
BRH:0
end_of_record
TN:
SF:components/shared/log-viewer.tsx
FN:21,LogViewer
FN:42,(anonymous_1)
FN:45,(anonymous_2)
FN:51,(anonymous_3)
FN:55,(anonymous_4)
FN:60,(anonymous_5)
FN:62,(anonymous_6)
FN:65,(anonymous_7)
FN:82,(anonymous_8)
FN:103,(anonymous_9)
FN:112,(anonymous_10)
FN:118,(anonymous_11)
FN:126,(anonymous_12)
FN:131,(anonymous_13)
FN:145,(anonymous_14)
FN:165,(anonymous_15)
FN:236,(anonymous_16)
FN:243,(anonymous_17)
FN:270,(anonymous_18)
FNF:19
FNH:0
FNDA:0,LogViewer
FNDA:0,(anonymous_1)
FNDA:0,(anonymous_2)
FNDA:0,(anonymous_3)
FNDA:0,(anonymous_4)
FNDA:0,(anonymous_5)
FNDA:0,(anonymous_6)
FNDA:0,(anonymous_7)
FNDA:0,(anonymous_8)
FNDA:0,(anonymous_9)
FNDA:0,(anonymous_10)
FNDA:0,(anonymous_11)
FNDA:0,(anonymous_12)
FNDA:0,(anonymous_13)
FNDA:0,(anonymous_14)
FNDA:0,(anonymous_15)
FNDA:0,(anonymous_16)
FNDA:0,(anonymous_17)
FNDA:0,(anonymous_18)
DA:22,0
DA:23,0
DA:24,0
DA:27,0
DA:29,0
DA:42,0
DA:43,0
DA:44,0
DA:45,0
DA:46,0
DA:47,0
DA:51,0
DA:55,0
DA:56,0
DA:57,0
DA:60,0
DA:61,0
DA:62,0
DA:65,0
DA:66,0
DA:68,0
DA:70,0
DA:72,0
DA:74,0
DA:76,0
DA:78,0
DA:82,0
DA:83,0
DA:85,0
DA:87,0
DA:89,0
DA:91,0
DA:93,0
DA:95,0
DA:97,0
DA:99,0
DA:103,0
DA:104,0
DA:105,0
DA:106,0
DA:108,0
DA:112,0
DA:113,0
DA:119,0
DA:120,0
DA:126,0
DA:127,0
DA:128,0
DA:129,0
DA:132,0
DA:136,0
DA:141,0
DA:145,0
DA:146,0
DA:147,0
DA:150,0
DA:152,0
DA:153,0
DA:155,0
DA:165,0
DA:237,0
DA:243,0
DA:271,0
DA:325,0
LF:64
LH:0
BRDA:30,0,0,0
BRDA:30,0,1,0
BRDA:31,1,0,0
BRDA:31,1,1,0
BRDA:32,2,0,0
BRDA:32,2,1,0
BRDA:33,3,0,0
BRDA:33,3,1,0
BRDA:34,4,0,0
BRDA:34,4,1,0
BRDA:43,5,0,0
BRDA:43,5,1,0
BRDA:46,6,0,0
BRDA:46,6,1,0
BRDA:61,7,0,0
BRDA:61,7,1,0
BRDA:66,8,0,0
BRDA:66,8,1,0
BRDA:66,8,2,0
BRDA:66,8,3,0
BRDA:66,8,4,0
BRDA:66,8,5,0
BRDA:83,9,0,0
BRDA:83,9,1,0
BRDA:83,9,2,0
BRDA:83,9,3,0
BRDA:83,9,4,0
BRDA:83,9,5,0
BRDA:83,9,6,0
BRDA:83,9,7,0
BRDA:150,10,0,0
BRDA:150,10,1,0
BRDA:168,11,0,0
BRDA:168,11,1,0
BRDA:220,12,0,0
BRDA:220,12,1,0
BRDA:223,13,0,0
BRDA:223,13,1,0
BRDA:226,14,0,0
BRDA:226,14,1,0
BRDA:241,15,0,0
BRDA:241,15,1,0
BRDA:248,16,0,0
BRDA:248,16,1,0
BRDA:263,17,0,0
BRDA:263,17,1,0
BRDA:306,18,0,0
BRDA:306,18,1,0
BRDA:312,19,0,0
BRDA:312,19,1,0
BRF:50
BRH:0
end_of_record
TN:
SF:components/shared/logout-button.tsx
FN:12,LogoutButton
FN:22,(anonymous_1)
FNF:2
FNH:0
FNDA:0,LogoutButton
FNDA:0,(anonymous_1)
DA:13,0
DA:14,0
DA:16,0
DA:22,0
DA:23,0
DA:36,0
DA:58,0
LF:7
LH:0
BRDA:17,0,0,0
BRDA:17,0,1,0
BRDA:19,1,0,0
BRDA:19,1,1,0
BRDA:52,2,0,0
BRDA:52,2,1,0
BRF:6
BRH:0
end_of_record
TN:
SF:components/shared/query-provider.tsx
FN:13,(anonymous_0)
FN:25,QueryProvider
FNF:2
FNH:0
FNDA:0,(anonymous_0)
FNDA:0,QueryProvider
DA:7,0
DA:13,0
DA:26,0
LF:3
LH:0
BRDA:30,0,0,0
BRDA:30,0,1,0
BRDA:30,0,2,0
BRF:3
BRH:0
end_of_record
TN:
SF:components/shared/react-query-test.tsx
FN:13,ReactQueryTest
FN:32,(anonymous_1)
FN:44,(anonymous_2)
FN:98,(anonymous_3)
FNF:4
FNH:0
FNDA:0,ReactQueryTest
FNDA:0,(anonymous_1)
FNDA:0,(anonymous_2)
FNDA:0,(anonymous_3)
DA:19,0
DA:25,0
DA:28,0
DA:29,0
DA:30,0
DA:32,0
DA:33,0
DA:34,0
DA:35,0
DA:36,0
DA:38,0
DA:39,0
DA:41,0
DA:44,0
DA:45,0
DA:46,0
DA:47,0
DA:48,0
DA:51,0
DA:99,0
DA:100,0
DA:111,0
LF:22
LH:0
BRDA:28,0,0,0
BRDA:28,0,1,0
BRDA:29,1,0,0
BRDA:29,1,1,0
BRDA:30,2,0,0
BRDA:30,2,1,0
BRDA:30,2,2,0
BRDA:33,3,0,0
BRDA:33,3,1,0
BRDA:34,4,0,0
BRDA:34,4,1,0
BRDA:35,5,0,0
BRDA:35,5,1,0
BRDA:35,6,0,0
BRDA:35,6,1,0
BRDA:38,7,0,0
BRDA:38,7,1,0
BRDA:45,8,0,0
BRDA:45,8,1,0
BRDA:46,9,0,0
BRDA:46,9,1,0
BRDA:47,10,0,0
BRDA:47,10,1,0
BRDA:47,11,0,0
BRDA:47,11,1,0
BRDA:69,12,0,0
BRDA:69,12,1,0
BRDA:75,13,0,0
BRDA:75,13,1,0
BRDA:82,14,0,0
BRDA:82,14,1,0
BRDA:90,15,0,0
BRDA:90,15,1,0
BRDA:92,16,0,0
BRDA:92,16,1,0
BRF:35
BRH:0
end_of_record
TN:
SF:components/shared/simple-auth-modal.tsx
FN:31,SimpleAuthModal
FN:58,(anonymous_1)
FN:75,(anonymous_2)
FN:133,(anonymous_3)
FN:183,(anonymous_4)
FN:186,(anonymous_5)
FN:215,(anonymous_6)
FN:218,(anonymous_7)
FN:229,(anonymous_8)
FNF:9
FNH:0
FNDA:0,SimpleAuthModal
FNDA:0,(anonymous_1)
FNDA:0,(anonymous_2)
FNDA:0,(anonymous_3)
FNDA:0,(anonymous_4)
FNDA:0,(anonymous_5)
FNDA:0,(anonymous_6)
FNDA:0,(anonymous_7)
FNDA:0,(anonymous_8)
DA:37,0
DA:38,0
DA:39,0
DA:40,0
DA:41,0
DA:42,0
DA:47,0
DA:58,0
DA:59,0
DA:61,0
DA:62,0
DA:65,0
DA:66,0
DA:67,0
DA:68,0
DA:71,0
DA:72,0
DA:75,0
DA:76,0
DA:78,0
DA:79,0
DA:80,0
DA:84,0
DA:86,0
DA:87,0
DA:91,0
DA:94,0
DA:102,0
DA:103,0
DA:104,0
DA:106,0
DA:113,0
DA:114,0
DA:115,0
DA:117,0
DA:120,0
DA:121,0
DA:122,0
DA:126,0
DA:129,0
DA:133,0
DA:134,0
DA:135,0
DA:144,0
DA:148,0
DA:184,0
DA:185,0
DA:186,0
DA:216,0
DA:217,0
DA:218,0
DA:229,0
DA:287,0
LF:53
LH:0
BRDA:48,0,0,0
BRDA:48,0,1,0
BRDA:49,1,0,0
BRDA:49,1,1,0
BRDA:50,2,0,0
BRDA:50,2,1,0
BRDA:51,3,0,0
BRDA:51,3,1,0
BRDA:52,4,0,0
BRDA:52,4,1,0
BRDA:53,5,0,0
BRDA:53,5,1,0
BRDA:54,6,0,0
BRDA:54,6,1,0
BRDA:55,7,0,0
BRDA:55,7,1,0
BRDA:61,8,0,0
BRDA:61,8,1,0
BRDA:65,9,0,0
BRDA:65,9,1,0
BRDA:67,10,0,0
BRDA:67,10,1,0
BRDA:76,11,0,0
BRDA:76,11,1,0
BRDA:86,12,0,0
BRDA:86,12,1,0
BRDA:121,13,0,0
BRDA:121,13,1,0
BRDA:121,14,0,0
BRDA:121,14,1,0
BRDA:134,15,0,0
BRDA:134,15,1,0
BRDA:176,16,0,0
BRDA:176,16,1,0
BRDA:185,17,0,0
BRDA:185,17,1,0
BRDA:194,18,0,0
BRDA:194,18,1,0
BRDA:208,19,0,0
BRDA:208,19,1,0
BRDA:217,20,0,0
BRDA:217,20,1,0
BRDA:233,21,0,0
BRDA:233,21,1,0
BRDA:236,22,0,0
BRDA:236,22,1,0
BRDA:243,23,0,0
BRDA:243,23,1,0
BRDA:253,24,0,0
BRDA:253,24,1,0
BRDA:263,25,0,0
BRDA:263,25,1,0
BRDA:271,26,0,0
BRDA:271,26,1,0
BRF:54
BRH:0
end_of_record
TN:
SF:components/shared/theme-provider.tsx
FN:24,(anonymous_0)
FN:25,(anonymous_1)
FN:32,ThemeProvider
FN:41,(anonymous_3)
FN:42,(anonymous_4)
FN:64,(anonymous_5)
FN:73,(anonymous_6)
FN:94,(anonymous_7)
FNF:8
FNH:0
FNDA:0,(anonymous_0)
FNDA:0,(anonymous_1)
FNDA:0,ThemeProvider
FNDA:0,(anonymous_3)
FNDA:0,(anonymous_4)
FNDA:0,(anonymous_5)
FNDA:0,(anonymous_6)
FNDA:0,(anonymous_7)
DA:22,1
DA:24,0
DA:25,0
DA:30,1
DA:38,0
DA:39,0
DA:41,0
DA:42,0
DA:43,0
DA:44,0
DA:45,0
DA:46,0
DA:49,0
DA:53,0
DA:57,0
DA:60,0
DA:62,0
DA:65,0
DA:66,0
DA:67,0
DA:69,0
DA:70,0
DA:74,0
DA:75,0
DA:76,0
DA:77,0
DA:79,0
DA:80,0
DA:87,0
DA:94,1
DA:95,0
DA:97,0
DA:98,0
DA:100,0
LF:34
LH:3
BRDA:34,0,0,0
BRDA:35,1,0,0
BRDA:45,2,0,0
BRDA:45,2,1,0
BRDA:57,3,0,0
BRDA:57,3,1,0
BRDA:57,3,2,0
BRDA:57,3,3,0
BRDA:74,4,0,0
BRDA:74,4,1,0
BRDA:97,5,0,0
BRDA:97,5,1,0
BRF:12
BRH:0
end_of_record
TN:
SF:components/shared/theme-toggle.tsx
FN:5,ThemeToggle
FN:8,(anonymous_1)
FNF:2
FNH:0
FNDA:0,ThemeToggle
FNDA:0,(anonymous_1)
DA:6,0
DA:8,0
DA:9,0
DA:12,0
LF:4
LH:0
BRDA:9,0,0,0
BRDA:9,0,1,0
BRF:2
BRH:0
end_of_record
TN:
SF:components/shared/web-auth-modal.tsx
FN:24,WebAuthModal
FN:46,(anonymous_1)
FN:76,(anonymous_2)
FN:110,(anonymous_3)
FN:128,(anonymous_4)
FN:146,(anonymous_5)
FN:168,(anonymous_6)
FN:183,(anonymous_7)
FN:198,(anonymous_8)
FN:230,(anonymous_9)
FN:269,(anonymous_10)
FNF:11
FNH:0
FNDA:0,WebAuthModal
FNDA:0,(anonymous_1)
FNDA:0,(anonymous_2)
FNDA:0,(anonymous_3)
FNDA:0,(anonymous_4)
FNDA:0,(anonymous_5)
FNDA:0,(anonymous_6)
FNDA:0,(anonymous_7)
FNDA:0,(anonymous_8)
FNDA:0,(anonymous_9)
FNDA:0,(anonymous_10)
DA:30,0
DA:31,0
DA:32,0
DA:35,0
DA:37,0
DA:46,0
DA:47,0
DA:48,0
DA:52,0
DA:57,0
DA:60,0
DA:64,0
DA:69,0
DA:72,0
DA:76,0
DA:77,0
DA:79,0
DA:80,0
DA:81,0
DA:82,0
DA:85,0
DA:86,0
DA:87,0
DA:88,0
DA:91,0
DA:94,0
DA:96,0
DA:97,0
DA:98,0
DA:99,0
DA:103,0
DA:104,0
DA:105,0
DA:106,0
DA:110,0
DA:111,0
DA:112,0
DA:114,0
DA:115,0
DA:116,0
DA:119,0
DA:125,0
DA:128,0
DA:129,0
DA:130,0
DA:133,0
DA:134,0
DA:135,0
DA:138,0
DA:139,0
DA:140,0
DA:142,0
DA:146,0
DA:147,0
DA:148,0
DA:149,0
DA:151,0
DA:154,0
DA:165,0
DA:168,0
DA:169,0
DA:170,0
DA:172,0
DA:176,0
DA:177,0
DA:178,0
DA:179,0
DA:183,0
DA:184,0
DA:185,0
DA:194,0
DA:198,0
DA:199,0
DA:201,0
DA:210,0
DA:222,0
DA:230,0
DA:237,0
DA:241,0
DA:270,0
DA:290,0
LF:81
LH:0
BRDA:38,0,0,0
BRDA:38,0,1,0
BRDA:39,1,0,0
BRDA:39,1,1,0
BRDA:40,2,0,0
BRDA:40,2,1,0
BRDA:41,3,0,0
BRDA:41,3,1,0
BRDA:42,4,0,0
BRDA:42,4,1,0
BRDA:43,5,0,0
BRDA:43,5,1,0
BRDA:52,6,0,0
BRDA:52,6,1,0
BRDA:53,7,0,0
BRDA:53,7,1,0
BRDA:53,7,2,0
BRDA:64,8,0,0
BRDA:64,8,1,0
BRDA:65,9,0,0
BRDA:65,9,1,0
BRDA:65,9,2,0
BRDA:81,10,0,0
BRDA:81,10,1,0
BRDA:81,11,0,0
BRDA:81,11,1,0
BRDA:86,12,0,0
BRDA:86,12,1,0
BRDA:115,13,0,0
BRDA:115,13,1,0
BRDA:169,14,0,0
BRDA:169,14,1,0
BRDA:184,15,0,0
BRDA:184,15,1,0
BRDA:199,16,0,0
BRDA:199,16,1,0
BRDA:199,16,2,0
BRDA:199,16,3,0
BRDA:261,17,0,0
BRDA:261,17,1,0
BRF:40
BRH:0
end_of_record
TN:
SF:components/shared/webview-auth.tsx
FN:31,WebViewAuth
FN:62,(anonymous_1)
FN:98,(anonymous_2)
FN:108,(anonymous_3)
FN:122,(anonymous_4)
FN:156,(anonymous_5)
FN:164,(anonymous_6)
FN:174,(anonymous_7)
FN:194,(anonymous_8)
FN:333,(anonymous_9)
FN:346,(anonymous_10)
FNF:11
FNH:0
FNDA:0,WebViewAuth
FNDA:0,(anonymous_1)
FNDA:0,(anonymous_2)
FNDA:0,(anonymous_3)
FNDA:0,(anonymous_4)
FNDA:0,(anonymous_5)
FNDA:0,(anonymous_6)
FNDA:0,(anonymous_7)
FNDA:0,(anonymous_8)
FNDA:0,(anonymous_9)
FNDA:0,(anonymous_10)
DA:36,0
DA:37,0
DA:38,0
DA:39,0
DA:42,0
DA:43,0
DA:45,0
DA:57,0
DA:58,0
DA:59,0
DA:62,0
DA:63,0
DA:64,0
DA:67,0
DA:89,0
DA:90,0
DA:92,0
DA:93,0
DA:98,0
DA:99,0
DA:100,0
DA:101,0
DA:103,0
DA:104,0
DA:105,0
DA:108,0
DA:109,0
DA:117,0
DA:122,0
DA:123,0
DA:126,0
DA:132,0
DA:136,0
DA:145,0
DA:146,0
DA:147,0
DA:156,0
DA:157,0
DA:160,0
DA:164,0
DA:165,0
DA:166,0
DA:167,0
DA:174,0
DA:175,0
DA:176,0
DA:178,0
DA:179,0
DA:181,0
DA:182,0
DA:184,0
DA:185,0
DA:187,0
DA:188,0
DA:191,0
DA:196,0
DA:197,0
DA:211,0
DA:333,0
DA:334,0
DA:335,0
DA:336,0
DA:338,0
DA:339,0
DA:340,0
DA:342,0
DA:343,0
DA:346,0
DA:347,0
DA:354,0
DA:355,0
DA:358,0
DA:362,0
DA:459,0
LF:74
LH:0
BRDA:46,0,0,0
BRDA:46,0,1,0
BRDA:47,1,0,0
BRDA:47,1,1,0
BRDA:48,2,0,0
BRDA:48,2,1,0
BRDA:49,3,0,0
BRDA:49,3,1,0
BRDA:50,4,0,0
BRDA:50,4,1,0
BRDA:51,5,0,0
BRDA:51,5,1,0
BRDA:52,6,0,0
BRDA:52,6,1,0
BRDA:53,7,0,0
BRDA:53,7,1,0
BRDA:64,8,0,0
BRDA:64,8,1,0
BRDA:103,9,0,0
BRDA:103,9,1,0
BRDA:103,10,0,0
BRDA:103,10,1,0
BRDA:112,11,0,0
BRDA:112,11,1,0
BRDA:126,12,0,0
BRDA:126,12,1,0
BRDA:127,13,0,0
BRDA:127,13,1,0
BRDA:127,13,2,0
BRDA:136,14,0,0
BRDA:136,14,1,0
BRDA:137,15,0,0
BRDA:137,15,1,0
BRDA:137,15,2,0
BRDA:137,15,3,0
BRDA:137,15,4,0
BRDA:137,15,5,0
BRDA:145,16,0,0
BRDA:145,16,1,0
BRDA:146,17,0,0
BRDA:146,17,1,0
BRDA:178,18,0,0
BRDA:178,18,1,0
BRDA:181,19,0,0
BRDA:181,19,1,0
BRDA:184,20,0,0
BRDA:184,20,1,0
BRDA:187,21,0,0
BRDA:187,21,1,0
BRDA:196,22,0,0
BRDA:196,22,1,0
BRDA:321,23,0,0
BRDA:321,23,1,0
BRDA:338,24,0,0
BRDA:338,24,1,0
BRDA:342,25,0,0
BRDA:342,25,1,0
BRDA:342,26,0,0
BRDA:342,26,1,0
BRDA:350,27,0,0
BRDA:350,27,1,0
BRDA:354,28,0,0
BRDA:354,28,1,0
BRDA:354,29,0,0
BRDA:354,29,1,0
BRDA:376,30,0,0
BRDA:376,30,1,0
BRDA:381,31,0,0
BRDA:381,31,1,0
BRDA:402,32,0,0
BRDA:402,32,1,0
BRDA:411,33,0,0
BRDA:411,33,1,0
BRDA:418,34,0,0
BRDA:418,34,1,0
BRDA:442,35,0,0
BRDA:442,35,1,0
BRDA:444,36,0,0
BRDA:444,36,1,0
BRDA:447,37,0,0
BRDA:447,37,1,0
BRF:81
BRH:0
end_of_record
TN:
SF:components/ui/avatar.tsx
FN:20,Avatar
FN:23,(anonymous_1)
FN:38,(anonymous_2)
FNF:3
FNH:0
FNDA:0,Avatar
FNDA:0,(anonymous_1)
FNDA:0,(anonymous_2)
DA:21,0
DA:23,0
DA:24,0
DA:26,0
DA:28,0
DA:30,0
DA:32,0
DA:34,0
DA:38,0
DA:39,0
DA:41,0
DA:43,0
DA:45,0
DA:47,0
DA:49,0
DA:53,0
DA:62,0
DA:70,0
DA:71,0
DA:78,0
DA:87,0
LF:21
LH:0
BRDA:20,0,0,0
BRDA:24,1,0,0
BRDA:24,1,1,0
BRDA:24,1,2,0
BRDA:24,1,3,0
BRDA:24,1,4,0
BRDA:39,2,0,0
BRDA:39,2,1,0
BRDA:39,2,2,0
BRDA:39,2,3,0
BRDA:39,2,4,0
BRDA:57,3,0,0
BRDA:57,3,1,0
BRDA:66,4,0,0
BRDA:66,4,1,0
BRDA:70,5,0,0
BRDA:70,5,1,0
BRDA:81,6,0,0
BRDA:81,6,1,0
BRF:19
BRH:0
end_of_record
TN:
SF:components/ui/badge.tsx
FN:20,Badge
FN:29,(anonymous_1)
FN:49,(anonymous_2)
FN:62,(anonymous_3)
FN:72,(anonymous_4)
FNF:5
FNH:0
FNDA:0,Badge
FNDA:0,(anonymous_1)
FNDA:0,(anonymous_2)
FNDA:0,(anonymous_3)
FNDA:0,(anonymous_4)
DA:27,0
DA:29,0
DA:30,0
DA:46,0
DA:49,0
DA:50,0
DA:52,0
DA:54,0
DA:56,0
DA:58,0
DA:62,0
DA:63,0
DA:69,0
DA:72,0
DA:73,0
DA:75,0
DA:77,0
DA:79,0
DA:81,0
DA:85,0
DA:92,0
DA:99,0
DA:106,0
LF:23
LH:0
BRDA:22,0,0,0
BRDA:23,1,0,0
BRDA:35,2,0,0
BRDA:35,2,1,0
BRDA:43,3,0,0
BRDA:43,3,1,0
BRDA:50,4,0,0
BRDA:50,4,1,0
BRDA:50,4,2,0
BRDA:50,4,3,0
BRDA:65,5,0,0
BRDA:65,5,1,0
BRDA:67,6,0,0
BRDA:67,6,1,0
BRDA:73,7,0,0
BRDA:73,7,1,0
BRDA:73,7,2,0
BRDA:73,7,3,0
BRF:18
BRH:0
end_of_record
TN:
SF:components/ui/button.enhanced.tsx
FN:54,ButtonEnhanced
FN:73,(anonymous_1)
FN:81,(anonymous_2)
FN:89,(anonymous_3)
FN:100,(anonymous_4)
FN:129,(anonymous_5)
FN:142,(anonymous_6)
FN:165,(anonymous_7)
FNF:8
FNH:0
FNDA:0,ButtonEnhanced
FNDA:0,(anonymous_1)
FNDA:0,(anonymous_2)
FNDA:0,(anonymous_3)
FNDA:0,(anonymous_4)
FNDA:0,(anonymous_5)
FNDA:0,(anonymous_6)
FNDA:0,(anonymous_7)
DA:68,0
DA:69,0
DA:70,0
DA:73,0
DA:74,0
DA:81,0
DA:82,0
DA:89,0
DA:90,0
DA:95,0
DA:100,0
DA:101,0
DA:125,0
DA:129,0
DA:130,0
DA:138,0
DA:142,0
DA:143,0
DA:161,0
DA:165,0
DA:166,0
DA:172,0
DA:176,0
DA:191,0
DA:201,0
DA:205,0
DA:254,0
DA:292,0
LF:28
LH:0
BRDA:57,0,0,0
BRDA:58,1,0,0
BRDA:59,2,0,0
BRDA:60,3,0,0
BRDA:64,4,0,0
BRDA:65,5,0,0
BRDA:66,6,0,0
BRDA:90,7,0,0
BRDA:90,7,1,0
BRDA:90,8,0,0
BRDA:90,8,1,0
BRDA:90,8,2,0
BRDA:182,9,0,0
BRDA:182,9,1,0
BRDA:183,10,0,0
BRDA:183,10,1,0
BRDA:183,10,2,0
BRDA:186,11,0,0
BRDA:186,11,1,0
BRDA:201,12,0,0
BRDA:201,12,1,0
BRDA:201,13,0,0
BRDA:201,13,1,0
BRDA:212,14,0,0
BRDA:212,14,1,0
BRDA:216,15,0,0
BRDA:216,15,1,0
BRDA:219,16,0,0
BRDA:219,16,1,0
BRDA:223,17,0,0
BRDA:223,17,1,0
BRDA:223,17,2,0
BRDA:223,17,3,0
BRDA:228,18,0,0
BRDA:228,18,1,0
BRDA:234,19,0,0
BRDA:234,19,1,0
BRDA:245,20,0,0
BRDA:245,20,1,0
BRDA:245,20,2,0
BRDA:245,20,3,0
BRF:41
BRH:0
end_of_record
TN:
SF:components/ui/button.tsx
FN:36,Button
FN:52,(anonymous_1)
FN:102,(anonymous_2)
FN:117,(anonymous_3)
FN:130,(anonymous_4)
FNF:5
FNH:5
FNDA:18,Button
FNDA:18,(anonymous_1)
FNDA:18,(anonymous_2)
FNDA:18,(anonymous_3)
FNDA:18,(anonymous_4)
DA:50,18
DA:52,18
DA:53,18
DA:99,18
DA:102,18
DA:103,18
DA:105,1
DA:107,1
DA:109,1
DA:111,0
DA:113,15
DA:117,18
DA:118,18
DA:127,18
DA:130,18
DA:131,18
DA:133,1
DA:135,1
DA:137,1
DA:139,0
DA:141,15
DA:145,18
DA:154,18
DA:162,18
DA:195,1
LF:25
LH:23
BRDA:39,0,0,17
BRDA:40,1,0,16
BRDA:41,2,0,14
BRDA:42,3,0,15
BRDA:46,4,0,17
BRDA:75,5,0,0
BRDA:75,5,1,18
BRDA:81,6,0,0
BRDA:81,6,1,18
BRDA:103,7,0,1
BRDA:103,7,1,1
BRDA:103,7,2,1
BRDA:103,7,3,0
BRDA:103,7,4,15
BRDA:122,8,0,0
BRDA:122,8,1,18
BRDA:123,9,0,0
BRDA:123,9,1,18
BRDA:124,10,0,0
BRDA:124,10,1,18
BRDA:131,11,0,1
BRDA:131,11,1,1
BRDA:131,11,2,1
BRDA:131,11,3,0
BRDA:131,11,4,15
BRDA:149,12,0,18
BRDA:149,12,1,1
BRDA:150,13,0,18
BRDA:150,13,1,1
BRDA:158,14,0,18
BRDA:158,14,1,1
BRDA:167,15,0,18
BRDA:167,15,1,17
BRDA:174,16,0,18
BRDA:174,16,1,2
BRDA:179,17,0,2
BRDA:179,17,1,0
BRDA:179,18,0,2
BRDA:179,18,1,0
BRDA:186,19,0,18
BRDA:186,19,1,1
BRDA:186,19,2,1
BRF:42
BRH:33
end_of_record
TN:
SF:components/ui/card.tsx
FN:11,Card
FN:14,(anonymous_1)
FN:54,CardHeader
FN:63,CardTitle
FN:79,CardDescription
FN:99,CardContent
FN:108,CardFooter
FNF:7
FNH:0
FNDA:0,Card
FNDA:0,(anonymous_1)
FNDA:0,CardHeader
FNDA:0,CardTitle
FNDA:0,CardDescription
FNDA:0,CardContent
FNDA:0,CardFooter
DA:12,0
DA:14,0
DA:15,0
DA:19,0
DA:21,0
DA:30,0
DA:36,0
DA:40,0
DA:46,0
DA:55,0
DA:64,0
DA:65,0
DA:80,0
DA:81,0
DA:100,0
DA:109,0
DA:112,0
LF:17
LH:0
BRDA:11,0,0,0
BRDA:16,1,0,0
BRDA:16,1,1,0
BRDA:19,2,0,0
BRDA:19,2,1,0
BRDA:19,2,2,0
BRDA:23,3,0,0
BRDA:23,3,1,0
BRDA:25,4,0,0
BRDA:25,4,1,0
BRDA:33,5,0,0
BRDA:33,5,1,0
BRDA:67,6,0,0
BRDA:67,6,1,0
BRDA:85,7,0,0
BRDA:85,7,1,0
BRF:16
BRH:0
end_of_record
TN:
SF:components/ui/index.ts
FNF:0
FNH:0
LF:0
LH:0
BRF:0
BRH:0
end_of_record
TN:
SF:components/ui/input.tsx
FN:66,Input
FNF:1
FNH:0
FNDA:0,Input
DA:83,0
DA:85,0
DA:87,0
DA:97,0
DA:106,0
DA:128,0
LF:6
LH:0
BRDA:70,0,0,0
BRDA:71,1,0,0
BRDA:72,2,0,0
BRDA:73,3,0,0
BRDA:74,4,0,0
BRDA:75,5,0,0
BRDA:76,6,0,0
BRDA:77,7,0,0
BRDA:85,8,0,0
BRDA:85,8,1,0
BRDA:90,9,0,0
BRDA:90,9,1,0
BRDA:91,10,0,0
BRDA:91,10,1,0
BRDA:92,11,0,0
BRDA:92,11,1,0
BRDA:100,12,0,0
BRDA:100,12,1,0
BRDA:102,13,0,0
BRDA:102,13,1,0
BRDA:111,14,0,0
BRDA:111,14,1,0
BRF:22
BRH:0
end_of_record
TN:
SF:components/ui/switch.tsx
FN:12,Switch
FNF:1
FNH:0
FNDA:0,Switch
DA:19,0
DA:25,0
DA:30,0
DA:48,0
LF:4
LH:0
BRDA:13,0,0,0
BRDA:15,1,0,0
BRDA:16,2,0,0
BRDA:41,3,0,0
BRDA:41,3,1,0
BRF:5
BRH:0
end_of_record
TN:
SF:components/ui/tabs.tsx
FN:44,Tabs
FN:53,(anonymous_1)
FN:58,(anonymous_2)
FN:71,TabsList
FN:75,TabsTrigger
FN:92,(anonymous_5)
FN:108,TabsContent
FNF:7
FNH:0
FNDA:0,Tabs
FNDA:0,(anonymous_1)
FNDA:0,(anonymous_2)
FNDA:0,TabsList
FNDA:0,TabsTrigger
FNDA:0,(anonymous_5)
FNDA:0,TabsContent
DA:16,0
DA:51,0
DA:53,0
DA:54,0
DA:55,0
DA:58,0
DA:59,0
DA:60,0
DA:64,0
DA:72,0
DA:81,0
DA:82,0
DA:83,0
DA:86,0
DA:87,0
DA:89,0
DA:92,0
DA:109,0
DA:110,0
DA:111,0
DA:114,0
DA:116,0
DA:117,0
DA:120,0
DA:123,0
LF:25
LH:0
BRDA:51,0,0,0
BRDA:51,0,1,0
BRDA:51,0,2,0
BRDA:59,1,0,0
BRDA:59,1,1,0
BRDA:82,2,0,0
BRDA:82,2,1,0
BRDA:91,3,0,0
BRDA:91,3,1,0
BRDA:98,4,0,0
BRDA:98,4,1,0
BRDA:110,5,0,0
BRDA:110,5,1,0
BRDA:116,6,0,0
BRDA:116,6,1,0
BRF:15
BRH:0
end_of_record
TN:
SF:components/ui/textarea.tsx
FN:24,Textarea
FNF:1
FNH:0
FNDA:0,Textarea
DA:36,0
DA:44,0
DA:51,0
DA:69,0
LF:4
LH:0
BRDA:28,0,0,0
BRDA:31,1,0,0
BRDA:32,2,0,0
BRDA:33,3,0,0
BRDA:40,4,0,0
BRDA:40,4,1,0
BRDA:47,5,0,0
BRDA:47,5,1,0
BRF:8
BRH:0
end_of_record
TN:
SF:shared/design-system.ts
FN:395,(anonymous_0)
FN:398,(anonymous_1)
FN:408,(anonymous_2)
FNF:3
FNH:0
FNDA:0,(anonymous_0)
FNDA:0,(anonymous_1)
FNDA:0,(anonymous_2)
DA:12,1
DA:98,1
DA:113,1
DA:201,1
DA:231,1
DA:265,1
DA:311,1
DA:325,1
DA:348,1
DA:395,1
DA:396,0
DA:398,1
DA:402,0
DA:408,1
DA:411,0
DA:423,1
LF:16
LH:13
BRDA:396,0,0,0
BRDA:396,0,1,0
BRDA:404,1,0,0
BRDA:404,1,1,0
BRDA:410,2,0,0
BRDA:413,3,0,0
BRDA:413,3,1,0
BRF:7
BRH:0
end_of_record
TN:
SF:shared/discourse-error-handler.ts
FN:40,(anonymous_0)
FN:131,(anonymous_1)
FN:153,(anonymous_2)
FN:167,(anonymous_3)
FN:182,(anonymous_4)
FN:196,(anonymous_5)
FN:206,(anonymous_6)
FN:210,(anonymous_7)
FN:214,(anonymous_8)
FN:219,(anonymous_9)
FNF:10
FNH:0
FNDA:0,(anonymous_0)
FNDA:0,(anonymous_1)
FNDA:0,(anonymous_2)
FNDA:0,(anonymous_3)
FNDA:0,(anonymous_4)
FNDA:0,(anonymous_5)
FNDA:0,(anonymous_6)
FNDA:0,(anonymous_7)
FNDA:0,(anonymous_8)
FNDA:0,(anonymous_9)
DA:12,0
DA:42,0
DA:45,0
DA:46,0
DA:55,0
DA:56,0
DA:65,0
DA:66,0
DA:75,0
DA:76,0
DA:86,0
DA:87,0
DA:96,0
DA:97,0
DA:107,0
DA:111,0
DA:122,0
DA:136,0
DA:138,0
DA:139,0
DA:145,0
DA:150,0
DA:154,0
DA:168,0
DA:183,0
DA:197,0
DA:207,0
DA:211,0
DA:215,0
DA:216,0
DA:220,0
DA:221,0
LF:32
LH:0
BRDA:42,0,0,0
BRDA:42,0,1,0
BRDA:42,0,2,0
BRDA:45,1,0,0
BRDA:45,1,1,0
BRDA:45,2,0,0
BRDA:45,2,1,0
BRDA:55,3,0,0
BRDA:55,3,1,0
BRDA:55,4,0,0
BRDA:55,4,1,0
BRDA:65,5,0,0
BRDA:65,5,1,0
BRDA:65,6,0,0
BRDA:65,6,1,0
BRDA:75,7,0,0
BRDA:75,7,1,0
BRDA:75,8,0,0
BRDA:75,8,1,0
BRDA:86,9,0,0
BRDA:86,9,1,0
BRDA:86,10,0,0
BRDA:86,10,1,0
BRDA:96,11,0,0
BRDA:96,11,1,0
BRDA:96,12,0,0
BRDA:96,12,1,0
BRDA:107,13,0,0
BRDA:107,13,1,0
BRDA:108,14,0,0
BRDA:108,14,1,0
BRDA:138,15,0,0
BRDA:138,15,1,0
BRDA:138,16,0,0
BRDA:138,16,1,0
BRF:35
BRH:0
end_of_record
TN:
SF:shared/error-handling.tsx
FN:70,(anonymous_0)
FN:75,(anonymous_1)
FN:109,(anonymous_2)
FN:125,(anonymous_3)
FN:154,(anonymous_4)
FN:193,(anonymous_5)
FN:196,(anonymous_6)
FN:205,(anonymous_7)
FN:206,(anonymous_8)
FN:216,(anonymous_9)
FN:221,(anonymous_10)
FN:223,(anonymous_11)
FN:228,(anonymous_12)
FN:233,(anonymous_13)
FN:280,(anonymous_14)
FN:293,(anonymous_15)
FN:301,(anonymous_16)
FN:337,(anonymous_17)
FN:366,(anonymous_18)
FN:377,(anonymous_19)
FN:425,DefaultErrorFallback
FN:491,(anonymous_21)
FN:557,CompactErrorFallback
FN:593,useErrorHandler
FN:595,(anonymous_24)
FN:615,(anonymous_25)
FN:630,useErrorBoundary
FN:633,(anonymous_27)
FN:637,(anonymous_28)
FNF:29
FNH:0
FNDA:0,(anonymous_0)
FNDA:0,(anonymous_1)
FNDA:0,(anonymous_2)
FNDA:0,(anonymous_3)
FNDA:0,(anonymous_4)
FNDA:0,(anonymous_5)
FNDA:0,(anonymous_6)
FNDA:0,(anonymous_7)
FNDA:0,(anonymous_8)
FNDA:0,(anonymous_9)
FNDA:0,(anonymous_10)
FNDA:0,(anonymous_11)
FNDA:0,(anonymous_12)
FNDA:0,(anonymous_13)
FNDA:0,(anonymous_14)
FNDA:0,(anonymous_15)
FNDA:0,(anonymous_16)
FNDA:0,(anonymous_17)
FNDA:0,(anonymous_18)
FNDA:0,(anonymous_19)
FNDA:0,DefaultErrorFallback
FNDA:0,(anonymous_21)
FNDA:0,CompactErrorFallback
FNDA:0,useErrorHandler
FNDA:0,(anonymous_24)
FNDA:0,(anonymous_25)
FNDA:0,useErrorBoundary
FNDA:0,(anonymous_27)
FNDA:0,(anonymous_28)
DA:25,0
DA:65,0
DA:66,0
DA:67,0
DA:71,0
DA:81,0
DA:83,0
DA:96,0
DA:97,0
DA:100,0
DA:101,0
DA:102,0
DA:105,0
DA:110,0
DA:112,0
DA:114,0
DA:116,0
DA:118,0
DA:120,0
DA:129,0
DA:131,0
DA:132,0
DA:134,0
DA:135,0
DA:137,0
DA:140,0
DA:143,0
DA:146,0
DA:149,0
DA:158,0
DA:160,0
DA:167,0
DA:174,0
DA:181,0
DA:184,0
DA:194,0
DA:196,0
DA:197,0
DA:198,0
DA:199,0
DA:206,0
DA:207,0
DA:208,0
DA:210,0
DA:217,0
DA:222,0
DA:223,0
DA:229,0
DA:234,0
DA:244,0
DA:246,0
DA:252,0
DA:278,0
DA:281,0
DA:283,0
DA:294,0
DA:302,0
DA:305,0
DA:317,0
DA:323,0
DA:326,0
DA:327,0
DA:330,0
DA:337,0
DA:338,0
DA:339,0
DA:342,0
DA:343,0
DA:347,0
DA:348,0
DA:353,0
DA:356,0
DA:366,0
DA:367,0
DA:378,0
DA:379,0
DA:381,0
DA:382,0
DA:384,0
DA:385,0
DA:396,0
DA:397,0
DA:406,0
DA:416,0
DA:431,0
DA:432,0
DA:434,0
DA:435,0
DA:444,0
DA:446,0
DA:492,0
DA:562,0
DA:563,0
DA:565,0
DA:594,0
DA:600,0
DA:606,0
DA:609,0
DA:626,0
DA:631,0
DA:633,0
DA:634,0
DA:637,0
DA:638,0
DA:642,0
DA:643,0
DA:646,0
DA:653,0
LF:108
LH:0
BRDA:77,0,0,0
BRDA:78,1,0,0
BRDA:100,2,0,0
BRDA:100,2,1,0
BRDA:110,3,0,0
BRDA:110,3,1,0
BRDA:110,3,2,0
BRDA:110,3,3,0
BRDA:110,3,4,0
BRDA:129,4,0,0
BRDA:129,4,1,0
BRDA:129,4,2,0
BRDA:129,4,3,0
BRDA:129,4,4,0
BRDA:131,5,0,0
BRDA:131,5,1,0
BRDA:134,6,0,0
BRDA:134,6,1,0
BRDA:158,7,0,0
BRDA:158,7,1,0
BRDA:158,7,2,0
BRDA:158,7,3,0
BRDA:158,7,4,0
BRDA:198,8,0,0
BRDA:198,8,1,0
BRDA:221,9,0,0
BRDA:244,10,0,0
BRDA:244,10,1,0
BRDA:302,11,0,0
BRDA:308,12,0,0
BRDA:308,12,1,0
BRDA:311,13,0,0
BRDA:311,13,1,0
BRDA:326,14,0,0
BRDA:326,14,1,0
BRDA:342,15,0,0
BRDA:342,15,1,0
BRDA:347,16,0,0
BRDA:347,16,1,0
BRDA:379,17,0,0
BRDA:381,18,0,0
BRDA:381,18,1,0
BRDA:381,19,0,0
BRDA:381,19,1,0
BRDA:384,20,0,0
BRDA:384,20,1,0
BRDA:384,21,0,0
BRDA:384,21,1,0
BRDA:396,22,0,0
BRDA:396,22,1,0
BRDA:434,23,0,0
BRDA:434,23,1,0
BRDA:464,24,0,0
BRDA:464,24,1,0
BRDA:468,25,0,0
BRDA:468,25,1,0
BRDA:481,26,0,0
BRDA:481,26,1,0
BRDA:507,27,0,0
BRDA:507,27,1,0
BRDA:535,28,0,0
BRDA:535,28,1,0
BRDA:541,29,0,0
BRDA:541,29,1,0
BRDA:575,30,0,0
BRDA:575,30,1,0
BRDA:577,31,0,0
BRDA:577,31,1,0
BRDA:597,32,0,0
BRDA:611,33,0,0
BRDA:611,33,1,0
BRDA:642,34,0,0
BRDA:642,34,1,0
BRF:73
BRH:0
end_of_record
TN:
SF:shared/error-logger.ts
FN:35,(anonymous_0)
FN:40,(anonymous_1)
FN:58,(anonymous_2)
FN:71,(anonymous_3)
FN:108,(anonymous_4)
FN:124,(anonymous_5)
FN:140,(anonymous_6)
FN:157,(anonymous_7)
FN:173,(anonymous_8)
FN:188,(anonymous_9)
FN:210,(anonymous_10)
FN:222,(anonymous_11)
FN:234,(anonymous_12)
FN:245,(anonymous_13)
FN:257,(anonymous_14)
FN:262,(anonymous_15)
FN:263,(anonymous_16)
FN:267,(anonymous_17)
FN:268,(anonymous_18)
FN:272,(anonymous_19)
FN:277,(anonymous_20)
FN:283,(anonymous_21)
FN:307,(anonymous_22)
FN:310,(anonymous_23)
FN:318,(anonymous_24)
FN:339,(anonymous_25)
FN:346,(anonymous_26)
FN:353,(anonymous_27)
FN:361,(anonymous_28)
FN:369,(anonymous_29)
FN:376,(anonymous_30)
FN:379,(anonymous_31)
FN:382,(anonymous_32)
FN:385,(anonymous_33)
FNF:34
FNH:0
FNDA:0,(anonymous_0)
FNDA:0,(anonymous_1)
FNDA:0,(anonymous_2)
FNDA:0,(anonymous_3)
FNDA:0,(anonymous_4)
FNDA:0,(anonymous_5)
FNDA:0,(anonymous_6)
FNDA:0,(anonymous_7)
FNDA:0,(anonymous_8)
FNDA:0,(anonymous_9)
FNDA:0,(anonymous_10)
FNDA:0,(anonymous_11)
FNDA:0,(anonymous_12)
FNDA:0,(anonymous_13)
FNDA:0,(anonymous_14)
FNDA:0,(anonymous_15)
FNDA:0,(anonymous_16)
FNDA:0,(anonymous_17)
FNDA:0,(anonymous_18)
FNDA:0,(anonymous_19)
FNDA:0,(anonymous_20)
FNDA:0,(anonymous_21)
FNDA:0,(anonymous_22)
FNDA:0,(anonymous_23)
FNDA:0,(anonymous_24)
FNDA:0,(anonymous_25)
FNDA:0,(anonymous_26)
FNDA:0,(anonymous_27)
FNDA:0,(anonymous_28)
FNDA:0,(anonymous_29)
FNDA:0,(anonymous_30)
FNDA:0,(anonymous_31)
FNDA:0,(anonymous_32)
FNDA:0,(anonymous_33)
DA:30,0
DA:31,0
DA:33,0
DA:36,0
DA:37,0
DA:41,0
DA:43,0
DA:44,0
DA:46,0
DA:49,0
DA:50,0
DA:52,0
DA:54,0
DA:59,0
DA:61,0
DA:62,0
DA:67,0
DA:72,0
DA:75,0
DA:76,0
DA:80,0
DA:84,0
DA:92,0
DA:100,0
DA:114,0
DA:130,0
DA:146,0
DA:164,0
DA:174,0
DA:195,0
DA:196,0
DA:198,0
DA:211,0
DA:223,0
DA:235,0
DA:246,0
DA:258,0
DA:263,0
DA:268,0
DA:273,0
DA:278,0
DA:279,0
DA:284,0
DA:285,0
DA:286,0
DA:292,0
DA:293,0
DA:298,0
DA:299,0
DA:301,0
DA:302,0
DA:308,0
DA:309,0
DA:311,0
DA:312,0
DA:317,0
DA:319,0
DA:320,0
DA:325,0
DA:336,0
DA:339,0
DA:344,0
DA:346,0
DA:351,0
DA:353,0
DA:359,0
DA:361,0
DA:367,0
DA:369,0
DA:374,0
DA:376,0
DA:377,0
DA:379,0
DA:380,0
DA:382,0
DA:383,0
DA:385,0
DA:386,0
LF:78
LH:0
BRDA:44,0,0,0
BRDA:44,0,1,0
BRDA:59,1,0,0
BRDA:59,1,1,0
BRDA:75,2,0,0
BRDA:75,2,1,0
BRDA:84,3,0,0
BRDA:84,3,1,0
BRDA:86,4,0,0
BRDA:86,4,1,0
BRDA:88,5,0,0
BRDA:88,5,1,0
BRDA:102,6,0,0
BRDA:102,6,1,0
BRDA:103,7,0,0
BRDA:103,7,1,0
BRDA:168,8,0,0
BRDA:168,8,1,0
BRDA:168,9,0,0
BRDA:168,9,1,0
BRDA:180,10,0,0
BRDA:180,10,1,0
BRDA:195,11,0,0
BRDA:195,11,1,0
BRDA:196,12,0,0
BRDA:196,12,1,0
BRDA:202,13,0,0
BRDA:202,13,1,0
BRDA:272,14,0,0
BRDA:311,15,0,0
BRDA:311,15,1,0
BRDA:319,16,0,0
BRDA:319,16,1,0
BRF:33
BRH:0
end_of_record
TN:
SF:shared/form-validation.tsx
FN:18,(anonymous_0)
FN:86,(anonymous_1)
FN:89,(anonymous_2)
FN:97,(anonymous_3)
FN:100,(anonymous_4)
FN:108,(anonymous_5)
FN:111,(anonymous_6)
FN:118,(anonymous_7)
FN:121,(anonymous_8)
FN:128,(anonymous_9)
FN:131,(anonymous_10)
FN:138,(anonymous_11)
FN:143,(anonymous_12)
FN:154,(anonymous_13)
FN:160,(anonymous_14)
FN:167,(anonymous_15)
FN:172,(anonymous_16)
FN:180,(anonymous_17)
FN:183,(anonymous_18)
FN:196,(anonymous_19)
FN:219,(anonymous_20)
FN:244,(anonymous_21)
FN:317,(anonymous_22)
FN:356,(anonymous_23)
FN:357,(anonymous_24)
FN:375,(anonymous_25)
FN:388,(anonymous_26)
FN:398,(anonymous_27)
FN:399,(anonymous_28)
FN:404,(anonymous_29)
FN:410,(anonymous_30)
FN:414,(anonymous_31)
FN:423,(anonymous_32)
FN:424,(anonymous_33)
FN:434,(anonymous_34)
FN:447,useFormValidation
FN:464,(anonymous_36)
FN:465,(anonymous_37)
FN:472,(anonymous_38)
FN:486,(anonymous_39)
FN:487,(anonymous_40)
FN:488,(anonymous_41)
FN:492,(anonymous_42)
FN:493,(anonymous_43)
FN:497,(anonymous_44)
FN:505,(anonymous_45)
FN:534,useToast
FN:537,(anonymous_47)
FN:542,(anonymous_48)
FN:546,(anonymous_49)
FN:550,(anonymous_50)
FN:556,(anonymous_51)
FN:563,(anonymous_52)
FN:570,(anonymous_53)
FN:577,(anonymous_54)
FN:605,FieldValidationDisplay
FN:639,(anonymous_56)
FN:652,(anonymous_57)
FN:664,(anonymous_58)
FN:685,ToastNotificationComponent
FN:694,(anonymous_60)
FN:710,(anonymous_61)
FN:722,(anonymous_62)
FN:727,(anonymous_63)
FNF:64
FNH:21
FNDA:1,(anonymous_0)
FNDA:11,(anonymous_1)
FNDA:18,(anonymous_2)
FNDA:5,(anonymous_3)
FNDA:14,(anonymous_4)
FNDA:3,(anonymous_5)
FNDA:8,(anonymous_6)
FNDA:1,(anonymous_7)
FNDA:5,(anonymous_8)
FNDA:1,(anonymous_9)
FNDA:6,(anonymous_10)
FNDA:3,(anonymous_11)
FNDA:9,(anonymous_12)
FNDA:1,(anonymous_13)
FNDA:4,(anonymous_14)
FNDA:3,(anonymous_15)
FNDA:11,(anonymous_16)
FNDA:1,(anonymous_17)
FNDA:7,(anonymous_18)
FNDA:0,(anonymous_19)
FNDA:10,(anonymous_20)
FNDA:0,(anonymous_21)
FNDA:2,(anonymous_22)
FNDA:0,(anonymous_23)
FNDA:0,(anonymous_24)
FNDA:0,(anonymous_25)
FNDA:0,(anonymous_26)
FNDA:0,(anonymous_27)
FNDA:0,(anonymous_28)
FNDA:0,(anonymous_29)
FNDA:0,(anonymous_30)
FNDA:0,(anonymous_31)
FNDA:0,(anonymous_32)
FNDA:0,(anonymous_33)
FNDA:0,(anonymous_34)
FNDA:0,useFormValidation
FNDA:0,(anonymous_36)
FNDA:0,(anonymous_37)
FNDA:0,(anonymous_38)
FNDA:0,(anonymous_39)
FNDA:0,(anonymous_40)
FNDA:0,(anonymous_41)
FNDA:0,(anonymous_42)
FNDA:0,(anonymous_43)
FNDA:0,(anonymous_44)
FNDA:0,(anonymous_45)
FNDA:0,useToast
FNDA:0,(anonymous_47)
FNDA:0,(anonymous_48)
FNDA:0,(anonymous_49)
FNDA:0,(anonymous_50)
FNDA:0,(anonymous_51)
FNDA:0,(anonymous_52)
FNDA:0,(anonymous_53)
FNDA:0,(anonymous_54)
FNDA:0,FieldValidationDisplay
FNDA:0,(anonymous_56)
FNDA:0,(anonymous_57)
FNDA:0,(anonymous_58)
FNDA:0,ToastNotificationComponent
FNDA:0,(anonymous_60)
FNDA:0,(anonymous_61)
FNDA:0,(anonymous_62)
FNDA:0,(anonymous_63)
DA:18,1
DA:19,1
DA:20,1
DA:22,1
DA:25,1
DA:84,1
DA:86,11
DA:90,18
DA:91,4
DA:92,2
DA:97,5
DA:101,14
DA:102,11
DA:103,11
DA:108,3
DA:112,8
DA:113,6
DA:118,1
DA:122,5
DA:123,4
DA:128,1
DA:132,6
DA:133,5
DA:140,3
DA:144,9
DA:145,8
DA:146,8
DA:147,8
DA:148,8
DA:149,8
DA:157,1
DA:161,4
DA:162,2
DA:169,3
DA:173,11
DA:174,10
DA:175,10
DA:180,1
DA:184,7
DA:185,6
DA:186,6
DA:188,4
DA:190,2
DA:203,0
DA:216,1
DA:225,10
DA:226,10
DA:227,10
DA:228,10
DA:230,10
DA:231,20
DA:233,20
DA:234,0
DA:237,0
DA:238,0
DA:239,0
DA:240,0
DA:244,0
DA:245,0
DA:246,0
DA:247,0
DA:254,0
DA:256,0
DA:257,0
DA:259,0
DA:260,0
DA:262,0
DA:265,0
DA:268,0
DA:271,20
DA:272,20
DA:273,6
DA:280,6
DA:282,0
DA:283,0
DA:285,0
DA:286,0
DA:288,6
DA:293,0
DA:297,0
DA:305,10
DA:321,2
DA:322,2
DA:323,2
DA:324,2
DA:325,2
DA:327,2
DA:328,6
DA:335,6
DA:336,6
DA:337,6
DA:338,6
DA:340,6
DA:341,0
DA:345,2
DA:357,0
DA:358,0
DA:363,1
DA:370,1
DA:371,1
DA:372,1
DA:376,0
DA:377,0
DA:383,0
DA:384,0
DA:387,0
DA:388,0
DA:389,0
DA:393,0
DA:394,0
DA:399,0
DA:400,0
DA:405,0
DA:406,0
DA:411,0
DA:412,0
DA:414,0
DA:415,0
DA:416,0
DA:417,0
DA:424,0
DA:425,0
DA:426,0
DA:428,0
DA:435,0
DA:440,1
DA:451,0
DA:452,0
DA:460,0
DA:461,0
DA:464,0
DA:465,0
DA:466,0
DA:472,0
DA:473,0
DA:475,0
DA:479,0
DA:482,0
DA:486,0
DA:487,0
DA:488,0
DA:492,0
DA:493,0
DA:497,0
DA:498,0
DA:499,0
DA:500,0
DA:504,0
DA:506,0
DA:521,0
DA:535,0
DA:537,0
DA:538,0
DA:539,0
DA:542,0
DA:543,0
DA:546,0
DA:547,0
DA:550,0
DA:551,0
DA:555,0
DA:557,0
DA:562,0
DA:564,0
DA:569,0
DA:571,0
DA:576,0
DA:578,0
DA:583,0
DA:609,0
DA:610,0
DA:613,0
DA:614,0
DA:618,0
DA:622,0
DA:623,0
DA:626,0
DA:640,0
DA:653,0
DA:665,0
DA:689,0
DA:690,0
DA:691,0
DA:692,0
DA:694,0
DA:696,0
DA:710,0
DA:711,0
DA:723,0
DA:727,0
DA:728,0
DA:730,0
DA:732,0
DA:734,0
DA:736,0
DA:738,0
DA:742,0
DA:744,0
DA:814,1
LF:199
LH:76
BRDA:86,0,0,11
BRDA:90,1,0,14
BRDA:90,1,1,4
BRDA:91,2,0,2
BRDA:91,2,1,2
BRDA:92,3,0,2
BRDA:92,3,1,0
BRDA:97,4,0,5
BRDA:101,5,0,3
BRDA:101,5,1,11
BRDA:110,6,0,3
BRDA:110,6,1,3
BRDA:112,7,0,2
BRDA:112,7,1,6
BRDA:120,8,0,1
BRDA:120,8,1,1
BRDA:122,9,0,1
BRDA:122,9,1,4
BRDA:128,10,0,1
BRDA:132,11,0,1
BRDA:132,11,1,5
BRDA:139,12,0,3
BRDA:144,13,0,1
BRDA:144,13,1,8
BRDA:149,14,0,8
BRDA:149,14,1,5
BRDA:149,14,2,4
BRDA:149,14,3,4
BRDA:156,15,0,1
BRDA:161,16,0,2
BRDA:161,16,1,2
BRDA:161,17,0,4
BRDA:161,17,1,2
BRDA:168,18,0,3
BRDA:173,19,0,1
BRDA:173,19,1,10
BRDA:180,20,0,1
BRDA:184,21,0,1
BRDA:184,21,1,6
BRDA:188,22,0,4
BRDA:188,22,1,3
BRDA:201,23,0,0
BRDA:202,24,0,0
BRDA:233,25,0,0
BRDA:233,25,1,20
BRDA:233,26,0,20
BRDA:233,26,1,0
BRDA:239,27,0,0
BRDA:239,27,1,0
BRDA:246,28,0,0
BRDA:246,28,1,0
BRDA:250,29,0,0
BRDA:250,29,1,0
BRDA:254,30,0,0
BRDA:254,30,1,0
BRDA:254,30,2,0
BRDA:272,31,0,6
BRDA:272,31,1,14
BRDA:276,32,0,6
BRDA:276,32,1,6
BRDA:280,33,0,0
BRDA:280,33,1,0
BRDA:280,33,2,6
BRDA:340,34,0,0
BRDA:340,34,1,6
BRDA:380,35,0,0
BRDA:380,35,1,0
BRDA:380,36,0,0
BRDA:380,36,1,0
BRDA:387,37,0,0
BRDA:387,37,1,0
BRDA:387,38,0,0
BRDA:387,38,1,0
BRDA:387,38,2,0
BRDA:416,39,0,0
BRDA:416,39,1,0
BRDA:448,40,0,0
BRDA:449,41,0,0
BRDA:497,42,0,0
BRDA:507,43,0,0
BRDA:507,43,1,0
BRDA:607,44,0,0
BRDA:613,45,0,0
BRDA:613,45,1,0
BRDA:613,46,0,0
BRDA:613,46,1,0
BRDA:618,47,0,0
BRDA:618,47,1,0
BRDA:618,47,2,0
BRDA:622,48,0,0
BRDA:622,48,1,0
BRDA:622,49,0,0
BRDA:622,49,1,0
BRDA:628,50,0,0
BRDA:628,50,1,0
BRDA:656,51,0,0
BRDA:656,51,1,0
BRDA:728,52,0,0
BRDA:728,52,1,0
BRDA:728,52,2,0
BRDA:728,52,3,0
BRDA:728,52,4,0
BRDA:730,53,0,0
BRDA:730,53,1,0
BRDA:734,54,0,0
BRDA:734,54,1,0
BRDA:765,55,0,0
BRDA:765,55,1,0
BRDA:777,56,0,0
BRDA:777,56,1,0
BRDA:795,57,0,0
BRDA:795,57,1,0
BRF:112
BRH:48
end_of_record
TN:
SF:shared/index.ts
FNF:0
FNH:0
LF:0
LH:0
BRF:0
BRH:0
end_of_record
TN:
SF:shared/lazy-loading.tsx
FN:38,createLazyComponent
FN:50,(anonymous_1)
FN:54,(anonymous_2)
FN:69,(anonymous_3)
FN:86,(anonymous_4)
FN:87,(anonymous_5)
FN:94,(anonymous_6)
FN:98,(anonymous_7)
FN:100,(anonymous_8)
FN:135,LazyImage
FN:152,(anonymous_10)
FN:153,(anonymous_11)
FN:163,(anonymous_12)
FN:166,(anonymous_13)
FN:184,(anonymous_14)
FN:201,(anonymous_15)
FN:275,createLazyScreen
FN:285,(anonymous_17)
FN:308,ProgressiveLoader
FN:315,(anonymous_19)
FN:321,(anonymous_20)
FN:325,(anonymous_21)
FN:350,VirtualizedList
FN:374,(anonymous_23)
FN:390,(anonymous_24)
FN:397,(anonymous_25)
FN:398,(anonymous_26)
FN:399,(anonymous_27)
FN:400,(anonymous_28)
FN:408,(anonymous_29)
FN:410,(anonymous_30)
FN:411,(anonymous_31)
FN:424,(anonymous_32)
FN:430,(anonymous_33)
FN:436,(anonymous_34)
FNF:35
FNH:0
FNDA:0,createLazyComponent
FNDA:0,(anonymous_1)
FNDA:0,(anonymous_2)
FNDA:0,(anonymous_3)
FNDA:0,(anonymous_4)
FNDA:0,(anonymous_5)
FNDA:0,(anonymous_6)
FNDA:0,(anonymous_7)
FNDA:0,(anonymous_8)
FNDA:0,LazyImage
FNDA:0,(anonymous_10)
FNDA:0,(anonymous_11)
FNDA:0,(anonymous_12)
FNDA:0,(anonymous_13)
FNDA:0,(anonymous_14)
FNDA:0,(anonymous_15)
FNDA:0,createLazyScreen
FNDA:0,(anonymous_17)
FNDA:0,ProgressiveLoader
FNDA:0,(anonymous_19)
FNDA:0,(anonymous_20)
FNDA:0,(anonymous_21)
FNDA:0,VirtualizedList
FNDA:0,(anonymous_23)
FNDA:0,(anonymous_24)
FNDA:0,(anonymous_25)
FNDA:0,(anonymous_26)
FNDA:0,(anonymous_27)
FNDA:0,(anonymous_28)
FNDA:0,(anonymous_29)
FNDA:0,(anonymous_30)
FNDA:0,(anonymous_31)
FNDA:0,(anonymous_32)
FNDA:0,(anonymous_33)
FNDA:0,(anonymous_34)
DA:22,0
DA:47,0
DA:50,0
DA:51,0
DA:53,0
DA:55,0
DA:56,0
DA:61,0
DA:67,0
DA:70,0
DA:71,0
DA:73,0
DA:79,0
DA:84,0
DA:86,0
DA:87,0
DA:94,0
DA:95,0
DA:96,0
DA:98,0
DA:99,0
DA:100,0
DA:103,0
DA:104,0
DA:107,0
DA:114,0
DA:116,0
DA:145,0
DA:146,0
DA:147,0
DA:148,0
DA:149,0
DA:152,0
DA:153,0
DA:154,0
DA:156,0
DA:161,0
DA:163,0
DA:166,0
DA:167,0
DA:168,0
DA:170,0
DA:173,0
DA:174,0
DA:181,0
DA:184,0
DA:185,0
DA:186,0
DA:188,0
DA:190,0
DA:191,0
DA:198,0
DA:201,0
DA:202,0
DA:206,0
DA:207,0
DA:227,0
DA:228,0
DA:248,0
DA:280,0
DA:286,0
DA:313,0
DA:315,0
DA:316,0
DA:318,0
DA:319,0
DA:321,0
DA:322,0
DA:325,0
DA:328,0
DA:329,0
DA:332,0
DA:357,0
DA:359,0
DA:363,0
DA:368,0
DA:369,0
DA:371,0
DA:375,0
DA:388,0
DA:393,0
DA:398,0
DA:399,0
DA:400,0
DA:410,0
DA:411,0
DA:422,0
DA:426,0
DA:432,0
DA:437,0
DA:438,0
DA:439,0
DA:440,0
LF:93
LH:0
BRDA:40,0,0,0
BRDA:43,1,0,0
BRDA:45,2,0,0
BRDA:46,3,0,0
BRDA:84,4,0,0
BRDA:84,4,1,0
BRDA:103,5,0,0
BRDA:103,5,1,0
BRDA:103,6,0,0
BRDA:103,6,1,0
BRDA:138,7,0,0
BRDA:141,8,0,0
BRDA:154,9,0,0
BRDA:154,9,1,0
BRDA:173,10,0,0
BRDA:173,10,1,0
BRDA:173,11,0,0
BRDA:173,11,1,0
BRDA:190,12,0,0
BRDA:190,12,1,0
BRDA:190,13,0,0
BRDA:190,13,1,0
BRDA:206,14,0,0
BRDA:206,14,1,0
BRDA:206,15,0,0
BRDA:206,15,1,0
BRDA:206,15,2,0
BRDA:209,16,0,0
BRDA:209,16,1,0
BRDA:212,17,0,0
BRDA:212,17,1,0
BRDA:212,17,2,0
BRDA:227,18,0,0
BRDA:227,18,1,0
BRDA:240,19,0,0
BRDA:240,19,1,0
BRDA:278,20,0,0
BRDA:284,21,0,0
BRDA:284,21,1,0
BRDA:310,22,0,0
BRDA:311,23,0,0
BRDA:316,24,0,0
BRDA:316,24,1,0
BRDA:318,25,0,0
BRDA:318,25,1,0
BRDA:328,26,0,0
BRDA:328,26,1,0
BRDA:355,27,0,0
BRDA:438,28,0,0
BRDA:438,28,1,0
BRDA:438,29,0,0
BRDA:438,29,1,0
BRF:52
BRH:0
end_of_record
TN:
SF:shared/logger.ts
FN:21,(anonymous_0)
FN:25,(anonymous_1)
FN:29,(anonymous_2)
FN:40,(anonymous_3)
FN:46,(anonymous_4)
FN:52,(anonymous_5)
FN:58,(anonymous_6)
FN:77,(anonymous_7)
FN:89,(anonymous_8)
FN:103,(anonymous_9)
FN:113,logError
FN:120,withLogging
FNF:12
FNH:10
FNDA:15,(anonymous_0)
FNDA:15,(anonymous_1)
FNDA:13,(anonymous_2)
FNDA:4,(anonymous_3)
FNDA:6,(anonymous_4)
FNDA:1,(anonymous_5)
FNDA:4,(anonymous_6)
FNDA:1,(anonymous_7)
FNDA:0,(anonymous_8)
FNDA:0,(anonymous_9)
FNDA:2,logError
FNDA:2,withLogging
DA:22,15
DA:26,15
DA:34,13
DA:35,13
DA:36,13
DA:37,13
DA:41,4
DA:42,3
DA:47,6
DA:48,5
DA:53,1
DA:54,1
DA:59,4
DA:61,4
DA:65,4
DA:78,1
DA:79,1
DA:80,1
DA:82,0
DA:90,0
DA:91,0
DA:93,0
DA:94,0
DA:96,0
DA:104,0
DA:108,2
DA:114,2
DA:125,2
DA:126,2
DA:128,2
DA:129,2
DA:130,2
DA:131,2
DA:132,2
DA:134,0
DA:135,0
DA:136,0
LF:37
LH:27
BRDA:26,0,0,13
BRDA:26,0,1,2
BRDA:36,1,0,8
BRDA:36,1,1,5
BRDA:41,2,0,3
BRDA:41,2,1,1
BRDA:47,3,0,5
BRDA:47,3,1,1
BRDA:53,4,0,1
BRDA:53,4,1,0
BRDA:59,5,0,4
BRDA:59,5,1,0
BRDA:61,6,0,3
BRDA:61,6,1,1
BRDA:78,7,0,1
BRDA:78,7,1,0
BRDA:79,8,0,1
BRDA:79,8,1,0
BRDA:93,9,0,0
BRDA:93,9,1,0
BRDA:93,10,0,0
BRDA:93,10,1,0
BRF:22
BRH:14
end_of_record
TN:
SF:shared/memory-optimizer.ts
FN:36,(anonymous_0)
FN:42,(anonymous_1)
FN:49,(anonymous_2)
FN:62,(anonymous_3)
FN:82,(anonymous_4)
FN:99,(anonymous_5)
FN:142,(anonymous_6)
FN:157,(anonymous_7)
FN:162,(anonymous_8)
FN:174,(anonymous_9)
FN:181,(anonymous_10)
FN:202,(anonymous_11)
FN:210,(anonymous_12)
FN:219,(anonymous_13)
FN:228,(anonymous_14)
FN:240,(anonymous_15)
FN:245,(anonymous_16)
FN:251,(anonymous_17)
FN:262,(anonymous_18)
FN:269,(anonymous_19)
FN:288,(anonymous_20)
FN:294,(anonymous_21)
FN:296,(anonymous_22)
FN:309,(anonymous_23)
FN:311,(anonymous_24)
FN:322,(anonymous_25)
FN:337,useMemoryOptimization
FN:338,(anonymous_27)
FN:342,(anonymous_28)
FN:343,(anonymous_29)
FN:350,(anonymous_30)
FN:353,(anonymous_31)
FN:356,(anonymous_32)
FN:362,useEffectWithCleanup
FN:369,(anonymous_34)
FN:378,useTrackedTimeout
FN:385,(anonymous_36)
FN:389,(anonymous_37)
FN:394,useTrackedInterval
FN:401,(anonymous_39)
FN:405,(anonymous_40)
FN:412,(anonymous_41)
FN:418,(anonymous_42)
FN:423,(anonymous_43)
FN:430,(anonymous_44)
FN:435,(anonymous_45)
FNF:46
FNH:0
FNDA:0,(anonymous_0)
FNDA:0,(anonymous_1)
FNDA:0,(anonymous_2)
FNDA:0,(anonymous_3)
FNDA:0,(anonymous_4)
FNDA:0,(anonymous_5)
FNDA:0,(anonymous_6)
FNDA:0,(anonymous_7)
FNDA:0,(anonymous_8)
FNDA:0,(anonymous_9)
FNDA:0,(anonymous_10)
FNDA:0,(anonymous_11)
FNDA:0,(anonymous_12)
FNDA:0,(anonymous_13)
FNDA:0,(anonymous_14)
FNDA:0,(anonymous_15)
FNDA:0,(anonymous_16)
FNDA:0,(anonymous_17)
FNDA:0,(anonymous_18)
FNDA:0,(anonymous_19)
FNDA:0,(anonymous_20)
FNDA:0,(anonymous_21)
FNDA:0,(anonymous_22)
FNDA:0,(anonymous_23)
FNDA:0,(anonymous_24)
FNDA:0,(anonymous_25)
FNDA:0,useMemoryOptimization
FNDA:0,(anonymous_27)
FNDA:0,(anonymous_28)
FNDA:0,(anonymous_29)
FNDA:0,(anonymous_30)
FNDA:0,(anonymous_31)
FNDA:0,(anonymous_32)
FNDA:0,useEffectWithCleanup
FNDA:0,(anonymous_34)
FNDA:0,useTrackedTimeout
FNDA:0,(anonymous_36)
FNDA:0,(anonymous_37)
FNDA:0,useTrackedInterval
FNDA:0,(anonymous_39)
FNDA:0,(anonymous_40)
FNDA:0,(anonymous_41)
FNDA:0,(anonymous_42)
FNDA:0,(anonymous_43)
FNDA:0,(anonymous_44)
FNDA:0,(anonymous_45)
DA:28,0
DA:29,0
DA:30,0
DA:31,0
DA:32,0
DA:37,0
DA:39,0
DA:40,0
DA:42,0
DA:43,0
DA:44,0
DA:50,0
DA:52,0
DA:53,0
DA:54,0
DA:55,0
DA:58,0
DA:63,0
DA:71,0
DA:74,0
DA:75,0
DA:78,0
DA:84,0
DA:87,0
DA:90,0
DA:93,0
DA:95,0
DA:100,0
DA:101,0
DA:104,0
DA:105,0
DA:107,0
DA:110,0
DA:112,0
DA:115,0
DA:120,0
DA:121,0
DA:127,0
DA:128,0
DA:134,0
DA:135,0
DA:143,0
DA:145,0
DA:153,0
DA:158,0
DA:159,0
DA:162,0
DA:163,0
DA:164,0
DA:166,0
DA:174,0
DA:175,0
DA:176,0
DA:177,0
DA:181,0
DA:182,0
DA:183,0
DA:184,0
DA:186,0
DA:193,0
DA:195,0
DA:196,0
DA:203,0
DA:204,0
DA:205,0
DA:211,0
DA:212,0
DA:213,0
DA:214,0
DA:220,0
DA:221,0
DA:222,0
DA:223,0
DA:231,0
DA:232,0
DA:233,0
DA:235,0
DA:242,0
DA:243,0
DA:245,0
DA:246,0
DA:247,0
DA:251,0
DA:252,0
DA:255,0
DA:258,0
DA:263,0
DA:265,0
DA:269,0
DA:289,0
DA:290,0
DA:293,0
DA:294,0
DA:297,0
DA:300,0
DA:301,0
DA:311,0
DA:312,0
DA:316,0
DA:318,0
DA:323,0
DA:325,0
DA:326,0
DA:327,0
DA:329,0
DA:334,0
DA:338,0
DA:339,0
DA:342,0
DA:343,0
DA:344,0
DA:349,0
DA:351,0
DA:354,0
DA:357,0
DA:367,0
DA:369,0
DA:370,0
DA:371,0
DA:372,0
DA:383,0
DA:385,0
DA:386,0
DA:387,0
DA:389,0
DA:399,0
DA:401,0
DA:402,0
DA:403,0
DA:405,0
DA:410,0
DA:413,0
DA:414,0
DA:419,0
DA:424,0
DA:425,0
DA:426,0
DA:431,0
DA:436,0
LF:139
LH:0
BRDA:36,0,0,0
BRDA:37,1,0,0
BRDA:37,1,1,0
BRDA:50,2,0,0
BRDA:50,2,1,0
BRDA:53,3,0,0
BRDA:53,3,1,0
BRDA:74,4,0,0
BRDA:74,4,1,0
BRDA:101,5,0,0
BRDA:101,5,1,0
BRDA:104,6,0,0
BRDA:104,6,1,0
BRDA:110,7,0,0
BRDA:110,7,1,0
BRDA:120,8,0,0
BRDA:120,8,1,0
BRDA:127,9,0,0
BRDA:127,9,1,0
BRDA:134,10,0,0
BRDA:134,10,1,0
BRDA:159,11,0,0
BRDA:159,11,1,0
BRDA:204,12,0,0
BRDA:204,12,1,0
BRDA:212,13,0,0
BRDA:212,13,1,0
BRDA:221,14,0,0
BRDA:221,14,1,0
BRDA:231,15,0,0
BRDA:231,15,1,0
BRDA:240,16,0,0
BRDA:246,17,0,0
BRDA:246,17,1,0
BRDA:294,18,0,0
BRDA:294,18,1,0
BRDA:300,19,0,0
BRDA:300,19,1,0
BRDA:323,20,0,0
BRDA:323,20,1,0
BRDA:371,21,0,0
BRDA:371,21,1,0
BRF:42
BRH:0
end_of_record
TN:
SF:shared/offline-support.ts
FN:62,(anonymous_0)
FN:69,(anonymous_1)
FN:71,(anonymous_2)
FN:80,(anonymous_3)
FN:110,(anonymous_4)
FN:114,(anonymous_5)
FN:130,(anonymous_6)
FN:139,(anonymous_7)
FN:145,(anonymous_8)
FN:154,(anonymous_9)
FN:155,(anonymous_10)
FN:165,(anonymous_11)
FN:170,(anonymous_12)
FN:187,(anonymous_13)
FN:209,(anonymous_14)
FN:231,(anonymous_15)
FN:241,(anonymous_16)
FN:244,(anonymous_17)
FN:253,(anonymous_18)
FN:256,(anonymous_19)
FN:284,(anonymous_20)
FN:297,(anonymous_21)
FN:321,(anonymous_22)
FN:337,(anonymous_23)
FN:382,(anonymous_24)
FN:400,(anonymous_25)
FN:415,(anonymous_26)
FN:428,(anonymous_27)
FN:443,(anonymous_28)
FN:444,(anonymous_29)
FN:448,(anonymous_30)
FN:457,(anonymous_31)
FN:466,(anonymous_32)
FN:483,(anonymous_33)
FN:488,(anonymous_34)
FN:498,(anonymous_35)
FN:503,(anonymous_36)
FN:508,(anonymous_37)
FN:529,(anonymous_38)
FN:563,(anonymous_39)
FN:566,(anonymous_40)
FN:575,(anonymous_41)
FN:576,(anonymous_42)
FN:586,(anonymous_43)
FN:595,(anonymous_44)
FN:614,useNetworkStatus
FN:619,(anonymous_46)
FN:632,useOfflineData
FN:642,(anonymous_48)
FN:645,(anonymous_49)
FN:681,(anonymous_50)
FN:690,useQueuedAction
FN:694,(anonymous_52)
FNF:53
FNH:0
FNDA:0,(anonymous_0)
FNDA:0,(anonymous_1)
FNDA:0,(anonymous_2)
FNDA:0,(anonymous_3)
FNDA:0,(anonymous_4)
FNDA:0,(anonymous_5)
FNDA:0,(anonymous_6)
FNDA:0,(anonymous_7)
FNDA:0,(anonymous_8)
FNDA:0,(anonymous_9)
FNDA:0,(anonymous_10)
FNDA:0,(anonymous_11)
FNDA:0,(anonymous_12)
FNDA:0,(anonymous_13)
FNDA:0,(anonymous_14)
FNDA:0,(anonymous_15)
FNDA:0,(anonymous_16)
FNDA:0,(anonymous_17)
FNDA:0,(anonymous_18)
FNDA:0,(anonymous_19)
FNDA:0,(anonymous_20)
FNDA:0,(anonymous_21)
FNDA:0,(anonymous_22)
FNDA:0,(anonymous_23)
FNDA:0,(anonymous_24)
FNDA:0,(anonymous_25)
FNDA:0,(anonymous_26)
FNDA:0,(anonymous_27)
FNDA:0,(anonymous_28)
FNDA:0,(anonymous_29)
FNDA:0,(anonymous_30)
FNDA:0,(anonymous_31)
FNDA:0,(anonymous_32)
FNDA:0,(anonymous_33)
FNDA:0,(anonymous_34)
FNDA:0,(anonymous_35)
FNDA:0,(anonymous_36)
FNDA:0,(anonymous_37)
FNDA:0,(anonymous_38)
FNDA:0,(anonymous_39)
FNDA:0,(anonymous_40)
FNDA:0,(anonymous_41)
FNDA:0,(anonymous_42)
FNDA:0,(anonymous_43)
FNDA:0,(anonymous_44)
FNDA:0,useNetworkStatus
FNDA:0,(anonymous_46)
FNDA:0,useOfflineData
FNDA:0,(anonymous_48)
FNDA:0,(anonymous_49)
FNDA:0,(anonymous_50)
FNDA:0,useQueuedAction
FNDA:0,(anonymous_52)
DA:53,0
DA:54,0
DA:65,0
DA:71,0
DA:72,0
DA:76,0
DA:81,0
DA:83,0
DA:85,0
DA:93,0
DA:94,0
DA:95,0
DA:97,0
DA:100,0
DA:101,0
DA:105,0
DA:111,0
DA:113,0
DA:114,0
DA:116,0
DA:122,0
DA:123,0
DA:125,0
DA:131,0
DA:140,0
DA:143,0
DA:145,0
DA:146,0
DA:147,0
DA:148,0
DA:155,0
DA:156,0
DA:157,0
DA:159,0
DA:166,0
DA:171,0
DA:183,0
DA:184,0
DA:188,0
DA:189,0
DA:190,0
DA:197,0
DA:202,0
DA:204,0
DA:210,0
DA:211,0
DA:212,0
DA:214,0
DA:217,0
DA:218,0
DA:219,0
DA:222,0
DA:223,0
DA:225,0
DA:226,0
DA:232,0
DA:233,0
DA:234,0
DA:236,0
DA:242,0
DA:243,0
DA:244,0
DA:245,0
DA:246,0
DA:248,0
DA:254,0
DA:255,0
DA:256,0
DA:258,0
DA:259,0
DA:260,0
DA:261,0
DA:262,0
DA:266,0
DA:268,0
DA:269,0
DA:279,0
DA:280,0
DA:281,0
DA:285,0
DA:286,0
DA:287,0
DA:288,0
DA:289,0
DA:292,0
DA:300,0
DA:307,0
DA:308,0
DA:310,0
DA:313,0
DA:314,0
DA:317,0
DA:322,0
DA:323,0
DA:331,0
DA:332,0
DA:333,0
DA:335,0
DA:337,0
DA:338,0
DA:340,0
DA:341,0
DA:344,0
DA:345,0
DA:346,0
DA:347,0
DA:348,0
DA:349,0
DA:352,0
DA:353,0
DA:356,0
DA:359,0
DA:360,0
DA:361,0
DA:368,0
DA:370,0
DA:377,0
DA:384,0
DA:386,0
DA:387,0
DA:389,0
DA:390,0
DA:392,0
DA:393,0
DA:395,0
DA:401,0
DA:404,0
DA:409,0
DA:410,0
DA:416,0
DA:422,0
DA:423,0
DA:431,0
DA:437,0
DA:438,0
DA:444,0
DA:449,0
DA:450,0
DA:452,0
DA:458,0
DA:467,0
DA:468,0
DA:469,0
DA:478,0
DA:479,0
DA:480,0
DA:484,0
DA:485,0
DA:488,0
DA:489,0
DA:490,0
DA:494,0
DA:499,0
DA:504,0
DA:518,0
DA:530,0
DA:531,0
DA:534,0
DA:535,0
DA:536,0
DA:538,0
DA:539,0
DA:543,0
DA:546,0
DA:548,0
DA:555,0
DA:556,0
DA:558,0
DA:564,0
DA:566,0
DA:567,0
DA:568,0
DA:569,0
DA:576,0
DA:577,0
DA:578,0
DA:580,0
DA:587,0
DA:596,0
DA:597,0
DA:598,0
DA:606,0
DA:607,0
DA:615,0
DA:619,0
DA:620,0
DA:621,0
DA:624,0
DA:637,0
DA:638,0
DA:639,0
DA:640,0
DA:642,0
DA:643,0
DA:645,0
DA:646,0
DA:647,0
DA:648,0
DA:651,0
DA:652,0
DA:653,0
DA:654,0
DA:658,0
DA:659,0
DA:660,0
DA:661,0
DA:662,0
DA:664,0
DA:666,0
DA:669,0
DA:670,0
DA:673,0
DA:674,0
DA:679,0
DA:681,0
DA:682,0
DA:686,0
DA:691,0
DA:693,0
DA:699,0
DA:704,0
LF:221
LH:0
BRDA:88,0,0,0
BRDA:88,0,1,0
BRDA:89,1,0,0
BRDA:89,1,1,0
BRDA:93,2,0,0
BRDA:93,2,1,0
BRDA:100,3,0,0
BRDA:100,3,1,0
BRDA:132,4,0,0
BRDA:132,4,1,0
BRDA:132,4,2,0
BRDA:147,5,0,0
BRDA:147,5,1,0
BRDA:172,6,0,0
BRDA:172,6,1,0
BRDA:189,7,0,0
BRDA:189,7,1,0
BRDA:212,8,0,0
BRDA:212,8,1,0
BRDA:217,9,0,0
BRDA:217,9,1,0
BRDA:261,10,0,0
BRDA:261,10,1,0
BRDA:287,11,0,0
BRDA:287,11,1,0
BRDA:313,12,0,0
BRDA:313,12,1,0
BRDA:322,13,0,0
BRDA:322,13,1,0
BRDA:322,14,0,0
BRDA:322,14,1,0
BRDA:341,15,0,0
BRDA:341,15,1,0
BRDA:352,16,0,0
BRDA:352,16,1,0
BRDA:359,17,0,0
BRDA:359,17,1,0
BRDA:384,18,0,0
BRDA:384,18,1,0
BRDA:384,18,2,0
BRDA:384,18,3,0
BRDA:405,19,0,0
BRDA:405,19,1,0
BRDA:409,20,0,0
BRDA:409,20,1,0
BRDA:410,21,0,0
BRDA:410,21,1,0
BRDA:422,22,0,0
BRDA:422,22,1,0
BRDA:437,23,0,0
BRDA:437,23,1,0
BRDA:489,24,0,0
BRDA:489,24,1,0
BRDA:511,25,0,0
BRDA:521,26,0,0
BRDA:521,26,1,0
BRDA:522,27,0,0
BRDA:522,27,1,0
BRDA:530,28,0,0
BRDA:530,28,1,0
BRDA:538,29,0,0
BRDA:538,29,1,0
BRDA:551,30,0,0
BRDA:551,30,1,0
BRDA:568,31,0,0
BRDA:568,31,1,0
BRDA:627,32,0,0
BRDA:627,32,1,0
BRDA:652,33,0,0
BRDA:652,33,1,0
BRDA:652,34,0,0
BRDA:652,34,1,0
BRDA:658,35,0,0
BRDA:658,35,1,0
BRDA:660,36,0,0
BRDA:660,36,1,0
BRDA:664,37,0,0
BRDA:664,37,1,0
BRDA:669,38,0,0
BRDA:669,38,1,0
BRDA:670,39,0,0
BRDA:670,39,1,0
BRDA:673,40,0,0
BRDA:673,40,1,0
BRF:84
BRH:0
end_of_record
TN:
SF:shared/performance-monitor.ts
FN:34,(anonymous_0)
FN:39,(anonymous_1)
FN:46,(anonymous_2)
FN:83,(anonymous_3)
FN:101,(anonymous_4)
FN:105,(anonymous_5)
FN:115,(anonymous_6)
FN:129,(anonymous_7)
FN:133,(anonymous_8)
FN:141,(anonymous_9)
FN:148,(anonymous_10)
FN:155,(anonymous_11)
FN:168,withPerformanceTracking
FN:175,(anonymous_13)
FN:176,(anonymous_14)
FN:179,(anonymous_15)
FN:193,usePerformanceTracking
FN:194,(anonymous_17)
FN:197,(anonymous_18)
FN:204,useMemoryLeakDetection
FN:208,(anonymous_20)
FN:210,(anonymous_21)
FN:222,(anonymous_22)
FN:233,(anonymous_23)
FN:247,(anonymous_24)
FN:254,(anonymous_25)
FN:275,(anonymous_26)
FN:289,(anonymous_27)
FN:297,(anonymous_28)
FN:305,(anonymous_29)
FN:312,(anonymous_30)
FNF:31
FNH:0
FNDA:0,(anonymous_0)
FNDA:0,(anonymous_1)
FNDA:0,(anonymous_2)
FNDA:0,(anonymous_3)
FNDA:0,(anonymous_4)
FNDA:0,(anonymous_5)
FNDA:0,(anonymous_6)
FNDA:0,(anonymous_7)
FNDA:0,(anonymous_8)
FNDA:0,(anonymous_9)
FNDA:0,(anonymous_10)
FNDA:0,(anonymous_11)
FNDA:0,withPerformanceTracking
FNDA:0,(anonymous_13)
FNDA:0,(anonymous_14)
FNDA:0,(anonymous_15)
FNDA:0,usePerformanceTracking
FNDA:0,(anonymous_17)
FNDA:0,(anonymous_18)
FNDA:0,useMemoryLeakDetection
FNDA:0,(anonymous_20)
FNDA:0,(anonymous_21)
FNDA:0,(anonymous_22)
FNDA:0,(anonymous_23)
FNDA:0,(anonymous_24)
FNDA:0,(anonymous_25)
FNDA:0,(anonymous_26)
FNDA:0,(anonymous_27)
FNDA:0,(anonymous_28)
FNDA:0,(anonymous_29)
FNDA:0,(anonymous_30)
DA:28,0
DA:29,0
DA:30,0
DA:31,0
DA:35,0
DA:40,0
DA:42,0
DA:47,0
DA:49,0
DA:50,0
DA:52,0
DA:53,0
DA:56,0
DA:57,0
DA:58,0
DA:59,0
DA:60,0
DA:64,0
DA:74,0
DA:76,0
DA:84,0
DA:88,0
DA:90,0
DA:92,0
DA:97,0
DA:103,0
DA:105,0
DA:107,0
DA:108,0
DA:111,0
DA:116,0
DA:118,0
DA:120,0
DA:123,0
DA:124,0
DA:130,0
DA:132,0
DA:133,0
DA:136,0
DA:141,0
DA:149,0
DA:150,0
DA:151,0
DA:156,0
DA:165,0
DA:173,0
DA:175,0
DA:176,0
DA:177,0
DA:179,0
DA:180,0
DA:184,0
DA:187,0
DA:189,0
DA:194,0
DA:195,0
DA:197,0
DA:198,0
DA:205,0
DA:206,0
DA:208,0
DA:210,0
DA:211,0
DA:212,0
DA:215,0
DA:216,0
DA:222,0
DA:223,0
DA:224,0
DA:231,0
DA:234,0
DA:236,0
DA:238,0
DA:240,0
DA:250,0
DA:255,0
DA:256,0
DA:258,0
DA:259,0
DA:262,0
DA:263,0
DA:268,0
DA:273,0
DA:281,0
DA:290,0
DA:295,0
DA:298,0
DA:299,0
DA:300,0
DA:306,0
DA:307,0
DA:308,0
DA:313,0
DA:314,0
DA:315,0
DA:316,0
LF:96
LH:0
BRDA:40,0,0,0
BRDA:40,0,1,0
BRDA:47,1,0,0
BRDA:47,1,1,0
BRDA:50,2,0,0
BRDA:50,2,1,0
BRDA:57,3,0,0
BRDA:57,3,1,0
BRDA:74,4,0,0
BRDA:74,4,1,0
BRDA:84,5,0,0
BRDA:84,5,1,0
BRDA:90,6,0,0
BRDA:90,6,1,0
BRDA:116,7,0,0
BRDA:116,7,1,0
BRDA:118,8,0,0
BRDA:118,8,1,0
BRDA:123,9,0,0
BRDA:123,9,1,0
BRDA:130,10,0,0
BRDA:130,10,1,0
BRDA:173,11,0,0
BRDA:173,11,1,0
BRDA:173,11,2,0
BRDA:173,11,3,0
BRDA:215,12,0,0
BRDA:215,12,1,0
BRDA:215,13,0,0
BRDA:215,13,1,0
BRDA:215,13,2,0
BRDA:223,14,0,0
BRDA:223,14,1,0
BRDA:234,15,0,0
BRDA:234,15,1,0
BRDA:238,16,0,0
BRDA:238,16,1,0
BRDA:258,17,0,0
BRDA:258,17,1,0
BRDA:262,18,0,0
BRDA:262,18,1,0
BRDA:299,19,0,0
BRDA:299,19,1,0
BRF:43
BRH:0
end_of_record
TN:
SF:shared/session-storage.ts
FN:26,(anonymous_0)
FN:71,(anonymous_1)
FN:109,(anonymous_2)
FN:131,(anonymous_3)
FN:141,(anonymous_4)
FN:153,(anonymous_5)
FN:159,(anonymous_6)
FNF:7
FNH:0
FNDA:0,(anonymous_0)
FNDA:0,(anonymous_1)
FNDA:0,(anonymous_2)
FNDA:0,(anonymous_3)
FNDA:0,(anonymous_4)
FNDA:0,(anonymous_5)
FNDA:0,(anonymous_6)
DA:3,0
DA:4,0
DA:5,0
DA:6,0
DA:32,0
DA:34,0
DA:42,0
DA:50,0
DA:57,0
DA:58,0
DA:59,0
DA:60,0
DA:65,0
DA:66,0
DA:72,0
DA:73,0
DA:74,0
DA:75,0
DA:76,0
DA:78,0
DA:79,0
DA:82,0
DA:84,0
DA:94,0
DA:95,0
DA:96,0
DA:97,0
DA:100,0
DA:102,0
DA:103,0
DA:104,0
DA:114,0
DA:115,0
DA:116,0
DA:117,0
DA:119,0
DA:120,0
DA:123,0
DA:125,0
DA:126,0
DA:132,0
DA:133,0
DA:135,0
DA:136,0
DA:142,0
DA:143,0
DA:144,0
DA:145,0
DA:146,0
DA:148,0
DA:154,0
DA:155,0
DA:160,0
DA:161,0
DA:162,0
DA:164,0
DA:166,0
DA:167,0
LF:58
LH:0
BRDA:78,0,0,0
BRDA:78,0,1,0
BRDA:78,1,0,0
BRDA:78,1,1,0
BRDA:78,1,2,0
BRDA:78,1,3,0
BRDA:95,2,0,0
BRDA:95,2,1,0
BRDA:119,3,0,0
BRDA:119,3,1,0
BRDA:119,4,0,0
BRDA:119,4,1,0
BRDA:119,4,2,0
BRDA:162,5,0,0
BRDA:162,5,1,0
BRF:15
BRH:0
end_of_record
TN:
SF:shared/theme-constants.ts
FN:176,(anonymous_0)
FN:183,(anonymous_1)
FNF:2
FNH:0
FNDA:0,(anonymous_0)
FNDA:0,(anonymous_1)
DA:6,0
DA:81,0
DA:91,0
DA:115,0
DA:124,0
DA:148,0
DA:176,0
DA:177,0
DA:183,0
DA:184,0
DA:186,0
LF:11
LH:0
BRDA:177,0,0,0
BRDA:177,0,1,0
BRF:2
BRH:0
end_of_record
TN:
SF:shared/useAuth.ts
FN:26,useAuth
FN:33,(anonymous_1)
FN:37,(anonymous_2)
FN:64,(anonymous_3)
FN:100,(anonymous_4)
FN:135,(anonymous_5)
FN:149,(anonymous_6)
FN:155,(anonymous_7)
FNF:8
FNH:0
FNDA:0,useAuth
FNDA:0,(anonymous_1)
FNDA:0,(anonymous_2)
FNDA:0,(anonymous_3)
FNDA:0,(anonymous_4)
FNDA:0,(anonymous_5)
FNDA:0,(anonymous_6)
FNDA:0,(anonymous_7)
DA:24,0
DA:27,0
DA:33,0
DA:34,0
DA:37,0
DA:38,0
DA:39,0
DA:40,0
DA:41,0
DA:42,0
DA:48,0
DA:55,0
DA:56,0
DA:64,0
DA:68,0
DA:71,0
DA:85,0
DA:86,0
DA:92,0
DA:93,0
DA:95,0
DA:96,0
DA:100,0
DA:105,0
DA:108,0
DA:120,0
DA:121,0
DA:127,0
DA:128,0
DA:130,0
DA:131,0
DA:135,0
DA:136,0
DA:137,0
DA:138,0
DA:143,0
DA:145,0
DA:149,0
DA:150,0
DA:152,0
DA:153,0
DA:154,0
DA:155,0
DA:159,0
DA:164,0
DA:168,0
LF:46
LH:0
BRDA:40,0,0,0
BRDA:40,0,1,0
BRDA:150,1,0,0
BRDA:150,1,1,0
BRF:4
BRH:0
end_of_record
TN:
SF:shared/useCreateByte.ts
FN:30,useCreateByte
FN:34,(anonymous_1)
FN:74,(anonymous_2)
FN:85,(anonymous_3)
FN:99,(anonymous_4)
FN:122,(anonymous_5)
FNF:6
FNH:0
FNDA:0,useCreateByte
FNDA:0,(anonymous_1)
FNDA:0,(anonymous_2)
FNDA:0,(anonymous_3)
FNDA:0,(anonymous_4)
FNDA:0,(anonymous_5)
DA:31,0
DA:32,0
DA:34,0
DA:37,0
DA:38,0
DA:41,0
DA:42,0
DA:45,0
DA:46,0
DA:49,0
DA:51,0
DA:54,0
DA:74,0
DA:76,0
DA:77,0
DA:79,0
DA:80,0
DA:81,0
DA:85,0
DA:88,0
DA:89,0
DA:92,0
DA:93,0
DA:96,0
DA:99,0
DA:102,0
DA:103,0
DA:106,0
DA:107,0
DA:108,0
DA:111,0
DA:112,0
DA:119,0
DA:122,0
DA:125,0
DA:127,0
DA:128,0
DA:129,0
DA:132,0
DA:133,0
DA:134,0
DA:137,0
DA:143,0
LF:43
LH:0
BRDA:37,0,0,0
BRDA:37,0,1,0
BRDA:41,1,0,0
BRDA:41,1,1,0
BRDA:45,2,0,0
BRDA:45,2,1,0
BRDA:88,3,0,0
BRDA:88,3,1,0
BRDA:92,4,0,0
BRDA:92,4,1,0
BRDA:102,5,0,0
BRDA:102,5,1,0
BRDA:107,6,0,0
BRDA:107,6,1,0
BRDA:111,7,0,0
BRDA:111,7,1,0
BRDA:128,8,0,0
BRDA:128,8,1,0
BRDA:128,9,0,0
BRDA:128,9,1,0
BRDA:133,10,0,0
BRDA:133,10,1,0
BRDA:133,11,0,0
BRDA:133,11,1,0
BRF:24
BRH:0
end_of_record
TN:
SF:shared/useDiscourseSettings.ts
FN:4,useDiscourseSettings
FN:11,(anonymous_1)
FN:12,fetchSettings
FNF:3
FNH:0
FNDA:0,useDiscourseSettings
FNDA:0,(anonymous_1)
FNDA:0,fetchSettings
DA:5,0
DA:9,0
DA:11,0
DA:13,0
DA:15,0
DA:16,0
DA:22,0
DA:24,0
DA:27,0
DA:30,0
LF:10
LH:0
BRDA:17,0,0,0
BRDA:17,0,1,0
BRDA:18,1,0,0
BRDA:18,1,1,0
BRF:4
BRH:0
end_of_record
TN:
SF:shared/useDiscourseUser.ts
FN:46,useDiscourseUser
FN:63,(anonymous_1)
FN:91,(anonymous_2)
FN:114,(anonymous_3)
FN:145,(anonymous_4)
FN:176,(anonymous_5)
FN:207,(anonymous_6)
FN:239,(anonymous_7)
FN:270,(anonymous_8)
FN:277,(anonymous_9)
FNF:10
FNH:0
FNDA:0,useDiscourseUser
FNDA:0,(anonymous_1)
FNDA:0,(anonymous_2)
FNDA:0,(anonymous_3)
FNDA:0,(anonymous_4)
FNDA:0,(anonymous_5)
FNDA:0,(anonymous_6)
FNDA:0,(anonymous_7)
FNDA:0,(anonymous_8)
FNDA:0,(anonymous_9)
DA:48,0
DA:49,0
DA:50,0
DA:51,0
DA:52,0
DA:53,0
DA:54,0
DA:57,0
DA:58,0
DA:63,0
DA:64,0
DA:66,0
DA:67,0
DA:69,0
DA:72,0
DA:73,0
DA:75,0
DA:78,0
DA:79,0
DA:81,0
DA:84,0
DA:86,0
DA:91,0
DA:92,0
DA:94,0
DA:95,0
DA:97,0
DA:98,0
DA:100,0
DA:101,0
DA:103,0
DA:106,0
DA:108,0
DA:113,0
DA:115,0
DA:117,0
DA:118,0
DA:120,0
DA:121,0
DA:126,0
DA:127,0
DA:128,0
DA:130,0
DA:131,0
DA:134,0
DA:135,0
DA:137,0
DA:144,0
DA:146,0
DA:148,0
DA:149,0
DA:151,0
DA:152,0
DA:157,0
DA:158,0
DA:159,0
DA:161,0
DA:162,0
DA:165,0
DA:166,0
DA:168,0
DA:175,0
DA:177,0
DA:179,0
DA:180,0
DA:182,0
DA:183,0
DA:189,0
DA:190,0
DA:192,0
DA:193,0
DA:196,0
DA:197,0
DA:199,0
DA:206,0
DA:208,0
DA:210,0
DA:211,0
DA:213,0
DA:214,0
DA:219,0
DA:221,0
DA:222,0
DA:224,0
DA:225,0
DA:228,0
DA:229,0
DA:231,0
DA:238,0
DA:240,0
DA:242,0
DA:243,0
DA:245,0
DA:246,0
DA:251,0
DA:253,0
DA:254,0
DA:256,0
DA:257,0
DA:260,0
DA:261,0
DA:263,0
DA:270,0
DA:271,0
DA:272,0
DA:277,0
DA:278,0
DA:279,0
DA:283,0
LF:109
LH:0
BRDA:58,0,0,0
BRDA:58,0,1,0
BRDA:64,1,0,0
BRDA:64,1,1,0
BRDA:72,2,0,0
BRDA:72,2,1,0
BRDA:78,3,0,0
BRDA:78,3,1,0
BRDA:78,4,0,0
BRDA:78,4,1,0
BRDA:81,5,0,0
BRDA:81,5,1,0
BRDA:84,6,0,0
BRDA:84,6,1,0
BRDA:92,7,0,0
BRDA:92,7,1,0
BRDA:92,8,0,0
BRDA:92,8,1,0
BRDA:100,9,0,0
BRDA:100,9,1,0
BRDA:100,10,0,0
BRDA:100,10,1,0
BRDA:103,11,0,0
BRDA:103,11,1,0
BRDA:106,12,0,0
BRDA:106,12,1,0
BRDA:115,13,0,0
BRDA:115,13,1,0
BRDA:126,14,0,0
BRDA:126,14,1,0
BRDA:126,15,0,0
BRDA:126,15,1,0
BRDA:130,16,0,0
BRDA:130,16,1,0
BRDA:134,17,0,0
BRDA:134,17,1,0
BRDA:146,18,0,0
BRDA:146,18,1,0
BRDA:157,19,0,0
BRDA:157,19,1,0
BRDA:157,20,0,0
BRDA:157,20,1,0
BRDA:161,21,0,0
BRDA:161,21,1,0
BRDA:165,22,0,0
BRDA:165,22,1,0
BRDA:177,23,0,0
BRDA:177,23,1,0
BRDA:189,24,0,0
BRDA:189,24,1,0
BRDA:192,25,0,0
BRDA:192,25,1,0
BRDA:196,26,0,0
BRDA:196,26,1,0
BRDA:208,27,0,0
BRDA:208,27,1,0
BRDA:219,28,0,0
BRDA:219,28,1,0
BRDA:224,29,0,0
BRDA:224,29,1,0
BRDA:228,30,0,0
BRDA:228,30,1,0
BRDA:240,31,0,0
BRDA:240,31,1,0
BRDA:251,32,0,0
BRDA:251,32,1,0
BRDA:256,33,0,0
BRDA:256,33,1,0
BRDA:260,34,0,0
BRDA:260,34,1,0
BRDA:271,35,0,0
BRDA:271,35,1,0
BRDA:278,36,0,0
BRDA:278,36,1,0
BRDA:278,37,0,0
BRDA:278,37,1,0
BRF:76
BRH:0
end_of_record
TN:
SF:shared/useFeed.ts
FN:77,useFeed
FN:88,(anonymous_1)
FN:92,(anonymous_2)
FN:94,(anonymous_3)
FN:98,(anonymous_4)
FN:100,(anonymous_5)
FN:108,(anonymous_6)
FN:116,(anonymous_7)
FN:118,(anonymous_8)
FN:122,(anonymous_9)
FN:124,(anonymous_10)
FN:132,(anonymous_11)
FN:140,(anonymous_12)
FN:144,(anonymous_13)
FN:148,(anonymous_14)
FN:155,(anonymous_15)
FN:163,(anonymous_16)
FN:167,(anonymous_17)
FN:169,(anonymous_18)
FN:185,(anonymous_19)
FN:187,(anonymous_20)
FN:200,(anonymous_21)
FN:201,(anonymous_22)
FN:207,(anonymous_23)
FN:208,(anonymous_24)
FNF:25
FNH:0
FNDA:0,useFeed
FNDA:0,(anonymous_1)
FNDA:0,(anonymous_2)
FNDA:0,(anonymous_3)
FNDA:0,(anonymous_4)
FNDA:0,(anonymous_5)
FNDA:0,(anonymous_6)
FNDA:0,(anonymous_7)
FNDA:0,(anonymous_8)
FNDA:0,(anonymous_9)
FNDA:0,(anonymous_10)
FNDA:0,(anonymous_11)
FNDA:0,(anonymous_12)
FNDA:0,(anonymous_13)
FNDA:0,(anonymous_14)
FNDA:0,(anonymous_15)
FNDA:0,(anonymous_16)
FNDA:0,(anonymous_17)
FNDA:0,(anonymous_18)
FNDA:0,(anonymous_19)
FNDA:0,(anonymous_20)
FNDA:0,(anonymous_21)
FNDA:0,(anonymous_22)
FNDA:0,(anonymous_23)
FNDA:0,(anonymous_24)
DA:14,0
DA:78,0
DA:86,0
DA:88,0
DA:89,0
DA:92,0
DA:93,0
DA:94,0
DA:98,0
DA:100,0
DA:107,0
DA:108,0
DA:116,0
DA:117,0
DA:118,0
DA:122,0
DA:124,0
DA:131,0
DA:132,0
DA:140,0
DA:141,0
DA:143,0
DA:144,0
DA:148,0
DA:154,0
DA:155,0
DA:163,0
DA:164,0
DA:166,0
DA:167,0
DA:170,0
DA:183,0
DA:185,0
DA:188,0
DA:200,0
DA:201,0
DA:207,0
DA:208,0
DA:211,0
LF:39
LH:0
BRDA:141,0,0,0
BRDA:141,0,1,0
BRDA:141,1,0,0
BRDA:141,1,1,0
BRDA:164,2,0,0
BRDA:164,2,1,0
BRDA:170,3,0,0
BRDA:170,3,1,0
BRDA:174,4,0,0
BRDA:174,4,1,0
BRDA:188,5,0,0
BRDA:188,5,1,0
BRDA:192,6,0,0
BRDA:192,6,1,0
BRF:14
BRH:0
end_of_record
TN:
SF:shared/useThemedStyles.ts
FN:16,(anonymous_0)
FN:19,(anonymous_1)
FN:20,(anonymous_2)
FN:37,(anonymous_3)
FNF:4
FNH:0
FNDA:0,(anonymous_0)
FNDA:0,(anonymous_1)
FNDA:0,(anonymous_2)
FNDA:0,(anonymous_3)
DA:16,0
DA:17,0
DA:19,0
DA:20,0
DA:22,0
DA:37,0
DA:39,0
DA:41,0
LF:8
LH:0
BRF:0
BRH:0
end_of_record
