TN:
SF:app/+html.tsx
FN:7,Root
FNF:1
FNH:0
FNDA:0,Root
DA:8,0
DA:30,0
LF:2
LH:0
BRF:0
BRH:0
end_of_record
TN:
SF:app/+not-found.tsx
FN:6,NotFoundScreen
FNF:1
FNH:0
FNDA:0,NotFoundScreen
DA:7,0
DA:21,0
LF:2
LH:0
BRF:0
BRH:0
end_of_record
TN:
SF:app/_layout.tsx
FN:26,RootLayout
FN:33,(anonymous_1)
FN:37,(anonymous_2)
FN:50,RootLayoutNav
FNF:4
FNH:0
FNDA:0,RootLayout
FNDA:0,(anonymous_1)
FNDA:0,(anonymous_2)
FNDA:0,RootLayoutNav
DA:18,0
DA:24,0
DA:27,0
DA:33,0
DA:34,0
DA:37,0
DA:38,0
DA:39,0
DA:43,0
DA:44,0
DA:47,0
DA:51,0
DA:53,0
LF:13
LH:0
BRDA:34,0,0,0
BRDA:34,0,1,0
BRDA:38,1,0,0
BRDA:38,1,1,0
BRDA:43,2,0,0
BRDA:43,2,1,0
BRDA:55,3,0,0
BRDA:55,3,1,0
BRF:8
BRH:0
end_of_record
TN:
SF:app/index.tsx
FN:7,HomeScreen
FN:18,(anonymous_1)
FN:22,(anonymous_2)
FN:26,(anonymous_3)
FNF:4
FNH:0
FNDA:0,HomeScreen
FNDA:0,(anonymous_1)
FNDA:0,(anonymous_2)
FNDA:0,(anonymous_3)
DA:8,0
DA:9,0
DA:18,0
DA:19,0
DA:22,0
DA:23,0
DA:26,0
DA:27,0
DA:30,0
DA:87,0
LF:10
LH:0
BRDA:10,0,0,0
BRDA:10,0,1,0
BRDA:11,1,0,0
BRDA:11,1,1,0
BRDA:12,2,0,0
BRDA:12,2,1,0
BRDA:13,3,0,0
BRDA:13,3,1,0
BRDA:14,4,0,0
BRDA:14,4,1,0
BRDA:15,5,0,0
BRDA:15,5,1,0
BRF:12
BRH:0
end_of_record
TN:
SF:app/(auth)/_layout.tsx
FN:3,AuthLayout
FNF:1
FNH:0
FNDA:0,AuthLayout
DA:4,0
LF:1
LH:0
BRF:0
BRH:0
end_of_record
TN:
SF:app/(auth)/onboarding.tsx
FN:27,OnboardingScreen
FN:40,(anonymous_1)
FN:48,(anonymous_2)
FN:76,(anonymous_3)
FNF:4
FNH:0
FNDA:0,OnboardingScreen
FNDA:0,(anonymous_1)
FNDA:0,(anonymous_2)
FNDA:0,(anonymous_3)
DA:7,0
DA:9,0
DA:28,0
DA:29,0
DA:30,0
DA:40,0
DA:41,0
DA:42,0
DA:44,0
DA:48,0
DA:49,0
DA:52,0
DA:77,0
DA:108,0
LF:14
LH:0
BRDA:31,0,0,0
BRDA:31,0,1,0
BRDA:32,1,0,0
BRDA:32,1,1,0
BRDA:33,2,0,0
BRDA:33,2,1,0
BRDA:34,3,0,0
BRDA:34,3,1,0
BRDA:35,4,0,0
BRDA:35,4,1,0
BRDA:36,5,0,0
BRDA:36,5,1,0
BRDA:37,6,0,0
BRDA:37,6,1,0
BRDA:41,7,0,0
BRDA:41,7,1,0
BRDA:82,8,0,0
BRDA:82,8,1,0
BRDA:95,9,0,0
BRDA:95,9,1,0
BRDA:96,10,0,0
BRDA:96,10,1,0
BRDA:100,11,0,0
BRDA:100,11,1,0
BRF:24
BRH:0
end_of_record
TN:
SF:app/(auth)/signin.tsx
FN:7,SignInScreen
FN:25,(anonymous_1)
FN:33,(anonymous_2)
FN:39,(anonymous_3)
FN:43,(anonymous_4)
FNF:5
FNH:0
FNDA:0,SignInScreen
FNDA:0,(anonymous_1)
FNDA:0,(anonymous_2)
FNDA:0,(anonymous_3)
FNDA:0,(anonymous_4)
DA:8,0
DA:9,0
DA:21,0
DA:22,0
DA:23,0
DA:25,0
DA:26,0
DA:27,0
DA:28,0
DA:31,0
DA:33,0
DA:34,0
DA:35,0
DA:39,0
DA:40,0
DA:43,0
DA:44,0
DA:47,0
DA:129,0
LF:19
LH:0
BRDA:10,0,0,0
BRDA:10,0,1,0
BRDA:11,1,0,0
BRDA:11,1,1,0
BRDA:12,2,0,0
BRDA:12,2,1,0
BRDA:13,3,0,0
BRDA:13,3,1,0
BRDA:14,4,0,0
BRDA:14,4,1,0
BRDA:15,5,0,0
BRDA:15,5,1,0
BRDA:16,6,0,0
BRDA:16,6,1,0
BRDA:17,7,0,0
BRDA:17,7,1,0
BRDA:18,8,0,0
BRDA:18,8,1,0
BRDA:19,9,0,0
BRDA:19,9,1,0
BRDA:26,10,0,0
BRDA:26,10,1,0
BRDA:26,11,0,0
BRDA:26,11,1,0
BRDA:92,12,0,0
BRDA:92,12,1,0
BRDA:102,13,0,0
BRDA:102,13,1,0
BRF:28
BRH:0
end_of_record
TN:
SF:app/(auth)/signup.tsx
FN:7,SignUpScreen
FN:27,(anonymous_1)
FN:40,(anonymous_2)
FN:46,(anonymous_3)
FN:50,(anonymous_4)
FNF:5
FNH:0
FNDA:0,SignUpScreen
FNDA:0,(anonymous_1)
FNDA:0,(anonymous_2)
FNDA:0,(anonymous_3)
FNDA:0,(anonymous_4)
DA:8,0
DA:9,0
DA:21,0
DA:22,0
DA:23,0
DA:24,0
DA:25,0
DA:27,0
DA:28,0
DA:29,0
DA:30,0
DA:33,0
DA:34,0
DA:35,0
DA:38,0
DA:40,0
DA:41,0
DA:42,0
DA:46,0
DA:47,0
DA:50,0
DA:51,0
DA:54,0
DA:159,0
LF:24
LH:0
BRDA:10,0,0,0
BRDA:10,0,1,0
BRDA:11,1,0,0
BRDA:11,1,1,0
BRDA:12,2,0,0
BRDA:12,2,1,0
BRDA:13,3,0,0
BRDA:13,3,1,0
BRDA:14,4,0,0
BRDA:14,4,1,0
BRDA:15,5,0,0
BRDA:15,5,1,0
BRDA:16,6,0,0
BRDA:16,6,1,0
BRDA:17,7,0,0
BRDA:17,7,1,0
BRDA:18,8,0,0
BRDA:18,8,1,0
BRDA:19,9,0,0
BRDA:19,9,1,0
BRDA:28,10,0,0
BRDA:28,10,1,0
BRDA:28,11,0,0
BRDA:28,11,1,0
BRDA:28,11,2,0
BRDA:28,11,3,0
BRDA:33,12,0,0
BRDA:33,12,1,0
BRDA:122,13,0,0
BRDA:122,13,1,0
BRDA:132,14,0,0
BRDA:132,14,1,0
BRF:32
BRH:0
end_of_record
TN:
SF:app/(compose)/_layout.tsx
FN:3,ComposeLayout
FNF:1
FNH:0
FNDA:0,ComposeLayout
DA:4,0
LF:1
LH:0
BRF:0
BRH:0
end_of_record
TN:
SF:app/(compose)/index.tsx
FN:9,TeretSelectionScreen
FN:19,(anonymous_1)
FN:20,(anonymous_2)
FN:28,ComposeScreen
FN:45,(anonymous_4)
FN:47,(anonymous_5)
FN:66,(anonymous_6)
FN:76,(anonymous_7)
FN:91,(anonymous_8)
FNF:9
FNH:0
FNDA:0,TeretSelectionScreen
FNDA:0,(anonymous_1)
FNDA:0,(anonymous_2)
FNDA:0,ComposeScreen
FNDA:0,(anonymous_4)
FNDA:0,(anonymous_5)
FNDA:0,(anonymous_6)
FNDA:0,(anonymous_7)
FNDA:0,(anonymous_8)
DA:11,0
DA:16,0
DA:20,0
DA:30,0
DA:38,0
DA:39,0
DA:40,0
DA:41,0
DA:42,0
DA:43,0
DA:45,0
DA:47,0
DA:48,0
DA:49,0
DA:50,0
DA:52,0
DA:53,0
DA:54,0
DA:56,0
DA:57,0
DA:58,0
DA:60,0
DA:61,0
DA:62,0
DA:64,0
DA:66,0
DA:67,0
DA:68,0
DA:69,0
DA:73,0
DA:76,0
DA:138,0
LF:32
LH:0
BRDA:45,0,0,0
BRDA:45,0,1,0
BRDA:48,1,0,0
BRDA:48,1,1,0
BRDA:52,2,0,0
BRDA:52,2,1,0
BRDA:56,3,0,0
BRDA:56,3,1,0
BRDA:60,4,0,0
BRDA:60,4,1,0
BRDA:123,5,0,0
BRDA:123,5,1,0
BRDA:127,6,0,0
BRDA:127,6,1,0
BRDA:131,7,0,0
BRDA:131,7,1,0
BRF:16
BRH:0
end_of_record
TN:
SF:app/(modal)/_layout.tsx
FN:3,ModalLayout
FNF:1
FNH:0
FNDA:0,ModalLayout
DA:4,0
LF:1
LH:0
BRF:0
BRH:0
end_of_record
TN:
SF:app/(modal)/index.tsx
FN:7,ModalScreen
FNF:1
FNH:0
FNDA:0,ModalScreen
DA:8,0
DA:20,0
LF:2
LH:0
BRDA:15,0,0,0
BRDA:15,0,1,0
BRF:2
BRH:0
end_of_record
TN:
SF:app/(profile)/_layout.tsx
FN:3,ProfileLayout
FNF:1
FNH:0
FNDA:0,ProfileLayout
DA:4,0
LF:1
LH:0
BRF:0
BRH:0
end_of_record
TN:
SF:app/(profile)/edit-profile.tsx
FN:46,EditProfileScreen
FN:82,(anonymous_1)
FN:95,(anonymous_2)
FN:108,(anonymous_3)
FN:131,(anonymous_4)
FN:140,(anonymous_5)
FN:148,(anonymous_6)
FN:149,(anonymous_7)
FN:153,(anonymous_8)
FN:157,(anonymous_9)
FN:167,(anonymous_10)
FN:174,(anonymous_11)
FN:181,(anonymous_12)
FN:189,(anonymous_13)
FN:274,(anonymous_14)
FN:290,(anonymous_15)
FN:312,(anonymous_16)
FN:326,(anonymous_17)
FN:347,(anonymous_18)
FNF:19
FNH:0
FNDA:0,EditProfileScreen
FNDA:0,(anonymous_1)
FNDA:0,(anonymous_2)
FNDA:0,(anonymous_3)
FNDA:0,(anonymous_4)
FNDA:0,(anonymous_5)
FNDA:0,(anonymous_6)
FNDA:0,(anonymous_7)
FNDA:0,(anonymous_8)
FNDA:0,(anonymous_9)
FNDA:0,(anonymous_10)
FNDA:0,(anonymous_11)
FNDA:0,(anonymous_12)
FNDA:0,(anonymous_13)
FNDA:0,(anonymous_14)
FNDA:0,(anonymous_15)
FNDA:0,(anonymous_16)
FNDA:0,(anonymous_17)
FNDA:0,(anonymous_18)
DA:47,0
DA:48,0
DA:56,0
DA:58,0
DA:66,0
DA:67,0
DA:68,0
DA:70,0
DA:82,0
DA:83,0
DA:84,0
DA:95,0
DA:96,0
DA:98,0
DA:104,0
DA:108,0
DA:109,0
DA:111,0
DA:112,0
DA:115,0
DA:116,0
DA:119,0
DA:120,0
DA:123,0
DA:124,0
DA:127,0
DA:128,0
DA:131,0
DA:132,0
DA:133,0
DA:134,0
DA:136,0
DA:140,0
DA:141,0
DA:142,0
DA:144,0
DA:145,0
DA:148,0
DA:149,0
DA:152,0
DA:153,0
DA:157,0
DA:158,0
DA:159,0
DA:160,0
DA:163,0
DA:165,0
DA:166,0
DA:167,0
DA:170,0
DA:174,0
DA:175,0
DA:176,0
DA:181,0
DA:185,0
DA:189,0
DA:191,0
DA:198,0
DA:199,0
DA:207,0
DA:274,0
DA:290,0
DA:312,0
DA:326,0
DA:347,0
DA:406,0
LF:66
LH:0
BRDA:71,0,0,0
BRDA:71,0,1,0
BRDA:72,1,0,0
BRDA:72,1,1,0
BRDA:73,2,0,0
BRDA:73,2,1,0
BRDA:74,3,0,0
BRDA:74,3,1,0
BRDA:75,4,0,0
BRDA:75,4,1,0
BRDA:76,5,0,0
BRDA:76,5,1,0
BRDA:77,6,0,0
BRDA:77,6,1,0
BRDA:78,7,0,0
BRDA:78,7,1,0
BRDA:83,8,0,0
BRDA:83,8,1,0
BRDA:85,9,0,0
BRDA:85,9,1,0
BRDA:86,10,0,0
BRDA:86,10,1,0
BRDA:87,11,0,0
BRDA:87,11,1,0
BRDA:88,12,0,0
BRDA:88,12,1,0
BRDA:89,13,0,0
BRDA:89,13,1,0
BRDA:96,14,0,0
BRDA:96,14,1,0
BRDA:98,15,0,0
BRDA:98,15,1,0
BRDA:98,15,2,0
BRDA:98,15,3,0
BRDA:98,15,4,0
BRDA:98,16,0,0
BRDA:98,16,1,0
BRDA:99,17,0,0
BRDA:99,17,1,0
BRDA:100,18,0,0
BRDA:100,18,1,0
BRDA:101,19,0,0
BRDA:101,19,1,0
BRDA:102,20,0,0
BRDA:102,20,1,0
BRDA:111,21,0,0
BRDA:111,21,1,0
BRDA:115,22,0,0
BRDA:115,22,1,0
BRDA:119,23,0,0
BRDA:119,23,1,0
BRDA:119,24,0,0
BRDA:119,24,1,0
BRDA:123,25,0,0
BRDA:123,25,1,0
BRDA:123,26,0,0
BRDA:123,26,1,0
BRDA:133,27,0,0
BRDA:133,27,1,0
BRDA:142,28,0,0
BRDA:142,28,1,0
BRDA:145,29,0,0
BRDA:145,29,1,0
BRDA:152,30,0,0
BRDA:152,30,1,0
BRDA:158,31,0,0
BRDA:158,31,1,0
BRDA:165,32,0,0
BRDA:165,32,1,0
BRDA:170,33,0,0
BRDA:170,33,1,0
BRDA:175,34,0,0
BRDA:175,34,1,0
BRDA:198,35,0,0
BRDA:198,35,1,0
BRDA:217,36,0,0
BRDA:217,36,1,0
BRDA:218,37,0,0
BRDA:218,37,1,0
BRDA:220,38,0,0
BRDA:220,38,1,0
BRDA:233,39,0,0
BRDA:233,39,1,0
BRDA:242,40,0,0
BRDA:242,40,1,0
BRDA:278,41,0,0
BRDA:278,41,1,0
BRDA:298,42,0,0
BRDA:298,42,1,0
BRDA:333,43,0,0
BRDA:333,43,1,0
BRDA:355,44,0,0
BRDA:355,44,1,0
BRDA:394,45,0,0
BRDA:394,45,1,0
BRF:95
BRH:0
end_of_record
TN:
SF:app/(profile)/index.tsx
FN:28,ProfileScreen
FN:53,(anonymous_1)
FN:57,(anonymous_2)
FN:61,(anonymous_3)
FN:107,(anonymous_4)
FN:236,(anonymous_5)
FNF:6
FNH:0
FNDA:0,ProfileScreen
FNDA:0,(anonymous_1)
FNDA:0,(anonymous_2)
FNDA:0,(anonymous_3)
FNDA:0,(anonymous_4)
FNDA:0,(anonymous_5)
DA:11,0
DA:29,0
DA:36,0
DA:38,0
DA:53,0
DA:54,0
DA:57,0
DA:58,0
DA:61,0
DA:62,0
DA:66,0
DA:67,0
DA:88,0
DA:89,0
DA:107,0
DA:117,0
DA:237,0
DA:256,0
LF:18
LH:0
BRDA:39,0,0,0
BRDA:39,0,1,0
BRDA:40,1,0,0
BRDA:40,1,1,0
BRDA:41,2,0,0
BRDA:41,2,1,0
BRDA:42,3,0,0
BRDA:42,3,1,0
BRDA:43,4,0,0
BRDA:43,4,1,0
BRDA:44,5,0,0
BRDA:44,5,1,0
BRDA:45,6,0,0
BRDA:45,6,1,0
BRDA:46,7,0,0
BRDA:46,7,1,0
BRDA:47,8,0,0
BRDA:47,8,1,0
BRDA:48,9,0,0
BRDA:48,9,1,0
BRDA:49,10,0,0
BRDA:49,10,1,0
BRDA:50,11,0,0
BRDA:50,11,1,0
BRDA:66,12,0,0
BRDA:66,12,1,0
BRDA:88,13,0,0
BRDA:88,13,1,0
BRDA:88,14,0,0
BRDA:88,14,1,0
BRDA:103,15,0,0
BRDA:103,15,1,0
BRDA:131,16,0,0
BRDA:131,16,1,0
BRDA:132,17,0,0
BRDA:132,17,1,0
BRDA:137,18,0,0
BRDA:137,18,1,0
BRDA:137,18,2,0
BRDA:140,19,0,0
BRDA:140,19,1,0
BRDA:142,20,0,0
BRDA:142,20,1,0
BRDA:150,21,0,0
BRDA:150,21,1,0
BRDA:157,22,0,0
BRDA:157,22,1,0
BRDA:163,23,0,0
BRDA:163,23,1,0
BRDA:169,24,0,0
BRDA:169,24,1,0
BRDA:191,25,0,0
BRDA:191,25,1,0
BRDA:191,25,2,0
BRDA:193,26,0,0
BRDA:193,26,1,0
BRDA:198,27,0,0
BRDA:198,27,1,0
BRDA:211,28,0,0
BRDA:211,28,1,0
BRDA:217,29,0,0
BRDA:217,29,1,0
BRDA:223,30,0,0
BRDA:223,30,1,0
BRF:64
BRH:0
end_of_record
TN:
SF:app/(tabs)/_layout.tsx
FN:6,TabLayout
FN:37,(anonymous_1)
FN:46,(anonymous_2)
FN:55,(anonymous_3)
FN:80,(anonymous_4)
FN:89,(anonymous_5)
FNF:6
FNH:0
FNDA:0,TabLayout
FNDA:0,(anonymous_1)
FNDA:0,(anonymous_2)
FNDA:0,(anonymous_3)
FNDA:0,(anonymous_4)
FNDA:0,(anonymous_5)
DA:7,0
DA:8,0
DA:10,0
DA:38,0
DA:47,0
DA:56,0
DA:81,0
DA:90,0
LF:8
LH:0
BRDA:14,0,0,0
BRDA:14,0,1,0
BRDA:16,1,0,0
BRDA:16,1,1,0
BRDA:25,2,0,0
BRDA:25,2,1,0
BRDA:38,3,0,0
BRDA:38,3,1,0
BRDA:38,4,0,0
BRDA:38,4,1,0
BRDA:47,5,0,0
BRDA:47,5,1,0
BRDA:58,6,0,0
BRDA:58,6,1,0
BRDA:81,7,0,0
BRDA:81,7,1,0
BRDA:90,8,0,0
BRDA:90,8,1,0
BRF:18
BRH:0
end_of_record
TN:
SF:app/(tabs)/compose.tsx
FNF:0
FNH:0
LF:0
LH:0
BRF:0
BRH:0
end_of_record
TN:
SF:app/(tabs)/feed.tsx
FNF:0
FNH:0
LF:0
LH:0
BRF:0
BRH:0
end_of_record
TN:
SF:app/(tabs)/notifications.tsx
FN:2,NotificationsScreen
FNF:1
FNH:0
FNDA:0,NotificationsScreen
DA:3,0
LF:1
LH:0
BRF:0
BRH:0
end_of_record
TN:
SF:app/(tabs)/search.tsx
FN:2,SearchScreen
FNF:1
FNH:0
FNDA:0,SearchScreen
DA:3,0
LF:1
LH:0
BRF:0
BRH:0
end_of_record
TN:
SF:app/(tabs)/settings.tsx
FN:4,SettingsScreen
FNF:1
FNH:0
FNDA:0,SettingsScreen
DA:5,0
LF:1
LH:0
BRF:0
BRH:0
end_of_record
TN:
SF:app/feed/[byteId].tsx
FN:26,ByteDetailsScreen
FN:45,(anonymous_1)
FN:71,(anonymous_2)
FN:72,(anonymous_3)
FN:73,(anonymous_4)
FN:74,(anonymous_5)
FNF:6
FNH:0
FNDA:0,ByteDetailsScreen
FNDA:0,(anonymous_1)
FNDA:0,(anonymous_2)
FNDA:0,(anonymous_3)
FNDA:0,(anonymous_4)
FNDA:0,(anonymous_5)
DA:9,0
DA:27,0
DA:28,0
DA:41,0
DA:43,0
DA:45,0
DA:46,0
DA:49,0
DA:81,0
LF:9
LH:0
BRDA:29,0,0,0
BRDA:29,0,1,0
BRDA:30,1,0,0
BRDA:30,1,1,0
BRDA:31,2,0,0
BRDA:31,2,1,0
BRDA:32,3,0,0
BRDA:32,3,1,0
BRDA:33,4,0,0
BRDA:33,4,1,0
BRDA:34,5,0,0
BRDA:34,5,1,0
BRDA:35,6,0,0
BRDA:35,6,1,0
BRDA:36,7,0,0
BRDA:36,7,1,0
BRDA:37,8,0,0
BRDA:37,8,1,0
BRDA:38,9,0,0
BRDA:38,9,1,0
BRDA:39,10,0,0
BRDA:39,10,1,0
BRF:22
BRH:0
end_of_record
TN:
SF:app/feed/_layout.tsx
FN:3,FeedLayout
FNF:1
FNH:0
FNDA:0,FeedLayout
DA:4,0
LF:1
LH:0
BRF:0
BRH:0
end_of_record
TN:
SF:app/feed/index.enhanced.tsx
FN:129,FeedScreenEnhanced
FN:144,(anonymous_1)
FN:150,(anonymous_2)
FN:171,(anonymous_3)
FN:179,(anonymous_4)
FN:180,(anonymous_5)
FN:180,(anonymous_6)
FN:191,(anonymous_7)
FN:192,(anonymous_8)
FN:192,(anonymous_9)
FN:199,(anonymous_10)
FN:203,(anonymous_11)
FN:207,(anonymous_12)
FN:213,(anonymous_13)
FN:225,(anonymous_14)
FN:226,(anonymous_15)
FN:227,(anonymous_16)
FN:228,(anonymous_17)
FN:229,(anonymous_18)
FN:241,(anonymous_19)
FN:244,(anonymous_20)
FN:262,(anonymous_21)
FN:264,(anonymous_22)
FN:275,(anonymous_23)
FN:289,(anonymous_24)
FN:337,(anonymous_25)
FN:340,(anonymous_26)
FN:359,(anonymous_27)
FNF:28
FNH:0
FNDA:0,FeedScreenEnhanced
FNDA:0,(anonymous_1)
FNDA:0,(anonymous_2)
FNDA:0,(anonymous_3)
FNDA:0,(anonymous_4)
FNDA:0,(anonymous_5)
FNDA:0,(anonymous_6)
FNDA:0,(anonymous_7)
FNDA:0,(anonymous_8)
FNDA:0,(anonymous_9)
FNDA:0,(anonymous_10)
FNDA:0,(anonymous_11)
FNDA:0,(anonymous_12)
FNDA:0,(anonymous_13)
FNDA:0,(anonymous_14)
FNDA:0,(anonymous_15)
FNDA:0,(anonymous_16)
FNDA:0,(anonymous_17)
FNDA:0,(anonymous_18)
FNDA:0,(anonymous_19)
FNDA:0,(anonymous_20)
FNDA:0,(anonymous_21)
FNDA:0,(anonymous_22)
FNDA:0,(anonymous_23)
FNDA:0,(anonymous_24)
FNDA:0,(anonymous_25)
FNDA:0,(anonymous_26)
FNDA:0,(anonymous_27)
DA:46,0
DA:130,0
DA:131,0
DA:134,0
DA:135,0
DA:136,0
DA:137,0
DA:140,0
DA:141,0
DA:144,0
DA:145,0
DA:146,0
DA:148,0
DA:150,0
DA:153,0
DA:171,0
DA:173,0
DA:175,0
DA:179,0
DA:180,0
DA:181,0
DA:191,0
DA:192,0
DA:193,0
DA:199,0
DA:200,0
DA:203,0
DA:204,0
DA:207,0
DA:209,0
DA:213,0
DA:214,0
DA:225,0
DA:226,0
DA:227,0
DA:228,0
DA:229,0
DA:241,0
DA:244,0
DA:245,0
DA:262,0
DA:263,0
DA:265,0
DA:271,0
DA:276,0
DA:277,0
DA:279,0
DA:289,0
DA:290,0
DA:302,0
DA:323,0
DA:338,0
DA:339,0
DA:340,0
DA:359,0
DA:374,0
LF:56
LH:0
BRDA:181,0,0,0
BRDA:181,0,1,0
BRDA:185,1,0,0
BRDA:185,1,1,0
BRDA:193,2,0,0
BRDA:193,2,1,0
BRDA:232,3,0,0
BRDA:232,3,1,0
BRDA:234,4,0,0
BRDA:234,4,1,0
BRDA:277,5,0,0
BRDA:277,5,1,0
BRDA:335,6,0,0
BRDA:335,6,1,0
BRF:14
BRH:0
end_of_record
TN:
SF:app/feed/index.optimized.tsx
FN:148,FeedScreenOptimized
FN:168,(anonymous_1)
FN:169,(anonymous_2)
FN:173,(anonymous_3)
FN:179,(anonymous_4)
FN:186,(anonymous_5)
FN:211,(anonymous_6)
FN:222,(anonymous_7)
FN:225,(anonymous_8)
FN:225,(anonymous_9)
FN:239,(anonymous_10)
FN:240,(anonymous_11)
FN:240,(anonymous_12)
FN:247,(anonymous_13)
FN:251,(anonymous_14)
FN:255,(anonymous_15)
FN:260,(anonymous_16)
FN:277,(anonymous_17)
FN:278,(anonymous_18)
FN:279,(anonymous_19)
FN:280,(anonymous_20)
FN:281,(anonymous_21)
FN:292,(anonymous_22)
FN:295,(anonymous_23)
FN:307,(anonymous_24)
FN:310,(anonymous_25)
FN:311,(anonymous_26)
FN:315,(anonymous_27)
FN:323,(anonymous_28)
FN:337,(anonymous_29)
FN:350,(anonymous_30)
FN:368,(anonymous_31)
FN:370,(anonymous_32)
FN:412,(anonymous_33)
FN:415,(anonymous_34)
FN:436,(anonymous_35)
FNF:36
FNH:0
FNDA:0,FeedScreenOptimized
FNDA:0,(anonymous_1)
FNDA:0,(anonymous_2)
FNDA:0,(anonymous_3)
FNDA:0,(anonymous_4)
FNDA:0,(anonymous_5)
FNDA:0,(anonymous_6)
FNDA:0,(anonymous_7)
FNDA:0,(anonymous_8)
FNDA:0,(anonymous_9)
FNDA:0,(anonymous_10)
FNDA:0,(anonymous_11)
FNDA:0,(anonymous_12)
FNDA:0,(anonymous_13)
FNDA:0,(anonymous_14)
FNDA:0,(anonymous_15)
FNDA:0,(anonymous_16)
FNDA:0,(anonymous_17)
FNDA:0,(anonymous_18)
FNDA:0,(anonymous_19)
FNDA:0,(anonymous_20)
FNDA:0,(anonymous_21)
FNDA:0,(anonymous_22)
FNDA:0,(anonymous_23)
FNDA:0,(anonymous_24)
FNDA:0,(anonymous_25)
FNDA:0,(anonymous_26)
FNDA:0,(anonymous_27)
FNDA:0,(anonymous_28)
FNDA:0,(anonymous_29)
FNDA:0,(anonymous_30)
FNDA:0,(anonymous_31)
FNDA:0,(anonymous_32)
FNDA:0,(anonymous_33)
FNDA:0,(anonymous_34)
FNDA:0,(anonymous_35)
DA:60,0
DA:134,0
DA:149,0
DA:150,0
DA:153,0
DA:154,0
DA:157,0
DA:158,0
DA:159,0
DA:160,0
DA:161,0
DA:164,0
DA:165,0
DA:168,0
DA:169,0
DA:170,0
DA:173,0
DA:179,0
DA:180,0
DA:181,0
DA:182,0
DA:184,0
DA:186,0
DA:188,0
DA:189,0
DA:192,0
DA:211,0
DA:213,0
DA:214,0
DA:215,0
DA:217,0
DA:222,0
DA:223,0
DA:225,0
DA:226,0
DA:235,0
DA:236,0
DA:239,0
DA:240,0
DA:241,0
DA:247,0
DA:248,0
DA:251,0
DA:252,0
DA:255,0
DA:256,0
DA:260,0
DA:261,0
DA:263,0
DA:277,0
DA:278,0
DA:279,0
DA:280,0
DA:281,0
DA:293,0
DA:296,0
DA:307,0
DA:310,0
DA:311,0
DA:312,0
DA:315,0
DA:319,0
DA:324,0
DA:325,0
DA:327,0
DA:337,0
DA:338,0
DA:350,0
DA:351,0
DA:368,0
DA:369,0
DA:371,0
DA:377,0
DA:398,0
DA:413,0
DA:414,0
DA:415,0
DA:436,0
DA:451,0
LF:79
LH:0
BRDA:226,0,0,0
BRDA:226,0,1,0
BRDA:230,1,0,0
BRDA:230,1,1,0
BRDA:241,2,0,0
BRDA:241,2,1,0
BRDA:264,3,0,0
BRDA:264,3,1,0
BRDA:285,4,0,0
BRDA:285,4,1,0
BRDA:325,5,0,0
BRDA:325,5,1,0
BRDA:410,6,0,0
BRDA:410,6,1,0
BRF:14
BRH:0
end_of_record
TN:
SF:app/feed/index.tsx
FN:77,FeedScreen
FN:81,(anonymous_1)
FN:83,(anonymous_2)
FN:88,(anonymous_3)
FN:92,(anonymous_4)
FN:96,(anonymous_5)
FN:100,(anonymous_6)
FN:104,(anonymous_7)
FN:109,(anonymous_8)
FN:120,(anonymous_9)
FN:121,(anonymous_10)
FN:122,(anonymous_11)
FN:123,(anonymous_12)
FN:124,(anonymous_13)
FN:142,(anonymous_14)
FNF:15
FNH:0
FNDA:0,FeedScreen
FNDA:0,(anonymous_1)
FNDA:0,(anonymous_2)
FNDA:0,(anonymous_3)
FNDA:0,(anonymous_4)
FNDA:0,(anonymous_5)
FNDA:0,(anonymous_6)
FNDA:0,(anonymous_7)
FNDA:0,(anonymous_8)
FNDA:0,(anonymous_9)
FNDA:0,(anonymous_10)
FNDA:0,(anonymous_11)
FNDA:0,(anonymous_12)
FNDA:0,(anonymous_13)
FNDA:0,(anonymous_14)
DA:26,0
DA:78,0
DA:79,0
DA:81,0
DA:82,0
DA:83,0
DA:84,0
DA:88,0
DA:89,0
DA:92,0
DA:93,0
DA:96,0
DA:97,0
DA:100,0
DA:101,0
DA:104,0
DA:106,0
DA:109,0
DA:110,0
DA:120,0
DA:122,0
DA:124,0
DA:129,0
DA:142,0
DA:153,0
LF:25
LH:0
BRF:0
BRH:0
end_of_record
TN:
SF:components/EditScreenInfo.tsx
FN:10,EditScreenInfo
FNF:1
FNH:0
FNDA:0,EditScreenInfo
DA:11,0
DA:49,0
LF:2
LH:0
BRF:0
BRH:0
end_of_record
TN:
SF:components/ExternalLink.tsx
FN:6,ExternalLink
FN:14,(anonymous_1)
FNF:2
FNH:0
FNDA:0,ExternalLink
FNDA:0,(anonymous_1)
DA:9,0
DA:15,0
DA:17,0
DA:19,0
LF:4
LH:0
BRDA:15,0,0,0
BRDA:15,0,1,0
BRF:2
BRH:0
end_of_record
TN:
SF:components/StyledText.tsx
FN:3,MonoText
FNF:1
FNH:1
FNDA:1,MonoText
DA:4,1
LF:1
LH:1
BRF:0
BRH:0
end_of_record
TN:
SF:components/Themed.tsx
FN:19,useThemeColor
FN:33,Text
FN:40,View
FNF:3
FNH:2
FNDA:1,useThemeColor
FNDA:1,Text
FNDA:0,View
DA:23,1
DA:24,1
DA:26,1
DA:27,0
DA:29,1
DA:34,1
DA:35,1
DA:37,1
DA:41,0
DA:42,0
DA:44,0
LF:11
LH:7
BRDA:23,0,0,1
BRDA:23,0,1,0
BRDA:26,1,0,0
BRDA:26,1,1,1
BRF:4
BRH:2
end_of_record
TN:
SF:components/useClientOnlyValue.ts
FN:2,useClientOnlyValue
FNF:1
FNH:0
FNDA:0,useClientOnlyValue
DA:3,0
LF:1
LH:0
BRF:0
BRH:0
end_of_record
TN:
SF:components/useClientOnlyValue.web.ts
FN:5,useClientOnlyValue
FN:7,(anonymous_1)
FNF:2
FNH:0
FNDA:0,useClientOnlyValue
FNDA:0,(anonymous_1)
DA:6,0
DA:7,0
DA:8,0
DA:11,0
LF:4
LH:0
BRF:0
BRH:0
end_of_record
TN:
SF:components/useColorScheme.ts
FNF:0
FNH:0
LF:0
LH:0
BRF:0
BRH:0
end_of_record
TN:
SF:components/useColorScheme.web.ts
FN:6,useColorScheme
FNF:1
FNH:0
FNDA:0,useColorScheme
DA:7,0
LF:1
LH:0
BRF:0
BRH:0
end_of_record
TN:
SF:components/feed/ByteBlogPage.tsx
FN:28,ByteBlogPage
FN:85,(anonymous_1)
FN:86,(anonymous_2)
FN:87,getReplies
FN:88,(anonymous_4)
FN:92,(anonymous_5)
FN:94,(anonymous_6)
FN:98,(anonymous_7)
FN:101,(anonymous_8)
FN:111,(anonymous_9)
FN:130,(anonymous_10)
FN:152,(anonymous_11)
FN:152,(anonymous_12)
FN:173,(anonymous_13)
FN:176,(anonymous_14)
FNF:15
FNH:0
FNDA:0,ByteBlogPage
FNDA:0,(anonymous_1)
FNDA:0,(anonymous_2)
FNDA:0,getReplies
FNDA:0,(anonymous_4)
FNDA:0,(anonymous_5)
FNDA:0,(anonymous_6)
FNDA:0,(anonymous_7)
FNDA:0,(anonymous_8)
FNDA:0,(anonymous_9)
FNDA:0,(anonymous_10)
FNDA:0,(anonymous_11)
FNDA:0,(anonymous_12)
FNDA:0,(anonymous_13)
FNDA:0,(anonymous_14)
DA:43,0
DA:44,0
DA:45,0
DA:46,0
DA:59,0
DA:85,0
DA:86,0
DA:88,0
DA:92,0
DA:94,0
DA:98,0
DA:99,0
DA:101,0
DA:102,0
DA:107,0
DA:111,0
DA:131,0
DA:152,0
DA:174,0
DA:183,0
LF:20
LH:0
BRDA:41,0,0,0
BRDA:47,1,0,0
BRDA:47,1,1,0
BRDA:48,2,0,0
BRDA:48,2,1,0
BRDA:49,3,0,0
BRDA:49,3,1,0
BRDA:50,4,0,0
BRDA:50,4,1,0
BRDA:51,5,0,0
BRDA:51,5,1,0
BRDA:52,6,0,0
BRDA:52,6,1,0
BRDA:53,7,0,0
BRDA:53,7,1,0
BRDA:54,8,0,0
BRDA:54,8,1,0
BRDA:55,9,0,0
BRDA:55,9,1,0
BRDA:99,10,0,0
BRDA:99,10,1,0
BRDA:99,11,0,0
BRDA:99,11,1,0
BRDA:110,12,0,0
BRDA:110,12,1,0
BRDA:123,13,0,0
BRDA:123,13,1,0
BRDA:131,14,0,0
BRDA:131,14,1,0
BRDA:147,15,0,0
BRDA:147,15,1,0
BRDA:155,16,0,0
BRDA:155,16,1,0
BRDA:156,17,0,0
BRDA:156,17,1,0
BRDA:158,18,0,0
BRDA:158,18,1,0
BRDA:168,19,0,0
BRDA:168,19,1,0
BRDA:173,20,0,0
BRDA:173,20,1,0
BRDA:176,21,0,0
BRDA:176,21,1,0
BRF:43
BRH:0
end_of_record
TN:
SF:components/feed/ByteCard.enhanced.tsx
FN:58,(anonymous_0)
FN:84,(anonymous_1)
FN:102,(anonymous_2)
FN:106,(anonymous_3)
FN:110,(anonymous_4)
FN:219,(anonymous_5)
FN:220,(anonymous_6)
FN:221,(anonymous_7)
FN:248,(anonymous_8)
FN:249,(anonymous_9)
FN:250,(anonymous_10)
FN:270,(anonymous_11)
FN:271,(anonymous_12)
FN:272,(anonymous_13)
FNF:14
FNH:0
FNDA:0,(anonymous_0)
FNDA:0,(anonymous_1)
FNDA:0,(anonymous_2)
FNDA:0,(anonymous_3)
FNDA:0,(anonymous_4)
FNDA:0,(anonymous_5)
FNDA:0,(anonymous_6)
FNDA:0,(anonymous_7)
FNDA:0,(anonymous_8)
FNDA:0,(anonymous_9)
FNDA:0,(anonymous_10)
FNDA:0,(anonymous_11)
FNDA:0,(anonymous_12)
FNDA:0,(anonymous_13)
DA:58,0
DA:75,0
DA:76,0
DA:77,0
DA:80,0
DA:81,0
DA:84,0
DA:86,0
DA:99,0
DA:102,0
DA:103,0
DA:106,0
DA:107,0
DA:110,0
DA:111,0
DA:115,0
DA:175,0
DA:219,0
DA:220,0
DA:221,0
DA:248,0
DA:249,0
DA:250,0
DA:270,0
DA:271,0
DA:272,0
DA:294,0
DA:317,0
LF:28
LH:0
BRDA:67,0,0,0
BRDA:124,1,0,0
BRDA:124,1,1,0
BRDA:125,2,0,0
BRDA:125,2,1,0
BRDA:137,3,0,0
BRDA:137,3,1,0
BRDA:223,4,0,0
BRDA:223,4,1,0
BRDA:223,4,2,0
BRDA:227,5,0,0
BRDA:227,5,1,0
BRDA:233,6,0,0
BRDA:233,6,1,0
BRDA:234,7,0,0
BRDA:234,7,1,0
BRDA:239,8,0,0
BRDA:239,8,1,0
BRDA:252,9,0,0
BRDA:252,9,1,0
BRDA:252,9,2,0
BRDA:267,10,0,0
BRDA:267,10,1,0
BRDA:274,11,0,0
BRDA:274,11,1,0
BRDA:274,11,2,0
BRDA:283,12,0,0
BRDA:283,12,1,0
BRDA:284,13,0,0
BRDA:284,13,1,0
BRF:30
BRH:0
end_of_record
TN:
SF:components/feed/ByteCard.tsx
FN:28,ByteCard
FN:67,(anonymous_1)
FN:68,(anonymous_2)
FN:70,(anonymous_3)
FN:81,(anonymous_4)
FN:82,(anonymous_5)
FN:84,(anonymous_6)
FN:95,(anonymous_7)
FN:96,(anonymous_8)
FN:98,(anonymous_9)
FNF:10
FNH:0
FNDA:0,ByteCard
FNDA:0,(anonymous_1)
FNDA:0,(anonymous_2)
FNDA:0,(anonymous_3)
FNDA:0,(anonymous_4)
FNDA:0,(anonymous_5)
FNDA:0,(anonymous_6)
FNDA:0,(anonymous_7)
FNDA:0,(anonymous_8)
FNDA:0,(anonymous_9)
DA:45,0
DA:47,0
DA:67,0
DA:68,0
DA:70,0
DA:81,0
DA:82,0
DA:84,0
DA:95,0
DA:96,0
DA:98,0
DA:111,0
LF:12
LH:0
BRDA:72,0,0,0
BRDA:72,0,1,0
BRDA:72,0,2,0
BRDA:74,1,0,0
BRDA:74,1,1,0
BRDA:76,2,0,0
BRDA:76,2,1,0
BRDA:76,3,0,0
BRDA:76,3,1,0
BRDA:76,4,0,0
BRDA:76,4,1,0
BRDA:77,5,0,0
BRDA:77,5,1,0
BRDA:86,6,0,0
BRDA:86,6,1,0
BRDA:86,6,2,0
BRDA:90,7,0,0
BRDA:90,7,1,0
BRDA:91,8,0,0
BRDA:91,8,1,0
BRDA:100,9,0,0
BRDA:100,9,1,0
BRDA:100,9,2,0
BRDA:102,10,0,0
BRDA:102,10,1,0
BRDA:104,11,0,0
BRDA:104,11,1,0
BRDA:104,12,0,0
BRDA:104,12,1,0
BRDA:104,13,0,0
BRDA:104,13,1,0
BRF:31
BRH:0
end_of_record
TN:
SF:components/feed/CommentItem.tsx
FN:26,CommentItem
FN:47,(anonymous_1)
FN:57,(anonymous_2)
FNF:3
FNH:0
FNDA:0,CommentItem
FNDA:0,(anonymous_1)
FNDA:0,(anonymous_2)
DA:27,0
DA:28,0
DA:35,0
DA:47,0
DA:57,0
DA:71,0
LF:6
LH:0
BRDA:29,0,0,0
BRDA:29,0,1,0
BRDA:30,1,0,0
BRDA:30,1,1,0
BRDA:31,2,0,0
BRDA:31,2,1,0
BRDA:32,3,0,0
BRDA:32,3,1,0
BRDA:33,4,0,0
BRDA:33,4,1,0
BRDA:36,5,0,0
BRDA:36,5,1,0
BRDA:52,6,0,0
BRDA:52,6,1,0
BRF:14
BRH:0
end_of_record
TN:
SF:components/feed/CommentSection.tsx
FN:27,CommentSection
FN:30,(anonymous_1)
FN:31,(anonymous_2)
FN:32,getReplies
FN:33,(anonymous_4)
FN:39,(anonymous_5)
FN:40,(anonymous_6)
FN:43,(anonymous_7)
FNF:8
FNH:0
FNDA:0,CommentSection
FNDA:0,(anonymous_1)
FNDA:0,(anonymous_2)
FNDA:0,getReplies
FNDA:0,(anonymous_4)
FNDA:0,(anonymous_5)
FNDA:0,(anonymous_6)
FNDA:0,(anonymous_7)
DA:28,0
DA:30,0
DA:31,0
DA:33,0
DA:35,0
DA:39,0
DA:41,0
DA:44,0
DA:56,0
LF:9
LH:0
BRDA:36,0,0,0
BRDA:36,0,1,0
BRF:2
BRH:0
end_of_record
TN:
SF:components/feed/NewCommentInput.tsx
FN:11,NewCommentInput
FN:20,handleSend
FNF:2
FNH:0
FNDA:0,NewCommentInput
FNDA:0,handleSend
DA:12,0
DA:13,0
DA:14,0
DA:21,0
DA:22,0
DA:23,0
DA:26,0
DA:52,0
LF:8
LH:0
BRDA:15,0,0,0
BRDA:15,0,1,0
BRDA:16,1,0,0
BRDA:16,1,1,0
BRDA:17,2,0,0
BRDA:17,2,1,0
BRDA:18,3,0,0
BRDA:18,3,1,0
BRDA:21,4,0,0
BRDA:21,4,1,0
BRF:10
BRH:0
end_of_record
TN:
SF:components/feed/index.ts
FNF:0
FNH:0
LF:0
LH:0
BRF:0
BRH:0
end_of_record
TN:
SF:components/nav/HeaderBar.tsx
FN:20,HeaderBar
FN:38,handleLeftPress
FNF:2
FNH:0
FNDA:0,HeaderBar
FNDA:0,handleLeftPress
DA:31,0
DA:32,0
DA:39,0
DA:40,0
DA:41,0
DA:44,0
DA:82,0
LF:7
LH:0
BRDA:33,0,0,0
BRDA:33,0,1,0
BRDA:34,1,0,0
BRDA:34,1,1,0
BRDA:35,2,0,0
BRDA:35,2,1,0
BRDA:39,3,0,0
BRDA:39,3,1,0
BRDA:40,4,0,0
BRDA:40,4,1,0
BRDA:47,5,0,0
BRDA:47,5,1,0
BRDA:47,5,2,0
BRDA:47,5,3,0
BRDA:53,6,0,0
BRDA:53,6,1,0
BRDA:54,7,0,0
BRDA:54,7,1,0
BRDA:57,8,0,0
BRDA:57,8,1,0
BRDA:65,9,0,0
BRDA:65,9,1,0
BRDA:71,10,0,0
BRDA:71,10,1,0
BRF:24
BRH:0
end_of_record
TN:
SF:components/nav/index.ts
FNF:0
FNH:0
LF:0
LH:0
BRF:0
BRH:0
end_of_record
TN:
SF:components/shared/error-boundary.tsx
FN:21,(anonymous_0)
FN:26,(anonymous_1)
FN:31,(anonymous_2)
FN:41,(anonymous_3)
FN:45,(anonymous_4)
FN:80,withErrorBoundary
FN:85,WrappedComponent
FNF:7
FNH:0
FNDA:0,(anonymous_0)
FNDA:0,(anonymous_1)
FNDA:0,(anonymous_2)
FNDA:0,(anonymous_3)
FNDA:0,(anonymous_4)
FNDA:0,withErrorBoundary
FNDA:0,WrappedComponent
DA:22,0
DA:23,0
DA:28,0
DA:33,0
DA:36,0
DA:37,0
DA:41,0
DA:42,0
DA:46,0
DA:48,0
DA:49,0
DA:53,0
DA:73,0
DA:85,0
DA:86,0
DA:94,0
LF:16
LH:0
BRDA:36,0,0,0
BRDA:36,0,1,0
BRDA:46,1,0,0
BRDA:46,1,1,0
BRDA:48,2,0,0
BRDA:48,2,1,0
BRDA:60,3,0,0
BRDA:60,3,1,0
BRDA:60,3,2,0
BRF:9
BRH:0
end_of_record
TN:
SF:components/shared/loading.enhanced.tsx
FN:36,LoadingSpinnerEnhanced
FN:63,LoadingOverlayEnhanced
FN:74,(anonymous_2)
FN:151,LoadingStateEnhanced
FN:164,(anonymous_4)
FN:241,SkeletonEnhanced
FN:252,(anonymous_6)
FN:273,(anonymous_7)
FN:314,UserSkeletonEnhanced
FN:338,PostSkeletonEnhanced
FN:359,PullToRefreshIndicator
FN:364,(anonymous_11)
FN:376,(anonymous_12)
FNF:13
FNH:0
FNDA:0,LoadingSpinnerEnhanced
FNDA:0,LoadingOverlayEnhanced
FNDA:0,(anonymous_2)
FNDA:0,LoadingStateEnhanced
FNDA:0,(anonymous_4)
FNDA:0,SkeletonEnhanced
FNDA:0,(anonymous_6)
FNDA:0,(anonymous_7)
FNDA:0,UserSkeletonEnhanced
FNDA:0,PostSkeletonEnhanced
FNDA:0,PullToRefreshIndicator
FNDA:0,(anonymous_11)
FNDA:0,(anonymous_12)
DA:25,0
DA:41,0
DA:42,0
DA:43,0
DA:45,0
DA:70,0
DA:71,0
DA:72,0
DA:74,0
DA:75,0
DA:76,0
DA:83,0
DA:92,0
DA:94,0
DA:160,0
DA:161,0
DA:162,0
DA:164,0
DA:165,0
DA:172,0
DA:173,0
DA:190,0
DA:191,0
DA:223,0
DA:248,0
DA:249,0
DA:250,0
DA:252,0
DA:253,0
DA:254,0
DA:271,0
DA:273,0
DA:277,0
DA:282,0
DA:315,0
DA:339,0
DA:360,0
DA:361,0
DA:362,0
DA:364,0
DA:365,0
DA:374,0
DA:376,0
DA:379,0
DA:384,0
DA:393,0
LF:46
LH:0
BRDA:37,0,0,0
BRDA:43,1,0,0
BRDA:43,1,1,0
BRDA:64,2,0,0
BRDA:68,3,0,0
BRDA:75,4,0,0
BRDA:75,4,1,0
BRDA:92,5,0,0
BRDA:92,5,1,0
BRDA:99,6,0,0
BRDA:99,6,1,0
BRDA:123,7,0,0
BRDA:123,7,1,0
BRDA:158,8,0,0
BRDA:166,9,0,0
BRDA:166,9,1,0
BRDA:166,10,0,0
BRDA:166,10,1,0
BRDA:172,11,0,0
BRDA:172,11,1,0
BRDA:175,12,0,0
BRDA:175,12,1,0
BRDA:190,13,0,0
BRDA:190,13,1,0
BRDA:193,14,0,0
BRDA:193,14,1,0
BRDA:207,15,0,0
BRDA:207,15,1,0
BRDA:242,16,0,0
BRDA:243,17,0,0
BRDA:244,18,0,0
BRDA:246,19,0,0
BRDA:253,20,0,0
BRDA:253,20,1,0
BRDA:290,21,0,0
BRDA:290,21,1,0
BRDA:295,22,0,0
BRDA:295,22,1,0
BRF:38
BRH:0
end_of_record
TN:
SF:components/shared/loading.tsx
FN:14,LoadingSpinner
FN:34,LoadingOverlay
FN:63,LoadingState
FN:123,Skeleton
FN:145,UserSkeleton
FN:160,PostSkeleton
FNF:6
FNH:0
FNDA:0,LoadingSpinner
FNDA:0,LoadingOverlay
FNDA:0,LoadingState
FNDA:0,Skeleton
FNDA:0,UserSkeleton
FNDA:0,PostSkeleton
DA:15,0
DA:16,0
DA:18,0
DA:35,0
DA:37,0
DA:39,0
DA:71,0
DA:73,0
DA:74,0
DA:88,0
DA:89,0
DA:110,0
DA:124,0
DA:126,0
DA:146,0
DA:161,0
DA:174,0
LF:17
LH:0
BRDA:14,0,0,0
BRDA:16,1,0,0
BRDA:16,1,1,0
BRDA:16,2,0,0
BRDA:16,2,1,0
BRDA:34,3,0,0
BRDA:37,4,0,0
BRDA:37,4,1,0
BRDA:40,5,0,0
BRDA:40,5,1,0
BRDA:41,6,0,0
BRDA:41,6,1,0
BRDA:43,7,0,0
BRDA:43,7,1,0
BRDA:73,8,0,0
BRDA:73,8,1,0
BRDA:76,9,0,0
BRDA:76,9,1,0
BRDA:79,10,0,0
BRDA:79,10,1,0
BRDA:88,11,0,0
BRDA:88,11,1,0
BRDA:91,12,0,0
BRDA:91,12,1,0
BRDA:93,13,0,0
BRDA:93,13,1,0
BRDA:96,14,0,0
BRDA:96,14,1,0
BRDA:99,15,0,0
BRDA:99,15,1,0
BRDA:123,16,0,0
BRDA:123,17,0,0
BRDA:123,18,0,0
BRDA:134,19,0,0
BRDA:134,19,1,0
BRF:35
BRH:0
end_of_record
TN:
SF:components/shared/theme-provider.tsx
FN:23,(anonymous_0)
FN:24,(anonymous_1)
FN:30,ThemeProvider
FN:39,(anonymous_3)
FN:40,(anonymous_4)
FN:58,(anonymous_5)
FN:67,(anonymous_6)
FN:87,(anonymous_7)
FNF:8
FNH:0
FNDA:0,(anonymous_0)
FNDA:0,(anonymous_1)
FNDA:0,ThemeProvider
FNDA:0,(anonymous_3)
FNDA:0,(anonymous_4)
FNDA:0,(anonymous_5)
FNDA:0,(anonymous_6)
FNDA:0,(anonymous_7)
DA:21,0
DA:23,0
DA:24,0
DA:28,0
DA:36,0
DA:37,0
DA:39,0
DA:40,0
DA:41,0
DA:42,0
DA:43,0
DA:44,0
DA:47,0
DA:51,0
DA:54,0
DA:56,0
DA:59,0
DA:60,0
DA:61,0
DA:63,0
DA:64,0
DA:68,0
DA:69,0
DA:70,0
DA:71,0
DA:73,0
DA:74,0
DA:80,0
DA:87,0
DA:88,0
DA:90,0
DA:91,0
DA:93,0
LF:33
LH:0
BRDA:32,0,0,0
BRDA:33,1,0,0
BRDA:43,2,0,0
BRDA:43,2,1,0
BRDA:54,3,0,0
BRDA:54,3,1,0
BRDA:54,3,2,0
BRDA:68,4,0,0
BRDA:68,4,1,0
BRDA:90,5,0,0
BRDA:90,5,1,0
BRF:11
BRH:0
end_of_record
TN:
SF:components/shared/theme-toggle.tsx
FN:5,ThemeToggle
FN:8,(anonymous_1)
FNF:2
FNH:0
FNDA:0,ThemeToggle
FNDA:0,(anonymous_1)
DA:6,0
DA:8,0
DA:9,0
DA:12,0
LF:4
LH:0
BRDA:9,0,0,0
BRDA:9,0,1,0
BRF:2
BRH:0
end_of_record
TN:
SF:components/ui/avatar.tsx
FN:12,Avatar
FN:15,(anonymous_1)
FN:25,(anonymous_2)
FNF:3
FNH:0
FNDA:0,Avatar
FNDA:0,(anonymous_1)
FNDA:0,(anonymous_2)
DA:13,0
DA:15,0
DA:16,0
DA:17,0
DA:18,0
DA:19,0
DA:20,0
DA:21,0
DA:25,0
DA:26,0
DA:27,0
DA:28,0
DA:29,0
DA:30,0
DA:31,0
DA:35,0
DA:44,0
DA:52,0
DA:53,0
DA:60,0
DA:69,0
LF:21
LH:0
BRDA:12,0,0,0
BRDA:16,1,0,0
BRDA:16,1,1,0
BRDA:16,1,2,0
BRDA:16,1,3,0
BRDA:16,1,4,0
BRDA:26,2,0,0
BRDA:26,2,1,0
BRDA:26,2,2,0
BRDA:26,2,3,0
BRDA:26,2,4,0
BRDA:39,3,0,0
BRDA:39,3,1,0
BRDA:48,4,0,0
BRDA:48,4,1,0
BRDA:52,5,0,0
BRDA:52,5,1,0
BRDA:63,6,0,0
BRDA:63,6,1,0
BRF:19
BRH:0
end_of_record
TN:
SF:components/ui/badge.tsx
FN:13,Badge
FN:22,(anonymous_1)
FN:42,(anonymous_2)
FN:51,(anonymous_3)
FN:61,(anonymous_4)
FNF:5
FNH:0
FNDA:0,Badge
FNDA:0,(anonymous_1)
FNDA:0,(anonymous_2)
FNDA:0,(anonymous_3)
FNDA:0,(anonymous_4)
DA:20,0
DA:22,0
DA:23,0
DA:39,0
DA:42,0
DA:43,0
DA:44,0
DA:45,0
DA:46,0
DA:47,0
DA:51,0
DA:52,0
DA:58,0
DA:61,0
DA:62,0
DA:63,0
DA:64,0
DA:65,0
DA:66,0
DA:70,0
DA:77,0
DA:84,0
DA:91,0
LF:23
LH:0
BRDA:15,0,0,0
BRDA:16,1,0,0
BRDA:28,2,0,0
BRDA:28,2,1,0
BRDA:36,3,0,0
BRDA:36,3,1,0
BRDA:43,4,0,0
BRDA:43,4,1,0
BRDA:43,4,2,0
BRDA:43,4,3,0
BRDA:54,5,0,0
BRDA:54,5,1,0
BRDA:56,6,0,0
BRDA:56,6,1,0
BRDA:62,7,0,0
BRDA:62,7,1,0
BRDA:62,7,2,0
BRDA:62,7,3,0
BRF:18
BRH:0
end_of_record
TN:
SF:components/ui/button.enhanced.tsx
FN:54,ButtonEnhanced
FN:73,(anonymous_1)
FN:81,(anonymous_2)
FN:89,(anonymous_3)
FN:100,(anonymous_4)
FN:129,(anonymous_5)
FN:142,(anonymous_6)
FN:165,(anonymous_7)
FNF:8
FNH:0
FNDA:0,ButtonEnhanced
FNDA:0,(anonymous_1)
FNDA:0,(anonymous_2)
FNDA:0,(anonymous_3)
FNDA:0,(anonymous_4)
FNDA:0,(anonymous_5)
FNDA:0,(anonymous_6)
FNDA:0,(anonymous_7)
DA:68,0
DA:69,0
DA:70,0
DA:73,0
DA:74,0
DA:81,0
DA:82,0
DA:89,0
DA:90,0
DA:95,0
DA:100,0
DA:101,0
DA:125,0
DA:129,0
DA:130,0
DA:138,0
DA:142,0
DA:143,0
DA:161,0
DA:165,0
DA:166,0
DA:172,0
DA:176,0
DA:189,0
DA:198,0
DA:202,0
DA:255,0
DA:293,0
LF:28
LH:0
BRDA:57,0,0,0
BRDA:58,1,0,0
BRDA:59,2,0,0
BRDA:60,3,0,0
BRDA:64,4,0,0
BRDA:65,5,0,0
BRDA:66,6,0,0
BRDA:90,7,0,0
BRDA:90,7,1,0
BRDA:90,8,0,0
BRDA:90,8,1,0
BRDA:90,8,2,0
BRDA:182,9,0,0
BRDA:182,9,1,0
BRDA:183,10,0,0
BRDA:183,10,1,0
BRDA:183,10,2,0
BRDA:184,11,0,0
BRDA:184,11,1,0
BRDA:198,12,0,0
BRDA:198,12,1,0
BRDA:198,13,0,0
BRDA:198,13,1,0
BRDA:209,14,0,0
BRDA:209,14,1,0
BRDA:213,15,0,0
BRDA:213,15,1,0
BRDA:216,16,0,0
BRDA:216,16,1,0
BRDA:220,17,0,0
BRDA:220,17,1,0
BRDA:220,17,2,0
BRDA:220,17,3,0
BRDA:227,18,0,0
BRDA:227,18,1,0
BRDA:233,19,0,0
BRDA:233,19,1,0
BRDA:244,20,0,0
BRDA:244,20,1,0
BRDA:244,20,2,0
BRDA:244,20,3,0
BRF:41
BRH:0
end_of_record
TN:
SF:components/ui/button.tsx
FN:25,Button
FN:37,(anonymous_1)
FN:81,(anonymous_2)
FN:90,(anonymous_3)
FN:102,(anonymous_4)
FNF:5
FNH:0
FNDA:0,Button
FNDA:0,(anonymous_1)
FNDA:0,(anonymous_2)
FNDA:0,(anonymous_3)
FNDA:0,(anonymous_4)
DA:35,0
DA:37,0
DA:38,0
DA:78,0
DA:81,0
DA:82,0
DA:83,0
DA:84,0
DA:85,0
DA:86,0
DA:90,0
DA:91,0
DA:99,0
DA:102,0
DA:103,0
DA:104,0
DA:105,0
DA:106,0
DA:107,0
DA:111,0
DA:119,0
DA:127,0
DA:148,0
LF:23
LH:0
BRDA:28,0,0,0
BRDA:29,1,0,0
BRDA:30,2,0,0
BRDA:31,3,0,0
BRDA:54,4,0,0
BRDA:54,4,1,0
BRDA:60,5,0,0
BRDA:60,5,1,0
BRDA:82,6,0,0
BRDA:82,6,1,0
BRDA:82,6,2,0
BRDA:82,6,3,0
BRDA:94,7,0,0
BRDA:94,7,1,0
BRDA:95,8,0,0
BRDA:95,8,1,0
BRDA:96,9,0,0
BRDA:96,9,1,0
BRDA:103,10,0,0
BRDA:103,10,1,0
BRDA:103,10,2,0
BRDA:103,10,3,0
BRDA:115,11,0,0
BRDA:115,11,1,0
BRDA:123,12,0,0
BRDA:123,12,1,0
BRDA:131,13,0,0
BRDA:131,13,1,0
BRDA:135,14,0,0
BRDA:135,14,1,0
BRDA:138,15,0,0
BRDA:138,15,1,0
BRF:32
BRH:0
end_of_record
TN:
SF:components/ui/card.tsx
FN:11,Card
FN:14,(anonymous_1)
FN:54,CardHeader
FN:63,CardTitle
FN:77,CardDescription
FN:91,CardContent
FN:100,CardFooter
FNF:7
FNH:0
FNDA:0,Card
FNDA:0,(anonymous_1)
FNDA:0,CardHeader
FNDA:0,CardTitle
FNDA:0,CardDescription
FNDA:0,CardContent
FNDA:0,CardFooter
DA:12,0
DA:14,0
DA:15,0
DA:19,0
DA:21,0
DA:30,0
DA:36,0
DA:40,0
DA:46,0
DA:55,0
DA:64,0
DA:65,0
DA:78,0
DA:79,0
DA:92,0
DA:101,0
DA:104,0
LF:17
LH:0
BRDA:11,0,0,0
BRDA:16,1,0,0
BRDA:16,1,1,0
BRDA:19,2,0,0
BRDA:19,2,1,0
BRDA:19,2,2,0
BRDA:23,3,0,0
BRDA:23,3,1,0
BRDA:25,4,0,0
BRDA:25,4,1,0
BRDA:33,5,0,0
BRDA:33,5,1,0
BRDA:66,6,0,0
BRDA:66,6,1,0
BRDA:80,7,0,0
BRDA:80,7,1,0
BRF:16
BRH:0
end_of_record
TN:
SF:components/ui/index.ts
FNF:0
FNH:0
LF:0
LH:0
BRF:0
BRH:0
end_of_record
TN:
SF:components/ui/input.tsx
FN:66,Input
FNF:1
FNH:0
FNDA:0,Input
DA:83,0
DA:85,0
DA:87,0
DA:97,0
DA:106,0
DA:128,0
LF:6
LH:0
BRDA:70,0,0,0
BRDA:71,1,0,0
BRDA:72,2,0,0
BRDA:73,3,0,0
BRDA:74,4,0,0
BRDA:75,5,0,0
BRDA:76,6,0,0
BRDA:77,7,0,0
BRDA:85,8,0,0
BRDA:85,8,1,0
BRDA:90,9,0,0
BRDA:90,9,1,0
BRDA:91,10,0,0
BRDA:91,10,1,0
BRDA:92,11,0,0
BRDA:92,11,1,0
BRDA:100,12,0,0
BRDA:100,12,1,0
BRDA:102,13,0,0
BRDA:102,13,1,0
BRDA:111,14,0,0
BRDA:111,14,1,0
BRF:22
BRH:0
end_of_record
TN:
SF:components/ui/switch.tsx
FN:17,Switch
FNF:1
FNH:0
FNDA:0,Switch
DA:24,0
DA:30,0
DA:35,0
DA:53,0
LF:4
LH:0
BRDA:18,0,0,0
BRDA:20,1,0,0
BRDA:21,2,0,0
BRDA:46,3,0,0
BRDA:46,3,1,0
BRF:5
BRH:0
end_of_record
TN:
SF:components/ui/tabs.tsx
FN:44,Tabs
FN:47,(anonymous_1)
FN:52,(anonymous_2)
FN:67,TabsList
FN:75,TabsTrigger
FN:91,(anonymous_5)
FN:107,TabsContent
FNF:7
FNH:0
FNDA:0,Tabs
FNDA:0,(anonymous_1)
FNDA:0,(anonymous_2)
FNDA:0,TabsList
FNDA:0,TabsTrigger
FNDA:0,(anonymous_5)
FNDA:0,TabsContent
DA:16,0
DA:45,0
DA:47,0
DA:48,0
DA:49,0
DA:52,0
DA:53,0
DA:54,0
DA:58,0
DA:68,0
DA:76,0
DA:77,0
DA:78,0
DA:81,0
DA:82,0
DA:84,0
DA:91,0
DA:108,0
DA:109,0
DA:110,0
DA:113,0
DA:115,0
DA:116,0
DA:119,0
DA:126,0
LF:25
LH:0
BRDA:45,0,0,0
BRDA:45,0,1,0
BRDA:45,0,2,0
BRDA:53,1,0,0
BRDA:53,1,1,0
BRDA:77,2,0,0
BRDA:77,2,1,0
BRDA:88,3,0,0
BRDA:88,3,1,0
BRDA:97,4,0,0
BRDA:97,4,1,0
BRDA:109,5,0,0
BRDA:109,5,1,0
BRDA:115,6,0,0
BRDA:115,6,1,0
BRF:15
BRH:0
end_of_record
TN:
SF:components/ui/textarea.tsx
FN:24,Textarea
FNF:1
FNH:0
FNDA:0,Textarea
DA:36,0
DA:44,0
DA:51,0
DA:69,0
LF:4
LH:0
BRDA:28,0,0,0
BRDA:31,1,0,0
BRDA:32,2,0,0
BRDA:33,3,0,0
BRDA:40,4,0,0
BRDA:40,4,1,0
BRDA:47,5,0,0
BRDA:47,5,1,0
BRF:8
BRH:0
end_of_record
TN:
SF:shared/design-system.ts
FN:395,(anonymous_0)
FN:397,(anonymous_1)
FN:407,(anonymous_2)
FNF:3
FNH:0
FNDA:0,(anonymous_0)
FNDA:0,(anonymous_1)
FNDA:0,(anonymous_2)
DA:12,0
DA:98,0
DA:113,0
DA:201,0
DA:231,0
DA:265,0
DA:311,0
DA:325,0
DA:348,0
DA:395,0
DA:397,0
DA:401,0
DA:407,0
DA:410,0
DA:422,0
LF:15
LH:0
BRDA:395,0,0,0
BRDA:395,0,1,0
BRDA:403,1,0,0
BRDA:403,1,1,0
BRDA:409,2,0,0
BRDA:412,3,0,0
BRDA:412,3,1,0
BRF:7
BRH:0
end_of_record
TN:
SF:shared/discourseApi.ts
FN:87,(anonymous_0)
FN:93,(anonymous_1)
FN:102,(anonymous_2)
FN:111,(anonymous_3)
FN:121,(anonymous_4)
FN:165,(anonymous_5)
FN:181,(anonymous_6)
FN:190,(anonymous_7)
FN:195,(anonymous_8)
FN:199,(anonymous_9)
FN:209,(anonymous_10)
FN:224,(anonymous_11)
FN:228,(anonymous_12)
FN:239,(anonymous_13)
FN:254,(anonymous_14)
FN:267,(anonymous_15)
FN:275,(anonymous_16)
FN:279,(anonymous_17)
FN:291,(anonymous_18)
FN:302,(anonymous_19)
FN:312,(anonymous_20)
FN:316,(anonymous_21)
FN:320,(anonymous_22)
FNF:23
FNH:0
FNDA:0,(anonymous_0)
FNDA:0,(anonymous_1)
FNDA:0,(anonymous_2)
FNDA:0,(anonymous_3)
FNDA:0,(anonymous_4)
FNDA:0,(anonymous_5)
FNDA:0,(anonymous_6)
FNDA:0,(anonymous_7)
FNDA:0,(anonymous_8)
FNDA:0,(anonymous_9)
FNDA:0,(anonymous_10)
FNDA:0,(anonymous_11)
FNDA:0,(anonymous_12)
FNDA:0,(anonymous_13)
FNDA:0,(anonymous_14)
FNDA:0,(anonymous_15)
FNDA:0,(anonymous_16)
FNDA:0,(anonymous_17)
FNDA:0,(anonymous_18)
FNDA:0,(anonymous_19)
FNDA:0,(anonymous_20)
FNDA:0,(anonymous_21)
FNDA:0,(anonymous_22)
DA:85,0
DA:88,0
DA:89,0
DA:94,0
DA:95,0
DA:96,0
DA:98,0
DA:103,0
DA:104,0
DA:105,0
DA:107,0
DA:112,0
DA:113,0
DA:114,0
DA:116,0
DA:125,0
DA:126,0
DA:127,0
DA:133,0
DA:134,0
DA:137,0
DA:142,0
DA:144,0
DA:145,0
DA:152,0
DA:157,0
DA:166,0
DA:174,0
DA:175,0
DA:178,0
DA:182,0
DA:186,0
DA:187,0
DA:191,0
DA:196,0
DA:203,0
DA:210,0
DA:211,0
DA:212,0
DA:214,0
DA:225,0
DA:232,0
DA:244,0
DA:258,0
DA:271,0
DA:276,0
DA:284,0
DA:298,0
DA:303,0
DA:313,0
DA:317,0
DA:321,0
DA:326,0
DA:333,0
LF:54
LH:0
BRDA:123,0,0,0
BRDA:129,1,0,0
BRDA:129,1,1,0
BRDA:130,2,0,0
BRDA:130,2,1,0
BRDA:133,3,0,0
BRDA:133,3,1,0
BRDA:144,4,0,0
BRDA:144,4,1,0
BRDA:147,5,0,0
BRDA:147,5,1,0
BRDA:159,6,0,0
BRDA:159,6,1,0
BRDA:174,7,0,0
BRDA:174,7,1,0
BRDA:174,8,0,0
BRDA:174,8,1,0
BRDA:312,9,0,0
BRDA:327,10,0,0
BRDA:327,10,1,0
BRF:20
BRH:0
end_of_record
TN:
SF:shared/error-handling.tsx
FN:63,(anonymous_0)
FN:68,(anonymous_1)
FN:102,(anonymous_2)
FN:118,(anonymous_3)
FN:144,(anonymous_4)
FN:184,(anonymous_5)
FN:187,(anonymous_6)
FN:196,(anonymous_7)
FN:197,(anonymous_8)
FN:207,(anonymous_9)
FN:212,(anonymous_10)
FN:214,(anonymous_11)
FN:219,(anonymous_12)
FN:224,(anonymous_13)
FN:268,(anonymous_14)
FN:281,(anonymous_15)
FN:289,(anonymous_16)
FN:325,(anonymous_17)
FN:354,(anonymous_18)
FN:365,(anonymous_19)
FN:406,DefaultErrorFallback
FN:454,(anonymous_21)
FN:509,CompactErrorFallback
FN:534,useErrorHandler
FN:535,(anonymous_24)
FN:549,(anonymous_25)
FN:558,useErrorBoundary
FN:561,(anonymous_27)
FN:565,(anonymous_28)
FNF:29
FNH:0
FNDA:0,(anonymous_0)
FNDA:0,(anonymous_1)
FNDA:0,(anonymous_2)
FNDA:0,(anonymous_3)
FNDA:0,(anonymous_4)
FNDA:0,(anonymous_5)
FNDA:0,(anonymous_6)
FNDA:0,(anonymous_7)
FNDA:0,(anonymous_8)
FNDA:0,(anonymous_9)
FNDA:0,(anonymous_10)
FNDA:0,(anonymous_11)
FNDA:0,(anonymous_12)
FNDA:0,(anonymous_13)
FNDA:0,(anonymous_14)
FNDA:0,(anonymous_15)
FNDA:0,(anonymous_16)
FNDA:0,(anonymous_17)
FNDA:0,(anonymous_18)
FNDA:0,(anonymous_19)
FNDA:0,DefaultErrorFallback
FNDA:0,(anonymous_21)
FNDA:0,CompactErrorFallback
FNDA:0,useErrorHandler
FNDA:0,(anonymous_24)
FNDA:0,(anonymous_25)
FNDA:0,useErrorBoundary
FNDA:0,(anonymous_27)
FNDA:0,(anonymous_28)
DA:18,0
DA:58,0
DA:59,0
DA:60,0
DA:64,0
DA:74,0
DA:76,0
DA:89,0
DA:90,0
DA:93,0
DA:94,0
DA:95,0
DA:98,0
DA:103,0
DA:105,0
DA:107,0
DA:109,0
DA:111,0
DA:113,0
DA:119,0
DA:121,0
DA:122,0
DA:124,0
DA:125,0
DA:127,0
DA:130,0
DA:133,0
DA:136,0
DA:139,0
DA:145,0
DA:147,0
DA:154,0
DA:161,0
DA:168,0
DA:175,0
DA:185,0
DA:187,0
DA:188,0
DA:189,0
DA:190,0
DA:197,0
DA:198,0
DA:199,0
DA:201,0
DA:208,0
DA:213,0
DA:214,0
DA:220,0
DA:225,0
DA:235,0
DA:237,0
DA:243,0
DA:266,0
DA:269,0
DA:271,0
DA:282,0
DA:290,0
DA:293,0
DA:305,0
DA:311,0
DA:314,0
DA:315,0
DA:318,0
DA:325,0
DA:326,0
DA:327,0
DA:330,0
DA:331,0
DA:335,0
DA:336,0
DA:341,0
DA:344,0
DA:354,0
DA:355,0
DA:366,0
DA:367,0
DA:369,0
DA:370,0
DA:372,0
DA:373,0
DA:384,0
DA:385,0
DA:387,0
DA:397,0
DA:407,0
DA:408,0
DA:410,0
DA:411,0
DA:420,0
DA:422,0
DA:455,0
DA:510,0
DA:511,0
DA:513,0
DA:535,0
DA:540,0
DA:541,0
DA:544,0
DA:554,0
DA:559,0
DA:561,0
DA:562,0
DA:565,0
DA:566,0
DA:570,0
DA:571,0
DA:574,0
DA:581,0
LF:108
LH:0
BRDA:70,0,0,0
BRDA:71,1,0,0
BRDA:93,2,0,0
BRDA:93,2,1,0
BRDA:103,3,0,0
BRDA:103,3,1,0
BRDA:103,3,2,0
BRDA:103,3,3,0
BRDA:103,3,4,0
BRDA:119,4,0,0
BRDA:119,4,1,0
BRDA:119,4,2,0
BRDA:119,4,3,0
BRDA:119,4,4,0
BRDA:121,5,0,0
BRDA:121,5,1,0
BRDA:124,6,0,0
BRDA:124,6,1,0
BRDA:145,7,0,0
BRDA:145,7,1,0
BRDA:145,7,2,0
BRDA:145,7,3,0
BRDA:145,7,4,0
BRDA:189,8,0,0
BRDA:189,8,1,0
BRDA:212,9,0,0
BRDA:235,10,0,0
BRDA:235,10,1,0
BRDA:290,11,0,0
BRDA:296,12,0,0
BRDA:296,12,1,0
BRDA:299,13,0,0
BRDA:299,13,1,0
BRDA:314,14,0,0
BRDA:314,14,1,0
BRDA:330,15,0,0
BRDA:330,15,1,0
BRDA:335,16,0,0
BRDA:335,16,1,0
BRDA:367,17,0,0
BRDA:369,18,0,0
BRDA:369,18,1,0
BRDA:369,19,0,0
BRDA:369,19,1,0
BRDA:372,20,0,0
BRDA:372,20,1,0
BRDA:372,21,0,0
BRDA:372,21,1,0
BRDA:384,22,0,0
BRDA:384,22,1,0
BRDA:410,23,0,0
BRDA:410,23,1,0
BRDA:432,24,0,0
BRDA:432,24,1,0
BRDA:435,25,0,0
BRDA:435,25,1,0
BRDA:446,26,0,0
BRDA:446,26,1,0
BRDA:467,27,0,0
BRDA:467,27,1,0
BRDA:487,28,0,0
BRDA:487,28,1,0
BRDA:493,29,0,0
BRDA:493,29,1,0
BRDA:516,30,0,0
BRDA:516,30,1,0
BRDA:518,31,0,0
BRDA:518,31,1,0
BRDA:537,32,0,0
BRDA:549,33,0,0
BRDA:549,33,1,0
BRDA:570,34,0,0
BRDA:570,34,1,0
BRF:73
BRH:0
end_of_record
TN:
SF:shared/form-validation.tsx
FN:75,(anonymous_0)
FN:78,(anonymous_1)
FN:86,(anonymous_2)
FN:89,(anonymous_3)
FN:97,(anonymous_4)
FN:100,(anonymous_5)
FN:107,(anonymous_6)
FN:110,(anonymous_7)
FN:117,(anonymous_8)
FN:120,(anonymous_9)
FN:127,(anonymous_10)
FN:130,(anonymous_11)
FN:141,(anonymous_12)
FN:144,(anonymous_13)
FN:151,(anonymous_14)
FN:154,(anonymous_15)
FN:162,(anonymous_16)
FN:165,(anonymous_17)
FN:177,(anonymous_18)
FN:197,(anonymous_19)
FN:222,(anonymous_20)
FN:292,(anonymous_21)
FN:331,(anonymous_22)
FN:332,(anonymous_23)
FN:350,(anonymous_24)
FN:363,(anonymous_25)
FN:373,(anonymous_26)
FN:374,(anonymous_27)
FN:379,(anonymous_28)
FN:385,(anonymous_29)
FN:389,(anonymous_30)
FN:398,(anonymous_31)
FN:399,(anonymous_32)
FN:409,(anonymous_33)
FN:422,useFormValidation
FN:439,(anonymous_35)
FN:440,(anonymous_36)
FN:444,(anonymous_37)
FN:456,(anonymous_38)
FN:457,(anonymous_39)
FN:458,(anonymous_40)
FN:462,(anonymous_41)
FN:463,(anonymous_42)
FN:467,(anonymous_43)
FN:474,(anonymous_44)
FN:499,useToast
FN:502,(anonymous_46)
FN:507,(anonymous_47)
FN:511,(anonymous_48)
FN:515,(anonymous_49)
FN:520,(anonymous_50)
FN:524,(anonymous_51)
FN:528,(anonymous_52)
FN:532,(anonymous_53)
FN:558,FieldValidationDisplay
FN:587,(anonymous_55)
FN:600,(anonymous_56)
FN:612,(anonymous_57)
FN:633,ToastNotificationComponent
FN:639,(anonymous_59)
FN:655,(anonymous_60)
FN:667,(anonymous_61)
FN:672,(anonymous_62)
FNF:63
FNH:0
FNDA:0,(anonymous_0)
FNDA:0,(anonymous_1)
FNDA:0,(anonymous_2)
FNDA:0,(anonymous_3)
FNDA:0,(anonymous_4)
FNDA:0,(anonymous_5)
FNDA:0,(anonymous_6)
FNDA:0,(anonymous_7)
FNDA:0,(anonymous_8)
FNDA:0,(anonymous_9)
FNDA:0,(anonymous_10)
FNDA:0,(anonymous_11)
FNDA:0,(anonymous_12)
FNDA:0,(anonymous_13)
FNDA:0,(anonymous_14)
FNDA:0,(anonymous_15)
FNDA:0,(anonymous_16)
FNDA:0,(anonymous_17)
FNDA:0,(anonymous_18)
FNDA:0,(anonymous_19)
FNDA:0,(anonymous_20)
FNDA:0,(anonymous_21)
FNDA:0,(anonymous_22)
FNDA:0,(anonymous_23)
FNDA:0,(anonymous_24)
FNDA:0,(anonymous_25)
FNDA:0,(anonymous_26)
FNDA:0,(anonymous_27)
FNDA:0,(anonymous_28)
FNDA:0,(anonymous_29)
FNDA:0,(anonymous_30)
FNDA:0,(anonymous_31)
FNDA:0,(anonymous_32)
FNDA:0,(anonymous_33)
FNDA:0,useFormValidation
FNDA:0,(anonymous_35)
FNDA:0,(anonymous_36)
FNDA:0,(anonymous_37)
FNDA:0,(anonymous_38)
FNDA:0,(anonymous_39)
FNDA:0,(anonymous_40)
FNDA:0,(anonymous_41)
FNDA:0,(anonymous_42)
FNDA:0,(anonymous_43)
FNDA:0,(anonymous_44)
FNDA:0,useToast
FNDA:0,(anonymous_46)
FNDA:0,(anonymous_47)
FNDA:0,(anonymous_48)
FNDA:0,(anonymous_49)
FNDA:0,(anonymous_50)
FNDA:0,(anonymous_51)
FNDA:0,(anonymous_52)
FNDA:0,(anonymous_53)
FNDA:0,FieldValidationDisplay
FNDA:0,(anonymous_55)
FNDA:0,(anonymous_56)
FNDA:0,(anonymous_57)
FNDA:0,ToastNotificationComponent
FNDA:0,(anonymous_59)
FNDA:0,(anonymous_60)
FNDA:0,(anonymous_61)
FNDA:0,(anonymous_62)
DA:17,0
DA:73,0
DA:75,0
DA:79,0
DA:80,0
DA:81,0
DA:86,0
DA:90,0
DA:91,0
DA:92,0
DA:97,0
DA:101,0
DA:102,0
DA:107,0
DA:111,0
DA:112,0
DA:117,0
DA:121,0
DA:122,0
DA:127,0
DA:131,0
DA:132,0
DA:133,0
DA:134,0
DA:135,0
DA:136,0
DA:141,0
DA:145,0
DA:146,0
DA:151,0
DA:155,0
DA:156,0
DA:157,0
DA:162,0
DA:166,0
DA:167,0
DA:168,0
DA:169,0
DA:171,0
DA:181,0
DA:194,0
DA:203,0
DA:204,0
DA:205,0
DA:206,0
DA:208,0
DA:209,0
DA:211,0
DA:212,0
DA:215,0
DA:216,0
DA:217,0
DA:218,0
DA:222,0
DA:223,0
DA:224,0
DA:225,0
DA:232,0
DA:234,0
DA:235,0
DA:237,0
DA:238,0
DA:240,0
DA:243,0
DA:246,0
DA:249,0
DA:250,0
DA:251,0
DA:258,0
DA:260,0
DA:261,0
DA:263,0
DA:264,0
DA:266,0
DA:271,0
DA:272,0
DA:280,0
DA:296,0
DA:297,0
DA:298,0
DA:299,0
DA:300,0
DA:302,0
DA:303,0
DA:310,0
DA:311,0
DA:312,0
DA:313,0
DA:315,0
DA:316,0
DA:320,0
DA:332,0
DA:333,0
DA:338,0
DA:345,0
DA:346,0
DA:347,0
DA:351,0
DA:352,0
DA:358,0
DA:359,0
DA:362,0
DA:363,0
DA:364,0
DA:368,0
DA:369,0
DA:374,0
DA:375,0
DA:380,0
DA:381,0
DA:386,0
DA:387,0
DA:389,0
DA:390,0
DA:391,0
DA:392,0
DA:399,0
DA:400,0
DA:401,0
DA:403,0
DA:410,0
DA:415,0
DA:426,0
DA:427,0
DA:435,0
DA:436,0
DA:439,0
DA:440,0
DA:441,0
DA:444,0
DA:445,0
DA:446,0
DA:449,0
DA:452,0
DA:456,0
DA:457,0
DA:458,0
DA:462,0
DA:463,0
DA:467,0
DA:468,0
DA:469,0
DA:470,0
DA:474,0
DA:475,0
DA:486,0
DA:500,0
DA:502,0
DA:503,0
DA:504,0
DA:507,0
DA:508,0
DA:511,0
DA:512,0
DA:515,0
DA:516,0
DA:520,0
DA:521,0
DA:524,0
DA:525,0
DA:528,0
DA:529,0
DA:532,0
DA:533,0
DA:536,0
DA:562,0
DA:563,0
DA:566,0
DA:567,0
DA:570,0
DA:572,0
DA:573,0
DA:576,0
DA:588,0
DA:601,0
DA:613,0
DA:634,0
DA:635,0
DA:636,0
DA:637,0
DA:639,0
DA:641,0
DA:655,0
DA:656,0
DA:668,0
DA:672,0
DA:673,0
DA:675,0
DA:677,0
DA:679,0
DA:681,0
DA:683,0
DA:687,0
DA:689,0
DA:753,0
LF:195
LH:0
BRDA:75,0,0,0
BRDA:79,1,0,0
BRDA:79,1,1,0
BRDA:80,2,0,0
BRDA:80,2,1,0
BRDA:81,3,0,0
BRDA:81,3,1,0
BRDA:86,4,0,0
BRDA:90,5,0,0
BRDA:90,5,1,0
BRDA:99,6,0,0
BRDA:99,6,1,0
BRDA:101,7,0,0
BRDA:101,7,1,0
BRDA:109,8,0,0
BRDA:109,8,1,0
BRDA:111,9,0,0
BRDA:111,9,1,0
BRDA:117,10,0,0
BRDA:121,11,0,0
BRDA:121,11,1,0
BRDA:127,12,0,0
BRDA:131,13,0,0
BRDA:131,13,1,0
BRDA:136,14,0,0
BRDA:136,14,1,0
BRDA:136,14,2,0
BRDA:136,14,3,0
BRDA:141,15,0,0
BRDA:145,16,0,0
BRDA:145,16,1,0
BRDA:145,17,0,0
BRDA:145,17,1,0
BRDA:151,18,0,0
BRDA:155,19,0,0
BRDA:155,19,1,0
BRDA:162,20,0,0
BRDA:166,21,0,0
BRDA:166,21,1,0
BRDA:179,22,0,0
BRDA:180,23,0,0
BRDA:211,24,0,0
BRDA:211,24,1,0
BRDA:211,25,0,0
BRDA:211,25,1,0
BRDA:217,26,0,0
BRDA:217,26,1,0
BRDA:224,27,0,0
BRDA:224,27,1,0
BRDA:228,28,0,0
BRDA:228,28,1,0
BRDA:232,29,0,0
BRDA:232,29,1,0
BRDA:232,29,2,0
BRDA:250,30,0,0
BRDA:250,30,1,0
BRDA:254,31,0,0
BRDA:254,31,1,0
BRDA:258,32,0,0
BRDA:258,32,1,0
BRDA:258,32,2,0
BRDA:315,33,0,0
BRDA:315,33,1,0
BRDA:355,34,0,0
BRDA:355,34,1,0
BRDA:355,35,0,0
BRDA:355,35,1,0
BRDA:362,36,0,0
BRDA:362,36,1,0
BRDA:362,37,0,0
BRDA:362,37,1,0
BRDA:362,37,2,0
BRDA:391,38,0,0
BRDA:391,38,1,0
BRDA:423,39,0,0
BRDA:424,40,0,0
BRDA:467,41,0,0
BRDA:475,42,0,0
BRDA:475,42,1,0
BRDA:560,43,0,0
BRDA:566,44,0,0
BRDA:566,44,1,0
BRDA:566,45,0,0
BRDA:566,45,1,0
BRDA:570,46,0,0
BRDA:570,46,1,0
BRDA:570,46,2,0
BRDA:572,47,0,0
BRDA:572,47,1,0
BRDA:572,48,0,0
BRDA:572,48,1,0
BRDA:578,49,0,0
BRDA:578,49,1,0
BRDA:604,50,0,0
BRDA:604,50,1,0
BRDA:673,51,0,0
BRDA:673,51,1,0
BRDA:673,51,2,0
BRDA:673,51,3,0
BRDA:673,51,4,0
BRDA:675,52,0,0
BRDA:675,52,1,0
BRDA:679,53,0,0
BRDA:679,53,1,0
BRDA:708,54,0,0
BRDA:708,54,1,0
BRDA:718,55,0,0
BRDA:718,55,1,0
BRDA:734,56,0,0
BRDA:734,56,1,0
BRF:110
BRH:0
end_of_record
TN:
SF:shared/index.ts
FNF:0
FNH:0
LF:0
LH:0
BRF:0
BRH:0
end_of_record
TN:
SF:shared/lazy-loading.tsx
FN:28,createLazyComponent
FN:40,(anonymous_1)
FN:44,(anonymous_2)
FN:57,(anonymous_3)
FN:74,(anonymous_4)
FN:75,(anonymous_5)
FN:82,(anonymous_6)
FN:86,(anonymous_7)
FN:88,(anonymous_8)
FN:123,LazyImage
FN:140,(anonymous_10)
FN:141,(anonymous_11)
FN:151,(anonymous_12)
FN:154,(anonymous_13)
FN:172,(anonymous_14)
FN:189,(anonymous_15)
FN:255,createLazyScreen
FN:263,(anonymous_17)
FN:284,ProgressiveLoader
FN:291,(anonymous_19)
FN:297,(anonymous_20)
FN:301,(anonymous_21)
FN:326,VirtualizedList
FN:347,(anonymous_23)
FN:363,(anonymous_24)
FN:370,(anonymous_25)
FN:371,(anonymous_26)
FN:372,(anonymous_27)
FN:373,(anonymous_28)
FN:381,(anonymous_29)
FN:383,(anonymous_30)
FN:384,(anonymous_31)
FN:397,(anonymous_32)
FN:403,(anonymous_33)
FN:409,(anonymous_34)
FNF:35
FNH:0
FNDA:0,createLazyComponent
FNDA:0,(anonymous_1)
FNDA:0,(anonymous_2)
FNDA:0,(anonymous_3)
FNDA:0,(anonymous_4)
FNDA:0,(anonymous_5)
FNDA:0,(anonymous_6)
FNDA:0,(anonymous_7)
FNDA:0,(anonymous_8)
FNDA:0,LazyImage
FNDA:0,(anonymous_10)
FNDA:0,(anonymous_11)
FNDA:0,(anonymous_12)
FNDA:0,(anonymous_13)
FNDA:0,(anonymous_14)
FNDA:0,(anonymous_15)
FNDA:0,createLazyScreen
FNDA:0,(anonymous_17)
FNDA:0,ProgressiveLoader
FNDA:0,(anonymous_19)
FNDA:0,(anonymous_20)
FNDA:0,(anonymous_21)
FNDA:0,VirtualizedList
FNDA:0,(anonymous_23)
FNDA:0,(anonymous_24)
FNDA:0,(anonymous_25)
FNDA:0,(anonymous_26)
FNDA:0,(anonymous_27)
FNDA:0,(anonymous_28)
FNDA:0,(anonymous_29)
FNDA:0,(anonymous_30)
FNDA:0,(anonymous_31)
FNDA:0,(anonymous_32)
FNDA:0,(anonymous_33)
FNDA:0,(anonymous_34)
DA:12,0
DA:37,0
DA:40,0
DA:41,0
DA:43,0
DA:45,0
DA:46,0
DA:49,0
DA:55,0
DA:58,0
DA:59,0
DA:61,0
DA:67,0
DA:72,0
DA:74,0
DA:75,0
DA:82,0
DA:83,0
DA:84,0
DA:86,0
DA:87,0
DA:88,0
DA:91,0
DA:92,0
DA:95,0
DA:102,0
DA:104,0
DA:133,0
DA:134,0
DA:135,0
DA:136,0
DA:137,0
DA:140,0
DA:141,0
DA:142,0
DA:144,0
DA:149,0
DA:151,0
DA:154,0
DA:155,0
DA:156,0
DA:158,0
DA:161,0
DA:162,0
DA:169,0
DA:172,0
DA:173,0
DA:174,0
DA:176,0
DA:178,0
DA:179,0
DA:186,0
DA:189,0
DA:190,0
DA:194,0
DA:195,0
DA:219,0
DA:220,0
DA:228,0
DA:260,0
DA:264,0
DA:289,0
DA:291,0
DA:292,0
DA:294,0
DA:295,0
DA:297,0
DA:298,0
DA:301,0
DA:304,0
DA:305,0
DA:308,0
DA:333,0
DA:335,0
DA:336,0
DA:341,0
DA:342,0
DA:344,0
DA:348,0
DA:361,0
DA:366,0
DA:371,0
DA:372,0
DA:373,0
DA:383,0
DA:384,0
DA:395,0
DA:399,0
DA:405,0
DA:410,0
DA:411,0
DA:412,0
DA:413,0
LF:93
LH:0
BRDA:30,0,0,0
BRDA:33,1,0,0
BRDA:35,2,0,0
BRDA:36,3,0,0
BRDA:72,4,0,0
BRDA:72,4,1,0
BRDA:91,5,0,0
BRDA:91,5,1,0
BRDA:91,6,0,0
BRDA:91,6,1,0
BRDA:126,7,0,0
BRDA:129,8,0,0
BRDA:142,9,0,0
BRDA:142,9,1,0
BRDA:161,10,0,0
BRDA:161,10,1,0
BRDA:161,11,0,0
BRDA:161,11,1,0
BRDA:178,12,0,0
BRDA:178,12,1,0
BRDA:178,13,0,0
BRDA:178,13,1,0
BRDA:194,14,0,0
BRDA:194,14,1,0
BRDA:194,15,0,0
BRDA:194,15,1,0
BRDA:194,15,2,0
BRDA:197,16,0,0
BRDA:197,16,1,0
BRDA:204,17,0,0
BRDA:204,17,1,0
BRDA:204,17,2,0
BRDA:219,18,0,0
BRDA:219,18,1,0
BRDA:222,19,0,0
BRDA:222,19,1,0
BRDA:258,20,0,0
BRDA:263,21,0,0
BRDA:263,21,1,0
BRDA:286,22,0,0
BRDA:287,23,0,0
BRDA:292,24,0,0
BRDA:292,24,1,0
BRDA:294,25,0,0
BRDA:294,25,1,0
BRDA:304,26,0,0
BRDA:304,26,1,0
BRDA:331,27,0,0
BRDA:411,28,0,0
BRDA:411,28,1,0
BRDA:411,29,0,0
BRDA:411,29,1,0
BRF:52
BRH:0
end_of_record
TN:
SF:shared/logger.ts
FN:24,(anonymous_0)
FN:31,(anonymous_1)
FN:37,(anonymous_2)
FN:43,(anonymous_3)
FN:49,(anonymous_4)
FN:62,(anonymous_5)
FN:74,(anonymous_6)
FN:88,(anonymous_7)
FN:98,logError
FN:105,withLogging
FNF:10
FNH:8
FNDA:15,(anonymous_0)
FNDA:4,(anonymous_1)
FNDA:6,(anonymous_2)
FNDA:1,(anonymous_3)
FNDA:4,(anonymous_4)
FNDA:1,(anonymous_5)
FNDA:0,(anonymous_6)
FNDA:0,(anonymous_7)
FNDA:2,logError
FNDA:2,withLogging
DA:21,2
DA:22,2
DA:25,15
DA:26,15
DA:27,15
DA:28,15
DA:32,4
DA:33,4
DA:38,6
DA:39,6
DA:44,1
DA:45,1
DA:50,4
DA:51,4
DA:55,4
DA:63,1
DA:64,1
DA:65,1
DA:67,0
DA:75,0
DA:76,0
DA:78,0
DA:79,0
DA:81,0
DA:89,0
DA:93,2
DA:99,2
DA:110,2
DA:111,2
DA:113,2
DA:114,2
DA:115,2
DA:116,2
DA:117,2
DA:119,0
DA:120,0
DA:121,0
LF:37
LH:27
BRDA:22,0,0,2
BRDA:22,0,1,0
BRDA:27,1,0,7
BRDA:27,1,1,8
BRDA:32,2,0,4
BRDA:32,2,1,0
BRDA:38,3,0,6
BRDA:38,3,1,0
BRDA:44,4,0,1
BRDA:44,4,1,0
BRDA:50,5,0,4
BRDA:50,5,1,0
BRDA:51,6,0,3
BRDA:51,6,1,1
BRDA:63,7,0,1
BRDA:63,7,1,0
BRDA:64,8,0,1
BRDA:64,8,1,0
BRDA:78,9,0,0
BRDA:78,9,1,0
BRDA:78,10,0,0
BRDA:78,10,1,0
BRF:22
BRH:11
end_of_record
TN:
SF:shared/memory-optimizer.ts
FN:36,(anonymous_0)
FN:42,(anonymous_1)
FN:49,(anonymous_2)
FN:62,(anonymous_3)
FN:82,(anonymous_4)
FN:99,(anonymous_5)
FN:131,(anonymous_6)
FN:146,(anonymous_7)
FN:151,(anonymous_8)
FN:160,(anonymous_9)
FN:167,(anonymous_10)
FN:183,(anonymous_11)
FN:191,(anonymous_12)
FN:200,(anonymous_13)
FN:209,(anonymous_14)
FN:221,(anonymous_15)
FN:225,(anonymous_16)
FN:231,(anonymous_17)
FN:240,(anonymous_18)
FN:246,(anonymous_19)
FN:264,(anonymous_20)
FN:270,(anonymous_21)
FN:271,(anonymous_22)
FN:279,(anonymous_23)
FN:281,(anonymous_24)
FN:292,(anonymous_25)
FN:307,useMemoryOptimization
FN:308,(anonymous_27)
FN:312,(anonymous_28)
FN:313,(anonymous_29)
FN:320,(anonymous_30)
FN:323,(anonymous_31)
FN:326,(anonymous_32)
FN:332,useEffectWithCleanup
FN:339,(anonymous_34)
FN:348,useTrackedTimeout
FN:355,(anonymous_36)
FN:359,(anonymous_37)
FN:364,useTrackedInterval
FN:371,(anonymous_39)
FN:375,(anonymous_40)
FN:382,(anonymous_41)
FN:388,(anonymous_42)
FN:393,(anonymous_43)
FN:400,(anonymous_44)
FN:405,(anonymous_45)
FNF:46
FNH:0
FNDA:0,(anonymous_0)
FNDA:0,(anonymous_1)
FNDA:0,(anonymous_2)
FNDA:0,(anonymous_3)
FNDA:0,(anonymous_4)
FNDA:0,(anonymous_5)
FNDA:0,(anonymous_6)
FNDA:0,(anonymous_7)
FNDA:0,(anonymous_8)
FNDA:0,(anonymous_9)
FNDA:0,(anonymous_10)
FNDA:0,(anonymous_11)
FNDA:0,(anonymous_12)
FNDA:0,(anonymous_13)
FNDA:0,(anonymous_14)
FNDA:0,(anonymous_15)
FNDA:0,(anonymous_16)
FNDA:0,(anonymous_17)
FNDA:0,(anonymous_18)
FNDA:0,(anonymous_19)
FNDA:0,(anonymous_20)
FNDA:0,(anonymous_21)
FNDA:0,(anonymous_22)
FNDA:0,(anonymous_23)
FNDA:0,(anonymous_24)
FNDA:0,(anonymous_25)
FNDA:0,useMemoryOptimization
FNDA:0,(anonymous_27)
FNDA:0,(anonymous_28)
FNDA:0,(anonymous_29)
FNDA:0,(anonymous_30)
FNDA:0,(anonymous_31)
FNDA:0,(anonymous_32)
FNDA:0,useEffectWithCleanup
FNDA:0,(anonymous_34)
FNDA:0,useTrackedTimeout
FNDA:0,(anonymous_36)
FNDA:0,(anonymous_37)
FNDA:0,useTrackedInterval
FNDA:0,(anonymous_39)
FNDA:0,(anonymous_40)
FNDA:0,(anonymous_41)
FNDA:0,(anonymous_42)
FNDA:0,(anonymous_43)
FNDA:0,(anonymous_44)
FNDA:0,(anonymous_45)
DA:28,0
DA:29,0
DA:30,0
DA:31,0
DA:32,0
DA:37,0
DA:39,0
DA:40,0
DA:42,0
DA:43,0
DA:44,0
DA:50,0
DA:52,0
DA:53,0
DA:54,0
DA:55,0
DA:58,0
DA:63,0
DA:71,0
DA:74,0
DA:75,0
DA:78,0
DA:84,0
DA:87,0
DA:90,0
DA:93,0
DA:95,0
DA:100,0
DA:101,0
DA:104,0
DA:105,0
DA:106,0
DA:108,0
DA:109,0
DA:110,0
DA:115,0
DA:116,0
DA:120,0
DA:121,0
DA:125,0
DA:126,0
DA:132,0
DA:134,0
DA:142,0
DA:147,0
DA:148,0
DA:151,0
DA:152,0
DA:153,0
DA:155,0
DA:160,0
DA:161,0
DA:162,0
DA:163,0
DA:167,0
DA:168,0
DA:169,0
DA:170,0
DA:172,0
DA:176,0
DA:178,0
DA:179,0
DA:184,0
DA:185,0
DA:186,0
DA:192,0
DA:193,0
DA:194,0
DA:195,0
DA:201,0
DA:202,0
DA:203,0
DA:204,0
DA:212,0
DA:213,0
DA:214,0
DA:216,0
DA:222,0
DA:223,0
DA:225,0
DA:226,0
DA:227,0
DA:231,0
DA:232,0
DA:233,0
DA:236,0
DA:241,0
DA:243,0
DA:246,0
DA:265,0
DA:266,0
DA:269,0
DA:270,0
DA:271,0
DA:273,0
DA:274,0
DA:281,0
DA:282,0
DA:286,0
DA:288,0
DA:293,0
DA:295,0
DA:296,0
DA:297,0
DA:299,0
DA:304,0
DA:308,0
DA:309,0
DA:312,0
DA:313,0
DA:314,0
DA:319,0
DA:321,0
DA:324,0
DA:327,0
DA:337,0
DA:339,0
DA:340,0
DA:341,0
DA:342,0
DA:353,0
DA:355,0
DA:356,0
DA:357,0
DA:359,0
DA:369,0
DA:371,0
DA:372,0
DA:373,0
DA:375,0
DA:380,0
DA:383,0
DA:384,0
DA:389,0
DA:394,0
DA:395,0
DA:396,0
DA:401,0
DA:406,0
LF:139
LH:0
BRDA:36,0,0,0
BRDA:37,1,0,0
BRDA:37,1,1,0
BRDA:50,2,0,0
BRDA:50,2,1,0
BRDA:53,3,0,0
BRDA:53,3,1,0
BRDA:74,4,0,0
BRDA:74,4,1,0
BRDA:101,5,0,0
BRDA:101,5,1,0
BRDA:104,6,0,0
BRDA:104,6,1,0
BRDA:108,7,0,0
BRDA:108,7,1,0
BRDA:115,8,0,0
BRDA:115,8,1,0
BRDA:120,9,0,0
BRDA:120,9,1,0
BRDA:125,10,0,0
BRDA:125,10,1,0
BRDA:148,11,0,0
BRDA:148,11,1,0
BRDA:185,12,0,0
BRDA:185,12,1,0
BRDA:193,13,0,0
BRDA:193,13,1,0
BRDA:202,14,0,0
BRDA:202,14,1,0
BRDA:212,15,0,0
BRDA:212,15,1,0
BRDA:221,16,0,0
BRDA:226,17,0,0
BRDA:226,17,1,0
BRDA:270,18,0,0
BRDA:270,18,1,0
BRDA:273,19,0,0
BRDA:273,19,1,0
BRDA:293,20,0,0
BRDA:293,20,1,0
BRDA:341,21,0,0
BRDA:341,21,1,0
BRF:42
BRH:0
end_of_record
TN:
SF:shared/offline-support.ts
FN:62,(anonymous_0)
FN:69,(anonymous_1)
FN:71,(anonymous_2)
FN:80,(anonymous_3)
FN:110,(anonymous_4)
FN:114,(anonymous_5)
FN:130,(anonymous_6)
FN:139,(anonymous_7)
FN:145,(anonymous_8)
FN:154,(anonymous_9)
FN:155,(anonymous_10)
FN:165,(anonymous_11)
FN:170,(anonymous_12)
FN:184,(anonymous_13)
FN:206,(anonymous_14)
FN:228,(anonymous_15)
FN:238,(anonymous_16)
FN:241,(anonymous_17)
FN:250,(anonymous_18)
FN:253,(anonymous_19)
FN:281,(anonymous_20)
FN:294,(anonymous_21)
FN:316,(anonymous_22)
FN:327,(anonymous_23)
FN:368,(anonymous_24)
FN:386,(anonymous_25)
FN:401,(anonymous_26)
FN:414,(anonymous_27)
FN:427,(anonymous_28)
FN:428,(anonymous_29)
FN:432,(anonymous_30)
FN:441,(anonymous_31)
FN:450,(anonymous_32)
FN:467,(anonymous_33)
FN:472,(anonymous_34)
FN:482,(anonymous_35)
FN:487,(anonymous_36)
FN:492,(anonymous_37)
FN:513,(anonymous_38)
FN:545,(anonymous_39)
FN:548,(anonymous_40)
FN:557,(anonymous_41)
FN:558,(anonymous_42)
FN:568,(anonymous_43)
FN:577,(anonymous_44)
FN:596,useNetworkStatus
FN:601,(anonymous_46)
FN:613,useOfflineData
FN:619,(anonymous_48)
FN:622,(anonymous_49)
FN:658,(anonymous_50)
FN:667,useQueuedAction
FN:670,(anonymous_52)
FNF:53
FNH:0
FNDA:0,(anonymous_0)
FNDA:0,(anonymous_1)
FNDA:0,(anonymous_2)
FNDA:0,(anonymous_3)
FNDA:0,(anonymous_4)
FNDA:0,(anonymous_5)
FNDA:0,(anonymous_6)
FNDA:0,(anonymous_7)
FNDA:0,(anonymous_8)
FNDA:0,(anonymous_9)
FNDA:0,(anonymous_10)
FNDA:0,(anonymous_11)
FNDA:0,(anonymous_12)
FNDA:0,(anonymous_13)
FNDA:0,(anonymous_14)
FNDA:0,(anonymous_15)
FNDA:0,(anonymous_16)
FNDA:0,(anonymous_17)
FNDA:0,(anonymous_18)
FNDA:0,(anonymous_19)
FNDA:0,(anonymous_20)
FNDA:0,(anonymous_21)
FNDA:0,(anonymous_22)
FNDA:0,(anonymous_23)
FNDA:0,(anonymous_24)
FNDA:0,(anonymous_25)
FNDA:0,(anonymous_26)
FNDA:0,(anonymous_27)
FNDA:0,(anonymous_28)
FNDA:0,(anonymous_29)
FNDA:0,(anonymous_30)
FNDA:0,(anonymous_31)
FNDA:0,(anonymous_32)
FNDA:0,(anonymous_33)
FNDA:0,(anonymous_34)
FNDA:0,(anonymous_35)
FNDA:0,(anonymous_36)
FNDA:0,(anonymous_37)
FNDA:0,(anonymous_38)
FNDA:0,(anonymous_39)
FNDA:0,(anonymous_40)
FNDA:0,(anonymous_41)
FNDA:0,(anonymous_42)
FNDA:0,(anonymous_43)
FNDA:0,(anonymous_44)
FNDA:0,useNetworkStatus
FNDA:0,(anonymous_46)
FNDA:0,useOfflineData
FNDA:0,(anonymous_48)
FNDA:0,(anonymous_49)
FNDA:0,(anonymous_50)
FNDA:0,useQueuedAction
FNDA:0,(anonymous_52)
DA:53,0
DA:54,0
DA:65,0
DA:71,0
DA:72,0
DA:76,0
DA:81,0
DA:83,0
DA:85,0
DA:93,0
DA:94,0
DA:95,0
DA:97,0
DA:100,0
DA:101,0
DA:105,0
DA:111,0
DA:113,0
DA:114,0
DA:116,0
DA:122,0
DA:123,0
DA:125,0
DA:131,0
DA:140,0
DA:143,0
DA:145,0
DA:146,0
DA:147,0
DA:148,0
DA:155,0
DA:156,0
DA:157,0
DA:159,0
DA:166,0
DA:171,0
DA:180,0
DA:181,0
DA:185,0
DA:186,0
DA:187,0
DA:194,0
DA:199,0
DA:201,0
DA:207,0
DA:208,0
DA:209,0
DA:211,0
DA:214,0
DA:215,0
DA:216,0
DA:219,0
DA:220,0
DA:222,0
DA:223,0
DA:229,0
DA:230,0
DA:231,0
DA:233,0
DA:239,0
DA:240,0
DA:241,0
DA:242,0
DA:243,0
DA:245,0
DA:251,0
DA:252,0
DA:253,0
DA:255,0
DA:256,0
DA:257,0
DA:258,0
DA:259,0
DA:263,0
DA:265,0
DA:266,0
DA:276,0
DA:277,0
DA:278,0
DA:282,0
DA:283,0
DA:284,0
DA:285,0
DA:286,0
DA:289,0
DA:295,0
DA:302,0
DA:303,0
DA:305,0
DA:308,0
DA:309,0
DA:312,0
DA:317,0
DA:318,0
DA:321,0
DA:322,0
DA:323,0
DA:325,0
DA:327,0
DA:328,0
DA:329,0
DA:330,0
DA:333,0
DA:334,0
DA:335,0
DA:336,0
DA:337,0
DA:338,0
DA:340,0
DA:341,0
DA:344,0
DA:347,0
DA:348,0
DA:349,0
DA:354,0
DA:356,0
DA:363,0
DA:370,0
DA:372,0
DA:373,0
DA:375,0
DA:376,0
DA:378,0
DA:379,0
DA:381,0
DA:387,0
DA:390,0
DA:395,0
DA:396,0
DA:402,0
DA:408,0
DA:409,0
DA:415,0
DA:421,0
DA:422,0
DA:428,0
DA:433,0
DA:434,0
DA:436,0
DA:442,0
DA:451,0
DA:452,0
DA:453,0
DA:462,0
DA:463,0
DA:464,0
DA:468,0
DA:469,0
DA:472,0
DA:473,0
DA:474,0
DA:478,0
DA:483,0
DA:488,0
DA:502,0
DA:514,0
DA:515,0
DA:518,0
DA:519,0
DA:520,0
DA:522,0
DA:523,0
DA:525,0
DA:528,0
DA:530,0
DA:537,0
DA:538,0
DA:540,0
DA:546,0
DA:548,0
DA:549,0
DA:550,0
DA:551,0
DA:558,0
DA:559,0
DA:560,0
DA:562,0
DA:569,0
DA:578,0
DA:579,0
DA:580,0
DA:588,0
DA:589,0
DA:597,0
DA:601,0
DA:602,0
DA:603,0
DA:606,0
DA:614,0
DA:615,0
DA:616,0
DA:617,0
DA:619,0
DA:620,0
DA:622,0
DA:623,0
DA:624,0
DA:625,0
DA:628,0
DA:629,0
DA:630,0
DA:631,0
DA:635,0
DA:636,0
DA:637,0
DA:638,0
DA:639,0
DA:641,0
DA:643,0
DA:646,0
DA:647,0
DA:650,0
DA:651,0
DA:656,0
DA:658,0
DA:659,0
DA:663,0
DA:668,0
DA:670,0
DA:675,0
DA:678,0
LF:221
LH:0
BRDA:88,0,0,0
BRDA:88,0,1,0
BRDA:89,1,0,0
BRDA:89,1,1,0
BRDA:93,2,0,0
BRDA:93,2,1,0
BRDA:100,3,0,0
BRDA:100,3,1,0
BRDA:132,4,0,0
BRDA:132,4,1,0
BRDA:132,4,2,0
BRDA:147,5,0,0
BRDA:147,5,1,0
BRDA:171,6,0,0
BRDA:171,6,1,0
BRDA:186,7,0,0
BRDA:186,7,1,0
BRDA:209,8,0,0
BRDA:209,8,1,0
BRDA:214,9,0,0
BRDA:214,9,1,0
BRDA:258,10,0,0
BRDA:258,10,1,0
BRDA:284,11,0,0
BRDA:284,11,1,0
BRDA:308,12,0,0
BRDA:308,12,1,0
BRDA:317,13,0,0
BRDA:317,13,1,0
BRDA:317,14,0,0
BRDA:317,14,1,0
BRDA:330,15,0,0
BRDA:330,15,1,0
BRDA:340,16,0,0
BRDA:340,16,1,0
BRDA:347,17,0,0
BRDA:347,17,1,0
BRDA:370,18,0,0
BRDA:370,18,1,0
BRDA:370,18,2,0
BRDA:370,18,3,0
BRDA:391,19,0,0
BRDA:391,19,1,0
BRDA:395,20,0,0
BRDA:395,20,1,0
BRDA:396,21,0,0
BRDA:396,21,1,0
BRDA:408,22,0,0
BRDA:408,22,1,0
BRDA:421,23,0,0
BRDA:421,23,1,0
BRDA:473,24,0,0
BRDA:473,24,1,0
BRDA:495,25,0,0
BRDA:505,26,0,0
BRDA:505,26,1,0
BRDA:506,27,0,0
BRDA:506,27,1,0
BRDA:514,28,0,0
BRDA:514,28,1,0
BRDA:522,29,0,0
BRDA:522,29,1,0
BRDA:533,30,0,0
BRDA:533,30,1,0
BRDA:550,31,0,0
BRDA:550,31,1,0
BRDA:608,32,0,0
BRDA:608,32,1,0
BRDA:629,33,0,0
BRDA:629,33,1,0
BRDA:629,34,0,0
BRDA:629,34,1,0
BRDA:635,35,0,0
BRDA:635,35,1,0
BRDA:637,36,0,0
BRDA:637,36,1,0
BRDA:641,37,0,0
BRDA:641,37,1,0
BRDA:646,38,0,0
BRDA:646,38,1,0
BRDA:647,39,0,0
BRDA:647,39,1,0
BRDA:650,40,0,0
BRDA:650,40,1,0
BRF:84
BRH:0
end_of_record
TN:
SF:shared/performance-monitor.ts
FN:34,(anonymous_0)
FN:39,(anonymous_1)
FN:46,(anonymous_2)
FN:79,(anonymous_3)
FN:94,(anonymous_4)
FN:98,(anonymous_5)
FN:108,(anonymous_6)
FN:121,(anonymous_7)
FN:125,(anonymous_8)
FN:133,(anonymous_9)
FN:138,(anonymous_10)
FN:145,(anonymous_11)
FN:158,withPerformanceTracking
FN:164,(anonymous_13)
FN:165,(anonymous_14)
FN:168,(anonymous_15)
FN:182,usePerformanceTracking
FN:183,(anonymous_17)
FN:186,(anonymous_18)
FN:193,useMemoryLeakDetection
FN:197,(anonymous_20)
FN:199,(anonymous_21)
FN:209,(anonymous_22)
FN:220,(anonymous_23)
FN:231,(anonymous_24)
FN:238,(anonymous_25)
FN:257,(anonymous_26)
FN:262,(anonymous_27)
FN:270,(anonymous_28)
FN:278,(anonymous_29)
FN:285,(anonymous_30)
FNF:31
FNH:0
FNDA:0,(anonymous_0)
FNDA:0,(anonymous_1)
FNDA:0,(anonymous_2)
FNDA:0,(anonymous_3)
FNDA:0,(anonymous_4)
FNDA:0,(anonymous_5)
FNDA:0,(anonymous_6)
FNDA:0,(anonymous_7)
FNDA:0,(anonymous_8)
FNDA:0,(anonymous_9)
FNDA:0,(anonymous_10)
FNDA:0,(anonymous_11)
FNDA:0,withPerformanceTracking
FNDA:0,(anonymous_13)
FNDA:0,(anonymous_14)
FNDA:0,(anonymous_15)
FNDA:0,usePerformanceTracking
FNDA:0,(anonymous_17)
FNDA:0,(anonymous_18)
FNDA:0,useMemoryLeakDetection
FNDA:0,(anonymous_20)
FNDA:0,(anonymous_21)
FNDA:0,(anonymous_22)
FNDA:0,(anonymous_23)
FNDA:0,(anonymous_24)
FNDA:0,(anonymous_25)
FNDA:0,(anonymous_26)
FNDA:0,(anonymous_27)
FNDA:0,(anonymous_28)
FNDA:0,(anonymous_29)
FNDA:0,(anonymous_30)
DA:28,0
DA:29,0
DA:30,0
DA:31,0
DA:35,0
DA:40,0
DA:42,0
DA:47,0
DA:49,0
DA:50,0
DA:52,0
DA:53,0
DA:56,0
DA:57,0
DA:58,0
DA:59,0
DA:60,0
DA:63,0
DA:73,0
DA:74,0
DA:80,0
DA:84,0
DA:86,0
DA:87,0
DA:90,0
DA:96,0
DA:98,0
DA:100,0
DA:101,0
DA:104,0
DA:109,0
DA:111,0
DA:112,0
DA:115,0
DA:116,0
DA:122,0
DA:124,0
DA:125,0
DA:128,0
DA:133,0
DA:139,0
DA:140,0
DA:141,0
DA:146,0
DA:155,0
DA:162,0
DA:164,0
DA:165,0
DA:166,0
DA:168,0
DA:169,0
DA:173,0
DA:176,0
DA:178,0
DA:183,0
DA:184,0
DA:186,0
DA:187,0
DA:194,0
DA:195,0
DA:197,0
DA:199,0
DA:200,0
DA:201,0
DA:204,0
DA:205,0
DA:209,0
DA:210,0
DA:211,0
DA:218,0
DA:221,0
DA:223,0
DA:225,0
DA:226,0
DA:234,0
DA:239,0
DA:240,0
DA:242,0
DA:243,0
DA:246,0
DA:247,0
DA:250,0
DA:255,0
DA:258,0
DA:263,0
DA:268,0
DA:271,0
DA:272,0
DA:273,0
DA:279,0
DA:280,0
DA:281,0
DA:286,0
DA:287,0
DA:288,0
DA:289,0
LF:96
LH:0
BRDA:40,0,0,0
BRDA:40,0,1,0
BRDA:47,1,0,0
BRDA:47,1,1,0
BRDA:50,2,0,0
BRDA:50,2,1,0
BRDA:57,3,0,0
BRDA:57,3,1,0
BRDA:73,4,0,0
BRDA:73,4,1,0
BRDA:80,5,0,0
BRDA:80,5,1,0
BRDA:86,6,0,0
BRDA:86,6,1,0
BRDA:109,7,0,0
BRDA:109,7,1,0
BRDA:111,8,0,0
BRDA:111,8,1,0
BRDA:115,9,0,0
BRDA:115,9,1,0
BRDA:122,10,0,0
BRDA:122,10,1,0
BRDA:162,11,0,0
BRDA:162,11,1,0
BRDA:162,11,2,0
BRDA:162,11,3,0
BRDA:204,12,0,0
BRDA:204,12,1,0
BRDA:204,13,0,0
BRDA:204,13,1,0
BRDA:204,13,2,0
BRDA:210,14,0,0
BRDA:210,14,1,0
BRDA:221,15,0,0
BRDA:221,15,1,0
BRDA:225,16,0,0
BRDA:225,16,1,0
BRDA:242,17,0,0
BRDA:242,17,1,0
BRDA:246,18,0,0
BRDA:246,18,1,0
BRDA:272,19,0,0
BRDA:272,19,1,0
BRF:43
BRH:0
end_of_record
TN:
SF:shared/theme-constants.ts
FN:176,(anonymous_0)
FN:183,(anonymous_1)
FNF:2
FNH:0
FNDA:0,(anonymous_0)
FNDA:0,(anonymous_1)
DA:6,0
DA:81,0
DA:91,0
DA:115,0
DA:124,0
DA:148,0
DA:176,0
DA:177,0
DA:183,0
DA:184,0
DA:186,0
LF:11
LH:0
BRDA:177,0,0,0
BRDA:177,0,1,0
BRF:2
BRH:0
end_of_record
TN:
SF:shared/useAuth.ts
FN:26,useAuth
FN:33,(anonymous_1)
FN:37,(anonymous_2)
FN:64,(anonymous_3)
FN:96,(anonymous_4)
FN:127,(anonymous_5)
FN:141,(anonymous_6)
FN:147,(anonymous_7)
FNF:8
FNH:1
FNDA:17,useAuth
FNDA:0,(anonymous_1)
FNDA:0,(anonymous_2)
FNDA:0,(anonymous_3)
FNDA:0,(anonymous_4)
FNDA:0,(anonymous_5)
FNDA:0,(anonymous_6)
FNDA:0,(anonymous_7)
DA:24,1
DA:27,17
DA:33,16
DA:34,0
DA:37,16
DA:38,0
DA:39,0
DA:40,0
DA:41,0
DA:42,0
DA:48,0
DA:55,0
DA:56,0
DA:64,16
DA:65,0
DA:68,0
DA:81,0
DA:82,0
DA:88,0
DA:89,0
DA:91,0
DA:92,0
DA:96,16
DA:97,0
DA:100,0
DA:112,0
DA:113,0
DA:119,0
DA:120,0
DA:122,0
DA:123,0
DA:127,16
DA:128,0
DA:129,0
DA:130,0
DA:135,0
DA:137,0
DA:141,16
DA:142,0
DA:144,0
DA:145,0
DA:146,0
DA:147,0
DA:151,0
DA:153,0
DA:157,16
LF:46
LH:9
BRDA:40,0,0,0
BRDA:40,0,1,0
BRDA:142,1,0,0
BRDA:142,1,1,0
BRF:4
BRH:0
end_of_record
TN:
SF:shared/useCreateByte.ts
FN:30,useCreateByte
FN:34,(anonymous_1)
FN:72,(anonymous_2)
FN:83,(anonymous_3)
FN:95,(anonymous_4)
FN:113,(anonymous_5)
FNF:6
FNH:0
FNDA:0,useCreateByte
FNDA:0,(anonymous_1)
FNDA:0,(anonymous_2)
FNDA:0,(anonymous_3)
FNDA:0,(anonymous_4)
FNDA:0,(anonymous_5)
DA:31,0
DA:32,0
DA:34,0
DA:35,0
DA:36,0
DA:39,0
DA:40,0
DA:43,0
DA:44,0
DA:47,0
DA:49,0
DA:52,0
DA:72,0
DA:74,0
DA:75,0
DA:77,0
DA:78,0
DA:79,0
DA:83,0
DA:84,0
DA:85,0
DA:88,0
DA:89,0
DA:92,0
DA:95,0
DA:96,0
DA:97,0
DA:100,0
DA:101,0
DA:102,0
DA:105,0
DA:106,0
DA:110,0
DA:113,0
DA:114,0
DA:116,0
DA:117,0
DA:118,0
DA:121,0
DA:122,0
DA:123,0
DA:126,0
DA:132,0
LF:43
LH:0
BRDA:35,0,0,0
BRDA:35,0,1,0
BRDA:39,1,0,0
BRDA:39,1,1,0
BRDA:43,2,0,0
BRDA:43,2,1,0
BRDA:84,3,0,0
BRDA:84,3,1,0
BRDA:88,4,0,0
BRDA:88,4,1,0
BRDA:96,5,0,0
BRDA:96,5,1,0
BRDA:101,6,0,0
BRDA:101,6,1,0
BRDA:105,7,0,0
BRDA:105,7,1,0
BRDA:117,8,0,0
BRDA:117,8,1,0
BRDA:117,9,0,0
BRDA:117,9,1,0
BRDA:122,10,0,0
BRDA:122,10,1,0
BRDA:122,11,0,0
BRDA:122,11,1,0
BRF:24
BRH:0
end_of_record
TN:
SF:shared/useDiscourseSettings.ts
FN:3,useDiscourseSettings
FN:7,(anonymous_1)
FN:8,fetchSettings
FNF:3
FNH:0
FNDA:0,useDiscourseSettings
FNDA:0,(anonymous_1)
FNDA:0,fetchSettings
DA:4,0
DA:5,0
DA:7,0
DA:9,0
DA:10,0
DA:11,0
DA:12,0
DA:19,0
DA:22,0
DA:25,0
LF:10
LH:0
BRF:0
BRH:0
end_of_record
TN:
SF:shared/useDiscourseUser.ts
FN:32,useDiscourseUser
FN:49,(anonymous_1)
FN:77,(anonymous_2)
FN:99,(anonymous_3)
FN:124,(anonymous_4)
FN:149,(anonymous_5)
FN:180,(anonymous_6)
FN:206,(anonymous_7)
FN:232,(anonymous_8)
FN:239,(anonymous_9)
FNF:10
FNH:0
FNDA:0,useDiscourseUser
FNDA:0,(anonymous_1)
FNDA:0,(anonymous_2)
FNDA:0,(anonymous_3)
FNDA:0,(anonymous_4)
FNDA:0,(anonymous_5)
FNDA:0,(anonymous_6)
FNDA:0,(anonymous_7)
FNDA:0,(anonymous_8)
FNDA:0,(anonymous_9)
DA:34,0
DA:35,0
DA:36,0
DA:37,0
DA:38,0
DA:39,0
DA:40,0
DA:43,0
DA:44,0
DA:49,0
DA:50,0
DA:52,0
DA:53,0
DA:55,0
DA:58,0
DA:59,0
DA:61,0
DA:64,0
DA:65,0
DA:67,0
DA:70,0
DA:72,0
DA:77,0
DA:78,0
DA:80,0
DA:81,0
DA:83,0
DA:84,0
DA:86,0
DA:87,0
DA:89,0
DA:92,0
DA:94,0
DA:99,0
DA:100,0
DA:102,0
DA:103,0
DA:105,0
DA:106,0
DA:108,0
DA:109,0
DA:110,0
DA:112,0
DA:113,0
DA:116,0
DA:117,0
DA:119,0
DA:124,0
DA:125,0
DA:127,0
DA:128,0
DA:130,0
DA:131,0
DA:133,0
DA:134,0
DA:135,0
DA:137,0
DA:138,0
DA:141,0
DA:142,0
DA:144,0
DA:149,0
DA:153,0
DA:155,0
DA:156,0
DA:158,0
DA:159,0
DA:165,0
DA:166,0
DA:168,0
DA:169,0
DA:172,0
DA:173,0
DA:175,0
DA:180,0
DA:181,0
DA:183,0
DA:184,0
DA:186,0
DA:187,0
DA:189,0
DA:191,0
DA:192,0
DA:194,0
DA:195,0
DA:198,0
DA:199,0
DA:201,0
DA:206,0
DA:207,0
DA:209,0
DA:210,0
DA:212,0
DA:213,0
DA:215,0
DA:217,0
DA:218,0
DA:220,0
DA:221,0
DA:224,0
DA:225,0
DA:227,0
DA:232,0
DA:233,0
DA:234,0
DA:239,0
DA:240,0
DA:241,0
DA:245,0
LF:109
LH:0
BRDA:44,0,0,0
BRDA:44,0,1,0
BRDA:50,1,0,0
BRDA:50,1,1,0
BRDA:58,2,0,0
BRDA:58,2,1,0
BRDA:64,3,0,0
BRDA:64,3,1,0
BRDA:64,4,0,0
BRDA:64,4,1,0
BRDA:67,5,0,0
BRDA:67,5,1,0
BRDA:70,6,0,0
BRDA:70,6,1,0
BRDA:78,7,0,0
BRDA:78,7,1,0
BRDA:78,8,0,0
BRDA:78,8,1,0
BRDA:86,9,0,0
BRDA:86,9,1,0
BRDA:86,10,0,0
BRDA:86,10,1,0
BRDA:89,11,0,0
BRDA:89,11,1,0
BRDA:92,12,0,0
BRDA:92,12,1,0
BRDA:100,13,0,0
BRDA:100,13,1,0
BRDA:108,14,0,0
BRDA:108,14,1,0
BRDA:108,15,0,0
BRDA:108,15,1,0
BRDA:112,16,0,0
BRDA:112,16,1,0
BRDA:116,17,0,0
BRDA:116,17,1,0
BRDA:125,18,0,0
BRDA:125,18,1,0
BRDA:133,19,0,0
BRDA:133,19,1,0
BRDA:133,20,0,0
BRDA:133,20,1,0
BRDA:137,21,0,0
BRDA:137,21,1,0
BRDA:141,22,0,0
BRDA:141,22,1,0
BRDA:153,23,0,0
BRDA:153,23,1,0
BRDA:165,24,0,0
BRDA:165,24,1,0
BRDA:168,25,0,0
BRDA:168,25,1,0
BRDA:172,26,0,0
BRDA:172,26,1,0
BRDA:181,27,0,0
BRDA:181,27,1,0
BRDA:189,28,0,0
BRDA:189,28,1,0
BRDA:194,29,0,0
BRDA:194,29,1,0
BRDA:198,30,0,0
BRDA:198,30,1,0
BRDA:207,31,0,0
BRDA:207,31,1,0
BRDA:215,32,0,0
BRDA:215,32,1,0
BRDA:220,33,0,0
BRDA:220,33,1,0
BRDA:224,34,0,0
BRDA:224,34,1,0
BRDA:233,35,0,0
BRDA:233,35,1,0
BRDA:240,36,0,0
BRDA:240,36,1,0
BRDA:240,37,0,0
BRDA:240,37,1,0
BRF:76
BRH:0
end_of_record
TN:
SF:shared/useFeed.ts
FN:71,useFeed
FN:82,(anonymous_1)
FN:86,(anonymous_2)
FN:88,(anonymous_3)
FN:92,(anonymous_4)
FN:94,(anonymous_5)
FN:102,(anonymous_6)
FN:110,(anonymous_7)
FN:112,(anonymous_8)
FN:116,(anonymous_9)
FN:118,(anonymous_10)
FN:126,(anonymous_11)
FN:134,(anonymous_12)
FN:138,(anonymous_13)
FN:142,(anonymous_14)
FN:149,(anonymous_15)
FN:157,(anonymous_16)
FN:161,(anonymous_17)
FN:163,(anonymous_18)
FN:179,(anonymous_19)
FN:181,(anonymous_20)
FN:194,(anonymous_21)
FN:195,(anonymous_22)
FN:201,(anonymous_23)
FN:202,(anonymous_24)
FNF:25
FNH:0
FNDA:0,useFeed
FNDA:0,(anonymous_1)
FNDA:0,(anonymous_2)
FNDA:0,(anonymous_3)
FNDA:0,(anonymous_4)
FNDA:0,(anonymous_5)
FNDA:0,(anonymous_6)
FNDA:0,(anonymous_7)
FNDA:0,(anonymous_8)
FNDA:0,(anonymous_9)
FNDA:0,(anonymous_10)
FNDA:0,(anonymous_11)
FNDA:0,(anonymous_12)
FNDA:0,(anonymous_13)
FNDA:0,(anonymous_14)
FNDA:0,(anonymous_15)
FNDA:0,(anonymous_16)
FNDA:0,(anonymous_17)
FNDA:0,(anonymous_18)
FNDA:0,(anonymous_19)
FNDA:0,(anonymous_20)
FNDA:0,(anonymous_21)
FNDA:0,(anonymous_22)
FNDA:0,(anonymous_23)
FNDA:0,(anonymous_24)
DA:14,0
DA:72,0
DA:80,0
DA:82,0
DA:83,0
DA:86,0
DA:87,0
DA:88,0
DA:92,0
DA:94,0
DA:101,0
DA:102,0
DA:110,0
DA:111,0
DA:112,0
DA:116,0
DA:118,0
DA:125,0
DA:126,0
DA:134,0
DA:135,0
DA:137,0
DA:138,0
DA:142,0
DA:148,0
DA:149,0
DA:157,0
DA:158,0
DA:160,0
DA:161,0
DA:164,0
DA:177,0
DA:179,0
DA:182,0
DA:194,0
DA:195,0
DA:201,0
DA:202,0
DA:205,0
LF:39
LH:0
BRDA:135,0,0,0
BRDA:135,0,1,0
BRDA:135,1,0,0
BRDA:135,1,1,0
BRDA:158,2,0,0
BRDA:158,2,1,0
BRDA:164,3,0,0
BRDA:164,3,1,0
BRDA:168,4,0,0
BRDA:168,4,1,0
BRDA:182,5,0,0
BRDA:182,5,1,0
BRDA:186,6,0,0
BRDA:186,6,1,0
BRF:14
BRH:0
end_of_record
TN:
SF:shared/useThemedStyles.ts
FN:9,(anonymous_0)
FN:12,(anonymous_1)
FN:13,(anonymous_2)
FN:30,(anonymous_3)
FNF:4
FNH:0
FNDA:0,(anonymous_0)
FNDA:0,(anonymous_1)
FNDA:0,(anonymous_2)
FNDA:0,(anonymous_3)
DA:9,0
DA:10,0
DA:12,0
DA:13,0
DA:15,0
DA:30,0
DA:31,0
DA:33,0
LF:8
LH:0
BRF:0
BRH:0
end_of_record
